-- The C compiler identification is GNU 11.4.0
-- The CXX compiler identification is GNU 11.4.0
-- Detecting C compiler ABI info
-- Detecting C compiler ABI info - done
-- Check for working C compiler: /usr/bin/cc - skipped
-- Detecting C compile features
-- Detecting C compile features - done
-- Detecting CXX compiler ABI info
-- Detecting CXX compiler ABI info - done
-- Check for working CXX compiler: /usr/bin/c++ - skipped
-- Detecting CXX compile features
-- Detecting CXX compile features - done
-- Found ament_cmake: 1.3.10 (/opt/ros/humble/share/ament_cmake/cmake)
-- Found Python3: /home/robousr/.pyenv/shims/python3 (found version "3.10.12") found components: Interpreter 
-- Found OpenCV: /usr (found version "4.5.4") found components: core imgproc 
-- Found rclcpp: 16.0.10 (/opt/ros/humble/share/rclcpp/cmake)
-- Found rosidl_generator_c: 3.1.5 (/opt/ros/humble/share/rosidl_generator_c/cmake)
-- Found rosidl_adapter: 3.1.5 (/opt/ros/humble/share/rosidl_adapter/cmake)
-- Found rosidl_generator_cpp: 3.1.5 (/opt/ros/humble/share/rosidl_generator_cpp/cmake)
-- Using all available rosidl_typesupport_c: rosidl_typesupport_fastrtps_c;rosidl_typesupport_introspection_c
-- Using all available rosidl_typesupport_cpp: rosidl_typesupport_fastrtps_cpp;rosidl_typesupport_introspection_cpp
-- Found rmw_implementation_cmake: 6.1.2 (/opt/ros/humble/share/rmw_implementation_cmake/cmake)
-- Found rmw_fastrtps_cpp: 6.2.7 (/opt/ros/humble/share/rmw_fastrtps_cpp/cmake)
-- Found OpenSSL: /usr/lib/x86_64-linux-gnu/libcrypto.so (found version "3.0.2")  
-- Found FastRTPS: /opt/ros/humble/include  
-- Using RMW implementation 'rmw_fastrtps_cpp' as default
-- Looking for pthread.h
-- Looking for pthread.h - found
-- Performing Test CMAKE_HAVE_LIBC_PTHREAD
-- Performing Test CMAKE_HAVE_LIBC_PTHREAD - Success
-- Found Threads: TRUE  
-- Found rclcpp_components: 16.0.10 (/opt/ros/humble/share/rclcpp_components/cmake)
-- Found image_transport: 3.1.9 (/opt/ros/humble/share/image_transport/cmake)
-- Found cv_bridge: 3.2.1 (/opt/ros/humble/share/cv_bridge/cmake)
-- Found apriltag_msgs: 2.0.1 (/opt/ros/humble/share/apriltag_msgs/cmake)
-- Found ament_cmake_copyright: 0.12.11 (/opt/ros/humble/share/ament_cmake_copyright/cmake)
-- Found ament_cmake_cppcheck: 0.12.11 (/opt/ros/humble/share/ament_cmake_cppcheck/cmake)
-- Found ament_cmake_cpplint: 0.12.11 (/opt/ros/humble/share/ament_cmake_cpplint/cmake)
-- Found ament_cmake_clang_format: 0.12.11 (/opt/ros/humble/share/ament_cmake_clang_format/cmake)
-- Found ament_cmake_flake8: 0.12.11 (/opt/ros/humble/share/ament_cmake_flake8/cmake)
-- Found ament_cmake_lint_cmake: 0.12.11 (/opt/ros/humble/share/ament_cmake_lint_cmake/cmake)
-- Found ament_cmake_pep257: 0.12.11 (/opt/ros/humble/share/ament_cmake_pep257/cmake)
-- Found ament_cmake_xmllint: 0.12.11 (/opt/ros/humble/share/ament_cmake_xmllint/cmake)
-- Configuring done
-- Generating done
-- Build files have been written to: /home/robousr/ROS2Dev/Pruebas_Apriltag/apriltag_detector-master/build/apriltag_draw
[ 25%] [32mBuilding CXX object CMakeFiles/apriltag_draw.dir/src/apriltag_draw.cpp.o[0m
[ 50%] [32m[1mLinking CXX shared library libapriltag_draw.so[0m
[ 50%] Built target apriltag_draw
[ 75%] [32mBuilding CXX object CMakeFiles/apriltag_draw_node.dir/src/node.cpp.o[0m
[100%] [32m[1mLinking CXX executable apriltag_draw_node[0m
[100%] Built target apriltag_draw_node
-- Install configuration: ""
-- Installing: /home/robousr/ROS2Dev/Pruebas_Apriltag/apriltag_detector-master/install/apriltag_draw/lib/apriltag_draw/apriltag_draw_node
-- Set runtime path of "/home/robousr/ROS2Dev/Pruebas_Apriltag/apriltag_detector-master/install/apriltag_draw/lib/apriltag_draw/apriltag_draw_node" to ""
-- Installing: /home/robousr/ROS2Dev/Pruebas_Apriltag/apriltag_detector-master/install/apriltag_draw/lib/libapriltag_draw.so
-- Set runtime path of "/home/robousr/ROS2Dev/Pruebas_Apriltag/apriltag_detector-master/install/apriltag_draw/lib/libapriltag_draw.so" to ""
-- Installing: /home/robousr/ROS2Dev/Pruebas_Apriltag/apriltag_detector-master/install/apriltag_draw/share/apriltag_draw//launch
-- Installing: /home/robousr/ROS2Dev/Pruebas_Apriltag/apriltag_detector-master/install/apriltag_draw/share/apriltag_draw//launch/draw.launch.py
-- Installing: /home/robousr/ROS2Dev/Pruebas_Apriltag/apriltag_detector-master/install/apriltag_draw/share/apriltag_draw//launch/composable.launch.py
-- Installing: /home/robousr/ROS2Dev/Pruebas_Apriltag/apriltag_detector-master/install/apriltag_draw/share/ament_index/resource_index/package_run_dependencies/apriltag_draw
-- Installing: /home/robousr/ROS2Dev/Pruebas_Apriltag/apriltag_detector-master/install/apriltag_draw/share/ament_index/resource_index/parent_prefix_path/apriltag_draw
-- Installing: /home/robousr/ROS2Dev/Pruebas_Apriltag/apriltag_detector-master/install/apriltag_draw/share/apriltag_draw/environment/ament_prefix_path.sh
-- Installing: /home/robousr/ROS2Dev/Pruebas_Apriltag/apriltag_detector-master/install/apriltag_draw/share/apriltag_draw/environment/ament_prefix_path.dsv
-- Installing: /home/robousr/ROS2Dev/Pruebas_Apriltag/apriltag_detector-master/install/apriltag_draw/share/apriltag_draw/environment/path.sh
-- Installing: /home/robousr/ROS2Dev/Pruebas_Apriltag/apriltag_detector-master/install/apriltag_draw/share/apriltag_draw/environment/path.dsv
-- Installing: /home/robousr/ROS2Dev/Pruebas_Apriltag/apriltag_detector-master/install/apriltag_draw/share/apriltag_draw/local_setup.bash
-- Installing: /home/robousr/ROS2Dev/Pruebas_Apriltag/apriltag_detector-master/install/apriltag_draw/share/apriltag_draw/local_setup.sh
-- Installing: /home/robousr/ROS2Dev/Pruebas_Apriltag/apriltag_detector-master/install/apriltag_draw/share/apriltag_draw/local_setup.zsh
-- Installing: /home/robousr/ROS2Dev/Pruebas_Apriltag/apriltag_detector-master/install/apriltag_draw/share/apriltag_draw/local_setup.dsv
-- Installing: /home/robousr/ROS2Dev/Pruebas_Apriltag/apriltag_detector-master/install/apriltag_draw/share/apriltag_draw/package.dsv
-- Installing: /home/robousr/ROS2Dev/Pruebas_Apriltag/apriltag_detector-master/install/apriltag_draw/share/ament_index/resource_index/packages/apriltag_draw
-- Installing: /home/robousr/ROS2Dev/Pruebas_Apriltag/apriltag_detector-master/install/apriltag_draw/share/ament_index/resource_index/rclcpp_components/apriltag_draw
-- Installing: /home/robousr/ROS2Dev/Pruebas_Apriltag/apriltag_detector-master/install/apriltag_draw/share/apriltag_draw/cmake/apriltag_drawConfig.cmake
-- Installing: /home/robousr/ROS2Dev/Pruebas_Apriltag/apriltag_detector-master/install/apriltag_draw/share/apriltag_draw/cmake/apriltag_drawConfig-version.cmake
-- Installing: /home/robousr/ROS2Dev/Pruebas_Apriltag/apriltag_detector-master/install/apriltag_draw/share/apriltag_draw/package.xml
