[0.038s] Invoking command in '/home/robousr/ROS2Dev/Pruebas_Apriltag/apriltag_detector-master/build/apriltag_draw': CMAKE_PREFIX_PATH=/opt/ros/humble /usr/bin/cmake /home/robousr/ROS2Dev/Pruebas_Apriltag/apriltag_detector-master/apriltag_draw -DCMAKE_INSTALL_PREFIX=/home/robousr/ROS2Dev/Pruebas_Apriltag/apriltag_detector-master/install/apriltag_draw
[0.608s] -- The C compiler identification is GNU 11.4.0
[1.076s] -- The CXX compiler identification is GNU 11.4.0
[1.123s] -- Detecting C compiler ABI info
[1.367s] -- Detecting C compiler ABI info - done
[1.385s] -- Check for working C compiler: /usr/bin/cc - skipped
[1.388s] -- Detecting C compile features
[1.392s] -- Detecting C compile features - done
[1.404s] -- Detecting CXX compiler ABI info
[1.675s] -- Detecting CXX compiler ABI info - done
[1.699s] -- Check for working CXX compiler: /usr/bin/c++ - skipped
[1.702s] -- Detecting CXX compile features
[1.710s] -- Detecting CXX compile features - done
[1.716s] -- Found ament_cmake: 1.3.10 (/opt/ros/humble/share/ament_cmake/cmake)
[3.018s] -- Found Python3: /home/robousr/.pyenv/shims/python3 (found version "3.10.12") found components: Interpreter 
[3.533s] -- Found OpenCV: /usr (found version "4.5.4") found components: core imgproc 
[3.543s] -- Found rclcpp: 16.0.10 (/opt/ros/humble/share/rclcpp/cmake)
[3.685s] -- Found rosidl_generator_c: 3.1.5 (/opt/ros/humble/share/rosidl_generator_c/cmake)
[3.710s] -- Found rosidl_adapter: 3.1.5 (/opt/ros/humble/share/rosidl_adapter/cmake)
[3.748s] -- Found rosidl_generator_cpp: 3.1.5 (/opt/ros/humble/share/rosidl_generator_cpp/cmake)
[3.815s] -- Using all available rosidl_typesupport_c: rosidl_typesupport_fastrtps_c;rosidl_typesupport_introspection_c
[3.886s] -- Using all available rosidl_typesupport_cpp: rosidl_typesupport_fastrtps_cpp;rosidl_typesupport_introspection_cpp
[4.088s] -- Found rmw_implementation_cmake: 6.1.2 (/opt/ros/humble/share/rmw_implementation_cmake/cmake)
[4.105s] -- Found rmw_fastrtps_cpp: 6.2.7 (/opt/ros/humble/share/rmw_fastrtps_cpp/cmake)
[4.477s] -- Found OpenSSL: /usr/lib/x86_64-linux-gnu/libcrypto.so (found version "3.0.2")  
[4.567s] -- Found FastRTPS: /opt/ros/humble/include  
[4.699s] -- Using RMW implementation 'rmw_fastrtps_cpp' as default
[4.753s] -- Looking for pthread.h
[5.077s] -- Looking for pthread.h - found
[5.082s] -- Performing Test CMAKE_HAVE_LIBC_PTHREAD
[5.445s] -- Performing Test CMAKE_HAVE_LIBC_PTHREAD - Success
[5.451s] -- Found Threads: TRUE  
[5.654s] -- Found rclcpp_components: 16.0.10 (/opt/ros/humble/share/rclcpp_components/cmake)
[5.772s] -- Found image_transport: 3.1.9 (/opt/ros/humble/share/image_transport/cmake)
[5.978s] -- Found cv_bridge: 3.2.1 (/opt/ros/humble/share/cv_bridge/cmake)
[5.992s] -- Found apriltag_msgs: 2.0.1 (/opt/ros/humble/share/apriltag_msgs/cmake)
[6.041s] -- Found ament_cmake_copyright: 0.12.11 (/opt/ros/humble/share/ament_cmake_copyright/cmake)
[6.046s] -- Found ament_cmake_cppcheck: 0.12.11 (/opt/ros/humble/share/ament_cmake_cppcheck/cmake)
[6.049s] -- Found ament_cmake_cpplint: 0.12.11 (/opt/ros/humble/share/ament_cmake_cpplint/cmake)
[6.055s] -- Found ament_cmake_clang_format: 0.12.11 (/opt/ros/humble/share/ament_cmake_clang_format/cmake)
[6.065s] -- Found ament_cmake_flake8: 0.12.11 (/opt/ros/humble/share/ament_cmake_flake8/cmake)
[6.076s] -- Found ament_cmake_lint_cmake: 0.12.11 (/opt/ros/humble/share/ament_cmake_lint_cmake/cmake)
[6.077s] -- Found ament_cmake_pep257: 0.12.11 (/opt/ros/humble/share/ament_cmake_pep257/cmake)
[6.083s] -- Found ament_cmake_xmllint: 0.12.11 (/opt/ros/humble/share/ament_cmake_xmllint/cmake)
[6.427s] -- Configuring done
[6.499s] -- Generating done
[6.507s] -- Build files have been written to: /home/robousr/ROS2Dev/Pruebas_Apriltag/apriltag_detector-master/build/apriltag_draw
[6.539s] Invoked command in '/home/robousr/ROS2Dev/Pruebas_Apriltag/apriltag_detector-master/build/apriltag_draw' returned '0': CMAKE_PREFIX_PATH=/opt/ros/humble /usr/bin/cmake /home/robousr/ROS2Dev/Pruebas_Apriltag/apriltag_detector-master/apriltag_draw -DCMAKE_INSTALL_PREFIX=/home/robousr/ROS2Dev/Pruebas_Apriltag/apriltag_detector-master/install/apriltag_draw
[6.542s] Invoking command in '/home/robousr/ROS2Dev/Pruebas_Apriltag/apriltag_detector-master/build/apriltag_draw': CMAKE_PREFIX_PATH=/opt/ros/humble /usr/bin/cmake --build /home/robousr/ROS2Dev/Pruebas_Apriltag/apriltag_detector-master/build/apriltag_draw -- -j2 -l2
[6.718s] [ 25%] [32mBuilding CXX object CMakeFiles/apriltag_draw.dir/src/apriltag_draw.cpp.o[0m
[41.438s] [ 50%] [32m[1mLinking CXX shared library libapriltag_draw.so[0m
[42.701s] [ 50%] Built target apriltag_draw
[42.754s] [ 75%] [32mBuilding CXX object CMakeFiles/apriltag_draw_node.dir/src/node.cpp.o[0m
[50.547s] [100%] [32m[1mLinking CXX executable apriltag_draw_node[0m
[52.131s] [100%] Built target apriltag_draw_node
[52.180s] Invoked command in '/home/robousr/ROS2Dev/Pruebas_Apriltag/apriltag_detector-master/build/apriltag_draw' returned '0': CMAKE_PREFIX_PATH=/opt/ros/humble /usr/bin/cmake --build /home/robousr/ROS2Dev/Pruebas_Apriltag/apriltag_detector-master/build/apriltag_draw -- -j2 -l2
[52.285s] Invoking command in '/home/robousr/ROS2Dev/Pruebas_Apriltag/apriltag_detector-master/build/apriltag_draw': CMAKE_PREFIX_PATH=/opt/ros/humble /usr/bin/cmake --install /home/robousr/ROS2Dev/Pruebas_Apriltag/apriltag_detector-master/build/apriltag_draw
[52.315s] -- Install configuration: ""
[52.316s] -- Installing: /home/robousr/ROS2Dev/Pruebas_Apriltag/apriltag_detector-master/install/apriltag_draw/lib/apriltag_draw/apriltag_draw_node
[52.319s] -- Set runtime path of "/home/robousr/ROS2Dev/Pruebas_Apriltag/apriltag_detector-master/install/apriltag_draw/lib/apriltag_draw/apriltag_draw_node" to ""
[52.319s] -- Installing: /home/robousr/ROS2Dev/Pruebas_Apriltag/apriltag_detector-master/install/apriltag_draw/lib/libapriltag_draw.so
[52.349s] -- Set runtime path of "/home/robousr/ROS2Dev/Pruebas_Apriltag/apriltag_detector-master/install/apriltag_draw/lib/libapriltag_draw.so" to ""
[52.350s] -- Installing: /home/robousr/ROS2Dev/Pruebas_Apriltag/apriltag_detector-master/install/apriltag_draw/share/apriltag_draw//launch
[52.350s] -- Installing: /home/robousr/ROS2Dev/Pruebas_Apriltag/apriltag_detector-master/install/apriltag_draw/share/apriltag_draw//launch/draw.launch.py
[52.356s] -- Installing: /home/robousr/ROS2Dev/Pruebas_Apriltag/apriltag_detector-master/install/apriltag_draw/share/apriltag_draw//launch/composable.launch.py
[52.363s] -- Installing: /home/robousr/ROS2Dev/Pruebas_Apriltag/apriltag_detector-master/install/apriltag_draw/share/ament_index/resource_index/package_run_dependencies/apriltag_draw
[52.363s] -- Installing: /home/robousr/ROS2Dev/Pruebas_Apriltag/apriltag_detector-master/install/apriltag_draw/share/ament_index/resource_index/parent_prefix_path/apriltag_draw
[52.363s] -- Installing: /home/robousr/ROS2Dev/Pruebas_Apriltag/apriltag_detector-master/install/apriltag_draw/share/apriltag_draw/environment/ament_prefix_path.sh
[52.364s] -- Installing: /home/robousr/ROS2Dev/Pruebas_Apriltag/apriltag_detector-master/install/apriltag_draw/share/apriltag_draw/environment/ament_prefix_path.dsv
[52.364s] -- Installing: /home/robousr/ROS2Dev/Pruebas_Apriltag/apriltag_detector-master/install/apriltag_draw/share/apriltag_draw/environment/path.sh
[52.364s] -- Installing: /home/robousr/ROS2Dev/Pruebas_Apriltag/apriltag_detector-master/install/apriltag_draw/share/apriltag_draw/environment/path.dsv
[52.364s] -- Installing: /home/robousr/ROS2Dev/Pruebas_Apriltag/apriltag_detector-master/install/apriltag_draw/share/apriltag_draw/local_setup.bash
[52.367s] -- Installing: /home/robousr/ROS2Dev/Pruebas_Apriltag/apriltag_detector-master/install/apriltag_draw/share/apriltag_draw/local_setup.sh
[52.369s] -- Installing: /home/robousr/ROS2Dev/Pruebas_Apriltag/apriltag_detector-master/install/apriltag_draw/share/apriltag_draw/local_setup.zsh
[52.370s] -- Installing: /home/robousr/ROS2Dev/Pruebas_Apriltag/apriltag_detector-master/install/apriltag_draw/share/apriltag_draw/local_setup.dsv
[52.370s] -- Installing: /home/robousr/ROS2Dev/Pruebas_Apriltag/apriltag_detector-master/install/apriltag_draw/share/apriltag_draw/package.dsv
[52.370s] -- Installing: /home/robousr/ROS2Dev/Pruebas_Apriltag/apriltag_detector-master/install/apriltag_draw/share/ament_index/resource_index/packages/apriltag_draw
[52.373s] -- Installing: /home/robousr/ROS2Dev/Pruebas_Apriltag/apriltag_detector-master/install/apriltag_draw/share/ament_index/resource_index/rclcpp_components/apriltag_draw
[52.380s] -- Installing: /home/robousr/ROS2Dev/Pruebas_Apriltag/apriltag_detector-master/install/apriltag_draw/share/apriltag_draw/cmake/apriltag_drawConfig.cmake
[52.381s] -- Installing: /home/robousr/ROS2Dev/Pruebas_Apriltag/apriltag_detector-master/install/apriltag_draw/share/apriltag_draw/cmake/apriltag_drawConfig-version.cmake
[52.386s] -- Installing: /home/robousr/ROS2Dev/Pruebas_Apriltag/apriltag_detector-master/install/apriltag_draw/share/apriltag_draw/package.xml
[52.387s] Invoked command in '/home/robousr/ROS2Dev/Pruebas_Apriltag/apriltag_detector-master/build/apriltag_draw' returned '0': CMAKE_PREFIX_PATH=/opt/ros/humble /usr/bin/cmake --install /home/robousr/ROS2Dev/Pruebas_Apriltag/apriltag_detector-master/build/apriltag_draw
