[0.116s] DEBUG:colcon:Command line arguments: ['/usr/bin/colcon', 'build']
[0.116s] DEBUG:colcon:Parsed command line arguments: Namespace(log_base=None, log_level=None, verb_name='build', build_base='build', install_base='install', merge_install=False, symlink_install=False, test_result_base=None, continue_on_error=False, executor='parallel', parallel_workers=2, event_handlers=None, ignore_user_meta=False, metas=['./colcon.meta'], base_paths=['.'], packages_ignore=None, packages_ignore_regex=None, paths=None, packages_up_to=None, packages_up_to_regex=None, packages_above=None, packages_above_and_dependencies=None, packages_above_depth=None, packages_select_by_dep=None, packages_skip_by_dep=None, packages_skip_up_to=None, packages_select_build_failed=False, packages_skip_build_finished=False, packages_select_test_failures=False, packages_skip_test_passed=False, packages_select=None, packages_skip=None, packages_select_regex=None, packages_skip_regex=None, packages_start=None, packages_end=None, allow_overriding=[], cmake_args=None, cmake_target=None, cmake_target_skip_unavailable=False, cmake_clean_cache=False, cmake_clean_first=False, cmake_force_configure=False, ament_cmake_args=None, catkin_cmake_args=None, catkin_skip_building_tests=False, mixin_files=None, mixin=None, verb_parser=<colcon_mixin.mixin.mixin_argument.MixinArgumentDecorator object at 0x73bd0534ba90>, verb_extension=<colcon_core.verb.build.BuildVerb object at 0x73bd0534b310>, main=<bound method BuildVerb.main of <colcon_core.verb.build.BuildVerb object at 0x73bd0534b310>>, mixin_verb=('build',))
[0.306s] Level 1:colcon.colcon_core.package_discovery:discover_packages(colcon_meta) check parameters
[0.306s] Level 1:colcon.colcon_core.package_discovery:discover_packages(recursive) check parameters
[0.306s] Level 1:colcon.colcon_core.package_discovery:discover_packages(ignore) check parameters
[0.306s] Level 1:colcon.colcon_core.package_discovery:discover_packages(path) check parameters
[0.306s] Level 1:colcon.colcon_core.package_discovery:discover_packages(colcon_meta) discover
[0.306s] Level 1:colcon.colcon_core.package_discovery:discover_packages(recursive) discover
[0.306s] INFO:colcon.colcon_core.package_discovery:Crawling recursively for packages in '/home/robousr/ROS2Dev/Pruebas_Apriltag/apriltag_detector-master'
[0.306s] Level 1:colcon.colcon_core.package_identification:_identify(.) by extensions ['ignore', 'ignore_ament_install']
[0.307s] Level 1:colcon.colcon_core.package_identification:_identify(.) by extension 'ignore'
[0.307s] Level 1:colcon.colcon_core.package_identification:_identify(.) by extension 'ignore_ament_install'
[0.307s] Level 1:colcon.colcon_core.package_identification:_identify(.) by extensions ['colcon_pkg']
[0.307s] Level 1:colcon.colcon_core.package_identification:_identify(.) by extension 'colcon_pkg'
[0.307s] Level 1:colcon.colcon_core.package_identification:_identify(.) by extensions ['colcon_meta']
[0.307s] Level 1:colcon.colcon_core.package_identification:_identify(.) by extension 'colcon_meta'
[0.307s] Level 1:colcon.colcon_core.package_identification:_identify(.) by extensions ['ros']
[0.307s] Level 1:colcon.colcon_core.package_identification:_identify(.) by extension 'ros'
[0.319s] Level 1:colcon.colcon_core.package_identification:_identify(.) by extensions ['cmake', 'python']
[0.319s] Level 1:colcon.colcon_core.package_identification:_identify(.) by extension 'cmake'
[0.319s] Level 1:colcon.colcon_core.package_identification:_identify(.) by extension 'python'
[0.319s] Level 1:colcon.colcon_core.package_identification:_identify(.) by extensions ['python_setup_py']
[0.319s] Level 1:colcon.colcon_core.package_identification:_identify(.) by extension 'python_setup_py'
[0.319s] Level 1:colcon.colcon_core.package_identification:_identify(apriltag_detector) by extensions ['ignore', 'ignore_ament_install']
[0.319s] Level 1:colcon.colcon_core.package_identification:_identify(apriltag_detector) by extension 'ignore'
[0.319s] Level 1:colcon.colcon_core.package_identification:_identify(apriltag_detector) by extension 'ignore_ament_install'
[0.319s] Level 1:colcon.colcon_core.package_identification:_identify(apriltag_detector) by extensions ['colcon_pkg']
[0.319s] Level 1:colcon.colcon_core.package_identification:_identify(apriltag_detector) by extension 'colcon_pkg'
[0.319s] Level 1:colcon.colcon_core.package_identification:_identify(apriltag_detector) by extensions ['colcon_meta']
[0.319s] Level 1:colcon.colcon_core.package_identification:_identify(apriltag_detector) by extension 'colcon_meta'
[0.319s] Level 1:colcon.colcon_core.package_identification:_identify(apriltag_detector) by extensions ['ros']
[0.319s] Level 1:colcon.colcon_core.package_identification:_identify(apriltag_detector) by extension 'ros'
[0.334s] DEBUG:colcon.colcon_core.package_identification:Package 'apriltag_detector' with type 'ros.ament_cmake' and name 'apriltag_detector'
[0.334s] Level 1:colcon.colcon_core.package_identification:_identify(apriltag_detector_mit) by extensions ['ignore', 'ignore_ament_install']
[0.334s] Level 1:colcon.colcon_core.package_identification:_identify(apriltag_detector_mit) by extension 'ignore'
[0.334s] Level 1:colcon.colcon_core.package_identification:_identify(apriltag_detector_mit) by extension 'ignore_ament_install'
[0.334s] Level 1:colcon.colcon_core.package_identification:_identify(apriltag_detector_mit) by extensions ['colcon_pkg']
[0.334s] Level 1:colcon.colcon_core.package_identification:_identify(apriltag_detector_mit) by extension 'colcon_pkg'
[0.334s] Level 1:colcon.colcon_core.package_identification:_identify(apriltag_detector_mit) by extensions ['colcon_meta']
[0.334s] Level 1:colcon.colcon_core.package_identification:_identify(apriltag_detector_mit) by extension 'colcon_meta'
[0.334s] Level 1:colcon.colcon_core.package_identification:_identify(apriltag_detector_mit) by extensions ['ros']
[0.334s] Level 1:colcon.colcon_core.package_identification:_identify(apriltag_detector_mit) by extension 'ros'
[0.335s] DEBUG:colcon.colcon_core.package_identification:Package 'apriltag_detector_mit' with type 'ros.ament_cmake' and name 'apriltag_detector_mit'
[0.336s] Level 1:colcon.colcon_core.package_identification:_identify(apriltag_detector_umich) by extensions ['ignore', 'ignore_ament_install']
[0.336s] Level 1:colcon.colcon_core.package_identification:_identify(apriltag_detector_umich) by extension 'ignore'
[0.336s] Level 1:colcon.colcon_core.package_identification:_identify(apriltag_detector_umich) by extension 'ignore_ament_install'
[0.336s] Level 1:colcon.colcon_core.package_identification:_identify(apriltag_detector_umich) by extensions ['colcon_pkg']
[0.336s] Level 1:colcon.colcon_core.package_identification:_identify(apriltag_detector_umich) by extension 'colcon_pkg'
[0.336s] Level 1:colcon.colcon_core.package_identification:_identify(apriltag_detector_umich) by extensions ['colcon_meta']
[0.336s] Level 1:colcon.colcon_core.package_identification:_identify(apriltag_detector_umich) by extension 'colcon_meta'
[0.336s] Level 1:colcon.colcon_core.package_identification:_identify(apriltag_detector_umich) by extensions ['ros']
[0.336s] Level 1:colcon.colcon_core.package_identification:_identify(apriltag_detector_umich) by extension 'ros'
[0.337s] DEBUG:colcon.colcon_core.package_identification:Package 'apriltag_detector_umich' with type 'ros.ament_cmake' and name 'apriltag_detector_umich'
[0.337s] Level 1:colcon.colcon_core.package_identification:_identify(apriltag_draw) by extensions ['ignore', 'ignore_ament_install']
[0.337s] Level 1:colcon.colcon_core.package_identification:_identify(apriltag_draw) by extension 'ignore'
[0.337s] Level 1:colcon.colcon_core.package_identification:_identify(apriltag_draw) by extension 'ignore_ament_install'
[0.337s] Level 1:colcon.colcon_core.package_identification:_identify(apriltag_draw) by extensions ['colcon_pkg']
[0.337s] Level 1:colcon.colcon_core.package_identification:_identify(apriltag_draw) by extension 'colcon_pkg'
[0.337s] Level 1:colcon.colcon_core.package_identification:_identify(apriltag_draw) by extensions ['colcon_meta']
[0.337s] Level 1:colcon.colcon_core.package_identification:_identify(apriltag_draw) by extension 'colcon_meta'
[0.337s] Level 1:colcon.colcon_core.package_identification:_identify(apriltag_draw) by extensions ['ros']
[0.337s] Level 1:colcon.colcon_core.package_identification:_identify(apriltag_draw) by extension 'ros'
[0.338s] DEBUG:colcon.colcon_core.package_identification:Package 'apriltag_draw' with type 'ros.ament_cmake' and name 'apriltag_draw'
[0.338s] Level 1:colcon.colcon_core.package_identification:_identify(build) by extensions ['ignore', 'ignore_ament_install']
[0.338s] Level 1:colcon.colcon_core.package_identification:_identify(build) by extension 'ignore'
[0.338s] Level 1:colcon.colcon_core.package_identification:_identify(build) ignored
[0.338s] Level 1:colcon.colcon_core.package_identification:_identify(images) by extensions ['ignore', 'ignore_ament_install']
[0.338s] Level 1:colcon.colcon_core.package_identification:_identify(images) by extension 'ignore'
[0.338s] Level 1:colcon.colcon_core.package_identification:_identify(images) by extension 'ignore_ament_install'
[0.338s] Level 1:colcon.colcon_core.package_identification:_identify(images) by extensions ['colcon_pkg']
[0.338s] Level 1:colcon.colcon_core.package_identification:_identify(images) by extension 'colcon_pkg'
[0.338s] Level 1:colcon.colcon_core.package_identification:_identify(images) by extensions ['colcon_meta']
[0.338s] Level 1:colcon.colcon_core.package_identification:_identify(images) by extension 'colcon_meta'
[0.338s] Level 1:colcon.colcon_core.package_identification:_identify(images) by extensions ['ros']
[0.338s] Level 1:colcon.colcon_core.package_identification:_identify(images) by extension 'ros'
[0.339s] Level 1:colcon.colcon_core.package_identification:_identify(images) by extensions ['cmake', 'python']
[0.339s] Level 1:colcon.colcon_core.package_identification:_identify(images) by extension 'cmake'
[0.339s] Level 1:colcon.colcon_core.package_identification:_identify(images) by extension 'python'
[0.339s] Level 1:colcon.colcon_core.package_identification:_identify(images) by extensions ['python_setup_py']
[0.339s] Level 1:colcon.colcon_core.package_identification:_identify(images) by extension 'python_setup_py'
[0.339s] Level 1:colcon.colcon_core.package_identification:_identify(install) by extensions ['ignore', 'ignore_ament_install']
[0.339s] Level 1:colcon.colcon_core.package_identification:_identify(install) by extension 'ignore'
[0.339s] Level 1:colcon.colcon_core.package_identification:_identify(install) ignored
[0.339s] Level 1:colcon.colcon_core.package_identification:_identify(log) by extensions ['ignore', 'ignore_ament_install']
[0.339s] Level 1:colcon.colcon_core.package_identification:_identify(log) by extension 'ignore'
[0.339s] Level 1:colcon.colcon_core.package_identification:_identify(log) ignored
[0.339s] Level 1:colcon.colcon_core.package_discovery:discover_packages(recursive) using defaults
[0.339s] Level 1:colcon.colcon_core.package_discovery:discover_packages(ignore) discover
[0.339s] Level 1:colcon.colcon_core.package_discovery:discover_packages(ignore) using defaults
[0.339s] Level 1:colcon.colcon_core.package_discovery:discover_packages(path) discover
[0.339s] Level 1:colcon.colcon_core.package_discovery:discover_packages(path) using defaults
[0.359s] Level 1:colcon.colcon_core.package_discovery:discover_packages(prefix_path) check parameters
[0.360s] Level 1:colcon.colcon_core.package_discovery:discover_packages(prefix_path) discover
[0.362s] DEBUG:colcon.colcon_installed_package_information.package_discovery:Found 294 installed packages in /opt/ros/humble
[0.363s] Level 1:colcon.colcon_core.package_discovery:discover_packages(prefix_path) using defaults
[0.398s] Level 5:colcon.colcon_core.verb:set package 'apriltag_detector' build argument 'cmake_args' from command line to 'None'
[0.398s] Level 5:colcon.colcon_core.verb:set package 'apriltag_detector' build argument 'cmake_target' from command line to 'None'
[0.398s] Level 5:colcon.colcon_core.verb:set package 'apriltag_detector' build argument 'cmake_target_skip_unavailable' from command line to 'False'
[0.398s] Level 5:colcon.colcon_core.verb:set package 'apriltag_detector' build argument 'cmake_clean_cache' from command line to 'False'
[0.398s] Level 5:colcon.colcon_core.verb:set package 'apriltag_detector' build argument 'cmake_clean_first' from command line to 'False'
[0.398s] Level 5:colcon.colcon_core.verb:set package 'apriltag_detector' build argument 'cmake_force_configure' from command line to 'False'
[0.398s] Level 5:colcon.colcon_core.verb:set package 'apriltag_detector' build argument 'ament_cmake_args' from command line to 'None'
[0.398s] Level 5:colcon.colcon_core.verb:set package 'apriltag_detector' build argument 'catkin_cmake_args' from command line to 'None'
[0.398s] Level 5:colcon.colcon_core.verb:set package 'apriltag_detector' build argument 'catkin_skip_building_tests' from command line to 'False'
[0.399s] DEBUG:colcon.colcon_core.verb:Building package 'apriltag_detector' with the following arguments: {'ament_cmake_args': None, 'build_base': '/home/robousr/ROS2Dev/Pruebas_Apriltag/apriltag_detector-master/build/apriltag_detector', 'catkin_cmake_args': None, 'catkin_skip_building_tests': False, 'cmake_args': None, 'cmake_clean_cache': False, 'cmake_clean_first': False, 'cmake_force_configure': False, 'cmake_target': None, 'cmake_target_skip_unavailable': False, 'install_base': '/home/robousr/ROS2Dev/Pruebas_Apriltag/apriltag_detector-master/install/apriltag_detector', 'merge_install': False, 'path': '/home/robousr/ROS2Dev/Pruebas_Apriltag/apriltag_detector-master/apriltag_detector', 'symlink_install': False, 'test_result_base': None}
[0.399s] Level 5:colcon.colcon_core.verb:set package 'apriltag_draw' build argument 'cmake_args' from command line to 'None'
[0.399s] Level 5:colcon.colcon_core.verb:set package 'apriltag_draw' build argument 'cmake_target' from command line to 'None'
[0.399s] Level 5:colcon.colcon_core.verb:set package 'apriltag_draw' build argument 'cmake_target_skip_unavailable' from command line to 'False'
[0.399s] Level 5:colcon.colcon_core.verb:set package 'apriltag_draw' build argument 'cmake_clean_cache' from command line to 'False'
[0.399s] Level 5:colcon.colcon_core.verb:set package 'apriltag_draw' build argument 'cmake_clean_first' from command line to 'False'
[0.399s] Level 5:colcon.colcon_core.verb:set package 'apriltag_draw' build argument 'cmake_force_configure' from command line to 'False'
[0.399s] Level 5:colcon.colcon_core.verb:set package 'apriltag_draw' build argument 'ament_cmake_args' from command line to 'None'
[0.399s] Level 5:colcon.colcon_core.verb:set package 'apriltag_draw' build argument 'catkin_cmake_args' from command line to 'None'
[0.399s] Level 5:colcon.colcon_core.verb:set package 'apriltag_draw' build argument 'catkin_skip_building_tests' from command line to 'False'
[0.399s] DEBUG:colcon.colcon_core.verb:Building package 'apriltag_draw' with the following arguments: {'ament_cmake_args': None, 'build_base': '/home/robousr/ROS2Dev/Pruebas_Apriltag/apriltag_detector-master/build/apriltag_draw', 'catkin_cmake_args': None, 'catkin_skip_building_tests': False, 'cmake_args': None, 'cmake_clean_cache': False, 'cmake_clean_first': False, 'cmake_force_configure': False, 'cmake_target': None, 'cmake_target_skip_unavailable': False, 'install_base': '/home/robousr/ROS2Dev/Pruebas_Apriltag/apriltag_detector-master/install/apriltag_draw', 'merge_install': False, 'path': '/home/robousr/ROS2Dev/Pruebas_Apriltag/apriltag_detector-master/apriltag_draw', 'symlink_install': False, 'test_result_base': None}
[0.399s] Level 5:colcon.colcon_core.verb:set package 'apriltag_detector_mit' build argument 'cmake_args' from command line to 'None'
[0.399s] Level 5:colcon.colcon_core.verb:set package 'apriltag_detector_mit' build argument 'cmake_target' from command line to 'None'
[0.399s] Level 5:colcon.colcon_core.verb:set package 'apriltag_detector_mit' build argument 'cmake_target_skip_unavailable' from command line to 'False'
[0.399s] Level 5:colcon.colcon_core.verb:set package 'apriltag_detector_mit' build argument 'cmake_clean_cache' from command line to 'False'
[0.399s] Level 5:colcon.colcon_core.verb:set package 'apriltag_detector_mit' build argument 'cmake_clean_first' from command line to 'False'
[0.399s] Level 5:colcon.colcon_core.verb:set package 'apriltag_detector_mit' build argument 'cmake_force_configure' from command line to 'False'
[0.399s] Level 5:colcon.colcon_core.verb:set package 'apriltag_detector_mit' build argument 'ament_cmake_args' from command line to 'None'
[0.399s] Level 5:colcon.colcon_core.verb:set package 'apriltag_detector_mit' build argument 'catkin_cmake_args' from command line to 'None'
[0.399s] Level 5:colcon.colcon_core.verb:set package 'apriltag_detector_mit' build argument 'catkin_skip_building_tests' from command line to 'False'
[0.399s] DEBUG:colcon.colcon_core.verb:Building package 'apriltag_detector_mit' with the following arguments: {'ament_cmake_args': None, 'build_base': '/home/robousr/ROS2Dev/Pruebas_Apriltag/apriltag_detector-master/build/apriltag_detector_mit', 'catkin_cmake_args': None, 'catkin_skip_building_tests': False, 'cmake_args': None, 'cmake_clean_cache': False, 'cmake_clean_first': False, 'cmake_force_configure': False, 'cmake_target': None, 'cmake_target_skip_unavailable': False, 'install_base': '/home/robousr/ROS2Dev/Pruebas_Apriltag/apriltag_detector-master/install/apriltag_detector_mit', 'merge_install': False, 'path': '/home/robousr/ROS2Dev/Pruebas_Apriltag/apriltag_detector-master/apriltag_detector_mit', 'symlink_install': False, 'test_result_base': None}
[0.400s] Level 5:colcon.colcon_core.verb:set package 'apriltag_detector_umich' build argument 'cmake_args' from command line to 'None'
[0.400s] Level 5:colcon.colcon_core.verb:set package 'apriltag_detector_umich' build argument 'cmake_target' from command line to 'None'
[0.400s] Level 5:colcon.colcon_core.verb:set package 'apriltag_detector_umich' build argument 'cmake_target_skip_unavailable' from command line to 'False'
[0.400s] Level 5:colcon.colcon_core.verb:set package 'apriltag_detector_umich' build argument 'cmake_clean_cache' from command line to 'False'
[0.400s] Level 5:colcon.colcon_core.verb:set package 'apriltag_detector_umich' build argument 'cmake_clean_first' from command line to 'False'
[0.400s] Level 5:colcon.colcon_core.verb:set package 'apriltag_detector_umich' build argument 'cmake_force_configure' from command line to 'False'
[0.400s] Level 5:colcon.colcon_core.verb:set package 'apriltag_detector_umich' build argument 'ament_cmake_args' from command line to 'None'
[0.400s] Level 5:colcon.colcon_core.verb:set package 'apriltag_detector_umich' build argument 'catkin_cmake_args' from command line to 'None'
[0.400s] Level 5:colcon.colcon_core.verb:set package 'apriltag_detector_umich' build argument 'catkin_skip_building_tests' from command line to 'False'
[0.400s] DEBUG:colcon.colcon_core.verb:Building package 'apriltag_detector_umich' with the following arguments: {'ament_cmake_args': None, 'build_base': '/home/robousr/ROS2Dev/Pruebas_Apriltag/apriltag_detector-master/build/apriltag_detector_umich', 'catkin_cmake_args': None, 'catkin_skip_building_tests': False, 'cmake_args': None, 'cmake_clean_cache': False, 'cmake_clean_first': False, 'cmake_force_configure': False, 'cmake_target': None, 'cmake_target_skip_unavailable': False, 'install_base': '/home/robousr/ROS2Dev/Pruebas_Apriltag/apriltag_detector-master/install/apriltag_detector_umich', 'merge_install': False, 'path': '/home/robousr/ROS2Dev/Pruebas_Apriltag/apriltag_detector-master/apriltag_detector_umich', 'symlink_install': False, 'test_result_base': None}
[0.400s] INFO:colcon.colcon_core.executor:Executing jobs using 'parallel' executor
[0.401s] DEBUG:colcon.colcon_parallel_executor.executor.parallel:run_until_complete
[0.402s] INFO:colcon.colcon_ros.task.ament_cmake.build:Building ROS package in '/home/robousr/ROS2Dev/Pruebas_Apriltag/apriltag_detector-master/apriltag_detector' with build type 'ament_cmake'
[0.402s] INFO:colcon.colcon_cmake.task.cmake.build:Building CMake package in '/home/robousr/ROS2Dev/Pruebas_Apriltag/apriltag_detector-master/apriltag_detector'
[0.404s] INFO:colcon.colcon_core.plugin_system:Skipping extension 'colcon_core.shell.bat': Not used on non-Windows systems
[0.405s] INFO:colcon.colcon_core.shell:Skip shell extension 'powershell' for command environment: Not usable outside of PowerShell
[0.405s] DEBUG:colcon.colcon_core.shell:Skip shell extension 'dsv' for command environment
[0.409s] INFO:colcon.colcon_ros.task.ament_cmake.build:Building ROS package in '/home/robousr/ROS2Dev/Pruebas_Apriltag/apriltag_detector-master/apriltag_draw' with build type 'ament_cmake'
[0.409s] INFO:colcon.colcon_cmake.task.cmake.build:Building CMake package in '/home/robousr/ROS2Dev/Pruebas_Apriltag/apriltag_detector-master/apriltag_draw'
[0.409s] INFO:colcon.colcon_core.shell:Skip shell extension 'powershell' for command environment: Not usable outside of PowerShell
[0.409s] DEBUG:colcon.colcon_core.shell:Skip shell extension 'dsv' for command environment
[0.423s] DEBUG:colcon.colcon_core.event_handler.log_command:Invoking command in '/home/robousr/ROS2Dev/Pruebas_Apriltag/apriltag_detector-master/build/apriltag_detector': CMAKE_PREFIX_PATH=/opt/ros/humble /usr/bin/cmake --build /home/robousr/ROS2Dev/Pruebas_Apriltag/apriltag_detector-master/build/apriltag_detector -- -j2 -l2
[0.437s] DEBUG:colcon.colcon_core.event_handler.log_command:Invoking command in '/home/robousr/ROS2Dev/Pruebas_Apriltag/apriltag_detector-master/build/apriltag_draw': CMAKE_PREFIX_PATH=/opt/ros/humble /usr/bin/cmake --build /home/robousr/ROS2Dev/Pruebas_Apriltag/apriltag_detector-master/build/apriltag_draw -- -j2 -l2
[0.519s] DEBUG:colcon.colcon_core.event_handler.log_command:Invoked command in '/home/robousr/ROS2Dev/Pruebas_Apriltag/apriltag_detector-master/build/apriltag_detector' returned '0': CMAKE_PREFIX_PATH=/opt/ros/humble /usr/bin/cmake --build /home/robousr/ROS2Dev/Pruebas_Apriltag/apriltag_detector-master/build/apriltag_detector -- -j2 -l2
[0.564s] DEBUG:colcon.colcon_core.event_handler.log_command:Invoking command in '/home/robousr/ROS2Dev/Pruebas_Apriltag/apriltag_detector-master/build/apriltag_detector': CMAKE_PREFIX_PATH=/opt/ros/humble /usr/bin/cmake --install /home/robousr/ROS2Dev/Pruebas_Apriltag/apriltag_detector-master/build/apriltag_detector
[0.584s] DEBUG:colcon.colcon_core.event_handler.log_command:Invoked command in '/home/robousr/ROS2Dev/Pruebas_Apriltag/apriltag_detector-master/build/apriltag_draw' returned '0': CMAKE_PREFIX_PATH=/opt/ros/humble /usr/bin/cmake --build /home/robousr/ROS2Dev/Pruebas_Apriltag/apriltag_detector-master/build/apriltag_draw -- -j2 -l2
[0.586s] Level 1:colcon.colcon_core.environment:create_environment_scripts_only(apriltag_detector)
[0.588s] Level 1:colcon.colcon_core.environment:checking '/home/robousr/ROS2Dev/Pruebas_Apriltag/apriltag_detector-master/install/apriltag_detector' for CMake module files
[0.589s] Level 1:colcon.colcon_core.environment:checking '/home/robousr/ROS2Dev/Pruebas_Apriltag/apriltag_detector-master/install/apriltag_detector' for CMake config files
[0.589s] Level 1:colcon.colcon_core.shell:create_environment_hook('apriltag_detector', 'cmake_prefix_path')
[0.589s] INFO:colcon.colcon_core.shell:Creating environment hook '/home/robousr/ROS2Dev/Pruebas_Apriltag/apriltag_detector-master/install/apriltag_detector/share/apriltag_detector/hook/cmake_prefix_path.ps1'
[0.591s] INFO:colcon.colcon_core.shell:Creating environment descriptor '/home/robousr/ROS2Dev/Pruebas_Apriltag/apriltag_detector-master/install/apriltag_detector/share/apriltag_detector/hook/cmake_prefix_path.dsv'
[0.592s] INFO:colcon.colcon_core.shell:Creating environment hook '/home/robousr/ROS2Dev/Pruebas_Apriltag/apriltag_detector-master/install/apriltag_detector/share/apriltag_detector/hook/cmake_prefix_path.sh'
[0.593s] Level 1:colcon.colcon_core.environment:checking '/home/robousr/ROS2Dev/Pruebas_Apriltag/apriltag_detector-master/install/apriltag_detector/bin'
[0.593s] Level 1:colcon.colcon_core.environment:checking '/home/robousr/ROS2Dev/Pruebas_Apriltag/apriltag_detector-master/install/apriltag_detector/lib/pkgconfig/apriltag_detector.pc'
[0.594s] Level 1:colcon.colcon_core.environment:checking '/home/robousr/ROS2Dev/Pruebas_Apriltag/apriltag_detector-master/install/apriltag_detector/lib/python3.10/site-packages'
[0.594s] Level 1:colcon.colcon_core.environment:checking '/home/robousr/ROS2Dev/Pruebas_Apriltag/apriltag_detector-master/install/apriltag_detector/bin'
[0.594s] INFO:colcon.colcon_core.shell:Creating package script '/home/robousr/ROS2Dev/Pruebas_Apriltag/apriltag_detector-master/install/apriltag_detector/share/apriltag_detector/package.ps1'
[0.595s] INFO:colcon.colcon_core.shell:Creating package descriptor '/home/robousr/ROS2Dev/Pruebas_Apriltag/apriltag_detector-master/install/apriltag_detector/share/apriltag_detector/package.dsv'
[0.596s] INFO:colcon.colcon_core.shell:Creating package script '/home/robousr/ROS2Dev/Pruebas_Apriltag/apriltag_detector-master/install/apriltag_detector/share/apriltag_detector/package.sh'
[0.598s] INFO:colcon.colcon_core.shell:Creating package script '/home/robousr/ROS2Dev/Pruebas_Apriltag/apriltag_detector-master/install/apriltag_detector/share/apriltag_detector/package.bash'
[0.599s] DEBUG:colcon.colcon_core.event_handler.log_command:Invoked command in '/home/robousr/ROS2Dev/Pruebas_Apriltag/apriltag_detector-master/build/apriltag_detector' returned '0': CMAKE_PREFIX_PATH=/opt/ros/humble /usr/bin/cmake --install /home/robousr/ROS2Dev/Pruebas_Apriltag/apriltag_detector-master/build/apriltag_detector
[0.599s] INFO:colcon.colcon_core.shell:Creating package script '/home/robousr/ROS2Dev/Pruebas_Apriltag/apriltag_detector-master/install/apriltag_detector/share/apriltag_detector/package.zsh'
[0.601s] Level 1:colcon.colcon_core.environment:create_file_with_runtime_dependencies(/home/robousr/ROS2Dev/Pruebas_Apriltag/apriltag_detector-master/install/apriltag_detector/share/colcon-core/packages/apriltag_detector)
[0.646s] DEBUG:colcon.colcon_core.event_handler.log_command:Invoking command in '/home/robousr/ROS2Dev/Pruebas_Apriltag/apriltag_detector-master/build/apriltag_draw': CMAKE_PREFIX_PATH=/opt/ros/humble /usr/bin/cmake --install /home/robousr/ROS2Dev/Pruebas_Apriltag/apriltag_detector-master/build/apriltag_draw
[0.647s] Level 1:colcon.colcon_core.environment:create_environment_scripts_only(apriltag_detector)
[0.648s] Level 1:colcon.colcon_core.environment:checking '/home/robousr/ROS2Dev/Pruebas_Apriltag/apriltag_detector-master/install/apriltag_detector' for CMake module files
[0.648s] Level 1:colcon.colcon_core.environment:checking '/home/robousr/ROS2Dev/Pruebas_Apriltag/apriltag_detector-master/install/apriltag_detector' for CMake config files
[0.649s] Level 1:colcon.colcon_core.shell:create_environment_hook('apriltag_detector', 'cmake_prefix_path')
[0.649s] INFO:colcon.colcon_core.shell:Creating environment hook '/home/robousr/ROS2Dev/Pruebas_Apriltag/apriltag_detector-master/install/apriltag_detector/share/apriltag_detector/hook/cmake_prefix_path.ps1'
[0.650s] INFO:colcon.colcon_core.shell:Creating environment descriptor '/home/robousr/ROS2Dev/Pruebas_Apriltag/apriltag_detector-master/install/apriltag_detector/share/apriltag_detector/hook/cmake_prefix_path.dsv'
[0.652s] INFO:colcon.colcon_core.shell:Creating environment hook '/home/robousr/ROS2Dev/Pruebas_Apriltag/apriltag_detector-master/install/apriltag_detector/share/apriltag_detector/hook/cmake_prefix_path.sh'
[0.654s] Level 1:colcon.colcon_core.environment:checking '/home/robousr/ROS2Dev/Pruebas_Apriltag/apriltag_detector-master/install/apriltag_detector/bin'
[0.655s] Level 1:colcon.colcon_core.environment:checking '/home/robousr/ROS2Dev/Pruebas_Apriltag/apriltag_detector-master/install/apriltag_detector/lib/pkgconfig/apriltag_detector.pc'
[0.655s] Level 1:colcon.colcon_core.environment:checking '/home/robousr/ROS2Dev/Pruebas_Apriltag/apriltag_detector-master/install/apriltag_detector/lib/python3.10/site-packages'
[0.655s] Level 1:colcon.colcon_core.environment:checking '/home/robousr/ROS2Dev/Pruebas_Apriltag/apriltag_detector-master/install/apriltag_detector/bin'
[0.655s] INFO:colcon.colcon_core.shell:Creating package script '/home/robousr/ROS2Dev/Pruebas_Apriltag/apriltag_detector-master/install/apriltag_detector/share/apriltag_detector/package.ps1'
[0.657s] INFO:colcon.colcon_core.shell:Creating package descriptor '/home/robousr/ROS2Dev/Pruebas_Apriltag/apriltag_detector-master/install/apriltag_detector/share/apriltag_detector/package.dsv'
[0.657s] INFO:colcon.colcon_core.shell:Creating package script '/home/robousr/ROS2Dev/Pruebas_Apriltag/apriltag_detector-master/install/apriltag_detector/share/apriltag_detector/package.sh'
[0.658s] INFO:colcon.colcon_core.shell:Creating package script '/home/robousr/ROS2Dev/Pruebas_Apriltag/apriltag_detector-master/install/apriltag_detector/share/apriltag_detector/package.bash'
[0.659s] INFO:colcon.colcon_core.shell:Creating package script '/home/robousr/ROS2Dev/Pruebas_Apriltag/apriltag_detector-master/install/apriltag_detector/share/apriltag_detector/package.zsh'
[0.659s] Level 1:colcon.colcon_core.environment:create_file_with_runtime_dependencies(/home/robousr/ROS2Dev/Pruebas_Apriltag/apriltag_detector-master/install/apriltag_detector/share/colcon-core/packages/apriltag_detector)
[0.660s] INFO:colcon.colcon_ros.task.ament_cmake.build:Building ROS package in '/home/robousr/ROS2Dev/Pruebas_Apriltag/apriltag_detector-master/apriltag_detector_mit' with build type 'ament_cmake'
[0.660s] INFO:colcon.colcon_cmake.task.cmake.build:Building CMake package in '/home/robousr/ROS2Dev/Pruebas_Apriltag/apriltag_detector-master/apriltag_detector_mit'
[0.660s] INFO:colcon.colcon_core.shell:Skip shell extension 'powershell' for command environment: Not usable outside of PowerShell
[0.660s] DEBUG:colcon.colcon_core.shell:Skip shell extension 'dsv' for command environment
[0.665s] Level 1:colcon.colcon_core.environment:create_environment_scripts_only(apriltag_draw)
[0.665s] Level 1:colcon.colcon_core.environment:checking '/home/robousr/ROS2Dev/Pruebas_Apriltag/apriltag_detector-master/install/apriltag_draw' for CMake module files
[0.666s] Level 1:colcon.colcon_core.environment:checking '/home/robousr/ROS2Dev/Pruebas_Apriltag/apriltag_detector-master/install/apriltag_draw' for CMake config files
[0.666s] Level 1:colcon.colcon_core.shell:create_environment_hook('apriltag_draw', 'cmake_prefix_path')
[0.667s] INFO:colcon.colcon_core.shell:Creating environment hook '/home/robousr/ROS2Dev/Pruebas_Apriltag/apriltag_detector-master/install/apriltag_draw/share/apriltag_draw/hook/cmake_prefix_path.ps1'
[0.668s] INFO:colcon.colcon_core.shell:Creating environment descriptor '/home/robousr/ROS2Dev/Pruebas_Apriltag/apriltag_detector-master/install/apriltag_draw/share/apriltag_draw/hook/cmake_prefix_path.dsv'
[0.670s] DEBUG:colcon.colcon_core.event_handler.log_command:Invoked command in '/home/robousr/ROS2Dev/Pruebas_Apriltag/apriltag_detector-master/build/apriltag_draw' returned '0': CMAKE_PREFIX_PATH=/opt/ros/humble /usr/bin/cmake --install /home/robousr/ROS2Dev/Pruebas_Apriltag/apriltag_detector-master/build/apriltag_draw
[0.670s] INFO:colcon.colcon_core.shell:Creating environment hook '/home/robousr/ROS2Dev/Pruebas_Apriltag/apriltag_detector-master/install/apriltag_draw/share/apriltag_draw/hook/cmake_prefix_path.sh'
[0.671s] Level 1:colcon.colcon_core.environment:checking '/home/robousr/ROS2Dev/Pruebas_Apriltag/apriltag_detector-master/install/apriltag_draw/lib'
[0.671s] Level 1:colcon.colcon_core.shell:create_environment_hook('apriltag_draw', 'ld_library_path_lib')
[0.672s] INFO:colcon.colcon_core.shell:Creating environment hook '/home/robousr/ROS2Dev/Pruebas_Apriltag/apriltag_detector-master/install/apriltag_draw/share/apriltag_draw/hook/ld_library_path_lib.ps1'
[0.672s] INFO:colcon.colcon_core.shell:Creating environment descriptor '/home/robousr/ROS2Dev/Pruebas_Apriltag/apriltag_detector-master/install/apriltag_draw/share/apriltag_draw/hook/ld_library_path_lib.dsv'
[0.673s] INFO:colcon.colcon_core.shell:Creating environment hook '/home/robousr/ROS2Dev/Pruebas_Apriltag/apriltag_detector-master/install/apriltag_draw/share/apriltag_draw/hook/ld_library_path_lib.sh'
[0.675s] Level 1:colcon.colcon_core.environment:checking '/home/robousr/ROS2Dev/Pruebas_Apriltag/apriltag_detector-master/install/apriltag_draw/bin'
[0.675s] Level 1:colcon.colcon_core.environment:checking '/home/robousr/ROS2Dev/Pruebas_Apriltag/apriltag_detector-master/install/apriltag_draw/lib/pkgconfig/apriltag_draw.pc'
[0.675s] Level 1:colcon.colcon_core.environment:checking '/home/robousr/ROS2Dev/Pruebas_Apriltag/apriltag_detector-master/install/apriltag_draw/lib/python3.10/site-packages'
[0.675s] Level 1:colcon.colcon_core.environment:checking '/home/robousr/ROS2Dev/Pruebas_Apriltag/apriltag_detector-master/install/apriltag_draw/bin'
[0.676s] INFO:colcon.colcon_core.shell:Creating package script '/home/robousr/ROS2Dev/Pruebas_Apriltag/apriltag_detector-master/install/apriltag_draw/share/apriltag_draw/package.ps1'
[0.677s] INFO:colcon.colcon_core.shell:Creating package descriptor '/home/robousr/ROS2Dev/Pruebas_Apriltag/apriltag_detector-master/install/apriltag_draw/share/apriltag_draw/package.dsv'
[0.678s] INFO:colcon.colcon_core.shell:Creating package script '/home/robousr/ROS2Dev/Pruebas_Apriltag/apriltag_detector-master/install/apriltag_draw/share/apriltag_draw/package.sh'
[0.679s] INFO:colcon.colcon_core.shell:Creating package script '/home/robousr/ROS2Dev/Pruebas_Apriltag/apriltag_detector-master/install/apriltag_draw/share/apriltag_draw/package.bash'
[0.680s] INFO:colcon.colcon_core.shell:Creating package script '/home/robousr/ROS2Dev/Pruebas_Apriltag/apriltag_detector-master/install/apriltag_draw/share/apriltag_draw/package.zsh'
[0.680s] Level 1:colcon.colcon_core.environment:create_file_with_runtime_dependencies(/home/robousr/ROS2Dev/Pruebas_Apriltag/apriltag_detector-master/install/apriltag_draw/share/colcon-core/packages/apriltag_draw)
[0.688s] DEBUG:colcon.colcon_core.event_handler.log_command:Invoking command in '/home/robousr/ROS2Dev/Pruebas_Apriltag/apriltag_detector-master/build/apriltag_detector_mit': AMENT_PREFIX_PATH=/home/robousr/ROS2Dev/Pruebas_Apriltag/apriltag_detector-master/install/apriltag_detector:${AMENT_PREFIX_PATH} CMAKE_PREFIX_PATH=/home/robousr/ROS2Dev/Pruebas_Apriltag/apriltag_detector-master/install/apriltag_detector:/opt/ros/humble LD_LIBRARY_PATH=/home/robousr/ROS2Dev/Pruebas_Apriltag/apriltag_detector-master/install/apriltag_detector/lib:${LD_LIBRARY_PATH} /usr/bin/cmake --build /home/robousr/ROS2Dev/Pruebas_Apriltag/apriltag_detector-master/build/apriltag_detector_mit -- -j2 -l2
[0.722s] Level 1:colcon.colcon_core.environment:create_environment_scripts_only(apriltag_draw)
[0.722s] Level 1:colcon.colcon_core.environment:checking '/home/robousr/ROS2Dev/Pruebas_Apriltag/apriltag_detector-master/install/apriltag_draw' for CMake module files
[0.723s] Level 1:colcon.colcon_core.environment:checking '/home/robousr/ROS2Dev/Pruebas_Apriltag/apriltag_detector-master/install/apriltag_draw' for CMake config files
[0.723s] Level 1:colcon.colcon_core.shell:create_environment_hook('apriltag_draw', 'cmake_prefix_path')
[0.723s] INFO:colcon.colcon_core.shell:Creating environment hook '/home/robousr/ROS2Dev/Pruebas_Apriltag/apriltag_detector-master/install/apriltag_draw/share/apriltag_draw/hook/cmake_prefix_path.ps1'
[0.724s] INFO:colcon.colcon_core.shell:Creating environment descriptor '/home/robousr/ROS2Dev/Pruebas_Apriltag/apriltag_detector-master/install/apriltag_draw/share/apriltag_draw/hook/cmake_prefix_path.dsv'
[0.724s] INFO:colcon.colcon_core.shell:Creating environment hook '/home/robousr/ROS2Dev/Pruebas_Apriltag/apriltag_detector-master/install/apriltag_draw/share/apriltag_draw/hook/cmake_prefix_path.sh'
[0.725s] Level 1:colcon.colcon_core.environment:checking '/home/robousr/ROS2Dev/Pruebas_Apriltag/apriltag_detector-master/install/apriltag_draw/lib'
[0.725s] Level 1:colcon.colcon_core.shell:create_environment_hook('apriltag_draw', 'ld_library_path_lib')
[0.726s] INFO:colcon.colcon_core.shell:Creating environment hook '/home/robousr/ROS2Dev/Pruebas_Apriltag/apriltag_detector-master/install/apriltag_draw/share/apriltag_draw/hook/ld_library_path_lib.ps1'
[0.726s] INFO:colcon.colcon_core.shell:Creating environment descriptor '/home/robousr/ROS2Dev/Pruebas_Apriltag/apriltag_detector-master/install/apriltag_draw/share/apriltag_draw/hook/ld_library_path_lib.dsv'
[0.727s] INFO:colcon.colcon_core.shell:Creating environment hook '/home/robousr/ROS2Dev/Pruebas_Apriltag/apriltag_detector-master/install/apriltag_draw/share/apriltag_draw/hook/ld_library_path_lib.sh'
[0.727s] Level 1:colcon.colcon_core.environment:checking '/home/robousr/ROS2Dev/Pruebas_Apriltag/apriltag_detector-master/install/apriltag_draw/bin'
[0.727s] Level 1:colcon.colcon_core.environment:checking '/home/robousr/ROS2Dev/Pruebas_Apriltag/apriltag_detector-master/install/apriltag_draw/lib/pkgconfig/apriltag_draw.pc'
[0.728s] Level 1:colcon.colcon_core.environment:checking '/home/robousr/ROS2Dev/Pruebas_Apriltag/apriltag_detector-master/install/apriltag_draw/lib/python3.10/site-packages'
[0.728s] Level 1:colcon.colcon_core.environment:checking '/home/robousr/ROS2Dev/Pruebas_Apriltag/apriltag_detector-master/install/apriltag_draw/bin'
[0.728s] INFO:colcon.colcon_core.shell:Creating package script '/home/robousr/ROS2Dev/Pruebas_Apriltag/apriltag_detector-master/install/apriltag_draw/share/apriltag_draw/package.ps1'
[0.729s] INFO:colcon.colcon_core.shell:Creating package descriptor '/home/robousr/ROS2Dev/Pruebas_Apriltag/apriltag_detector-master/install/apriltag_draw/share/apriltag_draw/package.dsv'
[0.730s] INFO:colcon.colcon_core.shell:Creating package script '/home/robousr/ROS2Dev/Pruebas_Apriltag/apriltag_detector-master/install/apriltag_draw/share/apriltag_draw/package.sh'
[0.730s] INFO:colcon.colcon_core.shell:Creating package script '/home/robousr/ROS2Dev/Pruebas_Apriltag/apriltag_detector-master/install/apriltag_draw/share/apriltag_draw/package.bash'
[0.731s] INFO:colcon.colcon_core.shell:Creating package script '/home/robousr/ROS2Dev/Pruebas_Apriltag/apriltag_detector-master/install/apriltag_draw/share/apriltag_draw/package.zsh'
[0.732s] Level 1:colcon.colcon_core.environment:create_file_with_runtime_dependencies(/home/robousr/ROS2Dev/Pruebas_Apriltag/apriltag_detector-master/install/apriltag_draw/share/colcon-core/packages/apriltag_draw)
[0.732s] INFO:colcon.colcon_ros.task.ament_cmake.build:Building ROS package in '/home/robousr/ROS2Dev/Pruebas_Apriltag/apriltag_detector-master/apriltag_detector_umich' with build type 'ament_cmake'
[0.732s] INFO:colcon.colcon_cmake.task.cmake.build:Building CMake package in '/home/robousr/ROS2Dev/Pruebas_Apriltag/apriltag_detector-master/apriltag_detector_umich'
[0.733s] INFO:colcon.colcon_core.shell:Skip shell extension 'powershell' for command environment: Not usable outside of PowerShell
[0.733s] DEBUG:colcon.colcon_core.shell:Skip shell extension 'dsv' for command environment
[0.752s] DEBUG:colcon.colcon_core.event_handler.log_command:Invoking command in '/home/robousr/ROS2Dev/Pruebas_Apriltag/apriltag_detector-master/build/apriltag_detector_umich': AMENT_PREFIX_PATH=/home/robousr/ROS2Dev/Pruebas_Apriltag/apriltag_detector-master/install/apriltag_detector:${AMENT_PREFIX_PATH} CMAKE_PREFIX_PATH=/home/robousr/ROS2Dev/Pruebas_Apriltag/apriltag_detector-master/install/apriltag_detector:/opt/ros/humble LD_LIBRARY_PATH=/home/robousr/ROS2Dev/Pruebas_Apriltag/apriltag_detector-master/install/apriltag_detector/lib:${LD_LIBRARY_PATH} /usr/bin/cmake --build /home/robousr/ROS2Dev/Pruebas_Apriltag/apriltag_detector-master/build/apriltag_detector_umich -- -j2 -l2
[0.893s] DEBUG:colcon.colcon_core.event_handler.log_command:Invoked command in '/home/robousr/ROS2Dev/Pruebas_Apriltag/apriltag_detector-master/build/apriltag_detector_mit' returned '0': AMENT_PREFIX_PATH=/home/robousr/ROS2Dev/Pruebas_Apriltag/apriltag_detector-master/install/apriltag_detector:${AMENT_PREFIX_PATH} CMAKE_PREFIX_PATH=/home/robousr/ROS2Dev/Pruebas_Apriltag/apriltag_detector-master/install/apriltag_detector:/opt/ros/humble LD_LIBRARY_PATH=/home/robousr/ROS2Dev/Pruebas_Apriltag/apriltag_detector-master/install/apriltag_detector/lib:${LD_LIBRARY_PATH} /usr/bin/cmake --build /home/robousr/ROS2Dev/Pruebas_Apriltag/apriltag_detector-master/build/apriltag_detector_mit -- -j2 -l2
[0.945s] DEBUG:colcon.colcon_core.event_handler.log_command:Invoked command in '/home/robousr/ROS2Dev/Pruebas_Apriltag/apriltag_detector-master/build/apriltag_detector_umich' returned '0': AMENT_PREFIX_PATH=/home/robousr/ROS2Dev/Pruebas_Apriltag/apriltag_detector-master/install/apriltag_detector:${AMENT_PREFIX_PATH} CMAKE_PREFIX_PATH=/home/robousr/ROS2Dev/Pruebas_Apriltag/apriltag_detector-master/install/apriltag_detector:/opt/ros/humble LD_LIBRARY_PATH=/home/robousr/ROS2Dev/Pruebas_Apriltag/apriltag_detector-master/install/apriltag_detector/lib:${LD_LIBRARY_PATH} /usr/bin/cmake --build /home/robousr/ROS2Dev/Pruebas_Apriltag/apriltag_detector-master/build/apriltag_detector_umich -- -j2 -l2
[0.947s] DEBUG:colcon.colcon_core.event_handler.log_command:Invoking command in '/home/robousr/ROS2Dev/Pruebas_Apriltag/apriltag_detector-master/build/apriltag_detector_mit': AMENT_PREFIX_PATH=/home/robousr/ROS2Dev/Pruebas_Apriltag/apriltag_detector-master/install/apriltag_detector:${AMENT_PREFIX_PATH} CMAKE_PREFIX_PATH=/home/robousr/ROS2Dev/Pruebas_Apriltag/apriltag_detector-master/install/apriltag_detector:/opt/ros/humble LD_LIBRARY_PATH=/home/robousr/ROS2Dev/Pruebas_Apriltag/apriltag_detector-master/install/apriltag_detector/lib:${LD_LIBRARY_PATH} /usr/bin/cmake --install /home/robousr/ROS2Dev/Pruebas_Apriltag/apriltag_detector-master/build/apriltag_detector_mit
[0.975s] Level 1:colcon.colcon_core.environment:create_environment_scripts_only(apriltag_detector_mit)
[0.975s] Level 1:colcon.colcon_core.environment:checking '/home/robousr/ROS2Dev/Pruebas_Apriltag/apriltag_detector-master/install/apriltag_detector_mit' for CMake module files
[0.976s] Level 1:colcon.colcon_core.environment:checking '/home/robousr/ROS2Dev/Pruebas_Apriltag/apriltag_detector-master/install/apriltag_detector_mit' for CMake config files
[0.976s] Level 1:colcon.colcon_core.shell:create_environment_hook('apriltag_detector_mit', 'cmake_prefix_path')
[0.977s] INFO:colcon.colcon_core.shell:Creating environment hook '/home/robousr/ROS2Dev/Pruebas_Apriltag/apriltag_detector-master/install/apriltag_detector_mit/share/apriltag_detector_mit/hook/cmake_prefix_path.ps1'
[0.978s] DEBUG:colcon.colcon_core.event_handler.log_command:Invoked command in '/home/robousr/ROS2Dev/Pruebas_Apriltag/apriltag_detector-master/build/apriltag_detector_mit' returned '0': AMENT_PREFIX_PATH=/home/robousr/ROS2Dev/Pruebas_Apriltag/apriltag_detector-master/install/apriltag_detector:${AMENT_PREFIX_PATH} CMAKE_PREFIX_PATH=/home/robousr/ROS2Dev/Pruebas_Apriltag/apriltag_detector-master/install/apriltag_detector:/opt/ros/humble LD_LIBRARY_PATH=/home/robousr/ROS2Dev/Pruebas_Apriltag/apriltag_detector-master/install/apriltag_detector/lib:${LD_LIBRARY_PATH} /usr/bin/cmake --install /home/robousr/ROS2Dev/Pruebas_Apriltag/apriltag_detector-master/build/apriltag_detector_mit
[0.978s] INFO:colcon.colcon_core.shell:Creating environment descriptor '/home/robousr/ROS2Dev/Pruebas_Apriltag/apriltag_detector-master/install/apriltag_detector_mit/share/apriltag_detector_mit/hook/cmake_prefix_path.dsv'
[0.979s] INFO:colcon.colcon_core.shell:Creating environment hook '/home/robousr/ROS2Dev/Pruebas_Apriltag/apriltag_detector-master/install/apriltag_detector_mit/share/apriltag_detector_mit/hook/cmake_prefix_path.sh'
[0.980s] Level 1:colcon.colcon_core.environment:checking '/home/robousr/ROS2Dev/Pruebas_Apriltag/apriltag_detector-master/install/apriltag_detector_mit/lib'
[0.980s] Level 1:colcon.colcon_core.shell:create_environment_hook('apriltag_detector_mit', 'ld_library_path_lib')
[0.980s] INFO:colcon.colcon_core.shell:Creating environment hook '/home/robousr/ROS2Dev/Pruebas_Apriltag/apriltag_detector-master/install/apriltag_detector_mit/share/apriltag_detector_mit/hook/ld_library_path_lib.ps1'
[0.981s] INFO:colcon.colcon_core.shell:Creating environment descriptor '/home/robousr/ROS2Dev/Pruebas_Apriltag/apriltag_detector-master/install/apriltag_detector_mit/share/apriltag_detector_mit/hook/ld_library_path_lib.dsv'
[0.982s] INFO:colcon.colcon_core.shell:Creating environment hook '/home/robousr/ROS2Dev/Pruebas_Apriltag/apriltag_detector-master/install/apriltag_detector_mit/share/apriltag_detector_mit/hook/ld_library_path_lib.sh'
[0.983s] Level 1:colcon.colcon_core.environment:checking '/home/robousr/ROS2Dev/Pruebas_Apriltag/apriltag_detector-master/install/apriltag_detector_mit/bin'
[0.983s] Level 1:colcon.colcon_core.environment:checking '/home/robousr/ROS2Dev/Pruebas_Apriltag/apriltag_detector-master/install/apriltag_detector_mit/lib/pkgconfig/apriltag_detector_mit.pc'
[0.983s] Level 1:colcon.colcon_core.environment:checking '/home/robousr/ROS2Dev/Pruebas_Apriltag/apriltag_detector-master/install/apriltag_detector_mit/lib/python3.10/site-packages'
[0.983s] Level 1:colcon.colcon_core.environment:checking '/home/robousr/ROS2Dev/Pruebas_Apriltag/apriltag_detector-master/install/apriltag_detector_mit/bin'
[0.984s] INFO:colcon.colcon_core.shell:Creating package script '/home/robousr/ROS2Dev/Pruebas_Apriltag/apriltag_detector-master/install/apriltag_detector_mit/share/apriltag_detector_mit/package.ps1'
[0.985s] INFO:colcon.colcon_core.shell:Creating package descriptor '/home/robousr/ROS2Dev/Pruebas_Apriltag/apriltag_detector-master/install/apriltag_detector_mit/share/apriltag_detector_mit/package.dsv'
[0.985s] INFO:colcon.colcon_core.shell:Creating package script '/home/robousr/ROS2Dev/Pruebas_Apriltag/apriltag_detector-master/install/apriltag_detector_mit/share/apriltag_detector_mit/package.sh'
[0.986s] INFO:colcon.colcon_core.shell:Creating package script '/home/robousr/ROS2Dev/Pruebas_Apriltag/apriltag_detector-master/install/apriltag_detector_mit/share/apriltag_detector_mit/package.bash'
[0.987s] INFO:colcon.colcon_core.shell:Creating package script '/home/robousr/ROS2Dev/Pruebas_Apriltag/apriltag_detector-master/install/apriltag_detector_mit/share/apriltag_detector_mit/package.zsh'
[0.988s] Level 1:colcon.colcon_core.environment:create_file_with_runtime_dependencies(/home/robousr/ROS2Dev/Pruebas_Apriltag/apriltag_detector-master/install/apriltag_detector_mit/share/colcon-core/packages/apriltag_detector_mit)
[1.005s] DEBUG:colcon.colcon_core.event_handler.log_command:Invoking command in '/home/robousr/ROS2Dev/Pruebas_Apriltag/apriltag_detector-master/build/apriltag_detector_umich': AMENT_PREFIX_PATH=/home/robousr/ROS2Dev/Pruebas_Apriltag/apriltag_detector-master/install/apriltag_detector:${AMENT_PREFIX_PATH} CMAKE_PREFIX_PATH=/home/robousr/ROS2Dev/Pruebas_Apriltag/apriltag_detector-master/install/apriltag_detector:/opt/ros/humble LD_LIBRARY_PATH=/home/robousr/ROS2Dev/Pruebas_Apriltag/apriltag_detector-master/install/apriltag_detector/lib:${LD_LIBRARY_PATH} /usr/bin/cmake --install /home/robousr/ROS2Dev/Pruebas_Apriltag/apriltag_detector-master/build/apriltag_detector_umich
[1.029s] Level 1:colcon.colcon_core.environment:create_environment_scripts_only(apriltag_detector_umich)
[1.030s] Level 1:colcon.colcon_core.environment:checking '/home/robousr/ROS2Dev/Pruebas_Apriltag/apriltag_detector-master/install/apriltag_detector_umich' for CMake module files
[1.030s] Level 1:colcon.colcon_core.environment:checking '/home/robousr/ROS2Dev/Pruebas_Apriltag/apriltag_detector-master/install/apriltag_detector_umich' for CMake config files
[1.030s] Level 1:colcon.colcon_core.shell:create_environment_hook('apriltag_detector_umich', 'cmake_prefix_path')
[1.031s] INFO:colcon.colcon_core.shell:Creating environment hook '/home/robousr/ROS2Dev/Pruebas_Apriltag/apriltag_detector-master/install/apriltag_detector_umich/share/apriltag_detector_umich/hook/cmake_prefix_path.ps1'
[1.032s] DEBUG:colcon.colcon_core.event_handler.log_command:Invoked command in '/home/robousr/ROS2Dev/Pruebas_Apriltag/apriltag_detector-master/build/apriltag_detector_umich' returned '0': AMENT_PREFIX_PATH=/home/robousr/ROS2Dev/Pruebas_Apriltag/apriltag_detector-master/install/apriltag_detector:${AMENT_PREFIX_PATH} CMAKE_PREFIX_PATH=/home/robousr/ROS2Dev/Pruebas_Apriltag/apriltag_detector-master/install/apriltag_detector:/opt/ros/humble LD_LIBRARY_PATH=/home/robousr/ROS2Dev/Pruebas_Apriltag/apriltag_detector-master/install/apriltag_detector/lib:${LD_LIBRARY_PATH} /usr/bin/cmake --install /home/robousr/ROS2Dev/Pruebas_Apriltag/apriltag_detector-master/build/apriltag_detector_umich
[1.032s] INFO:colcon.colcon_core.shell:Creating environment descriptor '/home/robousr/ROS2Dev/Pruebas_Apriltag/apriltag_detector-master/install/apriltag_detector_umich/share/apriltag_detector_umich/hook/cmake_prefix_path.dsv'
[1.033s] INFO:colcon.colcon_core.shell:Creating environment hook '/home/robousr/ROS2Dev/Pruebas_Apriltag/apriltag_detector-master/install/apriltag_detector_umich/share/apriltag_detector_umich/hook/cmake_prefix_path.sh'
[1.034s] Level 1:colcon.colcon_core.environment:checking '/home/robousr/ROS2Dev/Pruebas_Apriltag/apriltag_detector-master/install/apriltag_detector_umich/lib'
[1.034s] Level 1:colcon.colcon_core.shell:create_environment_hook('apriltag_detector_umich', 'ld_library_path_lib')
[1.034s] INFO:colcon.colcon_core.shell:Creating environment hook '/home/robousr/ROS2Dev/Pruebas_Apriltag/apriltag_detector-master/install/apriltag_detector_umich/share/apriltag_detector_umich/hook/ld_library_path_lib.ps1'
[1.035s] INFO:colcon.colcon_core.shell:Creating environment descriptor '/home/robousr/ROS2Dev/Pruebas_Apriltag/apriltag_detector-master/install/apriltag_detector_umich/share/apriltag_detector_umich/hook/ld_library_path_lib.dsv'
[1.035s] INFO:colcon.colcon_core.shell:Creating environment hook '/home/robousr/ROS2Dev/Pruebas_Apriltag/apriltag_detector-master/install/apriltag_detector_umich/share/apriltag_detector_umich/hook/ld_library_path_lib.sh'
[1.036s] Level 1:colcon.colcon_core.environment:checking '/home/robousr/ROS2Dev/Pruebas_Apriltag/apriltag_detector-master/install/apriltag_detector_umich/bin'
[1.036s] Level 1:colcon.colcon_core.environment:checking '/home/robousr/ROS2Dev/Pruebas_Apriltag/apriltag_detector-master/install/apriltag_detector_umich/lib/pkgconfig/apriltag_detector_umich.pc'
[1.036s] Level 1:colcon.colcon_core.environment:checking '/home/robousr/ROS2Dev/Pruebas_Apriltag/apriltag_detector-master/install/apriltag_detector_umich/lib/python3.10/site-packages'
[1.036s] Level 1:colcon.colcon_core.environment:checking '/home/robousr/ROS2Dev/Pruebas_Apriltag/apriltag_detector-master/install/apriltag_detector_umich/bin'
[1.037s] INFO:colcon.colcon_core.shell:Creating package script '/home/robousr/ROS2Dev/Pruebas_Apriltag/apriltag_detector-master/install/apriltag_detector_umich/share/apriltag_detector_umich/package.ps1'
[1.038s] INFO:colcon.colcon_core.shell:Creating package descriptor '/home/robousr/ROS2Dev/Pruebas_Apriltag/apriltag_detector-master/install/apriltag_detector_umich/share/apriltag_detector_umich/package.dsv'
[1.038s] INFO:colcon.colcon_core.shell:Creating package script '/home/robousr/ROS2Dev/Pruebas_Apriltag/apriltag_detector-master/install/apriltag_detector_umich/share/apriltag_detector_umich/package.sh'
[1.039s] INFO:colcon.colcon_core.shell:Creating package script '/home/robousr/ROS2Dev/Pruebas_Apriltag/apriltag_detector-master/install/apriltag_detector_umich/share/apriltag_detector_umich/package.bash'
[1.040s] INFO:colcon.colcon_core.shell:Creating package script '/home/robousr/ROS2Dev/Pruebas_Apriltag/apriltag_detector-master/install/apriltag_detector_umich/share/apriltag_detector_umich/package.zsh'
[1.041s] Level 1:colcon.colcon_core.environment:create_file_with_runtime_dependencies(/home/robousr/ROS2Dev/Pruebas_Apriltag/apriltag_detector-master/install/apriltag_detector_umich/share/colcon-core/packages/apriltag_detector_umich)
[1.044s] Level 1:colcon.colcon_core.environment:create_environment_scripts_only(apriltag_detector_mit)
[1.044s] Level 1:colcon.colcon_core.environment:checking '/home/robousr/ROS2Dev/Pruebas_Apriltag/apriltag_detector-master/install/apriltag_detector_mit' for CMake module files
[1.045s] Level 1:colcon.colcon_core.environment:checking '/home/robousr/ROS2Dev/Pruebas_Apriltag/apriltag_detector-master/install/apriltag_detector_mit' for CMake config files
[1.045s] Level 1:colcon.colcon_core.shell:create_environment_hook('apriltag_detector_mit', 'cmake_prefix_path')
[1.045s] INFO:colcon.colcon_core.shell:Creating environment hook '/home/robousr/ROS2Dev/Pruebas_Apriltag/apriltag_detector-master/install/apriltag_detector_mit/share/apriltag_detector_mit/hook/cmake_prefix_path.ps1'
[1.046s] INFO:colcon.colcon_core.shell:Creating environment descriptor '/home/robousr/ROS2Dev/Pruebas_Apriltag/apriltag_detector-master/install/apriltag_detector_mit/share/apriltag_detector_mit/hook/cmake_prefix_path.dsv'
[1.047s] INFO:colcon.colcon_core.shell:Creating environment hook '/home/robousr/ROS2Dev/Pruebas_Apriltag/apriltag_detector-master/install/apriltag_detector_mit/share/apriltag_detector_mit/hook/cmake_prefix_path.sh'
[1.048s] Level 1:colcon.colcon_core.environment:checking '/home/robousr/ROS2Dev/Pruebas_Apriltag/apriltag_detector-master/install/apriltag_detector_mit/lib'
[1.048s] Level 1:colcon.colcon_core.shell:create_environment_hook('apriltag_detector_mit', 'ld_library_path_lib')
[1.048s] INFO:colcon.colcon_core.shell:Creating environment hook '/home/robousr/ROS2Dev/Pruebas_Apriltag/apriltag_detector-master/install/apriltag_detector_mit/share/apriltag_detector_mit/hook/ld_library_path_lib.ps1'
[1.049s] INFO:colcon.colcon_core.shell:Creating environment descriptor '/home/robousr/ROS2Dev/Pruebas_Apriltag/apriltag_detector-master/install/apriltag_detector_mit/share/apriltag_detector_mit/hook/ld_library_path_lib.dsv'
[1.050s] INFO:colcon.colcon_core.shell:Creating environment hook '/home/robousr/ROS2Dev/Pruebas_Apriltag/apriltag_detector-master/install/apriltag_detector_mit/share/apriltag_detector_mit/hook/ld_library_path_lib.sh'
[1.051s] Level 1:colcon.colcon_core.environment:checking '/home/robousr/ROS2Dev/Pruebas_Apriltag/apriltag_detector-master/install/apriltag_detector_mit/bin'
[1.052s] Level 1:colcon.colcon_core.environment:checking '/home/robousr/ROS2Dev/Pruebas_Apriltag/apriltag_detector-master/install/apriltag_detector_mit/lib/pkgconfig/apriltag_detector_mit.pc'
[1.052s] Level 1:colcon.colcon_core.environment:checking '/home/robousr/ROS2Dev/Pruebas_Apriltag/apriltag_detector-master/install/apriltag_detector_mit/lib/python3.10/site-packages'
[1.052s] Level 1:colcon.colcon_core.environment:checking '/home/robousr/ROS2Dev/Pruebas_Apriltag/apriltag_detector-master/install/apriltag_detector_mit/bin'
[1.052s] INFO:colcon.colcon_core.shell:Creating package script '/home/robousr/ROS2Dev/Pruebas_Apriltag/apriltag_detector-master/install/apriltag_detector_mit/share/apriltag_detector_mit/package.ps1'
[1.054s] INFO:colcon.colcon_core.shell:Creating package descriptor '/home/robousr/ROS2Dev/Pruebas_Apriltag/apriltag_detector-master/install/apriltag_detector_mit/share/apriltag_detector_mit/package.dsv'
[1.056s] INFO:colcon.colcon_core.shell:Creating package script '/home/robousr/ROS2Dev/Pruebas_Apriltag/apriltag_detector-master/install/apriltag_detector_mit/share/apriltag_detector_mit/package.sh'
[1.057s] INFO:colcon.colcon_core.shell:Creating package script '/home/robousr/ROS2Dev/Pruebas_Apriltag/apriltag_detector-master/install/apriltag_detector_mit/share/apriltag_detector_mit/package.bash'
[1.058s] INFO:colcon.colcon_core.shell:Creating package script '/home/robousr/ROS2Dev/Pruebas_Apriltag/apriltag_detector-master/install/apriltag_detector_mit/share/apriltag_detector_mit/package.zsh'
[1.059s] Level 1:colcon.colcon_core.environment:create_file_with_runtime_dependencies(/home/robousr/ROS2Dev/Pruebas_Apriltag/apriltag_detector-master/install/apriltag_detector_mit/share/colcon-core/packages/apriltag_detector_mit)
[1.104s] Level 1:colcon.colcon_core.environment:create_environment_scripts_only(apriltag_detector_umich)
[1.104s] Level 1:colcon.colcon_core.environment:checking '/home/robousr/ROS2Dev/Pruebas_Apriltag/apriltag_detector-master/install/apriltag_detector_umich' for CMake module files
[1.105s] Level 1:colcon.colcon_core.environment:checking '/home/robousr/ROS2Dev/Pruebas_Apriltag/apriltag_detector-master/install/apriltag_detector_umich' for CMake config files
[1.105s] Level 1:colcon.colcon_core.shell:create_environment_hook('apriltag_detector_umich', 'cmake_prefix_path')
[1.105s] INFO:colcon.colcon_core.shell:Creating environment hook '/home/robousr/ROS2Dev/Pruebas_Apriltag/apriltag_detector-master/install/apriltag_detector_umich/share/apriltag_detector_umich/hook/cmake_prefix_path.ps1'
[1.106s] INFO:colcon.colcon_core.shell:Creating environment descriptor '/home/robousr/ROS2Dev/Pruebas_Apriltag/apriltag_detector-master/install/apriltag_detector_umich/share/apriltag_detector_umich/hook/cmake_prefix_path.dsv'
[1.107s] INFO:colcon.colcon_core.shell:Creating environment hook '/home/robousr/ROS2Dev/Pruebas_Apriltag/apriltag_detector-master/install/apriltag_detector_umich/share/apriltag_detector_umich/hook/cmake_prefix_path.sh'
[1.108s] Level 1:colcon.colcon_core.environment:checking '/home/robousr/ROS2Dev/Pruebas_Apriltag/apriltag_detector-master/install/apriltag_detector_umich/lib'
[1.109s] Level 1:colcon.colcon_core.shell:create_environment_hook('apriltag_detector_umich', 'ld_library_path_lib')
[1.109s] INFO:colcon.colcon_core.shell:Creating environment hook '/home/robousr/ROS2Dev/Pruebas_Apriltag/apriltag_detector-master/install/apriltag_detector_umich/share/apriltag_detector_umich/hook/ld_library_path_lib.ps1'
[1.109s] INFO:colcon.colcon_core.shell:Creating environment descriptor '/home/robousr/ROS2Dev/Pruebas_Apriltag/apriltag_detector-master/install/apriltag_detector_umich/share/apriltag_detector_umich/hook/ld_library_path_lib.dsv'
[1.110s] INFO:colcon.colcon_core.shell:Creating environment hook '/home/robousr/ROS2Dev/Pruebas_Apriltag/apriltag_detector-master/install/apriltag_detector_umich/share/apriltag_detector_umich/hook/ld_library_path_lib.sh'
[1.111s] Level 1:colcon.colcon_core.environment:checking '/home/robousr/ROS2Dev/Pruebas_Apriltag/apriltag_detector-master/install/apriltag_detector_umich/bin'
[1.111s] Level 1:colcon.colcon_core.environment:checking '/home/robousr/ROS2Dev/Pruebas_Apriltag/apriltag_detector-master/install/apriltag_detector_umich/lib/pkgconfig/apriltag_detector_umich.pc'
[1.111s] Level 1:colcon.colcon_core.environment:checking '/home/robousr/ROS2Dev/Pruebas_Apriltag/apriltag_detector-master/install/apriltag_detector_umich/lib/python3.10/site-packages'
[1.111s] Level 1:colcon.colcon_core.environment:checking '/home/robousr/ROS2Dev/Pruebas_Apriltag/apriltag_detector-master/install/apriltag_detector_umich/bin'
[1.112s] INFO:colcon.colcon_core.shell:Creating package script '/home/robousr/ROS2Dev/Pruebas_Apriltag/apriltag_detector-master/install/apriltag_detector_umich/share/apriltag_detector_umich/package.ps1'
[1.112s] INFO:colcon.colcon_core.shell:Creating package descriptor '/home/robousr/ROS2Dev/Pruebas_Apriltag/apriltag_detector-master/install/apriltag_detector_umich/share/apriltag_detector_umich/package.dsv'
[1.113s] INFO:colcon.colcon_core.shell:Creating package script '/home/robousr/ROS2Dev/Pruebas_Apriltag/apriltag_detector-master/install/apriltag_detector_umich/share/apriltag_detector_umich/package.sh'
[1.114s] INFO:colcon.colcon_core.shell:Creating package script '/home/robousr/ROS2Dev/Pruebas_Apriltag/apriltag_detector-master/install/apriltag_detector_umich/share/apriltag_detector_umich/package.bash'
[1.115s] INFO:colcon.colcon_core.shell:Creating package script '/home/robousr/ROS2Dev/Pruebas_Apriltag/apriltag_detector-master/install/apriltag_detector_umich/share/apriltag_detector_umich/package.zsh'
[1.116s] Level 1:colcon.colcon_core.environment:create_file_with_runtime_dependencies(/home/robousr/ROS2Dev/Pruebas_Apriltag/apriltag_detector-master/install/apriltag_detector_umich/share/colcon-core/packages/apriltag_detector_umich)
[1.116s] DEBUG:colcon.colcon_parallel_executor.executor.parallel:closing loop
[1.118s] DEBUG:colcon.colcon_parallel_executor.executor.parallel:loop closed
[1.118s] DEBUG:colcon.colcon_parallel_executor.executor.parallel:run_until_complete finished with '0'
[1.118s] DEBUG:colcon.colcon_core.event_reactor:joining thread
[1.128s] INFO:colcon.colcon_core.plugin_system:Skipping extension 'colcon_notification.desktop_notification.terminal_notifier': Not used on non-Darwin systems
[1.128s] INFO:colcon.colcon_core.plugin_system:Skipping extension 'colcon_notification.desktop_notification.win32': Not used on non-Windows systems
[1.128s] INFO:colcon.colcon_notification.desktop_notification:Sending desktop notification using 'notify2'
[1.143s] DEBUG:colcon.colcon_core.event_reactor:joined thread
[1.143s] INFO:colcon.colcon_core.shell:Creating prefix script '/home/robousr/ROS2Dev/Pruebas_Apriltag/apriltag_detector-master/install/local_setup.ps1'
[1.145s] INFO:colcon.colcon_core.shell:Creating prefix util module '/home/robousr/ROS2Dev/Pruebas_Apriltag/apriltag_detector-master/install/_local_setup_util_ps1.py'
[1.147s] INFO:colcon.colcon_core.shell:Creating prefix chain script '/home/robousr/ROS2Dev/Pruebas_Apriltag/apriltag_detector-master/install/setup.ps1'
[1.149s] INFO:colcon.colcon_core.shell:Creating prefix script '/home/robousr/ROS2Dev/Pruebas_Apriltag/apriltag_detector-master/install/local_setup.sh'
[1.150s] INFO:colcon.colcon_core.shell:Creating prefix util module '/home/robousr/ROS2Dev/Pruebas_Apriltag/apriltag_detector-master/install/_local_setup_util_sh.py'
[1.152s] INFO:colcon.colcon_core.shell:Creating prefix chain script '/home/robousr/ROS2Dev/Pruebas_Apriltag/apriltag_detector-master/install/setup.sh'
[1.153s] INFO:colcon.colcon_core.shell:Creating prefix script '/home/robousr/ROS2Dev/Pruebas_Apriltag/apriltag_detector-master/install/local_setup.bash'
[1.154s] INFO:colcon.colcon_core.shell:Creating prefix chain script '/home/robousr/ROS2Dev/Pruebas_Apriltag/apriltag_detector-master/install/setup.bash'
[1.155s] INFO:colcon.colcon_core.shell:Creating prefix script '/home/robousr/ROS2Dev/Pruebas_Apriltag/apriltag_detector-master/install/local_setup.zsh'
[1.156s] INFO:colcon.colcon_core.shell:Creating prefix chain script '/home/robousr/ROS2Dev/Pruebas_Apriltag/apriltag_detector-master/install/setup.zsh'
