[0.087s] DEBUG:colcon:Command line arguments: ['/usr/bin/colcon', 'build']
[0.087s] DEBUG:colcon:Parsed command line arguments: Namespace(log_base=None, log_level=None, verb_name='build', build_base='build', install_base='install', merge_install=False, symlink_install=False, test_result_base=None, continue_on_error=False, executor='parallel', parallel_workers=2, event_handlers=None, ignore_user_meta=False, metas=['./colcon.meta'], base_paths=['.'], packages_ignore=None, packages_ignore_regex=None, paths=None, packages_up_to=None, packages_up_to_regex=None, packages_above=None, packages_above_and_dependencies=None, packages_above_depth=None, packages_select_by_dep=None, packages_skip_by_dep=None, packages_skip_up_to=None, packages_select_build_failed=False, packages_skip_build_finished=False, packages_select_test_failures=False, packages_skip_test_passed=False, packages_select=None, packages_skip=None, packages_select_regex=None, packages_skip_regex=None, packages_start=None, packages_end=None, allow_overriding=[], cmake_args=None, cmake_target=None, cmake_target_skip_unavailable=False, cmake_clean_cache=False, cmake_clean_first=False, cmake_force_configure=False, ament_cmake_args=None, catkin_cmake_args=None, catkin_skip_building_tests=False, mixin_files=None, mixin=None, verb_parser=<colcon_mixin.mixin.mixin_argument.MixinArgumentDecorator object at 0x70fb61133a90>, verb_extension=<colcon_core.verb.build.BuildVerb object at 0x70fb61133310>, main=<bound method BuildVerb.main of <colcon_core.verb.build.BuildVerb object at 0x70fb61133310>>, mixin_verb=('build',))
[0.249s] Level 1:colcon.colcon_core.package_discovery:discover_packages(colcon_meta) check parameters
[0.249s] Level 1:colcon.colcon_core.package_discovery:discover_packages(recursive) check parameters
[0.249s] Level 1:colcon.colcon_core.package_discovery:discover_packages(ignore) check parameters
[0.249s] Level 1:colcon.colcon_core.package_discovery:discover_packages(path) check parameters
[0.249s] Level 1:colcon.colcon_core.package_discovery:discover_packages(colcon_meta) discover
[0.249s] Level 1:colcon.colcon_core.package_discovery:discover_packages(recursive) discover
[0.249s] INFO:colcon.colcon_core.package_discovery:Crawling recursively for packages in '/home/robousr/ROS2Dev/Pruebas_Apriltag'
[0.249s] Level 1:colcon.colcon_core.package_identification:_identify(.) by extensions ['ignore', 'ignore_ament_install']
[0.249s] Level 1:colcon.colcon_core.package_identification:_identify(.) by extension 'ignore'
[0.249s] Level 1:colcon.colcon_core.package_identification:_identify(.) by extension 'ignore_ament_install'
[0.249s] Level 1:colcon.colcon_core.package_identification:_identify(.) by extensions ['colcon_pkg']
[0.249s] Level 1:colcon.colcon_core.package_identification:_identify(.) by extension 'colcon_pkg'
[0.249s] Level 1:colcon.colcon_core.package_identification:_identify(.) by extensions ['colcon_meta']
[0.249s] Level 1:colcon.colcon_core.package_identification:_identify(.) by extension 'colcon_meta'
[0.249s] Level 1:colcon.colcon_core.package_identification:_identify(.) by extensions ['ros']
[0.249s] Level 1:colcon.colcon_core.package_identification:_identify(.) by extension 'ros'
[0.268s] Level 1:colcon.colcon_core.package_identification:_identify(.) by extensions ['cmake', 'python']
[0.268s] Level 1:colcon.colcon_core.package_identification:_identify(.) by extension 'cmake'
[0.268s] Level 1:colcon.colcon_core.package_identification:_identify(.) by extension 'python'
[0.268s] Level 1:colcon.colcon_core.package_identification:_identify(.) by extensions ['python_setup_py']
[0.268s] Level 1:colcon.colcon_core.package_identification:_identify(.) by extension 'python_setup_py'
[0.268s] Level 1:colcon.colcon_core.package_identification:_identify(apriltag-imgs-master) by extensions ['ignore', 'ignore_ament_install']
[0.269s] Level 1:colcon.colcon_core.package_identification:_identify(apriltag-imgs-master) by extension 'ignore'
[0.269s] Level 1:colcon.colcon_core.package_identification:_identify(apriltag-imgs-master) by extension 'ignore_ament_install'
[0.269s] Level 1:colcon.colcon_core.package_identification:_identify(apriltag-imgs-master) by extensions ['colcon_pkg']
[0.269s] Level 1:colcon.colcon_core.package_identification:_identify(apriltag-imgs-master) by extension 'colcon_pkg'
[0.269s] Level 1:colcon.colcon_core.package_identification:_identify(apriltag-imgs-master) by extensions ['colcon_meta']
[0.269s] Level 1:colcon.colcon_core.package_identification:_identify(apriltag-imgs-master) by extension 'colcon_meta'
[0.269s] Level 1:colcon.colcon_core.package_identification:_identify(apriltag-imgs-master) by extensions ['ros']
[0.269s] Level 1:colcon.colcon_core.package_identification:_identify(apriltag-imgs-master) by extension 'ros'
[0.269s] Level 1:colcon.colcon_core.package_identification:_identify(apriltag-imgs-master) by extensions ['cmake', 'python']
[0.269s] Level 1:colcon.colcon_core.package_identification:_identify(apriltag-imgs-master) by extension 'cmake'
[0.269s] Level 1:colcon.colcon_core.package_identification:_identify(apriltag-imgs-master) by extension 'python'
[0.269s] Level 1:colcon.colcon_core.package_identification:_identify(apriltag-imgs-master) by extensions ['python_setup_py']
[0.269s] Level 1:colcon.colcon_core.package_identification:_identify(apriltag-imgs-master) by extension 'python_setup_py'
[0.269s] Level 1:colcon.colcon_core.package_identification:_identify(apriltag-imgs-master/tag16h5) by extensions ['ignore', 'ignore_ament_install']
[0.269s] Level 1:colcon.colcon_core.package_identification:_identify(apriltag-imgs-master/tag16h5) by extension 'ignore'
[0.269s] Level 1:colcon.colcon_core.package_identification:_identify(apriltag-imgs-master/tag16h5) by extension 'ignore_ament_install'
[0.269s] Level 1:colcon.colcon_core.package_identification:_identify(apriltag-imgs-master/tag16h5) by extensions ['colcon_pkg']
[0.269s] Level 1:colcon.colcon_core.package_identification:_identify(apriltag-imgs-master/tag16h5) by extension 'colcon_pkg'
[0.270s] Level 1:colcon.colcon_core.package_identification:_identify(apriltag-imgs-master/tag16h5) by extensions ['colcon_meta']
[0.270s] Level 1:colcon.colcon_core.package_identification:_identify(apriltag-imgs-master/tag16h5) by extension 'colcon_meta'
[0.270s] Level 1:colcon.colcon_core.package_identification:_identify(apriltag-imgs-master/tag16h5) by extensions ['ros']
[0.270s] Level 1:colcon.colcon_core.package_identification:_identify(apriltag-imgs-master/tag16h5) by extension 'ros'
[0.270s] Level 1:colcon.colcon_core.package_identification:_identify(apriltag-imgs-master/tag16h5) by extensions ['cmake', 'python']
[0.270s] Level 1:colcon.colcon_core.package_identification:_identify(apriltag-imgs-master/tag16h5) by extension 'cmake'
[0.270s] Level 1:colcon.colcon_core.package_identification:_identify(apriltag-imgs-master/tag16h5) by extension 'python'
[0.270s] Level 1:colcon.colcon_core.package_identification:_identify(apriltag-imgs-master/tag16h5) by extensions ['python_setup_py']
[0.270s] Level 1:colcon.colcon_core.package_identification:_identify(apriltag-imgs-master/tag16h5) by extension 'python_setup_py'
[0.270s] Level 1:colcon.colcon_core.package_identification:_identify(apriltag-imgs-master/tag25h9) by extensions ['ignore', 'ignore_ament_install']
[0.270s] Level 1:colcon.colcon_core.package_identification:_identify(apriltag-imgs-master/tag25h9) by extension 'ignore'
[0.270s] Level 1:colcon.colcon_core.package_identification:_identify(apriltag-imgs-master/tag25h9) by extension 'ignore_ament_install'
[0.270s] Level 1:colcon.colcon_core.package_identification:_identify(apriltag-imgs-master/tag25h9) by extensions ['colcon_pkg']
[0.270s] Level 1:colcon.colcon_core.package_identification:_identify(apriltag-imgs-master/tag25h9) by extension 'colcon_pkg'
[0.270s] Level 1:colcon.colcon_core.package_identification:_identify(apriltag-imgs-master/tag25h9) by extensions ['colcon_meta']
[0.270s] Level 1:colcon.colcon_core.package_identification:_identify(apriltag-imgs-master/tag25h9) by extension 'colcon_meta'
[0.270s] Level 1:colcon.colcon_core.package_identification:_identify(apriltag-imgs-master/tag25h9) by extensions ['ros']
[0.270s] Level 1:colcon.colcon_core.package_identification:_identify(apriltag-imgs-master/tag25h9) by extension 'ros'
[0.270s] Level 1:colcon.colcon_core.package_identification:_identify(apriltag-imgs-master/tag25h9) by extensions ['cmake', 'python']
[0.270s] Level 1:colcon.colcon_core.package_identification:_identify(apriltag-imgs-master/tag25h9) by extension 'cmake'
[0.270s] Level 1:colcon.colcon_core.package_identification:_identify(apriltag-imgs-master/tag25h9) by extension 'python'
[0.270s] Level 1:colcon.colcon_core.package_identification:_identify(apriltag-imgs-master/tag25h9) by extensions ['python_setup_py']
[0.270s] Level 1:colcon.colcon_core.package_identification:_identify(apriltag-imgs-master/tag25h9) by extension 'python_setup_py'
[0.271s] Level 1:colcon.colcon_core.package_identification:_identify(apriltag-imgs-master/tag36h11) by extensions ['ignore', 'ignore_ament_install']
[0.272s] Level 1:colcon.colcon_core.package_identification:_identify(apriltag-imgs-master/tag36h11) by extension 'ignore'
[0.272s] Level 1:colcon.colcon_core.package_identification:_identify(apriltag-imgs-master/tag36h11) by extension 'ignore_ament_install'
[0.272s] Level 1:colcon.colcon_core.package_identification:_identify(apriltag-imgs-master/tag36h11) by extensions ['colcon_pkg']
[0.272s] Level 1:colcon.colcon_core.package_identification:_identify(apriltag-imgs-master/tag36h11) by extension 'colcon_pkg'
[0.272s] Level 1:colcon.colcon_core.package_identification:_identify(apriltag-imgs-master/tag36h11) by extensions ['colcon_meta']
[0.272s] Level 1:colcon.colcon_core.package_identification:_identify(apriltag-imgs-master/tag36h11) by extension 'colcon_meta'
[0.272s] Level 1:colcon.colcon_core.package_identification:_identify(apriltag-imgs-master/tag36h11) by extensions ['ros']
[0.272s] Level 1:colcon.colcon_core.package_identification:_identify(apriltag-imgs-master/tag36h11) by extension 'ros'
[0.272s] Level 1:colcon.colcon_core.package_identification:_identify(apriltag-imgs-master/tag36h11) by extensions ['cmake', 'python']
[0.272s] Level 1:colcon.colcon_core.package_identification:_identify(apriltag-imgs-master/tag36h11) by extension 'cmake'
[0.272s] Level 1:colcon.colcon_core.package_identification:_identify(apriltag-imgs-master/tag36h11) by extension 'python'
[0.272s] Level 1:colcon.colcon_core.package_identification:_identify(apriltag-imgs-master/tag36h11) by extensions ['python_setup_py']
[0.272s] Level 1:colcon.colcon_core.package_identification:_identify(apriltag-imgs-master/tag36h11) by extension 'python_setup_py'
[0.272s] Level 1:colcon.colcon_core.package_identification:_identify(apriltag-imgs-master/tagCircle21h7) by extensions ['ignore', 'ignore_ament_install']
[0.272s] Level 1:colcon.colcon_core.package_identification:_identify(apriltag-imgs-master/tagCircle21h7) by extension 'ignore'
[0.272s] Level 1:colcon.colcon_core.package_identification:_identify(apriltag-imgs-master/tagCircle21h7) by extension 'ignore_ament_install'
[0.272s] Level 1:colcon.colcon_core.package_identification:_identify(apriltag-imgs-master/tagCircle21h7) by extensions ['colcon_pkg']
[0.272s] Level 1:colcon.colcon_core.package_identification:_identify(apriltag-imgs-master/tagCircle21h7) by extension 'colcon_pkg'
[0.272s] Level 1:colcon.colcon_core.package_identification:_identify(apriltag-imgs-master/tagCircle21h7) by extensions ['colcon_meta']
[0.272s] Level 1:colcon.colcon_core.package_identification:_identify(apriltag-imgs-master/tagCircle21h7) by extension 'colcon_meta'
[0.272s] Level 1:colcon.colcon_core.package_identification:_identify(apriltag-imgs-master/tagCircle21h7) by extensions ['ros']
[0.272s] Level 1:colcon.colcon_core.package_identification:_identify(apriltag-imgs-master/tagCircle21h7) by extension 'ros'
[0.272s] Level 1:colcon.colcon_core.package_identification:_identify(apriltag-imgs-master/tagCircle21h7) by extensions ['cmake', 'python']
[0.272s] Level 1:colcon.colcon_core.package_identification:_identify(apriltag-imgs-master/tagCircle21h7) by extension 'cmake'
[0.273s] Level 1:colcon.colcon_core.package_identification:_identify(apriltag-imgs-master/tagCircle21h7) by extension 'python'
[0.273s] Level 1:colcon.colcon_core.package_identification:_identify(apriltag-imgs-master/tagCircle21h7) by extensions ['python_setup_py']
[0.273s] Level 1:colcon.colcon_core.package_identification:_identify(apriltag-imgs-master/tagCircle21h7) by extension 'python_setup_py'
[0.338s] Level 1:colcon.colcon_core.package_identification:_identify(apriltag-imgs-master/tagCircle49h12) by extensions ['ignore', 'ignore_ament_install']
[0.338s] Level 1:colcon.colcon_core.package_identification:_identify(apriltag-imgs-master/tagCircle49h12) by extension 'ignore'
[0.338s] Level 1:colcon.colcon_core.package_identification:_identify(apriltag-imgs-master/tagCircle49h12) by extension 'ignore_ament_install'
[0.338s] Level 1:colcon.colcon_core.package_identification:_identify(apriltag-imgs-master/tagCircle49h12) by extensions ['colcon_pkg']
[0.338s] Level 1:colcon.colcon_core.package_identification:_identify(apriltag-imgs-master/tagCircle49h12) by extension 'colcon_pkg'
[0.338s] Level 1:colcon.colcon_core.package_identification:_identify(apriltag-imgs-master/tagCircle49h12) by extensions ['colcon_meta']
[0.338s] Level 1:colcon.colcon_core.package_identification:_identify(apriltag-imgs-master/tagCircle49h12) by extension 'colcon_meta'
[0.338s] Level 1:colcon.colcon_core.package_identification:_identify(apriltag-imgs-master/tagCircle49h12) by extensions ['ros']
[0.338s] Level 1:colcon.colcon_core.package_identification:_identify(apriltag-imgs-master/tagCircle49h12) by extension 'ros'
[0.338s] Level 1:colcon.colcon_core.package_identification:_identify(apriltag-imgs-master/tagCircle49h12) by extensions ['cmake', 'python']
[0.338s] Level 1:colcon.colcon_core.package_identification:_identify(apriltag-imgs-master/tagCircle49h12) by extension 'cmake'
[0.338s] Level 1:colcon.colcon_core.package_identification:_identify(apriltag-imgs-master/tagCircle49h12) by extension 'python'
[0.338s] Level 1:colcon.colcon_core.package_identification:_identify(apriltag-imgs-master/tagCircle49h12) by extensions ['python_setup_py']
[0.338s] Level 1:colcon.colcon_core.package_identification:_identify(apriltag-imgs-master/tagCircle49h12) by extension 'python_setup_py'
[0.377s] Level 1:colcon.colcon_core.package_identification:_identify(apriltag-imgs-master/tagCustom48h12) by extensions ['ignore', 'ignore_ament_install']
[0.377s] Level 1:colcon.colcon_core.package_identification:_identify(apriltag-imgs-master/tagCustom48h12) by extension 'ignore'
[0.377s] Level 1:colcon.colcon_core.package_identification:_identify(apriltag-imgs-master/tagCustom48h12) by extension 'ignore_ament_install'
[0.377s] Level 1:colcon.colcon_core.package_identification:_identify(apriltag-imgs-master/tagCustom48h12) by extensions ['colcon_pkg']
[0.377s] Level 1:colcon.colcon_core.package_identification:_identify(apriltag-imgs-master/tagCustom48h12) by extension 'colcon_pkg'
[0.377s] Level 1:colcon.colcon_core.package_identification:_identify(apriltag-imgs-master/tagCustom48h12) by extensions ['colcon_meta']
[0.377s] Level 1:colcon.colcon_core.package_identification:_identify(apriltag-imgs-master/tagCustom48h12) by extension 'colcon_meta'
[0.377s] Level 1:colcon.colcon_core.package_identification:_identify(apriltag-imgs-master/tagCustom48h12) by extensions ['ros']
[0.377s] Level 1:colcon.colcon_core.package_identification:_identify(apriltag-imgs-master/tagCustom48h12) by extension 'ros'
[0.377s] Level 1:colcon.colcon_core.package_identification:_identify(apriltag-imgs-master/tagCustom48h12) by extensions ['cmake', 'python']
[0.377s] Level 1:colcon.colcon_core.package_identification:_identify(apriltag-imgs-master/tagCustom48h12) by extension 'cmake'
[0.377s] Level 1:colcon.colcon_core.package_identification:_identify(apriltag-imgs-master/tagCustom48h12) by extension 'python'
[0.377s] Level 1:colcon.colcon_core.package_identification:_identify(apriltag-imgs-master/tagCustom48h12) by extensions ['python_setup_py']
[0.377s] Level 1:colcon.colcon_core.package_identification:_identify(apriltag-imgs-master/tagCustom48h12) by extension 'python_setup_py'
[0.379s] Level 1:colcon.colcon_core.package_identification:_identify(apriltag-imgs-master/tagStandard41h12) by extensions ['ignore', 'ignore_ament_install']
[0.379s] Level 1:colcon.colcon_core.package_identification:_identify(apriltag-imgs-master/tagStandard41h12) by extension 'ignore'
[0.379s] Level 1:colcon.colcon_core.package_identification:_identify(apriltag-imgs-master/tagStandard41h12) by extension 'ignore_ament_install'
[0.379s] Level 1:colcon.colcon_core.package_identification:_identify(apriltag-imgs-master/tagStandard41h12) by extensions ['colcon_pkg']
[0.379s] Level 1:colcon.colcon_core.package_identification:_identify(apriltag-imgs-master/tagStandard41h12) by extension 'colcon_pkg'
[0.379s] Level 1:colcon.colcon_core.package_identification:_identify(apriltag-imgs-master/tagStandard41h12) by extensions ['colcon_meta']
[0.379s] Level 1:colcon.colcon_core.package_identification:_identify(apriltag-imgs-master/tagStandard41h12) by extension 'colcon_meta'
[0.379s] Level 1:colcon.colcon_core.package_identification:_identify(apriltag-imgs-master/tagStandard41h12) by extensions ['ros']
[0.379s] Level 1:colcon.colcon_core.package_identification:_identify(apriltag-imgs-master/tagStandard41h12) by extension 'ros'
[0.379s] Level 1:colcon.colcon_core.package_identification:_identify(apriltag-imgs-master/tagStandard41h12) by extensions ['cmake', 'python']
[0.379s] Level 1:colcon.colcon_core.package_identification:_identify(apriltag-imgs-master/tagStandard41h12) by extension 'cmake'
[0.379s] Level 1:colcon.colcon_core.package_identification:_identify(apriltag-imgs-master/tagStandard41h12) by extension 'python'
[0.379s] Level 1:colcon.colcon_core.package_identification:_identify(apriltag-imgs-master/tagStandard41h12) by extensions ['python_setup_py']
[0.379s] Level 1:colcon.colcon_core.package_identification:_identify(apriltag-imgs-master/tagStandard41h12) by extension 'python_setup_py'
[0.388s] Level 1:colcon.colcon_core.package_identification:_identify(apriltag-imgs-master/tagStandard52h13) by extensions ['ignore', 'ignore_ament_install']
[0.388s] Level 1:colcon.colcon_core.package_identification:_identify(apriltag-imgs-master/tagStandard52h13) by extension 'ignore'
[0.388s] Level 1:colcon.colcon_core.package_identification:_identify(apriltag-imgs-master/tagStandard52h13) by extension 'ignore_ament_install'
[0.388s] Level 1:colcon.colcon_core.package_identification:_identify(apriltag-imgs-master/tagStandard52h13) by extensions ['colcon_pkg']
[0.388s] Level 1:colcon.colcon_core.package_identification:_identify(apriltag-imgs-master/tagStandard52h13) by extension 'colcon_pkg'
[0.388s] Level 1:colcon.colcon_core.package_identification:_identify(apriltag-imgs-master/tagStandard52h13) by extensions ['colcon_meta']
[0.388s] Level 1:colcon.colcon_core.package_identification:_identify(apriltag-imgs-master/tagStandard52h13) by extension 'colcon_meta'
[0.388s] Level 1:colcon.colcon_core.package_identification:_identify(apriltag-imgs-master/tagStandard52h13) by extensions ['ros']
[0.388s] Level 1:colcon.colcon_core.package_identification:_identify(apriltag-imgs-master/tagStandard52h13) by extension 'ros'
[0.388s] Level 1:colcon.colcon_core.package_identification:_identify(apriltag-imgs-master/tagStandard52h13) by extensions ['cmake', 'python']
[0.388s] Level 1:colcon.colcon_core.package_identification:_identify(apriltag-imgs-master/tagStandard52h13) by extension 'cmake'
[0.388s] Level 1:colcon.colcon_core.package_identification:_identify(apriltag-imgs-master/tagStandard52h13) by extension 'python'
[0.388s] Level 1:colcon.colcon_core.package_identification:_identify(apriltag-imgs-master/tagStandard52h13) by extensions ['python_setup_py']
[0.388s] Level 1:colcon.colcon_core.package_identification:_identify(apriltag-imgs-master/tagStandard52h13) by extension 'python_setup_py'
[0.389s] Level 1:colcon.colcon_core.package_identification:_identify(apriltag_detector-master) by extensions ['ignore', 'ignore_ament_install']
[0.389s] Level 1:colcon.colcon_core.package_identification:_identify(apriltag_detector-master) by extension 'ignore'
[0.389s] Level 1:colcon.colcon_core.package_identification:_identify(apriltag_detector-master) by extension 'ignore_ament_install'
[0.389s] Level 1:colcon.colcon_core.package_identification:_identify(apriltag_detector-master) by extensions ['colcon_pkg']
[0.389s] Level 1:colcon.colcon_core.package_identification:_identify(apriltag_detector-master) by extension 'colcon_pkg'
[0.389s] Level 1:colcon.colcon_core.package_identification:_identify(apriltag_detector-master) by extensions ['colcon_meta']
[0.389s] Level 1:colcon.colcon_core.package_identification:_identify(apriltag_detector-master) by extension 'colcon_meta'
[0.389s] Level 1:colcon.colcon_core.package_identification:_identify(apriltag_detector-master) by extensions ['ros']
[0.389s] Level 1:colcon.colcon_core.package_identification:_identify(apriltag_detector-master) by extension 'ros'
[0.389s] Level 1:colcon.colcon_core.package_identification:_identify(apriltag_detector-master) by extensions ['cmake', 'python']
[0.389s] Level 1:colcon.colcon_core.package_identification:_identify(apriltag_detector-master) by extension 'cmake'
[0.389s] Level 1:colcon.colcon_core.package_identification:_identify(apriltag_detector-master) by extension 'python'
[0.389s] Level 1:colcon.colcon_core.package_identification:_identify(apriltag_detector-master) by extensions ['python_setup_py']
[0.389s] Level 1:colcon.colcon_core.package_identification:_identify(apriltag_detector-master) by extension 'python_setup_py'
[0.389s] Level 1:colcon.colcon_core.package_identification:_identify(apriltag_detector-master/apriltag_detector) by extensions ['ignore', 'ignore_ament_install']
[0.389s] Level 1:colcon.colcon_core.package_identification:_identify(apriltag_detector-master/apriltag_detector) by extension 'ignore'
[0.389s] Level 1:colcon.colcon_core.package_identification:_identify(apriltag_detector-master/apriltag_detector) by extension 'ignore_ament_install'
[0.389s] Level 1:colcon.colcon_core.package_identification:_identify(apriltag_detector-master/apriltag_detector) by extensions ['colcon_pkg']
[0.389s] Level 1:colcon.colcon_core.package_identification:_identify(apriltag_detector-master/apriltag_detector) by extension 'colcon_pkg'
[0.389s] Level 1:colcon.colcon_core.package_identification:_identify(apriltag_detector-master/apriltag_detector) by extensions ['colcon_meta']
[0.389s] Level 1:colcon.colcon_core.package_identification:_identify(apriltag_detector-master/apriltag_detector) by extension 'colcon_meta'
[0.389s] Level 1:colcon.colcon_core.package_identification:_identify(apriltag_detector-master/apriltag_detector) by extensions ['ros']
[0.389s] Level 1:colcon.colcon_core.package_identification:_identify(apriltag_detector-master/apriltag_detector) by extension 'ros'
[0.402s] DEBUG:colcon.colcon_core.package_identification:Package 'apriltag_detector-master/apriltag_detector' with type 'ros.ament_cmake' and name 'apriltag_detector'
[0.402s] Level 1:colcon.colcon_core.package_identification:_identify(apriltag_detector-master/apriltag_detector_mit) by extensions ['ignore', 'ignore_ament_install']
[0.402s] Level 1:colcon.colcon_core.package_identification:_identify(apriltag_detector-master/apriltag_detector_mit) by extension 'ignore'
[0.402s] Level 1:colcon.colcon_core.package_identification:_identify(apriltag_detector-master/apriltag_detector_mit) by extension 'ignore_ament_install'
[0.402s] Level 1:colcon.colcon_core.package_identification:_identify(apriltag_detector-master/apriltag_detector_mit) by extensions ['colcon_pkg']
[0.402s] Level 1:colcon.colcon_core.package_identification:_identify(apriltag_detector-master/apriltag_detector_mit) by extension 'colcon_pkg'
[0.402s] Level 1:colcon.colcon_core.package_identification:_identify(apriltag_detector-master/apriltag_detector_mit) by extensions ['colcon_meta']
[0.402s] Level 1:colcon.colcon_core.package_identification:_identify(apriltag_detector-master/apriltag_detector_mit) by extension 'colcon_meta'
[0.402s] Level 1:colcon.colcon_core.package_identification:_identify(apriltag_detector-master/apriltag_detector_mit) by extensions ['ros']
[0.402s] Level 1:colcon.colcon_core.package_identification:_identify(apriltag_detector-master/apriltag_detector_mit) by extension 'ros'
[0.404s] DEBUG:colcon.colcon_core.package_identification:Package 'apriltag_detector-master/apriltag_detector_mit' with type 'ros.ament_cmake' and name 'apriltag_detector_mit'
[0.404s] Level 1:colcon.colcon_core.package_identification:_identify(apriltag_detector-master/apriltag_detector_umich) by extensions ['ignore', 'ignore_ament_install']
[0.404s] Level 1:colcon.colcon_core.package_identification:_identify(apriltag_detector-master/apriltag_detector_umich) by extension 'ignore'
[0.404s] Level 1:colcon.colcon_core.package_identification:_identify(apriltag_detector-master/apriltag_detector_umich) by extension 'ignore_ament_install'
[0.404s] Level 1:colcon.colcon_core.package_identification:_identify(apriltag_detector-master/apriltag_detector_umich) by extensions ['colcon_pkg']
[0.404s] Level 1:colcon.colcon_core.package_identification:_identify(apriltag_detector-master/apriltag_detector_umich) by extension 'colcon_pkg'
[0.404s] Level 1:colcon.colcon_core.package_identification:_identify(apriltag_detector-master/apriltag_detector_umich) by extensions ['colcon_meta']
[0.404s] Level 1:colcon.colcon_core.package_identification:_identify(apriltag_detector-master/apriltag_detector_umich) by extension 'colcon_meta'
[0.404s] Level 1:colcon.colcon_core.package_identification:_identify(apriltag_detector-master/apriltag_detector_umich) by extensions ['ros']
[0.404s] Level 1:colcon.colcon_core.package_identification:_identify(apriltag_detector-master/apriltag_detector_umich) by extension 'ros'
[0.405s] DEBUG:colcon.colcon_core.package_identification:Package 'apriltag_detector-master/apriltag_detector_umich' with type 'ros.ament_cmake' and name 'apriltag_detector_umich'
[0.405s] Level 1:colcon.colcon_core.package_identification:_identify(apriltag_detector-master/apriltag_draw) by extensions ['ignore', 'ignore_ament_install']
[0.405s] Level 1:colcon.colcon_core.package_identification:_identify(apriltag_detector-master/apriltag_draw) by extension 'ignore'
[0.405s] Level 1:colcon.colcon_core.package_identification:_identify(apriltag_detector-master/apriltag_draw) by extension 'ignore_ament_install'
[0.405s] Level 1:colcon.colcon_core.package_identification:_identify(apriltag_detector-master/apriltag_draw) by extensions ['colcon_pkg']
[0.405s] Level 1:colcon.colcon_core.package_identification:_identify(apriltag_detector-master/apriltag_draw) by extension 'colcon_pkg'
[0.405s] Level 1:colcon.colcon_core.package_identification:_identify(apriltag_detector-master/apriltag_draw) by extensions ['colcon_meta']
[0.405s] Level 1:colcon.colcon_core.package_identification:_identify(apriltag_detector-master/apriltag_draw) by extension 'colcon_meta'
[0.405s] Level 1:colcon.colcon_core.package_identification:_identify(apriltag_detector-master/apriltag_draw) by extensions ['ros']
[0.405s] Level 1:colcon.colcon_core.package_identification:_identify(apriltag_detector-master/apriltag_draw) by extension 'ros'
[0.407s] DEBUG:colcon.colcon_core.package_identification:Package 'apriltag_detector-master/apriltag_draw' with type 'ros.ament_cmake' and name 'apriltag_draw'
[0.407s] Level 1:colcon.colcon_core.package_identification:_identify(apriltag_detector-master/images) by extensions ['ignore', 'ignore_ament_install']
[0.407s] Level 1:colcon.colcon_core.package_identification:_identify(apriltag_detector-master/images) by extension 'ignore'
[0.407s] Level 1:colcon.colcon_core.package_identification:_identify(apriltag_detector-master/images) by extension 'ignore_ament_install'
[0.407s] Level 1:colcon.colcon_core.package_identification:_identify(apriltag_detector-master/images) by extensions ['colcon_pkg']
[0.407s] Level 1:colcon.colcon_core.package_identification:_identify(apriltag_detector-master/images) by extension 'colcon_pkg'
[0.407s] Level 1:colcon.colcon_core.package_identification:_identify(apriltag_detector-master/images) by extensions ['colcon_meta']
[0.407s] Level 1:colcon.colcon_core.package_identification:_identify(apriltag_detector-master/images) by extension 'colcon_meta'
[0.407s] Level 1:colcon.colcon_core.package_identification:_identify(apriltag_detector-master/images) by extensions ['ros']
[0.407s] Level 1:colcon.colcon_core.package_identification:_identify(apriltag_detector-master/images) by extension 'ros'
[0.407s] Level 1:colcon.colcon_core.package_identification:_identify(apriltag_detector-master/images) by extensions ['cmake', 'python']
[0.407s] Level 1:colcon.colcon_core.package_identification:_identify(apriltag_detector-master/images) by extension 'cmake'
[0.407s] Level 1:colcon.colcon_core.package_identification:_identify(apriltag_detector-master/images) by extension 'python'
[0.407s] Level 1:colcon.colcon_core.package_identification:_identify(apriltag_detector-master/images) by extensions ['python_setup_py']
[0.407s] Level 1:colcon.colcon_core.package_identification:_identify(apriltag_detector-master/images) by extension 'python_setup_py'
[0.407s] Level 1:colcon.colcon_core.package_identification:_identify(build) by extensions ['ignore', 'ignore_ament_install']
[0.407s] Level 1:colcon.colcon_core.package_identification:_identify(build) by extension 'ignore'
[0.407s] Level 1:colcon.colcon_core.package_identification:_identify(build) ignored
[0.407s] Level 1:colcon.colcon_core.package_identification:_identify(install) by extensions ['ignore', 'ignore_ament_install']
[0.407s] Level 1:colcon.colcon_core.package_identification:_identify(install) by extension 'ignore'
[0.407s] Level 1:colcon.colcon_core.package_identification:_identify(install) ignored
[0.408s] Level 1:colcon.colcon_core.package_identification:_identify(log) by extensions ['ignore', 'ignore_ament_install']
[0.408s] Level 1:colcon.colcon_core.package_identification:_identify(log) by extension 'ignore'
[0.408s] Level 1:colcon.colcon_core.package_identification:_identify(log) ignored
[0.408s] Level 1:colcon.colcon_core.package_discovery:discover_packages(recursive) using defaults
[0.408s] Level 1:colcon.colcon_core.package_discovery:discover_packages(ignore) discover
[0.408s] Level 1:colcon.colcon_core.package_discovery:discover_packages(ignore) using defaults
[0.408s] Level 1:colcon.colcon_core.package_discovery:discover_packages(path) discover
[0.408s] Level 1:colcon.colcon_core.package_discovery:discover_packages(path) using defaults
[0.425s] Level 1:colcon.colcon_core.package_discovery:discover_packages(prefix_path) check parameters
[0.425s] Level 1:colcon.colcon_core.package_discovery:discover_packages(prefix_path) discover
[0.428s] DEBUG:colcon.colcon_installed_package_information.package_discovery:Found 1 installed packages in /home/robousr/ROS2Dev/Robofriends/install
[0.429s] DEBUG:colcon.colcon_installed_package_information.package_discovery:Found 302 installed packages in /opt/ros/humble
[0.431s] Level 1:colcon.colcon_core.package_discovery:discover_packages(prefix_path) using defaults
[0.475s] Level 5:colcon.colcon_core.verb:set package 'apriltag_detector' build argument 'cmake_args' from command line to 'None'
[0.475s] Level 5:colcon.colcon_core.verb:set package 'apriltag_detector' build argument 'cmake_target' from command line to 'None'
[0.475s] Level 5:colcon.colcon_core.verb:set package 'apriltag_detector' build argument 'cmake_target_skip_unavailable' from command line to 'False'
[0.475s] Level 5:colcon.colcon_core.verb:set package 'apriltag_detector' build argument 'cmake_clean_cache' from command line to 'False'
[0.475s] Level 5:colcon.colcon_core.verb:set package 'apriltag_detector' build argument 'cmake_clean_first' from command line to 'False'
[0.476s] Level 5:colcon.colcon_core.verb:set package 'apriltag_detector' build argument 'cmake_force_configure' from command line to 'False'
[0.476s] Level 5:colcon.colcon_core.verb:set package 'apriltag_detector' build argument 'ament_cmake_args' from command line to 'None'
[0.476s] Level 5:colcon.colcon_core.verb:set package 'apriltag_detector' build argument 'catkin_cmake_args' from command line to 'None'
[0.476s] Level 5:colcon.colcon_core.verb:set package 'apriltag_detector' build argument 'catkin_skip_building_tests' from command line to 'False'
[0.476s] DEBUG:colcon.colcon_core.verb:Building package 'apriltag_detector' with the following arguments: {'ament_cmake_args': None, 'build_base': '/home/robousr/ROS2Dev/Pruebas_Apriltag/build/apriltag_detector', 'catkin_cmake_args': None, 'catkin_skip_building_tests': False, 'cmake_args': None, 'cmake_clean_cache': False, 'cmake_clean_first': False, 'cmake_force_configure': False, 'cmake_target': None, 'cmake_target_skip_unavailable': False, 'install_base': '/home/robousr/ROS2Dev/Pruebas_Apriltag/install/apriltag_detector', 'merge_install': False, 'path': '/home/robousr/ROS2Dev/Pruebas_Apriltag/apriltag_detector-master/apriltag_detector', 'symlink_install': False, 'test_result_base': None}
[0.476s] Level 5:colcon.colcon_core.verb:set package 'apriltag_draw' build argument 'cmake_args' from command line to 'None'
[0.476s] Level 5:colcon.colcon_core.verb:set package 'apriltag_draw' build argument 'cmake_target' from command line to 'None'
[0.476s] Level 5:colcon.colcon_core.verb:set package 'apriltag_draw' build argument 'cmake_target_skip_unavailable' from command line to 'False'
[0.476s] Level 5:colcon.colcon_core.verb:set package 'apriltag_draw' build argument 'cmake_clean_cache' from command line to 'False'
[0.476s] Level 5:colcon.colcon_core.verb:set package 'apriltag_draw' build argument 'cmake_clean_first' from command line to 'False'
[0.476s] Level 5:colcon.colcon_core.verb:set package 'apriltag_draw' build argument 'cmake_force_configure' from command line to 'False'
[0.476s] Level 5:colcon.colcon_core.verb:set package 'apriltag_draw' build argument 'ament_cmake_args' from command line to 'None'
[0.476s] Level 5:colcon.colcon_core.verb:set package 'apriltag_draw' build argument 'catkin_cmake_args' from command line to 'None'
[0.476s] Level 5:colcon.colcon_core.verb:set package 'apriltag_draw' build argument 'catkin_skip_building_tests' from command line to 'False'
[0.476s] DEBUG:colcon.colcon_core.verb:Building package 'apriltag_draw' with the following arguments: {'ament_cmake_args': None, 'build_base': '/home/robousr/ROS2Dev/Pruebas_Apriltag/build/apriltag_draw', 'catkin_cmake_args': None, 'catkin_skip_building_tests': False, 'cmake_args': None, 'cmake_clean_cache': False, 'cmake_clean_first': False, 'cmake_force_configure': False, 'cmake_target': None, 'cmake_target_skip_unavailable': False, 'install_base': '/home/robousr/ROS2Dev/Pruebas_Apriltag/install/apriltag_draw', 'merge_install': False, 'path': '/home/robousr/ROS2Dev/Pruebas_Apriltag/apriltag_detector-master/apriltag_draw', 'symlink_install': False, 'test_result_base': None}
[0.477s] Level 5:colcon.colcon_core.verb:set package 'apriltag_detector_mit' build argument 'cmake_args' from command line to 'None'
[0.477s] Level 5:colcon.colcon_core.verb:set package 'apriltag_detector_mit' build argument 'cmake_target' from command line to 'None'
[0.477s] Level 5:colcon.colcon_core.verb:set package 'apriltag_detector_mit' build argument 'cmake_target_skip_unavailable' from command line to 'False'
[0.477s] Level 5:colcon.colcon_core.verb:set package 'apriltag_detector_mit' build argument 'cmake_clean_cache' from command line to 'False'
[0.477s] Level 5:colcon.colcon_core.verb:set package 'apriltag_detector_mit' build argument 'cmake_clean_first' from command line to 'False'
[0.477s] Level 5:colcon.colcon_core.verb:set package 'apriltag_detector_mit' build argument 'cmake_force_configure' from command line to 'False'
[0.477s] Level 5:colcon.colcon_core.verb:set package 'apriltag_detector_mit' build argument 'ament_cmake_args' from command line to 'None'
[0.477s] Level 5:colcon.colcon_core.verb:set package 'apriltag_detector_mit' build argument 'catkin_cmake_args' from command line to 'None'
[0.477s] Level 5:colcon.colcon_core.verb:set package 'apriltag_detector_mit' build argument 'catkin_skip_building_tests' from command line to 'False'
[0.477s] DEBUG:colcon.colcon_core.verb:Building package 'apriltag_detector_mit' with the following arguments: {'ament_cmake_args': None, 'build_base': '/home/robousr/ROS2Dev/Pruebas_Apriltag/build/apriltag_detector_mit', 'catkin_cmake_args': None, 'catkin_skip_building_tests': False, 'cmake_args': None, 'cmake_clean_cache': False, 'cmake_clean_first': False, 'cmake_force_configure': False, 'cmake_target': None, 'cmake_target_skip_unavailable': False, 'install_base': '/home/robousr/ROS2Dev/Pruebas_Apriltag/install/apriltag_detector_mit', 'merge_install': False, 'path': '/home/robousr/ROS2Dev/Pruebas_Apriltag/apriltag_detector-master/apriltag_detector_mit', 'symlink_install': False, 'test_result_base': None}
[0.477s] Level 5:colcon.colcon_core.verb:set package 'apriltag_detector_umich' build argument 'cmake_args' from command line to 'None'
[0.477s] Level 5:colcon.colcon_core.verb:set package 'apriltag_detector_umich' build argument 'cmake_target' from command line to 'None'
[0.477s] Level 5:colcon.colcon_core.verb:set package 'apriltag_detector_umich' build argument 'cmake_target_skip_unavailable' from command line to 'False'
[0.477s] Level 5:colcon.colcon_core.verb:set package 'apriltag_detector_umich' build argument 'cmake_clean_cache' from command line to 'False'
[0.477s] Level 5:colcon.colcon_core.verb:set package 'apriltag_detector_umich' build argument 'cmake_clean_first' from command line to 'False'
[0.477s] Level 5:colcon.colcon_core.verb:set package 'apriltag_detector_umich' build argument 'cmake_force_configure' from command line to 'False'
[0.477s] Level 5:colcon.colcon_core.verb:set package 'apriltag_detector_umich' build argument 'ament_cmake_args' from command line to 'None'
[0.477s] Level 5:colcon.colcon_core.verb:set package 'apriltag_detector_umich' build argument 'catkin_cmake_args' from command line to 'None'
[0.477s] Level 5:colcon.colcon_core.verb:set package 'apriltag_detector_umich' build argument 'catkin_skip_building_tests' from command line to 'False'
[0.477s] DEBUG:colcon.colcon_core.verb:Building package 'apriltag_detector_umich' with the following arguments: {'ament_cmake_args': None, 'build_base': '/home/robousr/ROS2Dev/Pruebas_Apriltag/build/apriltag_detector_umich', 'catkin_cmake_args': None, 'catkin_skip_building_tests': False, 'cmake_args': None, 'cmake_clean_cache': False, 'cmake_clean_first': False, 'cmake_force_configure': False, 'cmake_target': None, 'cmake_target_skip_unavailable': False, 'install_base': '/home/robousr/ROS2Dev/Pruebas_Apriltag/install/apriltag_detector_umich', 'merge_install': False, 'path': '/home/robousr/ROS2Dev/Pruebas_Apriltag/apriltag_detector-master/apriltag_detector_umich', 'symlink_install': False, 'test_result_base': None}
[0.478s] INFO:colcon.colcon_core.executor:Executing jobs using 'parallel' executor
[0.479s] DEBUG:colcon.colcon_parallel_executor.executor.parallel:run_until_complete
[0.479s] INFO:colcon.colcon_ros.task.ament_cmake.build:Building ROS package in '/home/robousr/ROS2Dev/Pruebas_Apriltag/apriltag_detector-master/apriltag_detector' with build type 'ament_cmake'
[0.480s] INFO:colcon.colcon_cmake.task.cmake.build:Building CMake package in '/home/robousr/ROS2Dev/Pruebas_Apriltag/apriltag_detector-master/apriltag_detector'
[0.483s] INFO:colcon.colcon_core.plugin_system:Skipping extension 'colcon_core.shell.bat': Not used on non-Windows systems
[0.483s] INFO:colcon.colcon_core.shell:Skip shell extension 'powershell' for command environment: Not usable outside of PowerShell
[0.483s] DEBUG:colcon.colcon_core.shell:Skip shell extension 'dsv' for command environment
[0.488s] INFO:colcon.colcon_ros.task.ament_cmake.build:Building ROS package in '/home/robousr/ROS2Dev/Pruebas_Apriltag/apriltag_detector-master/apriltag_draw' with build type 'ament_cmake'
[0.489s] INFO:colcon.colcon_cmake.task.cmake.build:Building CMake package in '/home/robousr/ROS2Dev/Pruebas_Apriltag/apriltag_detector-master/apriltag_draw'
[0.489s] INFO:colcon.colcon_core.shell:Skip shell extension 'powershell' for command environment: Not usable outside of PowerShell
[0.489s] DEBUG:colcon.colcon_core.shell:Skip shell extension 'dsv' for command environment
[0.509s] DEBUG:colcon.colcon_core.event_handler.log_command:Invoking command in '/home/robousr/ROS2Dev/Pruebas_Apriltag/build/apriltag_detector': CMAKE_PREFIX_PATH=${CMAKE_PREFIX_PATH}:/opt/ros/humble /usr/bin/cmake --build /home/robousr/ROS2Dev/Pruebas_Apriltag/build/apriltag_detector -- -j2 -l2
[0.527s] DEBUG:colcon.colcon_core.event_handler.log_command:Invoking command in '/home/robousr/ROS2Dev/Pruebas_Apriltag/build/apriltag_draw': CMAKE_PREFIX_PATH=${CMAKE_PREFIX_PATH}:/opt/ros/humble /usr/bin/cmake --build /home/robousr/ROS2Dev/Pruebas_Apriltag/build/apriltag_draw -- -j2 -l2
[0.630s] DEBUG:colcon.colcon_core.event_handler.log_command:Invoked command in '/home/robousr/ROS2Dev/Pruebas_Apriltag/build/apriltag_detector' returned '0': CMAKE_PREFIX_PATH=${CMAKE_PREFIX_PATH}:/opt/ros/humble /usr/bin/cmake --build /home/robousr/ROS2Dev/Pruebas_Apriltag/build/apriltag_detector -- -j2 -l2
[0.676s] DEBUG:colcon.colcon_core.event_handler.log_command:Invoking command in '/home/robousr/ROS2Dev/Pruebas_Apriltag/build/apriltag_detector': CMAKE_PREFIX_PATH=${CMAKE_PREFIX_PATH}:/opt/ros/humble /usr/bin/cmake --install /home/robousr/ROS2Dev/Pruebas_Apriltag/build/apriltag_detector
[0.695s] Level 1:colcon.colcon_core.environment:create_environment_scripts_only(apriltag_detector)
[0.696s] DEBUG:colcon.colcon_core.event_handler.log_command:Invoked command in '/home/robousr/ROS2Dev/Pruebas_Apriltag/build/apriltag_detector' returned '0': CMAKE_PREFIX_PATH=${CMAKE_PREFIX_PATH}:/opt/ros/humble /usr/bin/cmake --install /home/robousr/ROS2Dev/Pruebas_Apriltag/build/apriltag_detector
[0.700s] Level 1:colcon.colcon_core.environment:checking '/home/robousr/ROS2Dev/Pruebas_Apriltag/install/apriltag_detector' for CMake module files
[0.701s] Level 1:colcon.colcon_core.environment:checking '/home/robousr/ROS2Dev/Pruebas_Apriltag/install/apriltag_detector' for CMake config files
[0.701s] Level 1:colcon.colcon_core.shell:create_environment_hook('apriltag_detector', 'cmake_prefix_path')
[0.701s] INFO:colcon.colcon_core.shell:Creating environment hook '/home/robousr/ROS2Dev/Pruebas_Apriltag/install/apriltag_detector/share/apriltag_detector/hook/cmake_prefix_path.ps1'
[0.702s] INFO:colcon.colcon_core.shell:Creating environment descriptor '/home/robousr/ROS2Dev/Pruebas_Apriltag/install/apriltag_detector/share/apriltag_detector/hook/cmake_prefix_path.dsv'
[0.703s] INFO:colcon.colcon_core.shell:Creating environment hook '/home/robousr/ROS2Dev/Pruebas_Apriltag/install/apriltag_detector/share/apriltag_detector/hook/cmake_prefix_path.sh'
[0.705s] Level 1:colcon.colcon_core.environment:checking '/home/robousr/ROS2Dev/Pruebas_Apriltag/install/apriltag_detector/bin'
[0.705s] Level 1:colcon.colcon_core.environment:checking '/home/robousr/ROS2Dev/Pruebas_Apriltag/install/apriltag_detector/lib/pkgconfig/apriltag_detector.pc'
[0.705s] Level 1:colcon.colcon_core.environment:checking '/home/robousr/ROS2Dev/Pruebas_Apriltag/install/apriltag_detector/lib/python3.10/site-packages'
[0.705s] Level 1:colcon.colcon_core.environment:checking '/home/robousr/ROS2Dev/Pruebas_Apriltag/install/apriltag_detector/bin'
[0.706s] INFO:colcon.colcon_core.shell:Creating package script '/home/robousr/ROS2Dev/Pruebas_Apriltag/install/apriltag_detector/share/apriltag_detector/package.ps1'
[0.709s] INFO:colcon.colcon_core.shell:Creating package descriptor '/home/robousr/ROS2Dev/Pruebas_Apriltag/install/apriltag_detector/share/apriltag_detector/package.dsv'
[0.710s] INFO:colcon.colcon_core.shell:Creating package script '/home/robousr/ROS2Dev/Pruebas_Apriltag/install/apriltag_detector/share/apriltag_detector/package.sh'
[0.714s] INFO:colcon.colcon_core.shell:Creating package script '/home/robousr/ROS2Dev/Pruebas_Apriltag/install/apriltag_detector/share/apriltag_detector/package.bash'
[0.715s] INFO:colcon.colcon_core.shell:Creating package script '/home/robousr/ROS2Dev/Pruebas_Apriltag/install/apriltag_detector/share/apriltag_detector/package.zsh'
[0.716s] Level 1:colcon.colcon_core.environment:create_file_with_runtime_dependencies(/home/robousr/ROS2Dev/Pruebas_Apriltag/install/apriltag_detector/share/colcon-core/packages/apriltag_detector)
[0.753s] Level 1:colcon.colcon_core.environment:create_environment_scripts_only(apriltag_detector)
[0.753s] Level 1:colcon.colcon_core.environment:checking '/home/robousr/ROS2Dev/Pruebas_Apriltag/install/apriltag_detector' for CMake module files
[0.754s] Level 1:colcon.colcon_core.environment:checking '/home/robousr/ROS2Dev/Pruebas_Apriltag/install/apriltag_detector' for CMake config files
[0.754s] Level 1:colcon.colcon_core.shell:create_environment_hook('apriltag_detector', 'cmake_prefix_path')
[0.755s] INFO:colcon.colcon_core.shell:Creating environment hook '/home/robousr/ROS2Dev/Pruebas_Apriltag/install/apriltag_detector/share/apriltag_detector/hook/cmake_prefix_path.ps1'
[0.755s] INFO:colcon.colcon_core.shell:Creating environment descriptor '/home/robousr/ROS2Dev/Pruebas_Apriltag/install/apriltag_detector/share/apriltag_detector/hook/cmake_prefix_path.dsv'
[0.756s] INFO:colcon.colcon_core.shell:Creating environment hook '/home/robousr/ROS2Dev/Pruebas_Apriltag/install/apriltag_detector/share/apriltag_detector/hook/cmake_prefix_path.sh'
[0.757s] Level 1:colcon.colcon_core.environment:checking '/home/robousr/ROS2Dev/Pruebas_Apriltag/install/apriltag_detector/bin'
[0.757s] Level 1:colcon.colcon_core.environment:checking '/home/robousr/ROS2Dev/Pruebas_Apriltag/install/apriltag_detector/lib/pkgconfig/apriltag_detector.pc'
[0.757s] Level 1:colcon.colcon_core.environment:checking '/home/robousr/ROS2Dev/Pruebas_Apriltag/install/apriltag_detector/lib/python3.10/site-packages'
[0.757s] Level 1:colcon.colcon_core.environment:checking '/home/robousr/ROS2Dev/Pruebas_Apriltag/install/apriltag_detector/bin'
[0.758s] INFO:colcon.colcon_core.shell:Creating package script '/home/robousr/ROS2Dev/Pruebas_Apriltag/install/apriltag_detector/share/apriltag_detector/package.ps1'
[0.759s] INFO:colcon.colcon_core.shell:Creating package descriptor '/home/robousr/ROS2Dev/Pruebas_Apriltag/install/apriltag_detector/share/apriltag_detector/package.dsv'
[0.759s] INFO:colcon.colcon_core.shell:Creating package script '/home/robousr/ROS2Dev/Pruebas_Apriltag/install/apriltag_detector/share/apriltag_detector/package.sh'
[0.760s] INFO:colcon.colcon_core.shell:Creating package script '/home/robousr/ROS2Dev/Pruebas_Apriltag/install/apriltag_detector/share/apriltag_detector/package.bash'
[0.761s] INFO:colcon.colcon_core.shell:Creating package script '/home/robousr/ROS2Dev/Pruebas_Apriltag/install/apriltag_detector/share/apriltag_detector/package.zsh'
[0.761s] Level 1:colcon.colcon_core.environment:create_file_with_runtime_dependencies(/home/robousr/ROS2Dev/Pruebas_Apriltag/install/apriltag_detector/share/colcon-core/packages/apriltag_detector)
[0.762s] INFO:colcon.colcon_ros.task.ament_cmake.build:Building ROS package in '/home/robousr/ROS2Dev/Pruebas_Apriltag/apriltag_detector-master/apriltag_detector_mit' with build type 'ament_cmake'
[0.762s] INFO:colcon.colcon_cmake.task.cmake.build:Building CMake package in '/home/robousr/ROS2Dev/Pruebas_Apriltag/apriltag_detector-master/apriltag_detector_mit'
[0.762s] INFO:colcon.colcon_core.shell:Skip shell extension 'powershell' for command environment: Not usable outside of PowerShell
[0.762s] DEBUG:colcon.colcon_core.shell:Skip shell extension 'dsv' for command environment
[0.784s] DEBUG:colcon.colcon_core.event_handler.log_command:Invoking command in '/home/robousr/ROS2Dev/Pruebas_Apriltag/build/apriltag_detector_mit': AMENT_PREFIX_PATH=/home/robousr/ROS2Dev/Pruebas_Apriltag/install/apriltag_detector:${AMENT_PREFIX_PATH} CMAKE_PREFIX_PATH=/home/robousr/ROS2Dev/Pruebas_Apriltag/install/apriltag_detector:/home/robousr/ROS2Dev/Robofriends/install/examen_description:/opt/ros/humble LD_LIBRARY_PATH=/home/robousr/ROS2Dev/Pruebas_Apriltag/install/apriltag_detector/lib:${LD_LIBRARY_PATH} /usr/bin/cmake --build /home/robousr/ROS2Dev/Pruebas_Apriltag/build/apriltag_detector_mit -- -j2 -l2
[0.826s] DEBUG:colcon.colcon_core.event_handler.log_command:Invoked command in '/home/robousr/ROS2Dev/Pruebas_Apriltag/build/apriltag_draw' returned '0': CMAKE_PREFIX_PATH=${CMAKE_PREFIX_PATH}:/opt/ros/humble /usr/bin/cmake --build /home/robousr/ROS2Dev/Pruebas_Apriltag/build/apriltag_draw -- -j2 -l2
[0.866s] DEBUG:colcon.colcon_core.event_handler.log_command:Invoking command in '/home/robousr/ROS2Dev/Pruebas_Apriltag/build/apriltag_draw': CMAKE_PREFIX_PATH=${CMAKE_PREFIX_PATH}:/opt/ros/humble /usr/bin/cmake --install /home/robousr/ROS2Dev/Pruebas_Apriltag/build/apriltag_draw
[0.891s] Level 1:colcon.colcon_core.environment:create_environment_scripts_only(apriltag_draw)
[0.891s] Level 1:colcon.colcon_core.environment:checking '/home/robousr/ROS2Dev/Pruebas_Apriltag/install/apriltag_draw' for CMake module files
[0.892s] Level 1:colcon.colcon_core.environment:checking '/home/robousr/ROS2Dev/Pruebas_Apriltag/install/apriltag_draw' for CMake config files
[0.892s] Level 1:colcon.colcon_core.shell:create_environment_hook('apriltag_draw', 'cmake_prefix_path')
[0.892s] INFO:colcon.colcon_core.shell:Creating environment hook '/home/robousr/ROS2Dev/Pruebas_Apriltag/install/apriltag_draw/share/apriltag_draw/hook/cmake_prefix_path.ps1'
[0.893s] DEBUG:colcon.colcon_core.event_handler.log_command:Invoked command in '/home/robousr/ROS2Dev/Pruebas_Apriltag/build/apriltag_draw' returned '0': CMAKE_PREFIX_PATH=${CMAKE_PREFIX_PATH}:/opt/ros/humble /usr/bin/cmake --install /home/robousr/ROS2Dev/Pruebas_Apriltag/build/apriltag_draw
[0.894s] INFO:colcon.colcon_core.shell:Creating environment descriptor '/home/robousr/ROS2Dev/Pruebas_Apriltag/install/apriltag_draw/share/apriltag_draw/hook/cmake_prefix_path.dsv'
[0.894s] INFO:colcon.colcon_core.shell:Creating environment hook '/home/robousr/ROS2Dev/Pruebas_Apriltag/install/apriltag_draw/share/apriltag_draw/hook/cmake_prefix_path.sh'
[0.895s] Level 1:colcon.colcon_core.environment:checking '/home/robousr/ROS2Dev/Pruebas_Apriltag/install/apriltag_draw/lib'
[0.895s] Level 1:colcon.colcon_core.shell:create_environment_hook('apriltag_draw', 'ld_library_path_lib')
[0.896s] INFO:colcon.colcon_core.shell:Creating environment hook '/home/robousr/ROS2Dev/Pruebas_Apriltag/install/apriltag_draw/share/apriltag_draw/hook/ld_library_path_lib.ps1'
[0.896s] INFO:colcon.colcon_core.shell:Creating environment descriptor '/home/robousr/ROS2Dev/Pruebas_Apriltag/install/apriltag_draw/share/apriltag_draw/hook/ld_library_path_lib.dsv'
[0.897s] INFO:colcon.colcon_core.shell:Creating environment hook '/home/robousr/ROS2Dev/Pruebas_Apriltag/install/apriltag_draw/share/apriltag_draw/hook/ld_library_path_lib.sh'
[0.897s] Level 1:colcon.colcon_core.environment:checking '/home/robousr/ROS2Dev/Pruebas_Apriltag/install/apriltag_draw/bin'
[0.897s] Level 1:colcon.colcon_core.environment:checking '/home/robousr/ROS2Dev/Pruebas_Apriltag/install/apriltag_draw/lib/pkgconfig/apriltag_draw.pc'
[0.897s] Level 1:colcon.colcon_core.environment:checking '/home/robousr/ROS2Dev/Pruebas_Apriltag/install/apriltag_draw/lib/python3.10/site-packages'
[0.897s] Level 1:colcon.colcon_core.environment:checking '/home/robousr/ROS2Dev/Pruebas_Apriltag/install/apriltag_draw/bin'
[0.898s] INFO:colcon.colcon_core.shell:Creating package script '/home/robousr/ROS2Dev/Pruebas_Apriltag/install/apriltag_draw/share/apriltag_draw/package.ps1'
[0.898s] INFO:colcon.colcon_core.shell:Creating package descriptor '/home/robousr/ROS2Dev/Pruebas_Apriltag/install/apriltag_draw/share/apriltag_draw/package.dsv'
[0.899s] INFO:colcon.colcon_core.shell:Creating package script '/home/robousr/ROS2Dev/Pruebas_Apriltag/install/apriltag_draw/share/apriltag_draw/package.sh'
[0.899s] INFO:colcon.colcon_core.shell:Creating package script '/home/robousr/ROS2Dev/Pruebas_Apriltag/install/apriltag_draw/share/apriltag_draw/package.bash'
[0.900s] INFO:colcon.colcon_core.shell:Creating package script '/home/robousr/ROS2Dev/Pruebas_Apriltag/install/apriltag_draw/share/apriltag_draw/package.zsh'
[0.900s] Level 1:colcon.colcon_core.environment:create_file_with_runtime_dependencies(/home/robousr/ROS2Dev/Pruebas_Apriltag/install/apriltag_draw/share/colcon-core/packages/apriltag_draw)
[0.948s] Level 1:colcon.colcon_core.environment:create_environment_scripts_only(apriltag_draw)
[0.948s] Level 1:colcon.colcon_core.environment:checking '/home/robousr/ROS2Dev/Pruebas_Apriltag/install/apriltag_draw' for CMake module files
[0.949s] Level 1:colcon.colcon_core.environment:checking '/home/robousr/ROS2Dev/Pruebas_Apriltag/install/apriltag_draw' for CMake config files
[0.949s] Level 1:colcon.colcon_core.shell:create_environment_hook('apriltag_draw', 'cmake_prefix_path')
[0.949s] INFO:colcon.colcon_core.shell:Creating environment hook '/home/robousr/ROS2Dev/Pruebas_Apriltag/install/apriltag_draw/share/apriltag_draw/hook/cmake_prefix_path.ps1'
[0.950s] INFO:colcon.colcon_core.shell:Creating environment descriptor '/home/robousr/ROS2Dev/Pruebas_Apriltag/install/apriltag_draw/share/apriltag_draw/hook/cmake_prefix_path.dsv'
[0.950s] INFO:colcon.colcon_core.shell:Creating environment hook '/home/robousr/ROS2Dev/Pruebas_Apriltag/install/apriltag_draw/share/apriltag_draw/hook/cmake_prefix_path.sh'
[0.951s] Level 1:colcon.colcon_core.environment:checking '/home/robousr/ROS2Dev/Pruebas_Apriltag/install/apriltag_draw/lib'
[0.951s] Level 1:colcon.colcon_core.shell:create_environment_hook('apriltag_draw', 'ld_library_path_lib')
[0.951s] INFO:colcon.colcon_core.shell:Creating environment hook '/home/robousr/ROS2Dev/Pruebas_Apriltag/install/apriltag_draw/share/apriltag_draw/hook/ld_library_path_lib.ps1'
[0.952s] INFO:colcon.colcon_core.shell:Creating environment descriptor '/home/robousr/ROS2Dev/Pruebas_Apriltag/install/apriltag_draw/share/apriltag_draw/hook/ld_library_path_lib.dsv'
[0.952s] INFO:colcon.colcon_core.shell:Creating environment hook '/home/robousr/ROS2Dev/Pruebas_Apriltag/install/apriltag_draw/share/apriltag_draw/hook/ld_library_path_lib.sh'
[0.953s] Level 1:colcon.colcon_core.environment:checking '/home/robousr/ROS2Dev/Pruebas_Apriltag/install/apriltag_draw/bin'
[0.953s] Level 1:colcon.colcon_core.environment:checking '/home/robousr/ROS2Dev/Pruebas_Apriltag/install/apriltag_draw/lib/pkgconfig/apriltag_draw.pc'
[0.953s] Level 1:colcon.colcon_core.environment:checking '/home/robousr/ROS2Dev/Pruebas_Apriltag/install/apriltag_draw/lib/python3.10/site-packages'
[0.953s] Level 1:colcon.colcon_core.environment:checking '/home/robousr/ROS2Dev/Pruebas_Apriltag/install/apriltag_draw/bin'
[0.954s] INFO:colcon.colcon_core.shell:Creating package script '/home/robousr/ROS2Dev/Pruebas_Apriltag/install/apriltag_draw/share/apriltag_draw/package.ps1'
[0.955s] INFO:colcon.colcon_core.shell:Creating package descriptor '/home/robousr/ROS2Dev/Pruebas_Apriltag/install/apriltag_draw/share/apriltag_draw/package.dsv'
[0.956s] INFO:colcon.colcon_core.shell:Creating package script '/home/robousr/ROS2Dev/Pruebas_Apriltag/install/apriltag_draw/share/apriltag_draw/package.sh'
[0.956s] INFO:colcon.colcon_core.shell:Creating package script '/home/robousr/ROS2Dev/Pruebas_Apriltag/install/apriltag_draw/share/apriltag_draw/package.bash'
[0.957s] INFO:colcon.colcon_core.shell:Creating package script '/home/robousr/ROS2Dev/Pruebas_Apriltag/install/apriltag_draw/share/apriltag_draw/package.zsh'
[0.958s] Level 1:colcon.colcon_core.environment:create_file_with_runtime_dependencies(/home/robousr/ROS2Dev/Pruebas_Apriltag/install/apriltag_draw/share/colcon-core/packages/apriltag_draw)
[0.958s] INFO:colcon.colcon_ros.task.ament_cmake.build:Building ROS package in '/home/robousr/ROS2Dev/Pruebas_Apriltag/apriltag_detector-master/apriltag_detector_umich' with build type 'ament_cmake'
[0.958s] INFO:colcon.colcon_cmake.task.cmake.build:Building CMake package in '/home/robousr/ROS2Dev/Pruebas_Apriltag/apriltag_detector-master/apriltag_detector_umich'
[0.959s] INFO:colcon.colcon_core.shell:Skip shell extension 'powershell' for command environment: Not usable outside of PowerShell
[0.959s] DEBUG:colcon.colcon_core.shell:Skip shell extension 'dsv' for command environment
[0.979s] DEBUG:colcon.colcon_core.event_handler.log_command:Invoking command in '/home/robousr/ROS2Dev/Pruebas_Apriltag/build/apriltag_detector_umich': AMENT_PREFIX_PATH=/home/robousr/ROS2Dev/Pruebas_Apriltag/install/apriltag_detector:${AMENT_PREFIX_PATH} CMAKE_PREFIX_PATH=/home/robousr/ROS2Dev/Pruebas_Apriltag/install/apriltag_detector:/home/robousr/ROS2Dev/Robofriends/install/examen_description:/opt/ros/humble LD_LIBRARY_PATH=/home/robousr/ROS2Dev/Pruebas_Apriltag/install/apriltag_detector/lib:${LD_LIBRARY_PATH} /usr/bin/cmake --build /home/robousr/ROS2Dev/Pruebas_Apriltag/build/apriltag_detector_umich -- -j2 -l2
[1.030s] DEBUG:colcon.colcon_core.event_handler.log_command:Invoked command in '/home/robousr/ROS2Dev/Pruebas_Apriltag/build/apriltag_detector_mit' returned '0': AMENT_PREFIX_PATH=/home/robousr/ROS2Dev/Pruebas_Apriltag/install/apriltag_detector:${AMENT_PREFIX_PATH} CMAKE_PREFIX_PATH=/home/robousr/ROS2Dev/Pruebas_Apriltag/install/apriltag_detector:/home/robousr/ROS2Dev/Robofriends/install/examen_description:/opt/ros/humble LD_LIBRARY_PATH=/home/robousr/ROS2Dev/Pruebas_Apriltag/install/apriltag_detector/lib:${LD_LIBRARY_PATH} /usr/bin/cmake --build /home/robousr/ROS2Dev/Pruebas_Apriltag/build/apriltag_detector_mit -- -j2 -l2
[1.073s] DEBUG:colcon.colcon_core.event_handler.log_command:Invoking command in '/home/robousr/ROS2Dev/Pruebas_Apriltag/build/apriltag_detector_mit': AMENT_PREFIX_PATH=/home/robousr/ROS2Dev/Pruebas_Apriltag/install/apriltag_detector:${AMENT_PREFIX_PATH} CMAKE_PREFIX_PATH=/home/robousr/ROS2Dev/Pruebas_Apriltag/install/apriltag_detector:/home/robousr/ROS2Dev/Robofriends/install/examen_description:/opt/ros/humble LD_LIBRARY_PATH=/home/robousr/ROS2Dev/Pruebas_Apriltag/install/apriltag_detector/lib:${LD_LIBRARY_PATH} /usr/bin/cmake --install /home/robousr/ROS2Dev/Pruebas_Apriltag/build/apriltag_detector_mit
[1.086s] Level 1:colcon.colcon_core.environment:create_environment_scripts_only(apriltag_detector_mit)
[1.087s] Level 1:colcon.colcon_core.environment:checking '/home/robousr/ROS2Dev/Pruebas_Apriltag/install/apriltag_detector_mit' for CMake module files
[1.087s] Level 1:colcon.colcon_core.environment:checking '/home/robousr/ROS2Dev/Pruebas_Apriltag/install/apriltag_detector_mit' for CMake config files
[1.087s] Level 1:colcon.colcon_core.shell:create_environment_hook('apriltag_detector_mit', 'cmake_prefix_path')
[1.087s] INFO:colcon.colcon_core.shell:Creating environment hook '/home/robousr/ROS2Dev/Pruebas_Apriltag/install/apriltag_detector_mit/share/apriltag_detector_mit/hook/cmake_prefix_path.ps1'
[1.088s] INFO:colcon.colcon_core.shell:Creating environment descriptor '/home/robousr/ROS2Dev/Pruebas_Apriltag/install/apriltag_detector_mit/share/apriltag_detector_mit/hook/cmake_prefix_path.dsv'
[1.088s] INFO:colcon.colcon_core.shell:Creating environment hook '/home/robousr/ROS2Dev/Pruebas_Apriltag/install/apriltag_detector_mit/share/apriltag_detector_mit/hook/cmake_prefix_path.sh'
[1.089s] Level 1:colcon.colcon_core.environment:checking '/home/robousr/ROS2Dev/Pruebas_Apriltag/install/apriltag_detector_mit/lib'
[1.089s] Level 1:colcon.colcon_core.shell:create_environment_hook('apriltag_detector_mit', 'ld_library_path_lib')
[1.089s] INFO:colcon.colcon_core.shell:Creating environment hook '/home/robousr/ROS2Dev/Pruebas_Apriltag/install/apriltag_detector_mit/share/apriltag_detector_mit/hook/ld_library_path_lib.ps1'
[1.090s] INFO:colcon.colcon_core.shell:Creating environment descriptor '/home/robousr/ROS2Dev/Pruebas_Apriltag/install/apriltag_detector_mit/share/apriltag_detector_mit/hook/ld_library_path_lib.dsv'
[1.090s] INFO:colcon.colcon_core.shell:Creating environment hook '/home/robousr/ROS2Dev/Pruebas_Apriltag/install/apriltag_detector_mit/share/apriltag_detector_mit/hook/ld_library_path_lib.sh'
[1.091s] DEBUG:colcon.colcon_core.event_handler.log_command:Invoked command in '/home/robousr/ROS2Dev/Pruebas_Apriltag/build/apriltag_detector_mit' returned '0': AMENT_PREFIX_PATH=/home/robousr/ROS2Dev/Pruebas_Apriltag/install/apriltag_detector:${AMENT_PREFIX_PATH} CMAKE_PREFIX_PATH=/home/robousr/ROS2Dev/Pruebas_Apriltag/install/apriltag_detector:/home/robousr/ROS2Dev/Robofriends/install/examen_description:/opt/ros/humble LD_LIBRARY_PATH=/home/robousr/ROS2Dev/Pruebas_Apriltag/install/apriltag_detector/lib:${LD_LIBRARY_PATH} /usr/bin/cmake --install /home/robousr/ROS2Dev/Pruebas_Apriltag/build/apriltag_detector_mit
[1.091s] Level 1:colcon.colcon_core.environment:checking '/home/robousr/ROS2Dev/Pruebas_Apriltag/install/apriltag_detector_mit/bin'
[1.091s] Level 1:colcon.colcon_core.environment:checking '/home/robousr/ROS2Dev/Pruebas_Apriltag/install/apriltag_detector_mit/lib/pkgconfig/apriltag_detector_mit.pc'
[1.091s] Level 1:colcon.colcon_core.environment:checking '/home/robousr/ROS2Dev/Pruebas_Apriltag/install/apriltag_detector_mit/lib/python3.10/site-packages'
[1.091s] Level 1:colcon.colcon_core.environment:checking '/home/robousr/ROS2Dev/Pruebas_Apriltag/install/apriltag_detector_mit/bin'
[1.092s] INFO:colcon.colcon_core.shell:Creating package script '/home/robousr/ROS2Dev/Pruebas_Apriltag/install/apriltag_detector_mit/share/apriltag_detector_mit/package.ps1'
[1.092s] INFO:colcon.colcon_core.shell:Creating package descriptor '/home/robousr/ROS2Dev/Pruebas_Apriltag/install/apriltag_detector_mit/share/apriltag_detector_mit/package.dsv'
[1.093s] INFO:colcon.colcon_core.shell:Creating package script '/home/robousr/ROS2Dev/Pruebas_Apriltag/install/apriltag_detector_mit/share/apriltag_detector_mit/package.sh'
[1.093s] INFO:colcon.colcon_core.shell:Creating package script '/home/robousr/ROS2Dev/Pruebas_Apriltag/install/apriltag_detector_mit/share/apriltag_detector_mit/package.bash'
[1.093s] INFO:colcon.colcon_core.shell:Creating package script '/home/robousr/ROS2Dev/Pruebas_Apriltag/install/apriltag_detector_mit/share/apriltag_detector_mit/package.zsh'
[1.094s] Level 1:colcon.colcon_core.environment:create_file_with_runtime_dependencies(/home/robousr/ROS2Dev/Pruebas_Apriltag/install/apriltag_detector_mit/share/colcon-core/packages/apriltag_detector_mit)
[1.129s] Level 1:colcon.colcon_core.environment:create_environment_scripts_only(apriltag_detector_mit)
[1.129s] Level 1:colcon.colcon_core.environment:checking '/home/robousr/ROS2Dev/Pruebas_Apriltag/install/apriltag_detector_mit' for CMake module files
[1.129s] Level 1:colcon.colcon_core.environment:checking '/home/robousr/ROS2Dev/Pruebas_Apriltag/install/apriltag_detector_mit' for CMake config files
[1.130s] Level 1:colcon.colcon_core.shell:create_environment_hook('apriltag_detector_mit', 'cmake_prefix_path')
[1.130s] INFO:colcon.colcon_core.shell:Creating environment hook '/home/robousr/ROS2Dev/Pruebas_Apriltag/install/apriltag_detector_mit/share/apriltag_detector_mit/hook/cmake_prefix_path.ps1'
[1.131s] INFO:colcon.colcon_core.shell:Creating environment descriptor '/home/robousr/ROS2Dev/Pruebas_Apriltag/install/apriltag_detector_mit/share/apriltag_detector_mit/hook/cmake_prefix_path.dsv'
[1.131s] INFO:colcon.colcon_core.shell:Creating environment hook '/home/robousr/ROS2Dev/Pruebas_Apriltag/install/apriltag_detector_mit/share/apriltag_detector_mit/hook/cmake_prefix_path.sh'
[1.132s] Level 1:colcon.colcon_core.environment:checking '/home/robousr/ROS2Dev/Pruebas_Apriltag/install/apriltag_detector_mit/lib'
[1.132s] Level 1:colcon.colcon_core.shell:create_environment_hook('apriltag_detector_mit', 'ld_library_path_lib')
[1.132s] INFO:colcon.colcon_core.shell:Creating environment hook '/home/robousr/ROS2Dev/Pruebas_Apriltag/install/apriltag_detector_mit/share/apriltag_detector_mit/hook/ld_library_path_lib.ps1'
[1.133s] INFO:colcon.colcon_core.shell:Creating environment descriptor '/home/robousr/ROS2Dev/Pruebas_Apriltag/install/apriltag_detector_mit/share/apriltag_detector_mit/hook/ld_library_path_lib.dsv'
[1.133s] INFO:colcon.colcon_core.shell:Creating environment hook '/home/robousr/ROS2Dev/Pruebas_Apriltag/install/apriltag_detector_mit/share/apriltag_detector_mit/hook/ld_library_path_lib.sh'
[1.133s] Level 1:colcon.colcon_core.environment:checking '/home/robousr/ROS2Dev/Pruebas_Apriltag/install/apriltag_detector_mit/bin'
[1.133s] Level 1:colcon.colcon_core.environment:checking '/home/robousr/ROS2Dev/Pruebas_Apriltag/install/apriltag_detector_mit/lib/pkgconfig/apriltag_detector_mit.pc'
[1.134s] Level 1:colcon.colcon_core.environment:checking '/home/robousr/ROS2Dev/Pruebas_Apriltag/install/apriltag_detector_mit/lib/python3.10/site-packages'
[1.134s] Level 1:colcon.colcon_core.environment:checking '/home/robousr/ROS2Dev/Pruebas_Apriltag/install/apriltag_detector_mit/bin'
[1.134s] INFO:colcon.colcon_core.shell:Creating package script '/home/robousr/ROS2Dev/Pruebas_Apriltag/install/apriltag_detector_mit/share/apriltag_detector_mit/package.ps1'
[1.134s] INFO:colcon.colcon_core.shell:Creating package descriptor '/home/robousr/ROS2Dev/Pruebas_Apriltag/install/apriltag_detector_mit/share/apriltag_detector_mit/package.dsv'
[1.135s] INFO:colcon.colcon_core.shell:Creating package script '/home/robousr/ROS2Dev/Pruebas_Apriltag/install/apriltag_detector_mit/share/apriltag_detector_mit/package.sh'
[1.136s] INFO:colcon.colcon_core.shell:Creating package script '/home/robousr/ROS2Dev/Pruebas_Apriltag/install/apriltag_detector_mit/share/apriltag_detector_mit/package.bash'
[1.136s] INFO:colcon.colcon_core.shell:Creating package script '/home/robousr/ROS2Dev/Pruebas_Apriltag/install/apriltag_detector_mit/share/apriltag_detector_mit/package.zsh'
[1.136s] Level 1:colcon.colcon_core.environment:create_file_with_runtime_dependencies(/home/robousr/ROS2Dev/Pruebas_Apriltag/install/apriltag_detector_mit/share/colcon-core/packages/apriltag_detector_mit)
[1.143s] DEBUG:colcon.colcon_core.event_handler.log_command:Invoked command in '/home/robousr/ROS2Dev/Pruebas_Apriltag/build/apriltag_detector_umich' returned '0': AMENT_PREFIX_PATH=/home/robousr/ROS2Dev/Pruebas_Apriltag/install/apriltag_detector:${AMENT_PREFIX_PATH} CMAKE_PREFIX_PATH=/home/robousr/ROS2Dev/Pruebas_Apriltag/install/apriltag_detector:/home/robousr/ROS2Dev/Robofriends/install/examen_description:/opt/ros/humble LD_LIBRARY_PATH=/home/robousr/ROS2Dev/Pruebas_Apriltag/install/apriltag_detector/lib:${LD_LIBRARY_PATH} /usr/bin/cmake --build /home/robousr/ROS2Dev/Pruebas_Apriltag/build/apriltag_detector_umich -- -j2 -l2
[1.184s] DEBUG:colcon.colcon_core.event_handler.log_command:Invoking command in '/home/robousr/ROS2Dev/Pruebas_Apriltag/build/apriltag_detector_umich': AMENT_PREFIX_PATH=/home/robousr/ROS2Dev/Pruebas_Apriltag/install/apriltag_detector:${AMENT_PREFIX_PATH} CMAKE_PREFIX_PATH=/home/robousr/ROS2Dev/Pruebas_Apriltag/install/apriltag_detector:/home/robousr/ROS2Dev/Robofriends/install/examen_description:/opt/ros/humble LD_LIBRARY_PATH=/home/robousr/ROS2Dev/Pruebas_Apriltag/install/apriltag_detector/lib:${LD_LIBRARY_PATH} /usr/bin/cmake --install /home/robousr/ROS2Dev/Pruebas_Apriltag/build/apriltag_detector_umich
[1.202s] Level 1:colcon.colcon_core.environment:create_environment_scripts_only(apriltag_detector_umich)
[1.202s] Level 1:colcon.colcon_core.environment:checking '/home/robousr/ROS2Dev/Pruebas_Apriltag/install/apriltag_detector_umich' for CMake module files
[1.203s] DEBUG:colcon.colcon_core.event_handler.log_command:Invoked command in '/home/robousr/ROS2Dev/Pruebas_Apriltag/build/apriltag_detector_umich' returned '0': AMENT_PREFIX_PATH=/home/robousr/ROS2Dev/Pruebas_Apriltag/install/apriltag_detector:${AMENT_PREFIX_PATH} CMAKE_PREFIX_PATH=/home/robousr/ROS2Dev/Pruebas_Apriltag/install/apriltag_detector:/home/robousr/ROS2Dev/Robofriends/install/examen_description:/opt/ros/humble LD_LIBRARY_PATH=/home/robousr/ROS2Dev/Pruebas_Apriltag/install/apriltag_detector/lib:${LD_LIBRARY_PATH} /usr/bin/cmake --install /home/robousr/ROS2Dev/Pruebas_Apriltag/build/apriltag_detector_umich
[1.203s] Level 1:colcon.colcon_core.environment:checking '/home/robousr/ROS2Dev/Pruebas_Apriltag/install/apriltag_detector_umich' for CMake config files
[1.203s] Level 1:colcon.colcon_core.shell:create_environment_hook('apriltag_detector_umich', 'cmake_prefix_path')
[1.204s] INFO:colcon.colcon_core.shell:Creating environment hook '/home/robousr/ROS2Dev/Pruebas_Apriltag/install/apriltag_detector_umich/share/apriltag_detector_umich/hook/cmake_prefix_path.ps1'
[1.204s] INFO:colcon.colcon_core.shell:Creating environment descriptor '/home/robousr/ROS2Dev/Pruebas_Apriltag/install/apriltag_detector_umich/share/apriltag_detector_umich/hook/cmake_prefix_path.dsv'
[1.205s] INFO:colcon.colcon_core.shell:Creating environment hook '/home/robousr/ROS2Dev/Pruebas_Apriltag/install/apriltag_detector_umich/share/apriltag_detector_umich/hook/cmake_prefix_path.sh'
[1.205s] Level 1:colcon.colcon_core.environment:checking '/home/robousr/ROS2Dev/Pruebas_Apriltag/install/apriltag_detector_umich/lib'
[1.205s] Level 1:colcon.colcon_core.shell:create_environment_hook('apriltag_detector_umich', 'ld_library_path_lib')
[1.206s] INFO:colcon.colcon_core.shell:Creating environment hook '/home/robousr/ROS2Dev/Pruebas_Apriltag/install/apriltag_detector_umich/share/apriltag_detector_umich/hook/ld_library_path_lib.ps1'
[1.206s] INFO:colcon.colcon_core.shell:Creating environment descriptor '/home/robousr/ROS2Dev/Pruebas_Apriltag/install/apriltag_detector_umich/share/apriltag_detector_umich/hook/ld_library_path_lib.dsv'
[1.207s] INFO:colcon.colcon_core.shell:Creating environment hook '/home/robousr/ROS2Dev/Pruebas_Apriltag/install/apriltag_detector_umich/share/apriltag_detector_umich/hook/ld_library_path_lib.sh'
[1.208s] Level 1:colcon.colcon_core.environment:checking '/home/robousr/ROS2Dev/Pruebas_Apriltag/install/apriltag_detector_umich/bin'
[1.208s] Level 1:colcon.colcon_core.environment:checking '/home/robousr/ROS2Dev/Pruebas_Apriltag/install/apriltag_detector_umich/lib/pkgconfig/apriltag_detector_umich.pc'
[1.208s] Level 1:colcon.colcon_core.environment:checking '/home/robousr/ROS2Dev/Pruebas_Apriltag/install/apriltag_detector_umich/lib/python3.10/site-packages'
[1.208s] Level 1:colcon.colcon_core.environment:checking '/home/robousr/ROS2Dev/Pruebas_Apriltag/install/apriltag_detector_umich/bin'
[1.208s] INFO:colcon.colcon_core.shell:Creating package script '/home/robousr/ROS2Dev/Pruebas_Apriltag/install/apriltag_detector_umich/share/apriltag_detector_umich/package.ps1'
[1.211s] INFO:colcon.colcon_core.shell:Creating package descriptor '/home/robousr/ROS2Dev/Pruebas_Apriltag/install/apriltag_detector_umich/share/apriltag_detector_umich/package.dsv'
[1.211s] INFO:colcon.colcon_core.shell:Creating package script '/home/robousr/ROS2Dev/Pruebas_Apriltag/install/apriltag_detector_umich/share/apriltag_detector_umich/package.sh'
[1.212s] INFO:colcon.colcon_core.shell:Creating package script '/home/robousr/ROS2Dev/Pruebas_Apriltag/install/apriltag_detector_umich/share/apriltag_detector_umich/package.bash'
[1.212s] INFO:colcon.colcon_core.shell:Creating package script '/home/robousr/ROS2Dev/Pruebas_Apriltag/install/apriltag_detector_umich/share/apriltag_detector_umich/package.zsh'
[1.213s] Level 1:colcon.colcon_core.environment:create_file_with_runtime_dependencies(/home/robousr/ROS2Dev/Pruebas_Apriltag/install/apriltag_detector_umich/share/colcon-core/packages/apriltag_detector_umich)
[1.249s] Level 1:colcon.colcon_core.environment:create_environment_scripts_only(apriltag_detector_umich)
[1.249s] Level 1:colcon.colcon_core.environment:checking '/home/robousr/ROS2Dev/Pruebas_Apriltag/install/apriltag_detector_umich' for CMake module files
[1.249s] Level 1:colcon.colcon_core.environment:checking '/home/robousr/ROS2Dev/Pruebas_Apriltag/install/apriltag_detector_umich' for CMake config files
[1.249s] Level 1:colcon.colcon_core.shell:create_environment_hook('apriltag_detector_umich', 'cmake_prefix_path')
[1.250s] INFO:colcon.colcon_core.shell:Creating environment hook '/home/robousr/ROS2Dev/Pruebas_Apriltag/install/apriltag_detector_umich/share/apriltag_detector_umich/hook/cmake_prefix_path.ps1'
[1.250s] INFO:colcon.colcon_core.shell:Creating environment descriptor '/home/robousr/ROS2Dev/Pruebas_Apriltag/install/apriltag_detector_umich/share/apriltag_detector_umich/hook/cmake_prefix_path.dsv'
[1.251s] INFO:colcon.colcon_core.shell:Creating environment hook '/home/robousr/ROS2Dev/Pruebas_Apriltag/install/apriltag_detector_umich/share/apriltag_detector_umich/hook/cmake_prefix_path.sh'
[1.251s] Level 1:colcon.colcon_core.environment:checking '/home/robousr/ROS2Dev/Pruebas_Apriltag/install/apriltag_detector_umich/lib'
[1.251s] Level 1:colcon.colcon_core.shell:create_environment_hook('apriltag_detector_umich', 'ld_library_path_lib')
[1.251s] INFO:colcon.colcon_core.shell:Creating environment hook '/home/robousr/ROS2Dev/Pruebas_Apriltag/install/apriltag_detector_umich/share/apriltag_detector_umich/hook/ld_library_path_lib.ps1'
[1.252s] INFO:colcon.colcon_core.shell:Creating environment descriptor '/home/robousr/ROS2Dev/Pruebas_Apriltag/install/apriltag_detector_umich/share/apriltag_detector_umich/hook/ld_library_path_lib.dsv'
[1.252s] INFO:colcon.colcon_core.shell:Creating environment hook '/home/robousr/ROS2Dev/Pruebas_Apriltag/install/apriltag_detector_umich/share/apriltag_detector_umich/hook/ld_library_path_lib.sh'
[1.253s] Level 1:colcon.colcon_core.environment:checking '/home/robousr/ROS2Dev/Pruebas_Apriltag/install/apriltag_detector_umich/bin'
[1.253s] Level 1:colcon.colcon_core.environment:checking '/home/robousr/ROS2Dev/Pruebas_Apriltag/install/apriltag_detector_umich/lib/pkgconfig/apriltag_detector_umich.pc'
[1.253s] Level 1:colcon.colcon_core.environment:checking '/home/robousr/ROS2Dev/Pruebas_Apriltag/install/apriltag_detector_umich/lib/python3.10/site-packages'
[1.253s] Level 1:colcon.colcon_core.environment:checking '/home/robousr/ROS2Dev/Pruebas_Apriltag/install/apriltag_detector_umich/bin'
[1.253s] INFO:colcon.colcon_core.shell:Creating package script '/home/robousr/ROS2Dev/Pruebas_Apriltag/install/apriltag_detector_umich/share/apriltag_detector_umich/package.ps1'
[1.254s] INFO:colcon.colcon_core.shell:Creating package descriptor '/home/robousr/ROS2Dev/Pruebas_Apriltag/install/apriltag_detector_umich/share/apriltag_detector_umich/package.dsv'
[1.254s] INFO:colcon.colcon_core.shell:Creating package script '/home/robousr/ROS2Dev/Pruebas_Apriltag/install/apriltag_detector_umich/share/apriltag_detector_umich/package.sh'
[1.255s] INFO:colcon.colcon_core.shell:Creating package script '/home/robousr/ROS2Dev/Pruebas_Apriltag/install/apriltag_detector_umich/share/apriltag_detector_umich/package.bash'
[1.255s] INFO:colcon.colcon_core.shell:Creating package script '/home/robousr/ROS2Dev/Pruebas_Apriltag/install/apriltag_detector_umich/share/apriltag_detector_umich/package.zsh'
[1.255s] Level 1:colcon.colcon_core.environment:create_file_with_runtime_dependencies(/home/robousr/ROS2Dev/Pruebas_Apriltag/install/apriltag_detector_umich/share/colcon-core/packages/apriltag_detector_umich)
[1.256s] DEBUG:colcon.colcon_parallel_executor.executor.parallel:closing loop
[1.256s] DEBUG:colcon.colcon_parallel_executor.executor.parallel:loop closed
[1.256s] DEBUG:colcon.colcon_parallel_executor.executor.parallel:run_until_complete finished with '0'
[1.256s] DEBUG:colcon.colcon_core.event_reactor:joining thread
[1.261s] INFO:colcon.colcon_core.plugin_system:Skipping extension 'colcon_notification.desktop_notification.terminal_notifier': Not used on non-Darwin systems
[1.261s] INFO:colcon.colcon_core.plugin_system:Skipping extension 'colcon_notification.desktop_notification.win32': Not used on non-Windows systems
[1.261s] INFO:colcon.colcon_notification.desktop_notification:Sending desktop notification using 'notify2'
[1.274s] DEBUG:colcon.colcon_core.event_reactor:joined thread
[1.275s] INFO:colcon.colcon_core.shell:Creating prefix script '/home/robousr/ROS2Dev/Pruebas_Apriltag/install/local_setup.ps1'
[1.276s] INFO:colcon.colcon_core.shell:Creating prefix util module '/home/robousr/ROS2Dev/Pruebas_Apriltag/install/_local_setup_util_ps1.py'
[1.277s] INFO:colcon.colcon_core.shell:Creating prefix chain script '/home/robousr/ROS2Dev/Pruebas_Apriltag/install/setup.ps1'
[1.278s] INFO:colcon.colcon_core.shell:Creating prefix script '/home/robousr/ROS2Dev/Pruebas_Apriltag/install/local_setup.sh'
[1.278s] INFO:colcon.colcon_core.shell:Creating prefix util module '/home/robousr/ROS2Dev/Pruebas_Apriltag/install/_local_setup_util_sh.py'
[1.279s] INFO:colcon.colcon_core.shell:Creating prefix chain script '/home/robousr/ROS2Dev/Pruebas_Apriltag/install/setup.sh'
[1.279s] INFO:colcon.colcon_core.shell:Creating prefix script '/home/robousr/ROS2Dev/Pruebas_Apriltag/install/local_setup.bash'
[1.280s] INFO:colcon.colcon_core.shell:Creating prefix chain script '/home/robousr/ROS2Dev/Pruebas_Apriltag/install/setup.bash'
[1.281s] INFO:colcon.colcon_core.shell:Creating prefix script '/home/robousr/ROS2Dev/Pruebas_Apriltag/install/local_setup.zsh'
[1.281s] INFO:colcon.colcon_core.shell:Creating prefix chain script '/home/robousr/ROS2Dev/Pruebas_Apriltag/install/setup.zsh'
