[0.016s] Invoking command in '/home/robousr/ROS2Dev/Pruebas_Apriltag/apriltag_detector-master/apriltag_detector/build/apriltag_detector': CMAKE_PREFIX_PATH=/opt/ros/humble /usr/bin/cmake /home/robousr/ROS2Dev/Pruebas_Apriltag/apriltag_detector-master/apriltag_detector -DCMAKE_INSTALL_PREFIX=/home/robousr/ROS2Dev/Pruebas_Apriltag/apriltag_detector-master/apriltag_detector/install/apriltag_detector
[0.085s] -- The C compiler identification is GNU 11.4.0
[0.153s] -- The CXX compiler identification is GNU 11.4.0
[0.165s] -- Detecting C compiler ABI info
[0.246s] -- Detecting C compiler ABI info - done
[0.255s] -- Check for working C compiler: /usr/bin/cc - skipped
[0.255s] -- Detecting C compile features
[0.256s] -- Detecting C compile features - done
[0.259s] -- Detecting CXX compiler ABI info
[0.354s] -- Detecting CXX compiler ABI info - done
[0.361s] -- Check for working CXX compiler: /usr/bin/c++ - skipped
[0.361s] -- Detecting CXX compile features
[0.362s] -- Detecting CXX compile features - done
[0.365s] -- Found ament_cmake: 1.3.10 (/opt/ros/humble/share/ament_cmake/cmake)
[0.848s] -- Found Python3: /home/robousr/.pyenv/shims/python3 (found version "3.10.12") found components: Interpreter 
[0.988s] -- Found apriltag_msgs: 2.0.1 (/opt/ros/humble/share/apriltag_msgs/cmake)
[1.023s] -- Found rosidl_generator_c: 3.1.5 (/opt/ros/humble/share/rosidl_generator_c/cmake)
[1.030s] -- Found rosidl_adapter: 3.1.5 (/opt/ros/humble/share/rosidl_adapter/cmake)
[1.036s] -- Found rosidl_generator_cpp: 3.1.5 (/opt/ros/humble/share/rosidl_generator_cpp/cmake)
[1.049s] -- Using all available rosidl_typesupport_c: rosidl_typesupport_fastrtps_c;rosidl_typesupport_introspection_c
[1.065s] -- Using all available rosidl_typesupport_cpp: rosidl_typesupport_fastrtps_cpp;rosidl_typesupport_introspection_cpp
[1.102s] -- Found sensor_msgs: 4.2.4 (/opt/ros/humble/share/sensor_msgs/cmake)
[1.133s] -- Found ament_cmake_copyright: 0.12.11 (/opt/ros/humble/share/ament_cmake_copyright/cmake)
[1.134s] -- Found ament_cmake_cppcheck: 0.12.11 (/opt/ros/humble/share/ament_cmake_cppcheck/cmake)
[1.137s] -- Found ament_cmake_cpplint: 0.12.11 (/opt/ros/humble/share/ament_cmake_cpplint/cmake)
[1.137s] -- Found ament_cmake_clang_format: 0.12.11 (/opt/ros/humble/share/ament_cmake_clang_format/cmake)
[1.138s] -- Found ament_cmake_lint_cmake: 0.12.11 (/opt/ros/humble/share/ament_cmake_lint_cmake/cmake)
[1.140s] -- Found ament_cmake_xmllint: 0.12.11 (/opt/ros/humble/share/ament_cmake_xmllint/cmake)
[1.264s] -- Configuring done
[1.271s] -- Generating done
[1.273s] -- Build files have been written to: /home/robousr/ROS2Dev/Pruebas_Apriltag/apriltag_detector-master/apriltag_detector/build/apriltag_detector
[1.284s] Invoked command in '/home/robousr/ROS2Dev/Pruebas_Apriltag/apriltag_detector-master/apriltag_detector/build/apriltag_detector' returned '0': CMAKE_PREFIX_PATH=/opt/ros/humble /usr/bin/cmake /home/robousr/ROS2Dev/Pruebas_Apriltag/apriltag_detector-master/apriltag_detector -DCMAKE_INSTALL_PREFIX=/home/robousr/ROS2Dev/Pruebas_Apriltag/apriltag_detector-master/apriltag_detector/install/apriltag_detector
[1.284s] Invoking command in '/home/robousr/ROS2Dev/Pruebas_Apriltag/apriltag_detector-master/apriltag_detector/build/apriltag_detector': CMAKE_PREFIX_PATH=/opt/ros/humble /usr/bin/cmake --build /home/robousr/ROS2Dev/Pruebas_Apriltag/apriltag_detector-master/apriltag_detector/build/apriltag_detector -- -j2 -l2
[1.341s] Built target apriltag_detector
[1.356s] Invoked command in '/home/robousr/ROS2Dev/Pruebas_Apriltag/apriltag_detector-master/apriltag_detector/build/apriltag_detector' returned '0': CMAKE_PREFIX_PATH=/opt/ros/humble /usr/bin/cmake --build /home/robousr/ROS2Dev/Pruebas_Apriltag/apriltag_detector-master/apriltag_detector/build/apriltag_detector -- -j2 -l2
[1.407s] Invoking command in '/home/robousr/ROS2Dev/Pruebas_Apriltag/apriltag_detector-master/apriltag_detector/build/apriltag_detector': CMAKE_PREFIX_PATH=/opt/ros/humble /usr/bin/cmake --install /home/robousr/ROS2Dev/Pruebas_Apriltag/apriltag_detector-master/apriltag_detector/build/apriltag_detector
[1.410s] -- Install configuration: ""
[1.411s] -- Installing: /home/robousr/ROS2Dev/Pruebas_Apriltag/apriltag_detector-master/apriltag_detector/install/apriltag_detector/share/apriltag_detector/environment/library_path.sh
[1.411s] -- Installing: /home/robousr/ROS2Dev/Pruebas_Apriltag/apriltag_detector-master/apriltag_detector/install/apriltag_detector/share/apriltag_detector/environment/library_path.dsv
[1.411s] -- Installing: /home/robousr/ROS2Dev/Pruebas_Apriltag/apriltag_detector-master/apriltag_detector/install/apriltag_detector/include
[1.412s] -- Installing: /home/robousr/ROS2Dev/Pruebas_Apriltag/apriltag_detector-master/apriltag_detector/install/apriltag_detector/include/apriltag_detector
[1.412s] -- Installing: /home/robousr/ROS2Dev/Pruebas_Apriltag/apriltag_detector-master/apriltag_detector/install/apriltag_detector/include/apriltag_detector/detector.hpp
[1.412s] -- Installing: /home/robousr/ROS2Dev/Pruebas_Apriltag/apriltag_detector-master/apriltag_detector/install/apriltag_detector/share/apriltag_detector//launch
[1.412s] -- Installing: /home/robousr/ROS2Dev/Pruebas_Apriltag/apriltag_detector-master/apriltag_detector/install/apriltag_detector/share/apriltag_detector//launch/detector_only.launch.py
[1.412s] -- Installing: /home/robousr/ROS2Dev/Pruebas_Apriltag/apriltag_detector-master/apriltag_detector/install/apriltag_detector/share/apriltag_detector//launch/log
[1.413s] -- Installing: /home/robousr/ROS2Dev/Pruebas_Apriltag/apriltag_detector-master/apriltag_detector/install/apriltag_detector/share/apriltag_detector//launch/log/latest
[1.413s] -- Installing: /home/robousr/ROS2Dev/Pruebas_Apriltag/apriltag_detector-master/apriltag_detector/install/apriltag_detector/share/apriltag_detector//launch/log/latest_build
[1.413s] -- Installing: /home/robousr/ROS2Dev/Pruebas_Apriltag/apriltag_detector-master/apriltag_detector/install/apriltag_detector/share/apriltag_detector//launch/log/build_2024-11-22_14-52-29
[1.413s] -- Installing: /home/robousr/ROS2Dev/Pruebas_Apriltag/apriltag_detector-master/apriltag_detector/install/apriltag_detector/share/apriltag_detector//launch/v4l2_camera_node.launch.py
[1.413s] -- Installing: /home/robousr/ROS2Dev/Pruebas_Apriltag/apriltag_detector-master/apriltag_detector/install/apriltag_detector/share/apriltag_detector//launch/detect.launch.py
[1.414s] -- Installing: /home/robousr/ROS2Dev/Pruebas_Apriltag/apriltag_detector-master/apriltag_detector/install/apriltag_detector/share/apriltag_detector//launch/install
[1.414s] -- Installing: /home/robousr/ROS2Dev/Pruebas_Apriltag/apriltag_detector-master/apriltag_detector/install/apriltag_detector/share/apriltag_detector//launch/install/_local_setup_util_ps1.py
[1.414s] -- Installing: /home/robousr/ROS2Dev/Pruebas_Apriltag/apriltag_detector-master/apriltag_detector/install/apriltag_detector/share/apriltag_detector//launch/install/_local_setup_util_sh.py
[1.414s] -- Installing: /home/robousr/ROS2Dev/Pruebas_Apriltag/apriltag_detector-master/apriltag_detector/install/apriltag_detector/share/apriltag_detector//launch/build
[1.415s] -- Installing: /home/robousr/ROS2Dev/Pruebas_Apriltag/apriltag_detector-master/apriltag_detector/install/apriltag_detector/share/ament_index/resource_index/package_run_dependencies/apriltag_detector
[1.415s] -- Installing: /home/robousr/ROS2Dev/Pruebas_Apriltag/apriltag_detector-master/apriltag_detector/install/apriltag_detector/share/ament_index/resource_index/parent_prefix_path/apriltag_detector
[1.415s] -- Installing: /home/robousr/ROS2Dev/Pruebas_Apriltag/apriltag_detector-master/apriltag_detector/install/apriltag_detector/share/apriltag_detector/environment/ament_prefix_path.sh
[1.416s] -- Installing: /home/robousr/ROS2Dev/Pruebas_Apriltag/apriltag_detector-master/apriltag_detector/install/apriltag_detector/share/apriltag_detector/environment/ament_prefix_path.dsv
[1.416s] -- Installing: /home/robousr/ROS2Dev/Pruebas_Apriltag/apriltag_detector-master/apriltag_detector/install/apriltag_detector/share/apriltag_detector/environment/path.sh
[1.416s] -- Installing: /home/robousr/ROS2Dev/Pruebas_Apriltag/apriltag_detector-master/apriltag_detector/install/apriltag_detector/share/apriltag_detector/environment/path.dsv
[1.417s] -- Installing: /home/robousr/ROS2Dev/Pruebas_Apriltag/apriltag_detector-master/apriltag_detector/install/apriltag_detector/share/apriltag_detector/local_setup.bash
[1.418s] -- Installing: /home/robousr/ROS2Dev/Pruebas_Apriltag/apriltag_detector-master/apriltag_detector/install/apriltag_detector/share/apriltag_detector/local_setup.sh
[1.418s] -- Installing: /home/robousr/ROS2Dev/Pruebas_Apriltag/apriltag_detector-master/apriltag_detector/install/apriltag_detector/share/apriltag_detector/local_setup.zsh
[1.419s] -- Installing: /home/robousr/ROS2Dev/Pruebas_Apriltag/apriltag_detector-master/apriltag_detector/install/apriltag_detector/share/apriltag_detector/local_setup.dsv
[1.419s] -- Installing: /home/robousr/ROS2Dev/Pruebas_Apriltag/apriltag_detector-master/apriltag_detector/install/apriltag_detector/share/apriltag_detector/package.dsv
[1.419s] -- Installing: /home/robousr/ROS2Dev/Pruebas_Apriltag/apriltag_detector-master/apriltag_detector/install/apriltag_detector/share/ament_index/resource_index/packages/apriltag_detector
[1.421s] -- Installing: /home/robousr/ROS2Dev/Pruebas_Apriltag/apriltag_detector-master/apriltag_detector/install/apriltag_detector/share/apriltag_detector/cmake/apriltag_detector_exportExport.cmake
[1.421s] -- Installing: /home/robousr/ROS2Dev/Pruebas_Apriltag/apriltag_detector-master/apriltag_detector/install/apriltag_detector/share/apriltag_detector/cmake/ament_cmake_export_targets-extras.cmake
[1.421s] -- Installing: /home/robousr/ROS2Dev/Pruebas_Apriltag/apriltag_detector-master/apriltag_detector/install/apriltag_detector/share/apriltag_detector/cmake/apriltag_detectorConfig.cmake
[1.422s] -- Installing: /home/robousr/ROS2Dev/Pruebas_Apriltag/apriltag_detector-master/apriltag_detector/install/apriltag_detector/share/apriltag_detector/cmake/apriltag_detectorConfig-version.cmake
[1.422s] -- Installing: /home/robousr/ROS2Dev/Pruebas_Apriltag/apriltag_detector-master/apriltag_detector/install/apriltag_detector/share/apriltag_detector/package.xml
[1.426s] Invoked command in '/home/robousr/ROS2Dev/Pruebas_Apriltag/apriltag_detector-master/apriltag_detector/build/apriltag_detector' returned '0': CMAKE_PREFIX_PATH=/opt/ros/humble /usr/bin/cmake --install /home/robousr/ROS2Dev/Pruebas_Apriltag/apriltag_detector-master/apriltag_detector/build/apriltag_detector
