[0.035s] Invoking command in '/home/robousr/ROS2Dev/Pruebas_Apriltag/apriltag_detector-master/build/apriltag_detector_umich': AMENT_PREFIX_PATH=/home/robousr/ROS2Dev/Pruebas_Apriltag/apriltag_detector-master/install/apriltag_detector:${AMENT_PREFIX_PATH} CMAKE_PREFIX_PATH=/home/robousr/ROS2Dev/Pruebas_Apriltag/apriltag_detector-master/install/apriltag_detector:/opt/ros/humble LD_LIBRARY_PATH=/home/robousr/ROS2Dev/Pruebas_Apriltag/apriltag_detector-master/install/apriltag_detector/lib:${LD_LIBRARY_PATH} /usr/bin/cmake /home/robousr/ROS2Dev/Pruebas_Apriltag/apriltag_detector-master/apriltag_detector_umich -DCMAKE_INSTALL_PREFIX=/home/robousr/ROS2Dev/Pruebas_Apriltag/apriltag_detector-master/install/apriltag_detector_umich
[0.205s] -- The C compiler identification is GNU 11.4.0
[0.363s] -- The CXX compiler identification is GNU 11.4.0
[0.381s] -- Detecting C compiler ABI info
[0.569s] -- Detecting C compiler ABI info - done
[0.586s] -- Check for working C compiler: /usr/bin/cc - skipped
[0.588s] -- Detecting C compile features
[0.592s] -- Detecting C compile features - done
[0.601s] -- Detecting CXX compiler ABI info
[0.829s] -- Detecting CXX compiler ABI info - done
[0.849s] -- Check for working CXX compiler: /usr/bin/c++ - skipped
[0.850s] -- Detecting CXX compile features
[0.852s] -- Detecting CXX compile features - done
[0.866s] -- Found ament_cmake: 1.3.10 (/opt/ros/humble/share/ament_cmake/cmake)
[2.148s] -- Found Python3: /home/robousr/.pyenv/shims/python3 (found version "3.10.12") found components: Interpreter 
[2.529s] -- Found ament_cmake_ros: 0.10.0 (/opt/ros/humble/share/ament_cmake_ros/cmake)
[2.564s] -- Found OpenCV: /usr (found version "4.5.4") found components: core imgproc 
[2.592s] -- Looking for pthread.h
[2.792s] -- Looking for pthread.h - found
[2.793s] -- Performing Test CMAKE_HAVE_LIBC_PTHREAD
[2.992s] -- Performing Test CMAKE_HAVE_LIBC_PTHREAD - Success
[2.995s] -- Found Threads: TRUE  
[3.008s] -- Found apriltag_detector: 1.0.0 (/home/robousr/ROS2Dev/Pruebas_Apriltag/apriltag_detector-master/install/apriltag_detector/share/apriltag_detector/cmake)
[3.013s] -- Found apriltag_msgs: 2.0.1 (/opt/ros/humble/share/apriltag_msgs/cmake)
[3.102s] -- Found rosidl_generator_c: 3.1.5 (/opt/ros/humble/share/rosidl_generator_c/cmake)
[3.117s] -- Found rosidl_adapter: 3.1.5 (/opt/ros/humble/share/rosidl_adapter/cmake)
[3.142s] -- Found rosidl_generator_cpp: 3.1.5 (/opt/ros/humble/share/rosidl_generator_cpp/cmake)
[3.168s] -- Using all available rosidl_typesupport_c: rosidl_typesupport_fastrtps_c;rosidl_typesupport_introspection_c
[3.216s] -- Using all available rosidl_typesupport_cpp: rosidl_typesupport_fastrtps_cpp;rosidl_typesupport_introspection_cpp
[3.334s] -- Found cv_bridge: 3.2.1 (/opt/ros/humble/share/cv_bridge/cmake)
[3.419s] -- Found image_transport: 3.1.9 (/opt/ros/humble/share/image_transport/cmake)
[3.524s] -- Found rmw_implementation_cmake: 6.1.2 (/opt/ros/humble/share/rmw_implementation_cmake/cmake)
[3.532s] -- Found rmw_fastrtps_cpp: 6.2.7 (/opt/ros/humble/share/rmw_fastrtps_cpp/cmake)
[3.825s] -- Found OpenSSL: /usr/lib/x86_64-linux-gnu/libcrypto.so (found version "3.0.2")  
[3.924s] -- Found FastRTPS: /opt/ros/humble/include  
[4.056s] -- Using RMW implementation 'rmw_fastrtps_cpp' as default
[4.251s] -- Found rclcpp_components: 16.0.10 (/opt/ros/humble/share/rclcpp_components/cmake)
[4.310s] -- Found ament_cmake_copyright: 0.12.11 (/opt/ros/humble/share/ament_cmake_copyright/cmake)
[4.315s] -- Found ament_cmake_cppcheck: 0.12.11 (/opt/ros/humble/share/ament_cmake_cppcheck/cmake)
[4.320s] -- Found ament_cmake_cpplint: 0.12.11 (/opt/ros/humble/share/ament_cmake_cpplint/cmake)
[4.325s] -- Found ament_cmake_clang_format: 0.12.11 (/opt/ros/humble/share/ament_cmake_clang_format/cmake)
[4.330s] -- Found ament_cmake_flake8: 0.12.11 (/opt/ros/humble/share/ament_cmake_flake8/cmake)
[4.336s] -- Found ament_cmake_lint_cmake: 0.12.11 (/opt/ros/humble/share/ament_cmake_lint_cmake/cmake)
[4.341s] -- Found ament_cmake_pep257: 0.12.11 (/opt/ros/humble/share/ament_cmake_pep257/cmake)
[4.347s] -- Found ament_cmake_xmllint: 0.12.11 (/opt/ros/humble/share/ament_cmake_xmllint/cmake)
[4.682s] -- Configuring done
[4.754s] -- Generating done
[4.762s] -- Build files have been written to: /home/robousr/ROS2Dev/Pruebas_Apriltag/apriltag_detector-master/build/apriltag_detector_umich
[4.789s] Invoked command in '/home/robousr/ROS2Dev/Pruebas_Apriltag/apriltag_detector-master/build/apriltag_detector_umich' returned '0': AMENT_PREFIX_PATH=/home/robousr/ROS2Dev/Pruebas_Apriltag/apriltag_detector-master/install/apriltag_detector:${AMENT_PREFIX_PATH} CMAKE_PREFIX_PATH=/home/robousr/ROS2Dev/Pruebas_Apriltag/apriltag_detector-master/install/apriltag_detector:/opt/ros/humble LD_LIBRARY_PATH=/home/robousr/ROS2Dev/Pruebas_Apriltag/apriltag_detector-master/install/apriltag_detector/lib:${LD_LIBRARY_PATH} /usr/bin/cmake /home/robousr/ROS2Dev/Pruebas_Apriltag/apriltag_detector-master/apriltag_detector_umich -DCMAKE_INSTALL_PREFIX=/home/robousr/ROS2Dev/Pruebas_Apriltag/apriltag_detector-master/install/apriltag_detector_umich
[4.795s] Invoking command in '/home/robousr/ROS2Dev/Pruebas_Apriltag/apriltag_detector-master/build/apriltag_detector_umich': AMENT_PREFIX_PATH=/home/robousr/ROS2Dev/Pruebas_Apriltag/apriltag_detector-master/install/apriltag_detector:${AMENT_PREFIX_PATH} CMAKE_PREFIX_PATH=/home/robousr/ROS2Dev/Pruebas_Apriltag/apriltag_detector-master/install/apriltag_detector:/opt/ros/humble LD_LIBRARY_PATH=/home/robousr/ROS2Dev/Pruebas_Apriltag/apriltag_detector-master/install/apriltag_detector/lib:${LD_LIBRARY_PATH} /usr/bin/cmake --build /home/robousr/ROS2Dev/Pruebas_Apriltag/apriltag_detector-master/build/apriltag_detector_umich -- -j2 -l2
[4.965s] [ 14%] [32mBuilding CXX object CMakeFiles/apriltag_detector_umich.dir/src/detector_impl.cpp.o[0m
[4.965s] [ 28%] [32mBuilding CXX object CMakeFiles/apriltag_detector_umich.dir/src/detector.cpp.o[0m
[13.079s] [ 42%] [32m[1mLinking CXX shared library libapriltag_detector_umich.so[0m
[13.445s] [ 42%] Built target apriltag_detector_umich
[13.507s] [ 57%] [32mBuilding CXX object CMakeFiles/apriltag_detector_umich_component.dir/src/component.cpp.o[0m
[26.672s] [ 71%] [32m[1mLinking CXX shared library libapriltag_detector_umich_component.so[0m
[27.279s] [ 71%] Built target apriltag_detector_umich_component
[27.347s] [ 85%] [32mBuilding CXX object CMakeFiles/apriltag_detector_umich_node.dir/src/node.cpp.o[0m
[34.524s] [100%] [32m[1mLinking CXX executable apriltag_detector_umich_node[0m
[35.514s] [100%] Built target apriltag_detector_umich_node
[35.550s] Invoked command in '/home/robousr/ROS2Dev/Pruebas_Apriltag/apriltag_detector-master/build/apriltag_detector_umich' returned '0': AMENT_PREFIX_PATH=/home/robousr/ROS2Dev/Pruebas_Apriltag/apriltag_detector-master/install/apriltag_detector:${AMENT_PREFIX_PATH} CMAKE_PREFIX_PATH=/home/robousr/ROS2Dev/Pruebas_Apriltag/apriltag_detector-master/install/apriltag_detector:/opt/ros/humble LD_LIBRARY_PATH=/home/robousr/ROS2Dev/Pruebas_Apriltag/apriltag_detector-master/install/apriltag_detector/lib:${LD_LIBRARY_PATH} /usr/bin/cmake --build /home/robousr/ROS2Dev/Pruebas_Apriltag/apriltag_detector-master/build/apriltag_detector_umich -- -j2 -l2
[35.688s] Invoking command in '/home/robousr/ROS2Dev/Pruebas_Apriltag/apriltag_detector-master/build/apriltag_detector_umich': AMENT_PREFIX_PATH=/home/robousr/ROS2Dev/Pruebas_Apriltag/apriltag_detector-master/install/apriltag_detector:${AMENT_PREFIX_PATH} CMAKE_PREFIX_PATH=/home/robousr/ROS2Dev/Pruebas_Apriltag/apriltag_detector-master/install/apriltag_detector:/opt/ros/humble LD_LIBRARY_PATH=/home/robousr/ROS2Dev/Pruebas_Apriltag/apriltag_detector-master/install/apriltag_detector/lib:${LD_LIBRARY_PATH} /usr/bin/cmake --install /home/robousr/ROS2Dev/Pruebas_Apriltag/apriltag_detector-master/build/apriltag_detector_umich
[35.710s] -- Install configuration: ""
[35.712s] -- Installing: /home/robousr/ROS2Dev/Pruebas_Apriltag/apriltag_detector-master/install/apriltag_detector_umich/share/apriltag_detector_umich/plugins.xml
[35.714s] -- Installing: /home/robousr/ROS2Dev/Pruebas_Apriltag/apriltag_detector-master/install/apriltag_detector_umich/share/apriltag_detector_umich/environment/library_path.sh
[35.715s] -- Installing: /home/robousr/ROS2Dev/Pruebas_Apriltag/apriltag_detector-master/install/apriltag_detector_umich/share/apriltag_detector_umich/environment/library_path.dsv
[35.716s] -- Installing: /home/robousr/ROS2Dev/Pruebas_Apriltag/apriltag_detector-master/install/apriltag_detector_umich/lib/apriltag_detector_umich/apriltag_detector_umich_node
[35.718s] -- Set runtime path of "/home/robousr/ROS2Dev/Pruebas_Apriltag/apriltag_detector-master/install/apriltag_detector_umich/lib/apriltag_detector_umich/apriltag_detector_umich_node" to ""
[35.719s] -- Installing: /home/robousr/ROS2Dev/Pruebas_Apriltag/apriltag_detector-master/install/apriltag_detector_umich/lib/libapriltag_detector_umich.so
[35.721s] -- Set runtime path of "/home/robousr/ROS2Dev/Pruebas_Apriltag/apriltag_detector-master/install/apriltag_detector_umich/lib/libapriltag_detector_umich.so" to ""
[35.722s] -- Installing: /home/robousr/ROS2Dev/Pruebas_Apriltag/apriltag_detector-master/install/apriltag_detector_umich/lib/libapriltag_detector_umich_component.so
[35.745s] -- Set runtime path of "/home/robousr/ROS2Dev/Pruebas_Apriltag/apriltag_detector-master/install/apriltag_detector_umich/lib/libapriltag_detector_umich_component.so" to ""
[35.746s] -- Installing: /home/robousr/ROS2Dev/Pruebas_Apriltag/apriltag_detector-master/install/apriltag_detector_umich/include
[35.746s] -- Installing: /home/robousr/ROS2Dev/Pruebas_Apriltag/apriltag_detector-master/install/apriltag_detector_umich/include/apriltag_detector_umich
[35.746s] -- Installing: /home/robousr/ROS2Dev/Pruebas_Apriltag/apriltag_detector-master/install/apriltag_detector_umich/share/ament_index/resource_index/package_run_dependencies/apriltag_detector_umich
[35.747s] -- Installing: /home/robousr/ROS2Dev/Pruebas_Apriltag/apriltag_detector-master/install/apriltag_detector_umich/share/ament_index/resource_index/parent_prefix_path/apriltag_detector_umich
[35.748s] -- Installing: /home/robousr/ROS2Dev/Pruebas_Apriltag/apriltag_detector-master/install/apriltag_detector_umich/share/apriltag_detector_umich/environment/ament_prefix_path.sh
[35.748s] -- Installing: /home/robousr/ROS2Dev/Pruebas_Apriltag/apriltag_detector-master/install/apriltag_detector_umich/share/apriltag_detector_umich/environment/ament_prefix_path.dsv
[35.748s] -- Installing: /home/robousr/ROS2Dev/Pruebas_Apriltag/apriltag_detector-master/install/apriltag_detector_umich/share/apriltag_detector_umich/environment/path.sh
[35.749s] -- Installing: /home/robousr/ROS2Dev/Pruebas_Apriltag/apriltag_detector-master/install/apriltag_detector_umich/share/apriltag_detector_umich/environment/path.dsv
[35.749s] -- Installing: /home/robousr/ROS2Dev/Pruebas_Apriltag/apriltag_detector-master/install/apriltag_detector_umich/share/apriltag_detector_umich/local_setup.bash
[35.750s] -- Installing: /home/robousr/ROS2Dev/Pruebas_Apriltag/apriltag_detector-master/install/apriltag_detector_umich/share/apriltag_detector_umich/local_setup.sh
[35.750s] -- Installing: /home/robousr/ROS2Dev/Pruebas_Apriltag/apriltag_detector-master/install/apriltag_detector_umich/share/apriltag_detector_umich/local_setup.zsh
[35.750s] -- Installing: /home/robousr/ROS2Dev/Pruebas_Apriltag/apriltag_detector-master/install/apriltag_detector_umich/share/apriltag_detector_umich/local_setup.dsv
[35.750s] -- Installing: /home/robousr/ROS2Dev/Pruebas_Apriltag/apriltag_detector-master/install/apriltag_detector_umich/share/apriltag_detector_umich/package.dsv
[35.750s] -- Installing: /home/robousr/ROS2Dev/Pruebas_Apriltag/apriltag_detector-master/install/apriltag_detector_umich/share/ament_index/resource_index/packages/apriltag_detector_umich
[35.751s] -- Installing: /home/robousr/ROS2Dev/Pruebas_Apriltag/apriltag_detector-master/install/apriltag_detector_umich/share/ament_index/resource_index/apriltag_detector__pluginlib__plugin/apriltag_detector_umich
[35.751s] -- Installing: /home/robousr/ROS2Dev/Pruebas_Apriltag/apriltag_detector-master/install/apriltag_detector_umich/share/apriltag_detector_umich/cmake/apriltag_detector_umich_exportExport.cmake
[35.751s] -- Installing: /home/robousr/ROS2Dev/Pruebas_Apriltag/apriltag_detector-master/install/apriltag_detector_umich/share/apriltag_detector_umich/cmake/apriltag_detector_umich_exportExport-noconfig.cmake
[35.751s] -- Installing: /home/robousr/ROS2Dev/Pruebas_Apriltag/apriltag_detector-master/install/apriltag_detector_umich/share/ament_index/resource_index/rclcpp_components/apriltag_detector_umich
[35.752s] -- Installing: /home/robousr/ROS2Dev/Pruebas_Apriltag/apriltag_detector-master/install/apriltag_detector_umich/share/apriltag_detector_umich/cmake/ament_cmake_export_targets-extras.cmake
[35.753s] -- Installing: /home/robousr/ROS2Dev/Pruebas_Apriltag/apriltag_detector-master/install/apriltag_detector_umich/share/apriltag_detector_umich/cmake/ament_cmake_export_libraries-extras.cmake
[35.753s] -- Installing: /home/robousr/ROS2Dev/Pruebas_Apriltag/apriltag_detector-master/install/apriltag_detector_umich/share/apriltag_detector_umich/cmake/apriltag_detector_umichConfig.cmake
[35.753s] -- Installing: /home/robousr/ROS2Dev/Pruebas_Apriltag/apriltag_detector-master/install/apriltag_detector_umich/share/apriltag_detector_umich/cmake/apriltag_detector_umichConfig-version.cmake
[35.754s] -- Installing: /home/robousr/ROS2Dev/Pruebas_Apriltag/apriltag_detector-master/install/apriltag_detector_umich/share/apriltag_detector_umich/package.xml
[35.758s] Invoked command in '/home/robousr/ROS2Dev/Pruebas_Apriltag/apriltag_detector-master/build/apriltag_detector_umich' returned '0': AMENT_PREFIX_PATH=/home/robousr/ROS2Dev/Pruebas_Apriltag/apriltag_detector-master/install/apriltag_detector:${AMENT_PREFIX_PATH} CMAKE_PREFIX_PATH=/home/robousr/ROS2Dev/Pruebas_Apriltag/apriltag_detector-master/install/apriltag_detector:/opt/ros/humble LD_LIBRARY_PATH=/home/robousr/ROS2Dev/Pruebas_Apriltag/apriltag_detector-master/install/apriltag_detector/lib:${LD_LIBRARY_PATH} /usr/bin/cmake --install /home/robousr/ROS2Dev/Pruebas_Apriltag/apriltag_detector-master/build/apriltag_detector_umich
