[0.028s] Invoking command in '/home/robousr/ROS2Dev/Pruebas_Apriltag/build/apriltag_draw': CMAKE_PREFIX_PATH=${CMAKE_PREFIX_PATH}:/opt/ros/humble /usr/bin/cmake --build /home/robousr/ROS2Dev/Pruebas_Apriltag/build/apriltag_draw -- -j2 -l2
[0.091s] [ 50%] Built target apriltag_draw
[0.117s] [100%] Built target apriltag_draw_node
[0.147s] Invoked command in '/home/robousr/ROS2Dev/Pruebas_Apriltag/build/apriltag_draw' returned '0': CMAKE_PREFIX_PATH=${CMAKE_PREFIX_PATH}:/opt/ros/humble /usr/bin/cmake --build /home/robousr/ROS2Dev/Pruebas_Apriltag/build/apriltag_draw -- -j2 -l2
[0.191s] Invoking command in '/home/robousr/ROS2Dev/Pruebas_Apriltag/build/apriltag_draw': CMAKE_PREFIX_PATH=${CMAKE_PREFIX_PATH}:/opt/ros/humble /usr/bin/cmake --install /home/robousr/ROS2Dev/Pruebas_Apriltag/build/apriltag_draw
[0.192s] -- Install configuration: ""
[0.192s] -- Up-to-date: /home/robousr/ROS2Dev/Pruebas_Apriltag/install/apriltag_draw/lib/apriltag_draw/apriltag_draw_node
[0.192s] -- Up-to-date: /home/robousr/ROS2Dev/Pruebas_Apriltag/install/apriltag_draw/lib/libapriltag_draw.so
[0.192s] -- Up-to-date: /home/robousr/ROS2Dev/Pruebas_Apriltag/install/apriltag_draw/share/apriltag_draw//launch
[0.192s] -- Up-to-date: /home/robousr/ROS2Dev/Pruebas_Apriltag/install/apriltag_draw/share/apriltag_draw//launch/draw.launch.py
[0.192s] -- Up-to-date: /home/robousr/ROS2Dev/Pruebas_Apriltag/install/apriltag_draw/share/apriltag_draw//launch/composable.launch.py
[0.192s] -- Up-to-date: /home/robousr/ROS2Dev/Pruebas_Apriltag/install/apriltag_draw/share/ament_index/resource_index/package_run_dependencies/apriltag_draw
[0.193s] -- Up-to-date: /home/robousr/ROS2Dev/Pruebas_Apriltag/install/apriltag_draw/share/ament_index/resource_index/parent_prefix_path/apriltag_draw
[0.193s] -- Up-to-date: /home/robousr/ROS2Dev/Pruebas_Apriltag/install/apriltag_draw/share/apriltag_draw/environment/ament_prefix_path.sh
[0.193s] -- Up-to-date: /home/robousr/ROS2Dev/Pruebas_Apriltag/install/apriltag_draw/share/apriltag_draw/environment/ament_prefix_path.dsv
[0.193s] -- Up-to-date: /home/robousr/ROS2Dev/Pruebas_Apriltag/install/apriltag_draw/share/apriltag_draw/environment/path.sh
[0.193s] -- Up-to-date: /home/robousr/ROS2Dev/Pruebas_Apriltag/install/apriltag_draw/share/apriltag_draw/environment/path.dsv
[0.193s] -- Up-to-date: /home/robousr/ROS2Dev/Pruebas_Apriltag/install/apriltag_draw/share/apriltag_draw/local_setup.bash
[0.193s] -- Up-to-date: /home/robousr/ROS2Dev/Pruebas_Apriltag/install/apriltag_draw/share/apriltag_draw/local_setup.sh
[0.193s] -- Up-to-date: /home/robousr/ROS2Dev/Pruebas_Apriltag/install/apriltag_draw/share/apriltag_draw/local_setup.zsh
[0.193s] -- Up-to-date: /home/robousr/ROS2Dev/Pruebas_Apriltag/install/apriltag_draw/share/apriltag_draw/local_setup.dsv
[0.193s] -- Installing: /home/robousr/ROS2Dev/Pruebas_Apriltag/install/apriltag_draw/share/apriltag_draw/package.dsv
[0.193s] -- Up-to-date: /home/robousr/ROS2Dev/Pruebas_Apriltag/install/apriltag_draw/share/ament_index/resource_index/packages/apriltag_draw
[0.194s] -- Up-to-date: /home/robousr/ROS2Dev/Pruebas_Apriltag/install/apriltag_draw/share/ament_index/resource_index/rclcpp_components/apriltag_draw
[0.194s] -- Up-to-date: /home/robousr/ROS2Dev/Pruebas_Apriltag/install/apriltag_draw/share/apriltag_draw/cmake/apriltag_drawConfig.cmake
[0.195s] -- Up-to-date: /home/robousr/ROS2Dev/Pruebas_Apriltag/install/apriltag_draw/share/apriltag_draw/cmake/apriltag_drawConfig-version.cmake
[0.195s] -- Up-to-date: /home/robousr/ROS2Dev/Pruebas_Apriltag/install/apriltag_draw/share/apriltag_draw/package.xml
[0.197s] Invoked command in '/home/robousr/ROS2Dev/Pruebas_Apriltag/build/apriltag_draw' returned '0': CMAKE_PREFIX_PATH=${CMAKE_PREFIX_PATH}:/opt/ros/humble /usr/bin/cmake --install /home/robousr/ROS2Dev/Pruebas_Apriltag/build/apriltag_draw
