[0.013s] Invoking command in '/home/robousr/ROS2Dev/Pruebas_Apriltag/build/apriltag_draw': CMAKE_PREFIX_PATH=/opt/ros/humble /usr/bin/cmake /home/robousr/ROS2Dev/Pruebas_Apriltag/apriltag_detector-master/apriltag_draw -DCMAKE_INSTALL_PREFIX=/home/robousr/ROS2Dev/Pruebas_Apriltag/install/apriltag_draw
[0.193s] -- The C compiler identification is GNU 11.4.0
[0.331s] -- The CXX compiler identification is GNU 11.4.0
[0.347s] -- Detecting C compiler ABI info
[0.450s] -- Detecting C compiler ABI info - done
[0.460s] -- Check for working C compiler: /usr/bin/cc - skipped
[0.461s] -- Detecting C compile features
[0.462s] -- Detecting C compile features - done
[0.474s] -- Detecting CXX compiler ABI info
[0.677s] -- Detecting CXX compiler ABI info - done
[0.686s] -- Check for working CXX compiler: /usr/bin/c++ - skipped
[0.686s] -- Detecting CXX compile features
[0.687s] -- Detecting CXX compile features - done
[0.699s] -- Found ament_cmake: 1.3.10 (/opt/ros/humble/share/ament_cmake/cmake)
[1.173s] -- Found Python3: /home/robousr/.pyenv/shims/python3 (found version "3.10.12") found components: Interpreter 
[1.362s] -- Found OpenCV: /usr (found version "4.5.4") found components: core imgproc 
[1.367s] -- Found rclcpp: 16.0.10 (/opt/ros/humble/share/rclcpp/cmake)
[1.423s] -- Found rosidl_generator_c: 3.1.5 (/opt/ros/humble/share/rosidl_generator_c/cmake)
[1.432s] -- Found rosidl_adapter: 3.1.5 (/opt/ros/humble/share/rosidl_adapter/cmake)
[1.446s] -- Found rosidl_generator_cpp: 3.1.5 (/opt/ros/humble/share/rosidl_generator_cpp/cmake)
[1.470s] -- Using all available rosidl_typesupport_c: rosidl_typesupport_fastrtps_c;rosidl_typesupport_introspection_c
[1.498s] -- Using all available rosidl_typesupport_cpp: rosidl_typesupport_fastrtps_cpp;rosidl_typesupport_introspection_cpp
[1.607s] -- Found rmw_implementation_cmake: 6.1.2 (/opt/ros/humble/share/rmw_implementation_cmake/cmake)
[1.620s] -- Found rmw_fastrtps_cpp: 6.2.7 (/opt/ros/humble/share/rmw_fastrtps_cpp/cmake)
[1.854s] -- Found OpenSSL: /usr/lib/x86_64-linux-gnu/libcrypto.so (found version "3.0.2")  
[1.890s] -- Found FastRTPS: /opt/ros/humble/include  
[1.936s] -- Using RMW implementation 'rmw_fastrtps_cpp' as default
[1.959s] -- Looking for pthread.h
[2.069s] -- Looking for pthread.h - found
[2.069s] -- Performing Test CMAKE_HAVE_LIBC_PTHREAD
[2.159s] -- Performing Test CMAKE_HAVE_LIBC_PTHREAD - Success
[2.161s] -- Found Threads: TRUE  
[2.243s] -- Found rclcpp_components: 16.0.10 (/opt/ros/humble/share/rclcpp_components/cmake)
[2.305s] -- Found image_transport: 3.1.9 (/opt/ros/humble/share/image_transport/cmake)
[2.372s] -- Found cv_bridge: 3.2.1 (/opt/ros/humble/share/cv_bridge/cmake)
[2.376s] -- Found apriltag_msgs: 2.0.1 (/opt/ros/humble/share/apriltag_msgs/cmake)
[2.390s] -- Found ament_cmake_copyright: 0.12.11 (/opt/ros/humble/share/ament_cmake_copyright/cmake)
[2.391s] -- Found ament_cmake_cppcheck: 0.12.11 (/opt/ros/humble/share/ament_cmake_cppcheck/cmake)
[2.394s] -- Found ament_cmake_cpplint: 0.12.11 (/opt/ros/humble/share/ament_cmake_cpplint/cmake)
[2.395s] -- Found ament_cmake_clang_format: 0.12.11 (/opt/ros/humble/share/ament_cmake_clang_format/cmake)
[2.398s] -- Found ament_cmake_flake8: 0.12.11 (/opt/ros/humble/share/ament_cmake_flake8/cmake)
[2.401s] -- Found ament_cmake_lint_cmake: 0.12.11 (/opt/ros/humble/share/ament_cmake_lint_cmake/cmake)
[2.405s] -- Found ament_cmake_pep257: 0.12.11 (/opt/ros/humble/share/ament_cmake_pep257/cmake)
[2.405s] -- Found ament_cmake_xmllint: 0.12.11 (/opt/ros/humble/share/ament_cmake_xmllint/cmake)
[2.540s] -- Configuring done
[2.568s] -- Generating done
[2.568s] -- Build files have been written to: /home/robousr/ROS2Dev/Pruebas_Apriltag/build/apriltag_draw
[2.594s] Invoked command in '/home/robousr/ROS2Dev/Pruebas_Apriltag/build/apriltag_draw' returned '0': CMAKE_PREFIX_PATH=/opt/ros/humble /usr/bin/cmake /home/robousr/ROS2Dev/Pruebas_Apriltag/apriltag_detector-master/apriltag_draw -DCMAKE_INSTALL_PREFIX=/home/robousr/ROS2Dev/Pruebas_Apriltag/install/apriltag_draw
[2.595s] Invoking command in '/home/robousr/ROS2Dev/Pruebas_Apriltag/build/apriltag_draw': CMAKE_PREFIX_PATH=/opt/ros/humble /usr/bin/cmake --build /home/robousr/ROS2Dev/Pruebas_Apriltag/build/apriltag_draw -- -j2 -l2
[2.661s] [ 25%] [32mBuilding CXX object CMakeFiles/apriltag_draw.dir/src/apriltag_draw.cpp.o[0m
[32.764s] [ 50%] [32m[1mLinking CXX shared library libapriltag_draw.so[0m
[33.377s] [ 50%] Built target apriltag_draw
[33.454s] [ 75%] [32mBuilding CXX object CMakeFiles/apriltag_draw_node.dir/src/node.cpp.o[0m
[37.612s] [100%] [32m[1mLinking CXX executable apriltag_draw_node[0m
[38.299s] [100%] Built target apriltag_draw_node
[38.319s] Invoked command in '/home/robousr/ROS2Dev/Pruebas_Apriltag/build/apriltag_draw' returned '0': CMAKE_PREFIX_PATH=/opt/ros/humble /usr/bin/cmake --build /home/robousr/ROS2Dev/Pruebas_Apriltag/build/apriltag_draw -- -j2 -l2
[38.372s] Invoking command in '/home/robousr/ROS2Dev/Pruebas_Apriltag/build/apriltag_draw': CMAKE_PREFIX_PATH=/opt/ros/humble /usr/bin/cmake --install /home/robousr/ROS2Dev/Pruebas_Apriltag/build/apriltag_draw
[38.376s] -- Install configuration: ""
[38.377s] -- Installing: /home/robousr/ROS2Dev/Pruebas_Apriltag/install/apriltag_draw/lib/apriltag_draw/apriltag_draw_node
[38.377s] -- Set runtime path of "/home/robousr/ROS2Dev/Pruebas_Apriltag/install/apriltag_draw/lib/apriltag_draw/apriltag_draw_node" to ""
[38.377s] -- Installing: /home/robousr/ROS2Dev/Pruebas_Apriltag/install/apriltag_draw/lib/libapriltag_draw.so
[38.387s] -- Set runtime path of "/home/robousr/ROS2Dev/Pruebas_Apriltag/install/apriltag_draw/lib/libapriltag_draw.so" to ""
[38.387s] -- Installing: /home/robousr/ROS2Dev/Pruebas_Apriltag/install/apriltag_draw/share/apriltag_draw//launch
[38.387s] -- Installing: /home/robousr/ROS2Dev/Pruebas_Apriltag/install/apriltag_draw/share/apriltag_draw//launch/draw.launch.py
[38.388s] -- Installing: /home/robousr/ROS2Dev/Pruebas_Apriltag/install/apriltag_draw/share/apriltag_draw//launch/composable.launch.py
[38.388s] -- Installing: /home/robousr/ROS2Dev/Pruebas_Apriltag/install/apriltag_draw/share/ament_index/resource_index/package_run_dependencies/apriltag_draw
[38.388s] -- Installing: /home/robousr/ROS2Dev/Pruebas_Apriltag/install/apriltag_draw/share/ament_index/resource_index/parent_prefix_path/apriltag_draw
[38.389s] -- Installing: /home/robousr/ROS2Dev/Pruebas_Apriltag/install/apriltag_draw/share/apriltag_draw/environment/ament_prefix_path.sh
[38.389s] -- Installing: /home/robousr/ROS2Dev/Pruebas_Apriltag/install/apriltag_draw/share/apriltag_draw/environment/ament_prefix_path.dsv
[38.389s] -- Installing: /home/robousr/ROS2Dev/Pruebas_Apriltag/install/apriltag_draw/share/apriltag_draw/environment/path.sh
[38.390s] -- Installing: /home/robousr/ROS2Dev/Pruebas_Apriltag/install/apriltag_draw/share/apriltag_draw/environment/path.dsv
[38.390s] -- Installing: /home/robousr/ROS2Dev/Pruebas_Apriltag/install/apriltag_draw/share/apriltag_draw/local_setup.bash
[38.391s] -- Installing: /home/robousr/ROS2Dev/Pruebas_Apriltag/install/apriltag_draw/share/apriltag_draw/local_setup.sh
[38.391s] -- Installing: /home/robousr/ROS2Dev/Pruebas_Apriltag/install/apriltag_draw/share/apriltag_draw/local_setup.zsh
[38.391s] -- Installing: /home/robousr/ROS2Dev/Pruebas_Apriltag/install/apriltag_draw/share/apriltag_draw/local_setup.dsv
[38.391s] -- Installing: /home/robousr/ROS2Dev/Pruebas_Apriltag/install/apriltag_draw/share/apriltag_draw/package.dsv
[38.391s] -- Installing: /home/robousr/ROS2Dev/Pruebas_Apriltag/install/apriltag_draw/share/ament_index/resource_index/packages/apriltag_draw
[38.392s] -- Installing: /home/robousr/ROS2Dev/Pruebas_Apriltag/install/apriltag_draw/share/ament_index/resource_index/rclcpp_components/apriltag_draw
[38.392s] -- Installing: /home/robousr/ROS2Dev/Pruebas_Apriltag/install/apriltag_draw/share/apriltag_draw/cmake/apriltag_drawConfig.cmake
[38.392s] -- Installing: /home/robousr/ROS2Dev/Pruebas_Apriltag/install/apriltag_draw/share/apriltag_draw/cmake/apriltag_drawConfig-version.cmake
[38.393s] -- Installing: /home/robousr/ROS2Dev/Pruebas_Apriltag/install/apriltag_draw/share/apriltag_draw/package.xml
[38.400s] Invoked command in '/home/robousr/ROS2Dev/Pruebas_Apriltag/build/apriltag_draw' returned '0': CMAKE_PREFIX_PATH=/opt/ros/humble /usr/bin/cmake --install /home/robousr/ROS2Dev/Pruebas_Apriltag/build/apriltag_draw
