[0.284s] DEBUG:colcon:Command line arguments: ['/usr/bin/colcon', 'build']
[0.284s] DEBUG:colcon:Parsed command line arguments: Namespace(log_base=None, log_level=None, verb_name='build', build_base='build', install_base='install', merge_install=False, symlink_install=False, test_result_base=None, continue_on_error=False, executor='parallel', parallel_workers=2, event_handlers=None, ignore_user_meta=False, metas=['./colcon.meta'], base_paths=['.'], packages_ignore=None, packages_ignore_regex=None, paths=None, packages_up_to=None, packages_up_to_regex=None, packages_above=None, packages_above_and_dependencies=None, packages_above_depth=None, packages_select_by_dep=None, packages_skip_by_dep=None, packages_skip_up_to=None, packages_select_build_failed=False, packages_skip_build_finished=False, packages_select_test_failures=False, packages_skip_test_passed=False, packages_select=None, packages_skip=None, packages_select_regex=None, packages_skip_regex=None, packages_start=None, packages_end=None, allow_overriding=[], cmake_args=None, cmake_target=None, cmake_target_skip_unavailable=False, cmake_clean_cache=False, cmake_clean_first=False, cmake_force_configure=False, ament_cmake_args=None, catkin_cmake_args=None, catkin_skip_building_tests=False, mixin_files=None, mixin=None, verb_parser=<colcon_mixin.mixin.mixin_argument.MixinArgumentDecorator object at 0x7467ffc33a90>, verb_extension=<colcon_core.verb.build.BuildVerb object at 0x7467ffc33310>, main=<bound method BuildVerb.main of <colcon_core.verb.build.BuildVerb object at 0x7467ffc33310>>, mixin_verb=('build',))
[0.741s] Level 1:colcon.colcon_core.package_discovery:discover_packages(colcon_meta) check parameters
[0.742s] Level 1:colcon.colcon_core.package_discovery:discover_packages(recursive) check parameters
[0.742s] Level 1:colcon.colcon_core.package_discovery:discover_packages(ignore) check parameters
[0.742s] Level 1:colcon.colcon_core.package_discovery:discover_packages(path) check parameters
[0.742s] Level 1:colcon.colcon_core.package_discovery:discover_packages(colcon_meta) discover
[0.742s] Level 1:colcon.colcon_core.package_discovery:discover_packages(recursive) discover
[0.742s] INFO:colcon.colcon_core.package_discovery:Crawling recursively for packages in '/home/robousr/ROS2Dev/Pruebas_Apriltag'
[0.742s] Level 1:colcon.colcon_core.package_identification:_identify(.) by extensions ['ignore', 'ignore_ament_install']
[0.742s] Level 1:colcon.colcon_core.package_identification:_identify(.) by extension 'ignore'
[0.742s] Level 1:colcon.colcon_core.package_identification:_identify(.) by extension 'ignore_ament_install'
[0.742s] Level 1:colcon.colcon_core.package_identification:_identify(.) by extensions ['colcon_pkg']
[0.742s] Level 1:colcon.colcon_core.package_identification:_identify(.) by extension 'colcon_pkg'
[0.742s] Level 1:colcon.colcon_core.package_identification:_identify(.) by extensions ['colcon_meta']
[0.742s] Level 1:colcon.colcon_core.package_identification:_identify(.) by extension 'colcon_meta'
[0.742s] Level 1:colcon.colcon_core.package_identification:_identify(.) by extensions ['ros']
[0.743s] Level 1:colcon.colcon_core.package_identification:_identify(.) by extension 'ros'
[0.755s] Level 1:colcon.colcon_core.package_identification:_identify(.) by extensions ['cmake', 'python']
[0.755s] Level 1:colcon.colcon_core.package_identification:_identify(.) by extension 'cmake'
[0.755s] Level 1:colcon.colcon_core.package_identification:_identify(.) by extension 'python'
[0.755s] Level 1:colcon.colcon_core.package_identification:_identify(.) by extensions ['python_setup_py']
[0.755s] Level 1:colcon.colcon_core.package_identification:_identify(.) by extension 'python_setup_py'
[0.755s] Level 1:colcon.colcon_core.package_identification:_identify(apriltag-imgs-master) by extensions ['ignore', 'ignore_ament_install']
[0.756s] Level 1:colcon.colcon_core.package_identification:_identify(apriltag-imgs-master) by extension 'ignore'
[0.756s] Level 1:colcon.colcon_core.package_identification:_identify(apriltag-imgs-master) by extension 'ignore_ament_install'
[0.756s] Level 1:colcon.colcon_core.package_identification:_identify(apriltag-imgs-master) by extensions ['colcon_pkg']
[0.756s] Level 1:colcon.colcon_core.package_identification:_identify(apriltag-imgs-master) by extension 'colcon_pkg'
[0.756s] Level 1:colcon.colcon_core.package_identification:_identify(apriltag-imgs-master) by extensions ['colcon_meta']
[0.756s] Level 1:colcon.colcon_core.package_identification:_identify(apriltag-imgs-master) by extension 'colcon_meta'
[0.756s] Level 1:colcon.colcon_core.package_identification:_identify(apriltag-imgs-master) by extensions ['ros']
[0.756s] Level 1:colcon.colcon_core.package_identification:_identify(apriltag-imgs-master) by extension 'ros'
[0.756s] Level 1:colcon.colcon_core.package_identification:_identify(apriltag-imgs-master) by extensions ['cmake', 'python']
[0.756s] Level 1:colcon.colcon_core.package_identification:_identify(apriltag-imgs-master) by extension 'cmake'
[0.756s] Level 1:colcon.colcon_core.package_identification:_identify(apriltag-imgs-master) by extension 'python'
[0.756s] Level 1:colcon.colcon_core.package_identification:_identify(apriltag-imgs-master) by extensions ['python_setup_py']
[0.756s] Level 1:colcon.colcon_core.package_identification:_identify(apriltag-imgs-master) by extension 'python_setup_py'
[0.757s] Level 1:colcon.colcon_core.package_identification:_identify(apriltag-imgs-master/tag16h5) by extensions ['ignore', 'ignore_ament_install']
[0.757s] Level 1:colcon.colcon_core.package_identification:_identify(apriltag-imgs-master/tag16h5) by extension 'ignore'
[0.757s] Level 1:colcon.colcon_core.package_identification:_identify(apriltag-imgs-master/tag16h5) by extension 'ignore_ament_install'
[0.757s] Level 1:colcon.colcon_core.package_identification:_identify(apriltag-imgs-master/tag16h5) by extensions ['colcon_pkg']
[0.757s] Level 1:colcon.colcon_core.package_identification:_identify(apriltag-imgs-master/tag16h5) by extension 'colcon_pkg'
[0.757s] Level 1:colcon.colcon_core.package_identification:_identify(apriltag-imgs-master/tag16h5) by extensions ['colcon_meta']
[0.757s] Level 1:colcon.colcon_core.package_identification:_identify(apriltag-imgs-master/tag16h5) by extension 'colcon_meta'
[0.757s] Level 1:colcon.colcon_core.package_identification:_identify(apriltag-imgs-master/tag16h5) by extensions ['ros']
[0.757s] Level 1:colcon.colcon_core.package_identification:_identify(apriltag-imgs-master/tag16h5) by extension 'ros'
[0.757s] Level 1:colcon.colcon_core.package_identification:_identify(apriltag-imgs-master/tag16h5) by extensions ['cmake', 'python']
[0.757s] Level 1:colcon.colcon_core.package_identification:_identify(apriltag-imgs-master/tag16h5) by extension 'cmake'
[0.757s] Level 1:colcon.colcon_core.package_identification:_identify(apriltag-imgs-master/tag16h5) by extension 'python'
[0.757s] Level 1:colcon.colcon_core.package_identification:_identify(apriltag-imgs-master/tag16h5) by extensions ['python_setup_py']
[0.757s] Level 1:colcon.colcon_core.package_identification:_identify(apriltag-imgs-master/tag16h5) by extension 'python_setup_py'
[0.757s] Level 1:colcon.colcon_core.package_identification:_identify(apriltag-imgs-master/tag25h9) by extensions ['ignore', 'ignore_ament_install']
[0.757s] Level 1:colcon.colcon_core.package_identification:_identify(apriltag-imgs-master/tag25h9) by extension 'ignore'
[0.757s] Level 1:colcon.colcon_core.package_identification:_identify(apriltag-imgs-master/tag25h9) by extension 'ignore_ament_install'
[0.757s] Level 1:colcon.colcon_core.package_identification:_identify(apriltag-imgs-master/tag25h9) by extensions ['colcon_pkg']
[0.757s] Level 1:colcon.colcon_core.package_identification:_identify(apriltag-imgs-master/tag25h9) by extension 'colcon_pkg'
[0.758s] Level 1:colcon.colcon_core.package_identification:_identify(apriltag-imgs-master/tag25h9) by extensions ['colcon_meta']
[0.758s] Level 1:colcon.colcon_core.package_identification:_identify(apriltag-imgs-master/tag25h9) by extension 'colcon_meta'
[0.758s] Level 1:colcon.colcon_core.package_identification:_identify(apriltag-imgs-master/tag25h9) by extensions ['ros']
[0.758s] Level 1:colcon.colcon_core.package_identification:_identify(apriltag-imgs-master/tag25h9) by extension 'ros'
[0.758s] Level 1:colcon.colcon_core.package_identification:_identify(apriltag-imgs-master/tag25h9) by extensions ['cmake', 'python']
[0.758s] Level 1:colcon.colcon_core.package_identification:_identify(apriltag-imgs-master/tag25h9) by extension 'cmake'
[0.758s] Level 1:colcon.colcon_core.package_identification:_identify(apriltag-imgs-master/tag25h9) by extension 'python'
[0.758s] Level 1:colcon.colcon_core.package_identification:_identify(apriltag-imgs-master/tag25h9) by extensions ['python_setup_py']
[0.758s] Level 1:colcon.colcon_core.package_identification:_identify(apriltag-imgs-master/tag25h9) by extension 'python_setup_py'
[0.759s] Level 1:colcon.colcon_core.package_identification:_identify(apriltag-imgs-master/tag36h11) by extensions ['ignore', 'ignore_ament_install']
[0.759s] Level 1:colcon.colcon_core.package_identification:_identify(apriltag-imgs-master/tag36h11) by extension 'ignore'
[0.759s] Level 1:colcon.colcon_core.package_identification:_identify(apriltag-imgs-master/tag36h11) by extension 'ignore_ament_install'
[0.759s] Level 1:colcon.colcon_core.package_identification:_identify(apriltag-imgs-master/tag36h11) by extensions ['colcon_pkg']
[0.759s] Level 1:colcon.colcon_core.package_identification:_identify(apriltag-imgs-master/tag36h11) by extension 'colcon_pkg'
[0.759s] Level 1:colcon.colcon_core.package_identification:_identify(apriltag-imgs-master/tag36h11) by extensions ['colcon_meta']
[0.759s] Level 1:colcon.colcon_core.package_identification:_identify(apriltag-imgs-master/tag36h11) by extension 'colcon_meta'
[0.759s] Level 1:colcon.colcon_core.package_identification:_identify(apriltag-imgs-master/tag36h11) by extensions ['ros']
[0.759s] Level 1:colcon.colcon_core.package_identification:_identify(apriltag-imgs-master/tag36h11) by extension 'ros'
[0.759s] Level 1:colcon.colcon_core.package_identification:_identify(apriltag-imgs-master/tag36h11) by extensions ['cmake', 'python']
[0.759s] Level 1:colcon.colcon_core.package_identification:_identify(apriltag-imgs-master/tag36h11) by extension 'cmake'
[0.759s] Level 1:colcon.colcon_core.package_identification:_identify(apriltag-imgs-master/tag36h11) by extension 'python'
[0.759s] Level 1:colcon.colcon_core.package_identification:_identify(apriltag-imgs-master/tag36h11) by extensions ['python_setup_py']
[0.759s] Level 1:colcon.colcon_core.package_identification:_identify(apriltag-imgs-master/tag36h11) by extension 'python_setup_py'
[0.760s] Level 1:colcon.colcon_core.package_identification:_identify(apriltag-imgs-master/tagCircle21h7) by extensions ['ignore', 'ignore_ament_install']
[0.760s] Level 1:colcon.colcon_core.package_identification:_identify(apriltag-imgs-master/tagCircle21h7) by extension 'ignore'
[0.760s] Level 1:colcon.colcon_core.package_identification:_identify(apriltag-imgs-master/tagCircle21h7) by extension 'ignore_ament_install'
[0.760s] Level 1:colcon.colcon_core.package_identification:_identify(apriltag-imgs-master/tagCircle21h7) by extensions ['colcon_pkg']
[0.760s] Level 1:colcon.colcon_core.package_identification:_identify(apriltag-imgs-master/tagCircle21h7) by extension 'colcon_pkg'
[0.760s] Level 1:colcon.colcon_core.package_identification:_identify(apriltag-imgs-master/tagCircle21h7) by extensions ['colcon_meta']
[0.760s] Level 1:colcon.colcon_core.package_identification:_identify(apriltag-imgs-master/tagCircle21h7) by extension 'colcon_meta'
[0.760s] Level 1:colcon.colcon_core.package_identification:_identify(apriltag-imgs-master/tagCircle21h7) by extensions ['ros']
[0.760s] Level 1:colcon.colcon_core.package_identification:_identify(apriltag-imgs-master/tagCircle21h7) by extension 'ros'
[0.760s] Level 1:colcon.colcon_core.package_identification:_identify(apriltag-imgs-master/tagCircle21h7) by extensions ['cmake', 'python']
[0.760s] Level 1:colcon.colcon_core.package_identification:_identify(apriltag-imgs-master/tagCircle21h7) by extension 'cmake'
[0.760s] Level 1:colcon.colcon_core.package_identification:_identify(apriltag-imgs-master/tagCircle21h7) by extension 'python'
[0.760s] Level 1:colcon.colcon_core.package_identification:_identify(apriltag-imgs-master/tagCircle21h7) by extensions ['python_setup_py']
[0.760s] Level 1:colcon.colcon_core.package_identification:_identify(apriltag-imgs-master/tagCircle21h7) by extension 'python_setup_py'
[0.801s] Level 1:colcon.colcon_core.package_identification:_identify(apriltag-imgs-master/tagCircle49h12) by extensions ['ignore', 'ignore_ament_install']
[0.802s] Level 1:colcon.colcon_core.package_identification:_identify(apriltag-imgs-master/tagCircle49h12) by extension 'ignore'
[0.802s] Level 1:colcon.colcon_core.package_identification:_identify(apriltag-imgs-master/tagCircle49h12) by extension 'ignore_ament_install'
[0.802s] Level 1:colcon.colcon_core.package_identification:_identify(apriltag-imgs-master/tagCircle49h12) by extensions ['colcon_pkg']
[0.802s] Level 1:colcon.colcon_core.package_identification:_identify(apriltag-imgs-master/tagCircle49h12) by extension 'colcon_pkg'
[0.802s] Level 1:colcon.colcon_core.package_identification:_identify(apriltag-imgs-master/tagCircle49h12) by extensions ['colcon_meta']
[0.802s] Level 1:colcon.colcon_core.package_identification:_identify(apriltag-imgs-master/tagCircle49h12) by extension 'colcon_meta'
[0.802s] Level 1:colcon.colcon_core.package_identification:_identify(apriltag-imgs-master/tagCircle49h12) by extensions ['ros']
[0.802s] Level 1:colcon.colcon_core.package_identification:_identify(apriltag-imgs-master/tagCircle49h12) by extension 'ros'
[0.802s] Level 1:colcon.colcon_core.package_identification:_identify(apriltag-imgs-master/tagCircle49h12) by extensions ['cmake', 'python']
[0.802s] Level 1:colcon.colcon_core.package_identification:_identify(apriltag-imgs-master/tagCircle49h12) by extension 'cmake'
[0.802s] Level 1:colcon.colcon_core.package_identification:_identify(apriltag-imgs-master/tagCircle49h12) by extension 'python'
[0.802s] Level 1:colcon.colcon_core.package_identification:_identify(apriltag-imgs-master/tagCircle49h12) by extensions ['python_setup_py']
[0.802s] Level 1:colcon.colcon_core.package_identification:_identify(apriltag-imgs-master/tagCircle49h12) by extension 'python_setup_py'
[0.830s] Level 1:colcon.colcon_core.package_identification:_identify(apriltag-imgs-master/tagCustom48h12) by extensions ['ignore', 'ignore_ament_install']
[0.830s] Level 1:colcon.colcon_core.package_identification:_identify(apriltag-imgs-master/tagCustom48h12) by extension 'ignore'
[0.831s] Level 1:colcon.colcon_core.package_identification:_identify(apriltag-imgs-master/tagCustom48h12) by extension 'ignore_ament_install'
[0.831s] Level 1:colcon.colcon_core.package_identification:_identify(apriltag-imgs-master/tagCustom48h12) by extensions ['colcon_pkg']
[0.831s] Level 1:colcon.colcon_core.package_identification:_identify(apriltag-imgs-master/tagCustom48h12) by extension 'colcon_pkg'
[0.831s] Level 1:colcon.colcon_core.package_identification:_identify(apriltag-imgs-master/tagCustom48h12) by extensions ['colcon_meta']
[0.831s] Level 1:colcon.colcon_core.package_identification:_identify(apriltag-imgs-master/tagCustom48h12) by extension 'colcon_meta'
[0.831s] Level 1:colcon.colcon_core.package_identification:_identify(apriltag-imgs-master/tagCustom48h12) by extensions ['ros']
[0.831s] Level 1:colcon.colcon_core.package_identification:_identify(apriltag-imgs-master/tagCustom48h12) by extension 'ros'
[0.831s] Level 1:colcon.colcon_core.package_identification:_identify(apriltag-imgs-master/tagCustom48h12) by extensions ['cmake', 'python']
[0.831s] Level 1:colcon.colcon_core.package_identification:_identify(apriltag-imgs-master/tagCustom48h12) by extension 'cmake'
[0.831s] Level 1:colcon.colcon_core.package_identification:_identify(apriltag-imgs-master/tagCustom48h12) by extension 'python'
[0.831s] Level 1:colcon.colcon_core.package_identification:_identify(apriltag-imgs-master/tagCustom48h12) by extensions ['python_setup_py']
[0.831s] Level 1:colcon.colcon_core.package_identification:_identify(apriltag-imgs-master/tagCustom48h12) by extension 'python_setup_py'
[0.833s] Level 1:colcon.colcon_core.package_identification:_identify(apriltag-imgs-master/tagStandard41h12) by extensions ['ignore', 'ignore_ament_install']
[0.833s] Level 1:colcon.colcon_core.package_identification:_identify(apriltag-imgs-master/tagStandard41h12) by extension 'ignore'
[0.833s] Level 1:colcon.colcon_core.package_identification:_identify(apriltag-imgs-master/tagStandard41h12) by extension 'ignore_ament_install'
[0.833s] Level 1:colcon.colcon_core.package_identification:_identify(apriltag-imgs-master/tagStandard41h12) by extensions ['colcon_pkg']
[0.833s] Level 1:colcon.colcon_core.package_identification:_identify(apriltag-imgs-master/tagStandard41h12) by extension 'colcon_pkg'
[0.833s] Level 1:colcon.colcon_core.package_identification:_identify(apriltag-imgs-master/tagStandard41h12) by extensions ['colcon_meta']
[0.833s] Level 1:colcon.colcon_core.package_identification:_identify(apriltag-imgs-master/tagStandard41h12) by extension 'colcon_meta'
[0.833s] Level 1:colcon.colcon_core.package_identification:_identify(apriltag-imgs-master/tagStandard41h12) by extensions ['ros']
[0.833s] Level 1:colcon.colcon_core.package_identification:_identify(apriltag-imgs-master/tagStandard41h12) by extension 'ros'
[0.833s] Level 1:colcon.colcon_core.package_identification:_identify(apriltag-imgs-master/tagStandard41h12) by extensions ['cmake', 'python']
[0.833s] Level 1:colcon.colcon_core.package_identification:_identify(apriltag-imgs-master/tagStandard41h12) by extension 'cmake'
[0.833s] Level 1:colcon.colcon_core.package_identification:_identify(apriltag-imgs-master/tagStandard41h12) by extension 'python'
[0.834s] Level 1:colcon.colcon_core.package_identification:_identify(apriltag-imgs-master/tagStandard41h12) by extensions ['python_setup_py']
[0.834s] Level 1:colcon.colcon_core.package_identification:_identify(apriltag-imgs-master/tagStandard41h12) by extension 'python_setup_py'
[0.844s] Level 1:colcon.colcon_core.package_identification:_identify(apriltag-imgs-master/tagStandard52h13) by extensions ['ignore', 'ignore_ament_install']
[0.844s] Level 1:colcon.colcon_core.package_identification:_identify(apriltag-imgs-master/tagStandard52h13) by extension 'ignore'
[0.844s] Level 1:colcon.colcon_core.package_identification:_identify(apriltag-imgs-master/tagStandard52h13) by extension 'ignore_ament_install'
[0.844s] Level 1:colcon.colcon_core.package_identification:_identify(apriltag-imgs-master/tagStandard52h13) by extensions ['colcon_pkg']
[0.844s] Level 1:colcon.colcon_core.package_identification:_identify(apriltag-imgs-master/tagStandard52h13) by extension 'colcon_pkg'
[0.844s] Level 1:colcon.colcon_core.package_identification:_identify(apriltag-imgs-master/tagStandard52h13) by extensions ['colcon_meta']
[0.844s] Level 1:colcon.colcon_core.package_identification:_identify(apriltag-imgs-master/tagStandard52h13) by extension 'colcon_meta'
[0.844s] Level 1:colcon.colcon_core.package_identification:_identify(apriltag-imgs-master/tagStandard52h13) by extensions ['ros']
[0.844s] Level 1:colcon.colcon_core.package_identification:_identify(apriltag-imgs-master/tagStandard52h13) by extension 'ros'
[0.844s] Level 1:colcon.colcon_core.package_identification:_identify(apriltag-imgs-master/tagStandard52h13) by extensions ['cmake', 'python']
[0.844s] Level 1:colcon.colcon_core.package_identification:_identify(apriltag-imgs-master/tagStandard52h13) by extension 'cmake'
[0.844s] Level 1:colcon.colcon_core.package_identification:_identify(apriltag-imgs-master/tagStandard52h13) by extension 'python'
[0.844s] Level 1:colcon.colcon_core.package_identification:_identify(apriltag-imgs-master/tagStandard52h13) by extensions ['python_setup_py']
[0.844s] Level 1:colcon.colcon_core.package_identification:_identify(apriltag-imgs-master/tagStandard52h13) by extension 'python_setup_py'
[0.845s] Level 1:colcon.colcon_core.package_identification:_identify(apriltag_detector-master) by extensions ['ignore', 'ignore_ament_install']
[0.845s] Level 1:colcon.colcon_core.package_identification:_identify(apriltag_detector-master) by extension 'ignore'
[0.845s] Level 1:colcon.colcon_core.package_identification:_identify(apriltag_detector-master) by extension 'ignore_ament_install'
[0.845s] Level 1:colcon.colcon_core.package_identification:_identify(apriltag_detector-master) by extensions ['colcon_pkg']
[0.845s] Level 1:colcon.colcon_core.package_identification:_identify(apriltag_detector-master) by extension 'colcon_pkg'
[0.845s] Level 1:colcon.colcon_core.package_identification:_identify(apriltag_detector-master) by extensions ['colcon_meta']
[0.845s] Level 1:colcon.colcon_core.package_identification:_identify(apriltag_detector-master) by extension 'colcon_meta'
[0.845s] Level 1:colcon.colcon_core.package_identification:_identify(apriltag_detector-master) by extensions ['ros']
[0.845s] Level 1:colcon.colcon_core.package_identification:_identify(apriltag_detector-master) by extension 'ros'
[0.845s] Level 1:colcon.colcon_core.package_identification:_identify(apriltag_detector-master) by extensions ['cmake', 'python']
[0.845s] Level 1:colcon.colcon_core.package_identification:_identify(apriltag_detector-master) by extension 'cmake'
[0.845s] Level 1:colcon.colcon_core.package_identification:_identify(apriltag_detector-master) by extension 'python'
[0.845s] Level 1:colcon.colcon_core.package_identification:_identify(apriltag_detector-master) by extensions ['python_setup_py']
[0.845s] Level 1:colcon.colcon_core.package_identification:_identify(apriltag_detector-master) by extension 'python_setup_py'
[0.845s] Level 1:colcon.colcon_core.package_identification:_identify(apriltag_detector-master/apriltag_detector) by extensions ['ignore', 'ignore_ament_install']
[0.845s] Level 1:colcon.colcon_core.package_identification:_identify(apriltag_detector-master/apriltag_detector) by extension 'ignore'
[0.845s] Level 1:colcon.colcon_core.package_identification:_identify(apriltag_detector-master/apriltag_detector) by extension 'ignore_ament_install'
[0.846s] Level 1:colcon.colcon_core.package_identification:_identify(apriltag_detector-master/apriltag_detector) by extensions ['colcon_pkg']
[0.846s] Level 1:colcon.colcon_core.package_identification:_identify(apriltag_detector-master/apriltag_detector) by extension 'colcon_pkg'
[0.846s] Level 1:colcon.colcon_core.package_identification:_identify(apriltag_detector-master/apriltag_detector) by extensions ['colcon_meta']
[0.846s] Level 1:colcon.colcon_core.package_identification:_identify(apriltag_detector-master/apriltag_detector) by extension 'colcon_meta'
[0.846s] Level 1:colcon.colcon_core.package_identification:_identify(apriltag_detector-master/apriltag_detector) by extensions ['ros']
[0.846s] Level 1:colcon.colcon_core.package_identification:_identify(apriltag_detector-master/apriltag_detector) by extension 'ros'
[0.870s] DEBUG:colcon.colcon_core.package_identification:Package 'apriltag_detector-master/apriltag_detector' with type 'ros.ament_cmake' and name 'apriltag_detector'
[0.870s] Level 1:colcon.colcon_core.package_identification:_identify(apriltag_detector-master/apriltag_detector_mit) by extensions ['ignore', 'ignore_ament_install']
[0.870s] Level 1:colcon.colcon_core.package_identification:_identify(apriltag_detector-master/apriltag_detector_mit) by extension 'ignore'
[0.870s] Level 1:colcon.colcon_core.package_identification:_identify(apriltag_detector-master/apriltag_detector_mit) by extension 'ignore_ament_install'
[0.870s] Level 1:colcon.colcon_core.package_identification:_identify(apriltag_detector-master/apriltag_detector_mit) by extensions ['colcon_pkg']
[0.870s] Level 1:colcon.colcon_core.package_identification:_identify(apriltag_detector-master/apriltag_detector_mit) by extension 'colcon_pkg'
[0.871s] Level 1:colcon.colcon_core.package_identification:_identify(apriltag_detector-master/apriltag_detector_mit) by extensions ['colcon_meta']
[0.871s] Level 1:colcon.colcon_core.package_identification:_identify(apriltag_detector-master/apriltag_detector_mit) by extension 'colcon_meta'
[0.871s] Level 1:colcon.colcon_core.package_identification:_identify(apriltag_detector-master/apriltag_detector_mit) by extensions ['ros']
[0.871s] Level 1:colcon.colcon_core.package_identification:_identify(apriltag_detector-master/apriltag_detector_mit) by extension 'ros'
[0.873s] DEBUG:colcon.colcon_core.package_identification:Package 'apriltag_detector-master/apriltag_detector_mit' with type 'ros.ament_cmake' and name 'apriltag_detector_mit'
[0.874s] Level 1:colcon.colcon_core.package_identification:_identify(apriltag_detector-master/apriltag_detector_umich) by extensions ['ignore', 'ignore_ament_install']
[0.874s] Level 1:colcon.colcon_core.package_identification:_identify(apriltag_detector-master/apriltag_detector_umich) by extension 'ignore'
[0.874s] Level 1:colcon.colcon_core.package_identification:_identify(apriltag_detector-master/apriltag_detector_umich) by extension 'ignore_ament_install'
[0.874s] Level 1:colcon.colcon_core.package_identification:_identify(apriltag_detector-master/apriltag_detector_umich) by extensions ['colcon_pkg']
[0.874s] Level 1:colcon.colcon_core.package_identification:_identify(apriltag_detector-master/apriltag_detector_umich) by extension 'colcon_pkg'
[0.874s] Level 1:colcon.colcon_core.package_identification:_identify(apriltag_detector-master/apriltag_detector_umich) by extensions ['colcon_meta']
[0.874s] Level 1:colcon.colcon_core.package_identification:_identify(apriltag_detector-master/apriltag_detector_umich) by extension 'colcon_meta'
[0.874s] Level 1:colcon.colcon_core.package_identification:_identify(apriltag_detector-master/apriltag_detector_umich) by extensions ['ros']
[0.874s] Level 1:colcon.colcon_core.package_identification:_identify(apriltag_detector-master/apriltag_detector_umich) by extension 'ros'
[0.875s] DEBUG:colcon.colcon_core.package_identification:Package 'apriltag_detector-master/apriltag_detector_umich' with type 'ros.ament_cmake' and name 'apriltag_detector_umich'
[0.876s] Level 1:colcon.colcon_core.package_identification:_identify(apriltag_detector-master/apriltag_draw) by extensions ['ignore', 'ignore_ament_install']
[0.876s] Level 1:colcon.colcon_core.package_identification:_identify(apriltag_detector-master/apriltag_draw) by extension 'ignore'
[0.876s] Level 1:colcon.colcon_core.package_identification:_identify(apriltag_detector-master/apriltag_draw) by extension 'ignore_ament_install'
[0.876s] Level 1:colcon.colcon_core.package_identification:_identify(apriltag_detector-master/apriltag_draw) by extensions ['colcon_pkg']
[0.876s] Level 1:colcon.colcon_core.package_identification:_identify(apriltag_detector-master/apriltag_draw) by extension 'colcon_pkg'
[0.876s] Level 1:colcon.colcon_core.package_identification:_identify(apriltag_detector-master/apriltag_draw) by extensions ['colcon_meta']
[0.876s] Level 1:colcon.colcon_core.package_identification:_identify(apriltag_detector-master/apriltag_draw) by extension 'colcon_meta'
[0.876s] Level 1:colcon.colcon_core.package_identification:_identify(apriltag_detector-master/apriltag_draw) by extensions ['ros']
[0.876s] Level 1:colcon.colcon_core.package_identification:_identify(apriltag_detector-master/apriltag_draw) by extension 'ros'
[0.877s] DEBUG:colcon.colcon_core.package_identification:Package 'apriltag_detector-master/apriltag_draw' with type 'ros.ament_cmake' and name 'apriltag_draw'
[0.877s] Level 1:colcon.colcon_core.package_identification:_identify(apriltag_detector-master/images) by extensions ['ignore', 'ignore_ament_install']
[0.877s] Level 1:colcon.colcon_core.package_identification:_identify(apriltag_detector-master/images) by extension 'ignore'
[0.877s] Level 1:colcon.colcon_core.package_identification:_identify(apriltag_detector-master/images) by extension 'ignore_ament_install'
[0.877s] Level 1:colcon.colcon_core.package_identification:_identify(apriltag_detector-master/images) by extensions ['colcon_pkg']
[0.877s] Level 1:colcon.colcon_core.package_identification:_identify(apriltag_detector-master/images) by extension 'colcon_pkg'
[0.877s] Level 1:colcon.colcon_core.package_identification:_identify(apriltag_detector-master/images) by extensions ['colcon_meta']
[0.877s] Level 1:colcon.colcon_core.package_identification:_identify(apriltag_detector-master/images) by extension 'colcon_meta'
[0.877s] Level 1:colcon.colcon_core.package_identification:_identify(apriltag_detector-master/images) by extensions ['ros']
[0.877s] Level 1:colcon.colcon_core.package_identification:_identify(apriltag_detector-master/images) by extension 'ros'
[0.878s] Level 1:colcon.colcon_core.package_identification:_identify(apriltag_detector-master/images) by extensions ['cmake', 'python']
[0.878s] Level 1:colcon.colcon_core.package_identification:_identify(apriltag_detector-master/images) by extension 'cmake'
[0.878s] Level 1:colcon.colcon_core.package_identification:_identify(apriltag_detector-master/images) by extension 'python'
[0.878s] Level 1:colcon.colcon_core.package_identification:_identify(apriltag_detector-master/images) by extensions ['python_setup_py']
[0.878s] Level 1:colcon.colcon_core.package_identification:_identify(apriltag_detector-master/images) by extension 'python_setup_py'
[0.878s] Level 1:colcon.colcon_core.package_identification:_identify(build) by extensions ['ignore', 'ignore_ament_install']
[0.878s] Level 1:colcon.colcon_core.package_identification:_identify(build) by extension 'ignore'
[0.878s] Level 1:colcon.colcon_core.package_identification:_identify(build) ignored
[0.878s] Level 1:colcon.colcon_core.package_identification:_identify(install) by extensions ['ignore', 'ignore_ament_install']
[0.878s] Level 1:colcon.colcon_core.package_identification:_identify(install) by extension 'ignore'
[0.878s] Level 1:colcon.colcon_core.package_identification:_identify(install) ignored
[0.878s] Level 1:colcon.colcon_core.package_identification:_identify(log) by extensions ['ignore', 'ignore_ament_install']
[0.878s] Level 1:colcon.colcon_core.package_identification:_identify(log) by extension 'ignore'
[0.878s] Level 1:colcon.colcon_core.package_identification:_identify(log) ignored
[0.878s] Level 1:colcon.colcon_core.package_discovery:discover_packages(recursive) using defaults
[0.878s] Level 1:colcon.colcon_core.package_discovery:discover_packages(ignore) discover
[0.878s] Level 1:colcon.colcon_core.package_discovery:discover_packages(ignore) using defaults
[0.878s] Level 1:colcon.colcon_core.package_discovery:discover_packages(path) discover
[0.878s] Level 1:colcon.colcon_core.package_discovery:discover_packages(path) using defaults
[0.911s] Level 1:colcon.colcon_core.package_discovery:discover_packages(prefix_path) check parameters
[0.911s] Level 1:colcon.colcon_core.package_discovery:discover_packages(prefix_path) discover
[0.915s] DEBUG:colcon.colcon_installed_package_information.package_discovery:Found 302 installed packages in /opt/ros/humble
[0.916s] Level 1:colcon.colcon_core.package_discovery:discover_packages(prefix_path) using defaults
[0.962s] Level 5:colcon.colcon_core.verb:set package 'apriltag_detector' build argument 'cmake_args' from command line to 'None'
[0.962s] Level 5:colcon.colcon_core.verb:set package 'apriltag_detector' build argument 'cmake_target' from command line to 'None'
[0.962s] Level 5:colcon.colcon_core.verb:set package 'apriltag_detector' build argument 'cmake_target_skip_unavailable' from command line to 'False'
[0.963s] Level 5:colcon.colcon_core.verb:set package 'apriltag_detector' build argument 'cmake_clean_cache' from command line to 'False'
[0.963s] Level 5:colcon.colcon_core.verb:set package 'apriltag_detector' build argument 'cmake_clean_first' from command line to 'False'
[0.963s] Level 5:colcon.colcon_core.verb:set package 'apriltag_detector' build argument 'cmake_force_configure' from command line to 'False'
[0.963s] Level 5:colcon.colcon_core.verb:set package 'apriltag_detector' build argument 'ament_cmake_args' from command line to 'None'
[0.963s] Level 5:colcon.colcon_core.verb:set package 'apriltag_detector' build argument 'catkin_cmake_args' from command line to 'None'
[0.963s] Level 5:colcon.colcon_core.verb:set package 'apriltag_detector' build argument 'catkin_skip_building_tests' from command line to 'False'
[0.963s] DEBUG:colcon.colcon_core.verb:Building package 'apriltag_detector' with the following arguments: {'ament_cmake_args': None, 'build_base': '/home/robousr/ROS2Dev/Pruebas_Apriltag/build/apriltag_detector', 'catkin_cmake_args': None, 'catkin_skip_building_tests': False, 'cmake_args': None, 'cmake_clean_cache': False, 'cmake_clean_first': False, 'cmake_force_configure': False, 'cmake_target': None, 'cmake_target_skip_unavailable': False, 'install_base': '/home/robousr/ROS2Dev/Pruebas_Apriltag/install/apriltag_detector', 'merge_install': False, 'path': '/home/robousr/ROS2Dev/Pruebas_Apriltag/apriltag_detector-master/apriltag_detector', 'symlink_install': False, 'test_result_base': None}
[0.963s] Level 5:colcon.colcon_core.verb:set package 'apriltag_draw' build argument 'cmake_args' from command line to 'None'
[0.963s] Level 5:colcon.colcon_core.verb:set package 'apriltag_draw' build argument 'cmake_target' from command line to 'None'
[0.963s] Level 5:colcon.colcon_core.verb:set package 'apriltag_draw' build argument 'cmake_target_skip_unavailable' from command line to 'False'
[0.963s] Level 5:colcon.colcon_core.verb:set package 'apriltag_draw' build argument 'cmake_clean_cache' from command line to 'False'
[0.964s] Level 5:colcon.colcon_core.verb:set package 'apriltag_draw' build argument 'cmake_clean_first' from command line to 'False'
[0.964s] Level 5:colcon.colcon_core.verb:set package 'apriltag_draw' build argument 'cmake_force_configure' from command line to 'False'
[0.964s] Level 5:colcon.colcon_core.verb:set package 'apriltag_draw' build argument 'ament_cmake_args' from command line to 'None'
[0.964s] Level 5:colcon.colcon_core.verb:set package 'apriltag_draw' build argument 'catkin_cmake_args' from command line to 'None'
[0.964s] Level 5:colcon.colcon_core.verb:set package 'apriltag_draw' build argument 'catkin_skip_building_tests' from command line to 'False'
[0.964s] DEBUG:colcon.colcon_core.verb:Building package 'apriltag_draw' with the following arguments: {'ament_cmake_args': None, 'build_base': '/home/robousr/ROS2Dev/Pruebas_Apriltag/build/apriltag_draw', 'catkin_cmake_args': None, 'catkin_skip_building_tests': False, 'cmake_args': None, 'cmake_clean_cache': False, 'cmake_clean_first': False, 'cmake_force_configure': False, 'cmake_target': None, 'cmake_target_skip_unavailable': False, 'install_base': '/home/robousr/ROS2Dev/Pruebas_Apriltag/install/apriltag_draw', 'merge_install': False, 'path': '/home/robousr/ROS2Dev/Pruebas_Apriltag/apriltag_detector-master/apriltag_draw', 'symlink_install': False, 'test_result_base': None}
[0.964s] Level 5:colcon.colcon_core.verb:set package 'apriltag_detector_mit' build argument 'cmake_args' from command line to 'None'
[0.964s] Level 5:colcon.colcon_core.verb:set package 'apriltag_detector_mit' build argument 'cmake_target' from command line to 'None'
[0.964s] Level 5:colcon.colcon_core.verb:set package 'apriltag_detector_mit' build argument 'cmake_target_skip_unavailable' from command line to 'False'
[0.965s] Level 5:colcon.colcon_core.verb:set package 'apriltag_detector_mit' build argument 'cmake_clean_cache' from command line to 'False'
[0.965s] Level 5:colcon.colcon_core.verb:set package 'apriltag_detector_mit' build argument 'cmake_clean_first' from command line to 'False'
[0.965s] Level 5:colcon.colcon_core.verb:set package 'apriltag_detector_mit' build argument 'cmake_force_configure' from command line to 'False'
[0.965s] Level 5:colcon.colcon_core.verb:set package 'apriltag_detector_mit' build argument 'ament_cmake_args' from command line to 'None'
[0.965s] Level 5:colcon.colcon_core.verb:set package 'apriltag_detector_mit' build argument 'catkin_cmake_args' from command line to 'None'
[0.965s] Level 5:colcon.colcon_core.verb:set package 'apriltag_detector_mit' build argument 'catkin_skip_building_tests' from command line to 'False'
[0.965s] DEBUG:colcon.colcon_core.verb:Building package 'apriltag_detector_mit' with the following arguments: {'ament_cmake_args': None, 'build_base': '/home/robousr/ROS2Dev/Pruebas_Apriltag/build/apriltag_detector_mit', 'catkin_cmake_args': None, 'catkin_skip_building_tests': False, 'cmake_args': None, 'cmake_clean_cache': False, 'cmake_clean_first': False, 'cmake_force_configure': False, 'cmake_target': None, 'cmake_target_skip_unavailable': False, 'install_base': '/home/robousr/ROS2Dev/Pruebas_Apriltag/install/apriltag_detector_mit', 'merge_install': False, 'path': '/home/robousr/ROS2Dev/Pruebas_Apriltag/apriltag_detector-master/apriltag_detector_mit', 'symlink_install': False, 'test_result_base': None}
[0.965s] Level 5:colcon.colcon_core.verb:set package 'apriltag_detector_umich' build argument 'cmake_args' from command line to 'None'
[0.965s] Level 5:colcon.colcon_core.verb:set package 'apriltag_detector_umich' build argument 'cmake_target' from command line to 'None'
[0.965s] Level 5:colcon.colcon_core.verb:set package 'apriltag_detector_umich' build argument 'cmake_target_skip_unavailable' from command line to 'False'
[0.965s] Level 5:colcon.colcon_core.verb:set package 'apriltag_detector_umich' build argument 'cmake_clean_cache' from command line to 'False'
[0.965s] Level 5:colcon.colcon_core.verb:set package 'apriltag_detector_umich' build argument 'cmake_clean_first' from command line to 'False'
[0.965s] Level 5:colcon.colcon_core.verb:set package 'apriltag_detector_umich' build argument 'cmake_force_configure' from command line to 'False'
[0.965s] Level 5:colcon.colcon_core.verb:set package 'apriltag_detector_umich' build argument 'ament_cmake_args' from command line to 'None'
[0.965s] Level 5:colcon.colcon_core.verb:set package 'apriltag_detector_umich' build argument 'catkin_cmake_args' from command line to 'None'
[0.965s] Level 5:colcon.colcon_core.verb:set package 'apriltag_detector_umich' build argument 'catkin_skip_building_tests' from command line to 'False'
[0.965s] DEBUG:colcon.colcon_core.verb:Building package 'apriltag_detector_umich' with the following arguments: {'ament_cmake_args': None, 'build_base': '/home/robousr/ROS2Dev/Pruebas_Apriltag/build/apriltag_detector_umich', 'catkin_cmake_args': None, 'catkin_skip_building_tests': False, 'cmake_args': None, 'cmake_clean_cache': False, 'cmake_clean_first': False, 'cmake_force_configure': False, 'cmake_target': None, 'cmake_target_skip_unavailable': False, 'install_base': '/home/robousr/ROS2Dev/Pruebas_Apriltag/install/apriltag_detector_umich', 'merge_install': False, 'path': '/home/robousr/ROS2Dev/Pruebas_Apriltag/apriltag_detector-master/apriltag_detector_umich', 'symlink_install': False, 'test_result_base': None}
[0.966s] INFO:colcon.colcon_core.executor:Executing jobs using 'parallel' executor
[0.967s] DEBUG:colcon.colcon_parallel_executor.executor.parallel:run_until_complete
[0.968s] INFO:colcon.colcon_ros.task.ament_cmake.build:Building ROS package in '/home/robousr/ROS2Dev/Pruebas_Apriltag/apriltag_detector-master/apriltag_detector' with build type 'ament_cmake'
[0.968s] INFO:colcon.colcon_cmake.task.cmake.build:Building CMake package in '/home/robousr/ROS2Dev/Pruebas_Apriltag/apriltag_detector-master/apriltag_detector'
[0.977s] INFO:colcon.colcon_core.plugin_system:Skipping extension 'colcon_core.shell.bat': Not used on non-Windows systems
[0.977s] INFO:colcon.colcon_core.shell:Skip shell extension 'powershell' for command environment: Not usable outside of PowerShell
[0.977s] DEBUG:colcon.colcon_core.shell:Skip shell extension 'dsv' for command environment
[0.986s] INFO:colcon.colcon_ros.task.ament_cmake.build:Building ROS package in '/home/robousr/ROS2Dev/Pruebas_Apriltag/apriltag_detector-master/apriltag_draw' with build type 'ament_cmake'
[0.987s] INFO:colcon.colcon_cmake.task.cmake.build:Building CMake package in '/home/robousr/ROS2Dev/Pruebas_Apriltag/apriltag_detector-master/apriltag_draw'
[0.987s] INFO:colcon.colcon_core.shell:Skip shell extension 'powershell' for command environment: Not usable outside of PowerShell
[0.988s] DEBUG:colcon.colcon_core.shell:Skip shell extension 'dsv' for command environment
[1.020s] DEBUG:colcon.colcon_core.event_handler.log_command:Invoking command in '/home/robousr/ROS2Dev/Pruebas_Apriltag/build/apriltag_detector': CMAKE_PREFIX_PATH=/opt/ros/humble /usr/bin/cmake --build /home/robousr/ROS2Dev/Pruebas_Apriltag/build/apriltag_detector -- -j2 -l2
[1.059s] DEBUG:colcon.colcon_core.event_handler.log_command:Invoking command in '/home/robousr/ROS2Dev/Pruebas_Apriltag/build/apriltag_draw': CMAKE_PREFIX_PATH=/opt/ros/humble /usr/bin/cmake --build /home/robousr/ROS2Dev/Pruebas_Apriltag/build/apriltag_draw -- -j2 -l2
[1.296s] DEBUG:colcon.colcon_core.event_handler.log_command:Invoked command in '/home/robousr/ROS2Dev/Pruebas_Apriltag/build/apriltag_detector' returned '0': CMAKE_PREFIX_PATH=/opt/ros/humble /usr/bin/cmake --build /home/robousr/ROS2Dev/Pruebas_Apriltag/build/apriltag_detector -- -j2 -l2
[1.365s] DEBUG:colcon.colcon_core.event_handler.log_command:Invoking command in '/home/robousr/ROS2Dev/Pruebas_Apriltag/build/apriltag_detector': CMAKE_PREFIX_PATH=/opt/ros/humble /usr/bin/cmake --install /home/robousr/ROS2Dev/Pruebas_Apriltag/build/apriltag_detector
[1.374s] DEBUG:colcon.colcon_core.event_handler.log_command:Invoked command in '/home/robousr/ROS2Dev/Pruebas_Apriltag/build/apriltag_draw' returned '0': CMAKE_PREFIX_PATH=/opt/ros/humble /usr/bin/cmake --build /home/robousr/ROS2Dev/Pruebas_Apriltag/build/apriltag_draw -- -j2 -l2
[1.387s] Level 1:colcon.colcon_core.environment:create_environment_scripts_only(apriltag_detector)
[1.387s] DEBUG:colcon.colcon_core.event_handler.log_command:Invoked command in '/home/robousr/ROS2Dev/Pruebas_Apriltag/build/apriltag_detector' returned '0': CMAKE_PREFIX_PATH=/opt/ros/humble /usr/bin/cmake --install /home/robousr/ROS2Dev/Pruebas_Apriltag/build/apriltag_detector
[1.395s] Level 1:colcon.colcon_core.environment:checking '/home/robousr/ROS2Dev/Pruebas_Apriltag/install/apriltag_detector' for CMake module files
[1.396s] Level 1:colcon.colcon_core.environment:checking '/home/robousr/ROS2Dev/Pruebas_Apriltag/install/apriltag_detector' for CMake config files
[1.396s] Level 1:colcon.colcon_core.shell:create_environment_hook('apriltag_detector', 'cmake_prefix_path')
[1.397s] INFO:colcon.colcon_core.shell:Creating environment hook '/home/robousr/ROS2Dev/Pruebas_Apriltag/install/apriltag_detector/share/apriltag_detector/hook/cmake_prefix_path.ps1'
[1.398s] INFO:colcon.colcon_core.shell:Creating environment descriptor '/home/robousr/ROS2Dev/Pruebas_Apriltag/install/apriltag_detector/share/apriltag_detector/hook/cmake_prefix_path.dsv'
[1.399s] INFO:colcon.colcon_core.shell:Creating environment hook '/home/robousr/ROS2Dev/Pruebas_Apriltag/install/apriltag_detector/share/apriltag_detector/hook/cmake_prefix_path.sh'
[1.400s] Level 1:colcon.colcon_core.environment:checking '/home/robousr/ROS2Dev/Pruebas_Apriltag/install/apriltag_detector/bin'
[1.400s] Level 1:colcon.colcon_core.environment:checking '/home/robousr/ROS2Dev/Pruebas_Apriltag/install/apriltag_detector/lib/pkgconfig/apriltag_detector.pc'
[1.400s] Level 1:colcon.colcon_core.environment:checking '/home/robousr/ROS2Dev/Pruebas_Apriltag/install/apriltag_detector/lib/python3.10/site-packages'
[1.400s] Level 1:colcon.colcon_core.environment:checking '/home/robousr/ROS2Dev/Pruebas_Apriltag/install/apriltag_detector/bin'
[1.400s] INFO:colcon.colcon_core.shell:Creating package script '/home/robousr/ROS2Dev/Pruebas_Apriltag/install/apriltag_detector/share/apriltag_detector/package.ps1'
[1.401s] INFO:colcon.colcon_core.shell:Creating package descriptor '/home/robousr/ROS2Dev/Pruebas_Apriltag/install/apriltag_detector/share/apriltag_detector/package.dsv'
[1.402s] INFO:colcon.colcon_core.shell:Creating package script '/home/robousr/ROS2Dev/Pruebas_Apriltag/install/apriltag_detector/share/apriltag_detector/package.sh'
[1.403s] INFO:colcon.colcon_core.shell:Creating package script '/home/robousr/ROS2Dev/Pruebas_Apriltag/install/apriltag_detector/share/apriltag_detector/package.bash'
[1.408s] INFO:colcon.colcon_core.shell:Creating package script '/home/robousr/ROS2Dev/Pruebas_Apriltag/install/apriltag_detector/share/apriltag_detector/package.zsh'
[1.414s] Level 1:colcon.colcon_core.environment:create_file_with_runtime_dependencies(/home/robousr/ROS2Dev/Pruebas_Apriltag/install/apriltag_detector/share/colcon-core/packages/apriltag_detector)
[1.438s] DEBUG:colcon.colcon_core.event_handler.log_command:Invoking command in '/home/robousr/ROS2Dev/Pruebas_Apriltag/build/apriltag_draw': CMAKE_PREFIX_PATH=/opt/ros/humble /usr/bin/cmake --install /home/robousr/ROS2Dev/Pruebas_Apriltag/build/apriltag_draw
[1.460s] Level 1:colcon.colcon_core.environment:create_environment_scripts_only(apriltag_detector)
[1.460s] Level 1:colcon.colcon_core.environment:checking '/home/robousr/ROS2Dev/Pruebas_Apriltag/install/apriltag_detector' for CMake module files
[1.461s] Level 1:colcon.colcon_core.environment:checking '/home/robousr/ROS2Dev/Pruebas_Apriltag/install/apriltag_detector' for CMake config files
[1.461s] Level 1:colcon.colcon_core.shell:create_environment_hook('apriltag_detector', 'cmake_prefix_path')
[1.462s] INFO:colcon.colcon_core.shell:Creating environment hook '/home/robousr/ROS2Dev/Pruebas_Apriltag/install/apriltag_detector/share/apriltag_detector/hook/cmake_prefix_path.ps1'
[1.462s] INFO:colcon.colcon_core.shell:Creating environment descriptor '/home/robousr/ROS2Dev/Pruebas_Apriltag/install/apriltag_detector/share/apriltag_detector/hook/cmake_prefix_path.dsv'
[1.463s] INFO:colcon.colcon_core.shell:Creating environment hook '/home/robousr/ROS2Dev/Pruebas_Apriltag/install/apriltag_detector/share/apriltag_detector/hook/cmake_prefix_path.sh'
[1.463s] Level 1:colcon.colcon_core.environment:checking '/home/robousr/ROS2Dev/Pruebas_Apriltag/install/apriltag_detector/bin'
[1.463s] Level 1:colcon.colcon_core.environment:checking '/home/robousr/ROS2Dev/Pruebas_Apriltag/install/apriltag_detector/lib/pkgconfig/apriltag_detector.pc'
[1.463s] Level 1:colcon.colcon_core.environment:checking '/home/robousr/ROS2Dev/Pruebas_Apriltag/install/apriltag_detector/lib/python3.10/site-packages'
[1.463s] Level 1:colcon.colcon_core.environment:checking '/home/robousr/ROS2Dev/Pruebas_Apriltag/install/apriltag_detector/bin'
[1.464s] INFO:colcon.colcon_core.shell:Creating package script '/home/robousr/ROS2Dev/Pruebas_Apriltag/install/apriltag_detector/share/apriltag_detector/package.ps1'
[1.464s] INFO:colcon.colcon_core.shell:Creating package descriptor '/home/robousr/ROS2Dev/Pruebas_Apriltag/install/apriltag_detector/share/apriltag_detector/package.dsv'
[1.465s] INFO:colcon.colcon_core.shell:Creating package script '/home/robousr/ROS2Dev/Pruebas_Apriltag/install/apriltag_detector/share/apriltag_detector/package.sh'
[1.465s] INFO:colcon.colcon_core.shell:Creating package script '/home/robousr/ROS2Dev/Pruebas_Apriltag/install/apriltag_detector/share/apriltag_detector/package.bash'
[1.466s] INFO:colcon.colcon_core.shell:Creating package script '/home/robousr/ROS2Dev/Pruebas_Apriltag/install/apriltag_detector/share/apriltag_detector/package.zsh'
[1.466s] Level 1:colcon.colcon_core.environment:create_file_with_runtime_dependencies(/home/robousr/ROS2Dev/Pruebas_Apriltag/install/apriltag_detector/share/colcon-core/packages/apriltag_detector)
[1.467s] INFO:colcon.colcon_ros.task.ament_cmake.build:Building ROS package in '/home/robousr/ROS2Dev/Pruebas_Apriltag/apriltag_detector-master/apriltag_detector_mit' with build type 'ament_cmake'
[1.467s] INFO:colcon.colcon_cmake.task.cmake.build:Building CMake package in '/home/robousr/ROS2Dev/Pruebas_Apriltag/apriltag_detector-master/apriltag_detector_mit'
[1.467s] INFO:colcon.colcon_core.shell:Skip shell extension 'powershell' for command environment: Not usable outside of PowerShell
[1.467s] DEBUG:colcon.colcon_core.shell:Skip shell extension 'dsv' for command environment
[1.474s] Level 1:colcon.colcon_core.environment:create_environment_scripts_only(apriltag_draw)
[1.476s] Level 1:colcon.colcon_core.environment:checking '/home/robousr/ROS2Dev/Pruebas_Apriltag/install/apriltag_draw' for CMake module files
[1.474s] DEBUG:colcon.colcon_core.event_handler.log_command:Invoked command in '/home/robousr/ROS2Dev/Pruebas_Apriltag/build/apriltag_draw' returned '0': CMAKE_PREFIX_PATH=/opt/ros/humble /usr/bin/cmake --install /home/robousr/ROS2Dev/Pruebas_Apriltag/build/apriltag_draw
[1.477s] Level 1:colcon.colcon_core.environment:checking '/home/robousr/ROS2Dev/Pruebas_Apriltag/install/apriltag_draw' for CMake config files
[1.482s] Level 1:colcon.colcon_core.shell:create_environment_hook('apriltag_draw', 'cmake_prefix_path')
[1.483s] INFO:colcon.colcon_core.shell:Creating environment hook '/home/robousr/ROS2Dev/Pruebas_Apriltag/install/apriltag_draw/share/apriltag_draw/hook/cmake_prefix_path.ps1'
[1.488s] INFO:colcon.colcon_core.shell:Creating environment descriptor '/home/robousr/ROS2Dev/Pruebas_Apriltag/install/apriltag_draw/share/apriltag_draw/hook/cmake_prefix_path.dsv'
[1.489s] INFO:colcon.colcon_core.shell:Creating environment hook '/home/robousr/ROS2Dev/Pruebas_Apriltag/install/apriltag_draw/share/apriltag_draw/hook/cmake_prefix_path.sh'
[1.492s] Level 1:colcon.colcon_core.environment:checking '/home/robousr/ROS2Dev/Pruebas_Apriltag/install/apriltag_draw/lib'
[1.493s] Level 1:colcon.colcon_core.shell:create_environment_hook('apriltag_draw', 'ld_library_path_lib')
[1.493s] INFO:colcon.colcon_core.shell:Creating environment hook '/home/robousr/ROS2Dev/Pruebas_Apriltag/install/apriltag_draw/share/apriltag_draw/hook/ld_library_path_lib.ps1'
[1.494s] INFO:colcon.colcon_core.shell:Creating environment descriptor '/home/robousr/ROS2Dev/Pruebas_Apriltag/install/apriltag_draw/share/apriltag_draw/hook/ld_library_path_lib.dsv'
[1.494s] INFO:colcon.colcon_core.shell:Creating environment hook '/home/robousr/ROS2Dev/Pruebas_Apriltag/install/apriltag_draw/share/apriltag_draw/hook/ld_library_path_lib.sh'
[1.495s] Level 1:colcon.colcon_core.environment:checking '/home/robousr/ROS2Dev/Pruebas_Apriltag/install/apriltag_draw/bin'
[1.495s] Level 1:colcon.colcon_core.environment:checking '/home/robousr/ROS2Dev/Pruebas_Apriltag/install/apriltag_draw/lib/pkgconfig/apriltag_draw.pc'
[1.495s] Level 1:colcon.colcon_core.environment:checking '/home/robousr/ROS2Dev/Pruebas_Apriltag/install/apriltag_draw/lib/python3.10/site-packages'
[1.495s] Level 1:colcon.colcon_core.environment:checking '/home/robousr/ROS2Dev/Pruebas_Apriltag/install/apriltag_draw/bin'
[1.496s] INFO:colcon.colcon_core.shell:Creating package script '/home/robousr/ROS2Dev/Pruebas_Apriltag/install/apriltag_draw/share/apriltag_draw/package.ps1'
[1.496s] INFO:colcon.colcon_core.shell:Creating package descriptor '/home/robousr/ROS2Dev/Pruebas_Apriltag/install/apriltag_draw/share/apriltag_draw/package.dsv'
[1.497s] INFO:colcon.colcon_core.shell:Creating package script '/home/robousr/ROS2Dev/Pruebas_Apriltag/install/apriltag_draw/share/apriltag_draw/package.sh'
[1.497s] INFO:colcon.colcon_core.shell:Creating package script '/home/robousr/ROS2Dev/Pruebas_Apriltag/install/apriltag_draw/share/apriltag_draw/package.bash'
[1.497s] INFO:colcon.colcon_core.shell:Creating package script '/home/robousr/ROS2Dev/Pruebas_Apriltag/install/apriltag_draw/share/apriltag_draw/package.zsh'
[1.498s] Level 1:colcon.colcon_core.environment:create_file_with_runtime_dependencies(/home/robousr/ROS2Dev/Pruebas_Apriltag/install/apriltag_draw/share/colcon-core/packages/apriltag_draw)
[1.514s] DEBUG:colcon.colcon_core.event_handler.log_command:Invoking command in '/home/robousr/ROS2Dev/Pruebas_Apriltag/build/apriltag_detector_mit': AMENT_PREFIX_PATH=/home/robousr/ROS2Dev/Pruebas_Apriltag/install/apriltag_detector:${AMENT_PREFIX_PATH} CMAKE_PREFIX_PATH=/home/robousr/ROS2Dev/Pruebas_Apriltag/install/apriltag_detector:/opt/ros/humble LD_LIBRARY_PATH=/home/robousr/ROS2Dev/Pruebas_Apriltag/install/apriltag_detector/lib:${LD_LIBRARY_PATH} /usr/bin/cmake --build /home/robousr/ROS2Dev/Pruebas_Apriltag/build/apriltag_detector_mit -- -j2 -l2
[1.569s] Level 1:colcon.colcon_core.environment:create_environment_scripts_only(apriltag_draw)
[1.571s] Level 1:colcon.colcon_core.environment:checking '/home/robousr/ROS2Dev/Pruebas_Apriltag/install/apriltag_draw' for CMake module files
[1.571s] Level 1:colcon.colcon_core.environment:checking '/home/robousr/ROS2Dev/Pruebas_Apriltag/install/apriltag_draw' for CMake config files
[1.572s] Level 1:colcon.colcon_core.shell:create_environment_hook('apriltag_draw', 'cmake_prefix_path')
[1.572s] INFO:colcon.colcon_core.shell:Creating environment hook '/home/robousr/ROS2Dev/Pruebas_Apriltag/install/apriltag_draw/share/apriltag_draw/hook/cmake_prefix_path.ps1'
[1.580s] INFO:colcon.colcon_core.shell:Creating environment descriptor '/home/robousr/ROS2Dev/Pruebas_Apriltag/install/apriltag_draw/share/apriltag_draw/hook/cmake_prefix_path.dsv'
[1.581s] INFO:colcon.colcon_core.shell:Creating environment hook '/home/robousr/ROS2Dev/Pruebas_Apriltag/install/apriltag_draw/share/apriltag_draw/hook/cmake_prefix_path.sh'
[1.585s] Level 1:colcon.colcon_core.environment:checking '/home/robousr/ROS2Dev/Pruebas_Apriltag/install/apriltag_draw/lib'
[1.585s] Level 1:colcon.colcon_core.shell:create_environment_hook('apriltag_draw', 'ld_library_path_lib')
[1.585s] INFO:colcon.colcon_core.shell:Creating environment hook '/home/robousr/ROS2Dev/Pruebas_Apriltag/install/apriltag_draw/share/apriltag_draw/hook/ld_library_path_lib.ps1'
[1.586s] INFO:colcon.colcon_core.shell:Creating environment descriptor '/home/robousr/ROS2Dev/Pruebas_Apriltag/install/apriltag_draw/share/apriltag_draw/hook/ld_library_path_lib.dsv'
[1.586s] INFO:colcon.colcon_core.shell:Creating environment hook '/home/robousr/ROS2Dev/Pruebas_Apriltag/install/apriltag_draw/share/apriltag_draw/hook/ld_library_path_lib.sh'
[1.587s] Level 1:colcon.colcon_core.environment:checking '/home/robousr/ROS2Dev/Pruebas_Apriltag/install/apriltag_draw/bin'
[1.587s] Level 1:colcon.colcon_core.environment:checking '/home/robousr/ROS2Dev/Pruebas_Apriltag/install/apriltag_draw/lib/pkgconfig/apriltag_draw.pc'
[1.587s] Level 1:colcon.colcon_core.environment:checking '/home/robousr/ROS2Dev/Pruebas_Apriltag/install/apriltag_draw/lib/python3.10/site-packages'
[1.587s] Level 1:colcon.colcon_core.environment:checking '/home/robousr/ROS2Dev/Pruebas_Apriltag/install/apriltag_draw/bin'
[1.587s] INFO:colcon.colcon_core.shell:Creating package script '/home/robousr/ROS2Dev/Pruebas_Apriltag/install/apriltag_draw/share/apriltag_draw/package.ps1'
[1.588s] INFO:colcon.colcon_core.shell:Creating package descriptor '/home/robousr/ROS2Dev/Pruebas_Apriltag/install/apriltag_draw/share/apriltag_draw/package.dsv'
[1.589s] INFO:colcon.colcon_core.shell:Creating package script '/home/robousr/ROS2Dev/Pruebas_Apriltag/install/apriltag_draw/share/apriltag_draw/package.sh'
[1.589s] INFO:colcon.colcon_core.shell:Creating package script '/home/robousr/ROS2Dev/Pruebas_Apriltag/install/apriltag_draw/share/apriltag_draw/package.bash'
[1.590s] INFO:colcon.colcon_core.shell:Creating package script '/home/robousr/ROS2Dev/Pruebas_Apriltag/install/apriltag_draw/share/apriltag_draw/package.zsh'
[1.592s] Level 1:colcon.colcon_core.environment:create_file_with_runtime_dependencies(/home/robousr/ROS2Dev/Pruebas_Apriltag/install/apriltag_draw/share/colcon-core/packages/apriltag_draw)
[1.594s] INFO:colcon.colcon_ros.task.ament_cmake.build:Building ROS package in '/home/robousr/ROS2Dev/Pruebas_Apriltag/apriltag_detector-master/apriltag_detector_umich' with build type 'ament_cmake'
[1.594s] INFO:colcon.colcon_cmake.task.cmake.build:Building CMake package in '/home/robousr/ROS2Dev/Pruebas_Apriltag/apriltag_detector-master/apriltag_detector_umich'
[1.594s] INFO:colcon.colcon_core.shell:Skip shell extension 'powershell' for command environment: Not usable outside of PowerShell
[1.595s] DEBUG:colcon.colcon_core.shell:Skip shell extension 'dsv' for command environment
[1.652s] DEBUG:colcon.colcon_core.event_handler.log_command:Invoking command in '/home/robousr/ROS2Dev/Pruebas_Apriltag/build/apriltag_detector_umich': AMENT_PREFIX_PATH=/home/robousr/ROS2Dev/Pruebas_Apriltag/install/apriltag_detector:${AMENT_PREFIX_PATH} CMAKE_PREFIX_PATH=/home/robousr/ROS2Dev/Pruebas_Apriltag/install/apriltag_detector:/opt/ros/humble LD_LIBRARY_PATH=/home/robousr/ROS2Dev/Pruebas_Apriltag/install/apriltag_detector/lib:${LD_LIBRARY_PATH} /usr/bin/cmake --build /home/robousr/ROS2Dev/Pruebas_Apriltag/build/apriltag_detector_umich -- -j2 -l2
[1.793s] DEBUG:colcon.colcon_core.event_handler.log_command:Invoked command in '/home/robousr/ROS2Dev/Pruebas_Apriltag/build/apriltag_detector_mit' returned '0': AMENT_PREFIX_PATH=/home/robousr/ROS2Dev/Pruebas_Apriltag/install/apriltag_detector:${AMENT_PREFIX_PATH} CMAKE_PREFIX_PATH=/home/robousr/ROS2Dev/Pruebas_Apriltag/install/apriltag_detector:/opt/ros/humble LD_LIBRARY_PATH=/home/robousr/ROS2Dev/Pruebas_Apriltag/install/apriltag_detector/lib:${LD_LIBRARY_PATH} /usr/bin/cmake --build /home/robousr/ROS2Dev/Pruebas_Apriltag/build/apriltag_detector_mit -- -j2 -l2
[1.883s] DEBUG:colcon.colcon_core.event_handler.log_command:Invoking command in '/home/robousr/ROS2Dev/Pruebas_Apriltag/build/apriltag_detector_mit': AMENT_PREFIX_PATH=/home/robousr/ROS2Dev/Pruebas_Apriltag/install/apriltag_detector:${AMENT_PREFIX_PATH} CMAKE_PREFIX_PATH=/home/robousr/ROS2Dev/Pruebas_Apriltag/install/apriltag_detector:/opt/ros/humble LD_LIBRARY_PATH=/home/robousr/ROS2Dev/Pruebas_Apriltag/install/apriltag_detector/lib:${LD_LIBRARY_PATH} /usr/bin/cmake --install /home/robousr/ROS2Dev/Pruebas_Apriltag/build/apriltag_detector_mit
[1.975s] DEBUG:colcon.colcon_core.event_handler.log_command:Invoked command in '/home/robousr/ROS2Dev/Pruebas_Apriltag/build/apriltag_detector_umich' returned '0': AMENT_PREFIX_PATH=/home/robousr/ROS2Dev/Pruebas_Apriltag/install/apriltag_detector:${AMENT_PREFIX_PATH} CMAKE_PREFIX_PATH=/home/robousr/ROS2Dev/Pruebas_Apriltag/install/apriltag_detector:/opt/ros/humble LD_LIBRARY_PATH=/home/robousr/ROS2Dev/Pruebas_Apriltag/install/apriltag_detector/lib:${LD_LIBRARY_PATH} /usr/bin/cmake --build /home/robousr/ROS2Dev/Pruebas_Apriltag/build/apriltag_detector_umich -- -j2 -l2
[1.976s] Level 1:colcon.colcon_core.environment:create_environment_scripts_only(apriltag_detector_mit)
[1.977s] Level 1:colcon.colcon_core.environment:checking '/home/robousr/ROS2Dev/Pruebas_Apriltag/install/apriltag_detector_mit' for CMake module files
[1.978s] Level 1:colcon.colcon_core.environment:checking '/home/robousr/ROS2Dev/Pruebas_Apriltag/install/apriltag_detector_mit' for CMake config files
[1.978s] Level 1:colcon.colcon_core.shell:create_environment_hook('apriltag_detector_mit', 'cmake_prefix_path')
[1.978s] INFO:colcon.colcon_core.shell:Creating environment hook '/home/robousr/ROS2Dev/Pruebas_Apriltag/install/apriltag_detector_mit/share/apriltag_detector_mit/hook/cmake_prefix_path.ps1'
[1.980s] DEBUG:colcon.colcon_core.event_handler.log_command:Invoked command in '/home/robousr/ROS2Dev/Pruebas_Apriltag/build/apriltag_detector_mit' returned '0': AMENT_PREFIX_PATH=/home/robousr/ROS2Dev/Pruebas_Apriltag/install/apriltag_detector:${AMENT_PREFIX_PATH} CMAKE_PREFIX_PATH=/home/robousr/ROS2Dev/Pruebas_Apriltag/install/apriltag_detector:/opt/ros/humble LD_LIBRARY_PATH=/home/robousr/ROS2Dev/Pruebas_Apriltag/install/apriltag_detector/lib:${LD_LIBRARY_PATH} /usr/bin/cmake --install /home/robousr/ROS2Dev/Pruebas_Apriltag/build/apriltag_detector_mit
[1.984s] INFO:colcon.colcon_core.shell:Creating environment descriptor '/home/robousr/ROS2Dev/Pruebas_Apriltag/install/apriltag_detector_mit/share/apriltag_detector_mit/hook/cmake_prefix_path.dsv'
[1.985s] INFO:colcon.colcon_core.shell:Creating environment hook '/home/robousr/ROS2Dev/Pruebas_Apriltag/install/apriltag_detector_mit/share/apriltag_detector_mit/hook/cmake_prefix_path.sh'
[1.985s] Level 1:colcon.colcon_core.environment:checking '/home/robousr/ROS2Dev/Pruebas_Apriltag/install/apriltag_detector_mit/lib'
[1.986s] Level 1:colcon.colcon_core.shell:create_environment_hook('apriltag_detector_mit', 'ld_library_path_lib')
[1.986s] INFO:colcon.colcon_core.shell:Creating environment hook '/home/robousr/ROS2Dev/Pruebas_Apriltag/install/apriltag_detector_mit/share/apriltag_detector_mit/hook/ld_library_path_lib.ps1'
[1.987s] INFO:colcon.colcon_core.shell:Creating environment descriptor '/home/robousr/ROS2Dev/Pruebas_Apriltag/install/apriltag_detector_mit/share/apriltag_detector_mit/hook/ld_library_path_lib.dsv'
[1.987s] INFO:colcon.colcon_core.shell:Creating environment hook '/home/robousr/ROS2Dev/Pruebas_Apriltag/install/apriltag_detector_mit/share/apriltag_detector_mit/hook/ld_library_path_lib.sh'
[1.988s] Level 1:colcon.colcon_core.environment:checking '/home/robousr/ROS2Dev/Pruebas_Apriltag/install/apriltag_detector_mit/bin'
[1.988s] Level 1:colcon.colcon_core.environment:checking '/home/robousr/ROS2Dev/Pruebas_Apriltag/install/apriltag_detector_mit/lib/pkgconfig/apriltag_detector_mit.pc'
[1.988s] Level 1:colcon.colcon_core.environment:checking '/home/robousr/ROS2Dev/Pruebas_Apriltag/install/apriltag_detector_mit/lib/python3.10/site-packages'
[1.989s] Level 1:colcon.colcon_core.environment:checking '/home/robousr/ROS2Dev/Pruebas_Apriltag/install/apriltag_detector_mit/bin'
[1.989s] INFO:colcon.colcon_core.shell:Creating package script '/home/robousr/ROS2Dev/Pruebas_Apriltag/install/apriltag_detector_mit/share/apriltag_detector_mit/package.ps1'
[1.990s] INFO:colcon.colcon_core.shell:Creating package descriptor '/home/robousr/ROS2Dev/Pruebas_Apriltag/install/apriltag_detector_mit/share/apriltag_detector_mit/package.dsv'
[1.990s] INFO:colcon.colcon_core.shell:Creating package script '/home/robousr/ROS2Dev/Pruebas_Apriltag/install/apriltag_detector_mit/share/apriltag_detector_mit/package.sh'
[1.991s] INFO:colcon.colcon_core.shell:Creating package script '/home/robousr/ROS2Dev/Pruebas_Apriltag/install/apriltag_detector_mit/share/apriltag_detector_mit/package.bash'
[1.992s] INFO:colcon.colcon_core.shell:Creating package script '/home/robousr/ROS2Dev/Pruebas_Apriltag/install/apriltag_detector_mit/share/apriltag_detector_mit/package.zsh'
[1.994s] Level 1:colcon.colcon_core.environment:create_file_with_runtime_dependencies(/home/robousr/ROS2Dev/Pruebas_Apriltag/install/apriltag_detector_mit/share/colcon-core/packages/apriltag_detector_mit)
[2.069s] DEBUG:colcon.colcon_core.event_handler.log_command:Invoking command in '/home/robousr/ROS2Dev/Pruebas_Apriltag/build/apriltag_detector_umich': AMENT_PREFIX_PATH=/home/robousr/ROS2Dev/Pruebas_Apriltag/install/apriltag_detector:${AMENT_PREFIX_PATH} CMAKE_PREFIX_PATH=/home/robousr/ROS2Dev/Pruebas_Apriltag/install/apriltag_detector:/opt/ros/humble LD_LIBRARY_PATH=/home/robousr/ROS2Dev/Pruebas_Apriltag/install/apriltag_detector/lib:${LD_LIBRARY_PATH} /usr/bin/cmake --install /home/robousr/ROS2Dev/Pruebas_Apriltag/build/apriltag_detector_umich
[2.090s] Level 1:colcon.colcon_core.environment:create_environment_scripts_only(apriltag_detector_mit)
[2.090s] Level 1:colcon.colcon_core.environment:checking '/home/robousr/ROS2Dev/Pruebas_Apriltag/install/apriltag_detector_mit' for CMake module files
[2.093s] Level 1:colcon.colcon_core.environment:checking '/home/robousr/ROS2Dev/Pruebas_Apriltag/install/apriltag_detector_mit' for CMake config files
[2.093s] Level 1:colcon.colcon_core.shell:create_environment_hook('apriltag_detector_mit', 'cmake_prefix_path')
[2.096s] INFO:colcon.colcon_core.shell:Creating environment hook '/home/robousr/ROS2Dev/Pruebas_Apriltag/install/apriltag_detector_mit/share/apriltag_detector_mit/hook/cmake_prefix_path.ps1'
[2.098s] INFO:colcon.colcon_core.shell:Creating environment descriptor '/home/robousr/ROS2Dev/Pruebas_Apriltag/install/apriltag_detector_mit/share/apriltag_detector_mit/hook/cmake_prefix_path.dsv'
[2.100s] INFO:colcon.colcon_core.shell:Creating environment hook '/home/robousr/ROS2Dev/Pruebas_Apriltag/install/apriltag_detector_mit/share/apriltag_detector_mit/hook/cmake_prefix_path.sh'
[2.101s] Level 1:colcon.colcon_core.environment:checking '/home/robousr/ROS2Dev/Pruebas_Apriltag/install/apriltag_detector_mit/lib'
[2.101s] Level 1:colcon.colcon_core.shell:create_environment_hook('apriltag_detector_mit', 'ld_library_path_lib')
[2.101s] INFO:colcon.colcon_core.shell:Creating environment hook '/home/robousr/ROS2Dev/Pruebas_Apriltag/install/apriltag_detector_mit/share/apriltag_detector_mit/hook/ld_library_path_lib.ps1'
[2.102s] INFO:colcon.colcon_core.shell:Creating environment descriptor '/home/robousr/ROS2Dev/Pruebas_Apriltag/install/apriltag_detector_mit/share/apriltag_detector_mit/hook/ld_library_path_lib.dsv'
[2.102s] INFO:colcon.colcon_core.shell:Creating environment hook '/home/robousr/ROS2Dev/Pruebas_Apriltag/install/apriltag_detector_mit/share/apriltag_detector_mit/hook/ld_library_path_lib.sh'
[2.103s] Level 1:colcon.colcon_core.environment:checking '/home/robousr/ROS2Dev/Pruebas_Apriltag/install/apriltag_detector_mit/bin'
[2.103s] Level 1:colcon.colcon_core.environment:checking '/home/robousr/ROS2Dev/Pruebas_Apriltag/install/apriltag_detector_mit/lib/pkgconfig/apriltag_detector_mit.pc'
[2.103s] Level 1:colcon.colcon_core.environment:checking '/home/robousr/ROS2Dev/Pruebas_Apriltag/install/apriltag_detector_mit/lib/python3.10/site-packages'
[2.103s] Level 1:colcon.colcon_core.environment:checking '/home/robousr/ROS2Dev/Pruebas_Apriltag/install/apriltag_detector_mit/bin'
[2.104s] INFO:colcon.colcon_core.shell:Creating package script '/home/robousr/ROS2Dev/Pruebas_Apriltag/install/apriltag_detector_mit/share/apriltag_detector_mit/package.ps1'
[2.106s] INFO:colcon.colcon_core.shell:Creating package descriptor '/home/robousr/ROS2Dev/Pruebas_Apriltag/install/apriltag_detector_mit/share/apriltag_detector_mit/package.dsv'
[2.107s] INFO:colcon.colcon_core.shell:Creating package script '/home/robousr/ROS2Dev/Pruebas_Apriltag/install/apriltag_detector_mit/share/apriltag_detector_mit/package.sh'
[2.110s] INFO:colcon.colcon_core.shell:Creating package script '/home/robousr/ROS2Dev/Pruebas_Apriltag/install/apriltag_detector_mit/share/apriltag_detector_mit/package.bash'
[2.111s] INFO:colcon.colcon_core.shell:Creating package script '/home/robousr/ROS2Dev/Pruebas_Apriltag/install/apriltag_detector_mit/share/apriltag_detector_mit/package.zsh'
[2.112s] Level 1:colcon.colcon_core.environment:create_file_with_runtime_dependencies(/home/robousr/ROS2Dev/Pruebas_Apriltag/install/apriltag_detector_mit/share/colcon-core/packages/apriltag_detector_mit)
[2.130s] Level 1:colcon.colcon_core.environment:create_environment_scripts_only(apriltag_detector_umich)
[2.131s] DEBUG:colcon.colcon_core.event_handler.log_command:Invoked command in '/home/robousr/ROS2Dev/Pruebas_Apriltag/build/apriltag_detector_umich' returned '0': AMENT_PREFIX_PATH=/home/robousr/ROS2Dev/Pruebas_Apriltag/install/apriltag_detector:${AMENT_PREFIX_PATH} CMAKE_PREFIX_PATH=/home/robousr/ROS2Dev/Pruebas_Apriltag/install/apriltag_detector:/opt/ros/humble LD_LIBRARY_PATH=/home/robousr/ROS2Dev/Pruebas_Apriltag/install/apriltag_detector/lib:${LD_LIBRARY_PATH} /usr/bin/cmake --install /home/robousr/ROS2Dev/Pruebas_Apriltag/build/apriltag_detector_umich
[2.132s] Level 1:colcon.colcon_core.environment:checking '/home/robousr/ROS2Dev/Pruebas_Apriltag/install/apriltag_detector_umich' for CMake module files
[2.134s] Level 1:colcon.colcon_core.environment:checking '/home/robousr/ROS2Dev/Pruebas_Apriltag/install/apriltag_detector_umich' for CMake config files
[2.134s] Level 1:colcon.colcon_core.shell:create_environment_hook('apriltag_detector_umich', 'cmake_prefix_path')
[2.135s] INFO:colcon.colcon_core.shell:Creating environment hook '/home/robousr/ROS2Dev/Pruebas_Apriltag/install/apriltag_detector_umich/share/apriltag_detector_umich/hook/cmake_prefix_path.ps1'
[2.138s] INFO:colcon.colcon_core.shell:Creating environment descriptor '/home/robousr/ROS2Dev/Pruebas_Apriltag/install/apriltag_detector_umich/share/apriltag_detector_umich/hook/cmake_prefix_path.dsv'
[2.140s] INFO:colcon.colcon_core.shell:Creating environment hook '/home/robousr/ROS2Dev/Pruebas_Apriltag/install/apriltag_detector_umich/share/apriltag_detector_umich/hook/cmake_prefix_path.sh'
[2.142s] Level 1:colcon.colcon_core.environment:checking '/home/robousr/ROS2Dev/Pruebas_Apriltag/install/apriltag_detector_umich/lib'
[2.143s] Level 1:colcon.colcon_core.shell:create_environment_hook('apriltag_detector_umich', 'ld_library_path_lib')
[2.143s] INFO:colcon.colcon_core.shell:Creating environment hook '/home/robousr/ROS2Dev/Pruebas_Apriltag/install/apriltag_detector_umich/share/apriltag_detector_umich/hook/ld_library_path_lib.ps1'
[2.148s] INFO:colcon.colcon_core.shell:Creating environment descriptor '/home/robousr/ROS2Dev/Pruebas_Apriltag/install/apriltag_detector_umich/share/apriltag_detector_umich/hook/ld_library_path_lib.dsv'
[2.150s] INFO:colcon.colcon_core.shell:Creating environment hook '/home/robousr/ROS2Dev/Pruebas_Apriltag/install/apriltag_detector_umich/share/apriltag_detector_umich/hook/ld_library_path_lib.sh'
[2.154s] Level 1:colcon.colcon_core.environment:checking '/home/robousr/ROS2Dev/Pruebas_Apriltag/install/apriltag_detector_umich/bin'
[2.154s] Level 1:colcon.colcon_core.environment:checking '/home/robousr/ROS2Dev/Pruebas_Apriltag/install/apriltag_detector_umich/lib/pkgconfig/apriltag_detector_umich.pc'
[2.155s] Level 1:colcon.colcon_core.environment:checking '/home/robousr/ROS2Dev/Pruebas_Apriltag/install/apriltag_detector_umich/lib/python3.10/site-packages'
[2.155s] Level 1:colcon.colcon_core.environment:checking '/home/robousr/ROS2Dev/Pruebas_Apriltag/install/apriltag_detector_umich/bin'
[2.155s] INFO:colcon.colcon_core.shell:Creating package script '/home/robousr/ROS2Dev/Pruebas_Apriltag/install/apriltag_detector_umich/share/apriltag_detector_umich/package.ps1'
[2.158s] INFO:colcon.colcon_core.shell:Creating package descriptor '/home/robousr/ROS2Dev/Pruebas_Apriltag/install/apriltag_detector_umich/share/apriltag_detector_umich/package.dsv'
[2.159s] INFO:colcon.colcon_core.shell:Creating package script '/home/robousr/ROS2Dev/Pruebas_Apriltag/install/apriltag_detector_umich/share/apriltag_detector_umich/package.sh'
[2.161s] INFO:colcon.colcon_core.shell:Creating package script '/home/robousr/ROS2Dev/Pruebas_Apriltag/install/apriltag_detector_umich/share/apriltag_detector_umich/package.bash'
[2.163s] INFO:colcon.colcon_core.shell:Creating package script '/home/robousr/ROS2Dev/Pruebas_Apriltag/install/apriltag_detector_umich/share/apriltag_detector_umich/package.zsh'
[2.165s] Level 1:colcon.colcon_core.environment:create_file_with_runtime_dependencies(/home/robousr/ROS2Dev/Pruebas_Apriltag/install/apriltag_detector_umich/share/colcon-core/packages/apriltag_detector_umich)
[2.327s] Level 1:colcon.colcon_core.environment:create_environment_scripts_only(apriltag_detector_umich)
[2.328s] Level 1:colcon.colcon_core.environment:checking '/home/robousr/ROS2Dev/Pruebas_Apriltag/install/apriltag_detector_umich' for CMake module files
[2.329s] Level 1:colcon.colcon_core.environment:checking '/home/robousr/ROS2Dev/Pruebas_Apriltag/install/apriltag_detector_umich' for CMake config files
[2.330s] Level 1:colcon.colcon_core.shell:create_environment_hook('apriltag_detector_umich', 'cmake_prefix_path')
[2.330s] INFO:colcon.colcon_core.shell:Creating environment hook '/home/robousr/ROS2Dev/Pruebas_Apriltag/install/apriltag_detector_umich/share/apriltag_detector_umich/hook/cmake_prefix_path.ps1'
[2.332s] INFO:colcon.colcon_core.shell:Creating environment descriptor '/home/robousr/ROS2Dev/Pruebas_Apriltag/install/apriltag_detector_umich/share/apriltag_detector_umich/hook/cmake_prefix_path.dsv'
[2.333s] INFO:colcon.colcon_core.shell:Creating environment hook '/home/robousr/ROS2Dev/Pruebas_Apriltag/install/apriltag_detector_umich/share/apriltag_detector_umich/hook/cmake_prefix_path.sh'
[2.336s] Level 1:colcon.colcon_core.environment:checking '/home/robousr/ROS2Dev/Pruebas_Apriltag/install/apriltag_detector_umich/lib'
[2.336s] Level 1:colcon.colcon_core.shell:create_environment_hook('apriltag_detector_umich', 'ld_library_path_lib')
[2.336s] INFO:colcon.colcon_core.shell:Creating environment hook '/home/robousr/ROS2Dev/Pruebas_Apriltag/install/apriltag_detector_umich/share/apriltag_detector_umich/hook/ld_library_path_lib.ps1'
[2.338s] INFO:colcon.colcon_core.shell:Creating environment descriptor '/home/robousr/ROS2Dev/Pruebas_Apriltag/install/apriltag_detector_umich/share/apriltag_detector_umich/hook/ld_library_path_lib.dsv'
[2.339s] INFO:colcon.colcon_core.shell:Creating environment hook '/home/robousr/ROS2Dev/Pruebas_Apriltag/install/apriltag_detector_umich/share/apriltag_detector_umich/hook/ld_library_path_lib.sh'
[2.341s] Level 1:colcon.colcon_core.environment:checking '/home/robousr/ROS2Dev/Pruebas_Apriltag/install/apriltag_detector_umich/bin'
[2.344s] Level 1:colcon.colcon_core.environment:checking '/home/robousr/ROS2Dev/Pruebas_Apriltag/install/apriltag_detector_umich/lib/pkgconfig/apriltag_detector_umich.pc'
[2.346s] Level 1:colcon.colcon_core.environment:checking '/home/robousr/ROS2Dev/Pruebas_Apriltag/install/apriltag_detector_umich/lib/python3.10/site-packages'
[2.347s] Level 1:colcon.colcon_core.environment:checking '/home/robousr/ROS2Dev/Pruebas_Apriltag/install/apriltag_detector_umich/bin'
[2.347s] INFO:colcon.colcon_core.shell:Creating package script '/home/robousr/ROS2Dev/Pruebas_Apriltag/install/apriltag_detector_umich/share/apriltag_detector_umich/package.ps1'
[2.349s] INFO:colcon.colcon_core.shell:Creating package descriptor '/home/robousr/ROS2Dev/Pruebas_Apriltag/install/apriltag_detector_umich/share/apriltag_detector_umich/package.dsv'
[2.350s] INFO:colcon.colcon_core.shell:Creating package script '/home/robousr/ROS2Dev/Pruebas_Apriltag/install/apriltag_detector_umich/share/apriltag_detector_umich/package.sh'
[2.351s] INFO:colcon.colcon_core.shell:Creating package script '/home/robousr/ROS2Dev/Pruebas_Apriltag/install/apriltag_detector_umich/share/apriltag_detector_umich/package.bash'
[2.355s] INFO:colcon.colcon_core.shell:Creating package script '/home/robousr/ROS2Dev/Pruebas_Apriltag/install/apriltag_detector_umich/share/apriltag_detector_umich/package.zsh'
[2.357s] Level 1:colcon.colcon_core.environment:create_file_with_runtime_dependencies(/home/robousr/ROS2Dev/Pruebas_Apriltag/install/apriltag_detector_umich/share/colcon-core/packages/apriltag_detector_umich)
[2.358s] DEBUG:colcon.colcon_parallel_executor.executor.parallel:closing loop
[2.359s] DEBUG:colcon.colcon_parallel_executor.executor.parallel:loop closed
[2.359s] DEBUG:colcon.colcon_parallel_executor.executor.parallel:run_until_complete finished with '0'
[2.360s] DEBUG:colcon.colcon_core.event_reactor:joining thread
[2.397s] INFO:colcon.colcon_core.plugin_system:Skipping extension 'colcon_notification.desktop_notification.terminal_notifier': Not used on non-Darwin systems
[2.398s] INFO:colcon.colcon_core.plugin_system:Skipping extension 'colcon_notification.desktop_notification.win32': Not used on non-Windows systems
[2.398s] INFO:colcon.colcon_notification.desktop_notification:Sending desktop notification using 'notify2'
[2.455s] DEBUG:colcon.colcon_core.event_reactor:joined thread
[2.456s] INFO:colcon.colcon_core.shell:Creating prefix script '/home/robousr/ROS2Dev/Pruebas_Apriltag/install/local_setup.ps1'
[2.459s] INFO:colcon.colcon_core.shell:Creating prefix util module '/home/robousr/ROS2Dev/Pruebas_Apriltag/install/_local_setup_util_ps1.py'
[2.461s] INFO:colcon.colcon_core.shell:Creating prefix chain script '/home/robousr/ROS2Dev/Pruebas_Apriltag/install/setup.ps1'
[2.463s] INFO:colcon.colcon_core.shell:Creating prefix script '/home/robousr/ROS2Dev/Pruebas_Apriltag/install/local_setup.sh'
[2.463s] INFO:colcon.colcon_core.shell:Creating prefix util module '/home/robousr/ROS2Dev/Pruebas_Apriltag/install/_local_setup_util_sh.py'
[2.464s] INFO:colcon.colcon_core.shell:Creating prefix chain script '/home/robousr/ROS2Dev/Pruebas_Apriltag/install/setup.sh'
[2.468s] INFO:colcon.colcon_core.shell:Creating prefix script '/home/robousr/ROS2Dev/Pruebas_Apriltag/install/local_setup.bash'
[2.470s] INFO:colcon.colcon_core.shell:Creating prefix chain script '/home/robousr/ROS2Dev/Pruebas_Apriltag/install/setup.bash'
[2.472s] INFO:colcon.colcon_core.shell:Creating prefix script '/home/robousr/ROS2Dev/Pruebas_Apriltag/install/local_setup.zsh'
[2.474s] INFO:colcon.colcon_core.shell:Creating prefix chain script '/home/robousr/ROS2Dev/Pruebas_Apriltag/install/setup.zsh'
