[0.245s] DEBUG:colcon:Command line arguments: ['/usr/bin/colcon', 'build']
[0.245s] DEBUG:colcon:Parsed command line arguments: Namespace(log_base=None, log_level=None, verb_name='build', build_base='build', install_base='install', merge_install=False, symlink_install=False, test_result_base=None, continue_on_error=False, executor='parallel', parallel_workers=2, event_handlers=None, ignore_user_meta=False, metas=['./colcon.meta'], base_paths=['.'], packages_ignore=None, packages_ignore_regex=None, paths=None, packages_up_to=None, packages_up_to_regex=None, packages_above=None, packages_above_and_dependencies=None, packages_above_depth=None, packages_select_by_dep=None, packages_skip_by_dep=None, packages_skip_up_to=None, packages_select_build_failed=False, packages_skip_build_finished=False, packages_select_test_failures=False, packages_skip_test_passed=False, packages_select=None, packages_skip=None, packages_select_regex=None, packages_skip_regex=None, packages_start=None, packages_end=None, allow_overriding=[], cmake_args=None, cmake_target=None, cmake_target_skip_unavailable=False, cmake_clean_cache=False, cmake_clean_first=False, cmake_force_configure=False, ament_cmake_args=None, catkin_cmake_args=None, catkin_skip_building_tests=False, mixin_files=None, mixin=None, verb_parser=<colcon_mixin.mixin.mixin_argument.MixinArgumentDecorator object at 0x7b7097b37ac0>, verb_extension=<colcon_core.verb.build.BuildVerb object at 0x7b7097b37340>, main=<bound method BuildVerb.main of <colcon_core.verb.build.BuildVerb object at 0x7b7097b37340>>, mixin_verb=('build',))
[0.645s] Level 1:colcon.colcon_core.package_discovery:discover_packages(colcon_meta) check parameters
[0.645s] Level 1:colcon.colcon_core.package_discovery:discover_packages(recursive) check parameters
[0.646s] Level 1:colcon.colcon_core.package_discovery:discover_packages(ignore) check parameters
[0.646s] Level 1:colcon.colcon_core.package_discovery:discover_packages(path) check parameters
[0.646s] Level 1:colcon.colcon_core.package_discovery:discover_packages(colcon_meta) discover
[0.646s] Level 1:colcon.colcon_core.package_discovery:discover_packages(recursive) discover
[0.646s] INFO:colcon.colcon_core.package_discovery:Crawling recursively for packages in '/home/robousr/ROS2Dev/Pruebas_Apriltag'
[0.646s] Level 1:colcon.colcon_core.package_identification:_identify(.) by extensions ['ignore', 'ignore_ament_install']
[0.646s] Level 1:colcon.colcon_core.package_identification:_identify(.) by extension 'ignore'
[0.646s] Level 1:colcon.colcon_core.package_identification:_identify(.) by extension 'ignore_ament_install'
[0.646s] Level 1:colcon.colcon_core.package_identification:_identify(.) by extensions ['colcon_pkg']
[0.646s] Level 1:colcon.colcon_core.package_identification:_identify(.) by extension 'colcon_pkg'
[0.646s] Level 1:colcon.colcon_core.package_identification:_identify(.) by extensions ['colcon_meta']
[0.646s] Level 1:colcon.colcon_core.package_identification:_identify(.) by extension 'colcon_meta'
[0.646s] Level 1:colcon.colcon_core.package_identification:_identify(.) by extensions ['ros']
[0.646s] Level 1:colcon.colcon_core.package_identification:_identify(.) by extension 'ros'
[0.656s] Level 1:colcon.colcon_core.package_identification:_identify(.) by extensions ['cmake', 'python']
[0.656s] Level 1:colcon.colcon_core.package_identification:_identify(.) by extension 'cmake'
[0.656s] Level 1:colcon.colcon_core.package_identification:_identify(.) by extension 'python'
[0.656s] Level 1:colcon.colcon_core.package_identification:_identify(.) by extensions ['python_setup_py']
[0.656s] Level 1:colcon.colcon_core.package_identification:_identify(.) by extension 'python_setup_py'
[0.656s] Level 1:colcon.colcon_core.package_identification:_identify(apriltag-imgs-master) by extensions ['ignore', 'ignore_ament_install']
[0.656s] Level 1:colcon.colcon_core.package_identification:_identify(apriltag-imgs-master) by extension 'ignore'
[0.656s] Level 1:colcon.colcon_core.package_identification:_identify(apriltag-imgs-master) by extension 'ignore_ament_install'
[0.656s] Level 1:colcon.colcon_core.package_identification:_identify(apriltag-imgs-master) by extensions ['colcon_pkg']
[0.656s] Level 1:colcon.colcon_core.package_identification:_identify(apriltag-imgs-master) by extension 'colcon_pkg'
[0.656s] Level 1:colcon.colcon_core.package_identification:_identify(apriltag-imgs-master) by extensions ['colcon_meta']
[0.656s] Level 1:colcon.colcon_core.package_identification:_identify(apriltag-imgs-master) by extension 'colcon_meta'
[0.656s] Level 1:colcon.colcon_core.package_identification:_identify(apriltag-imgs-master) by extensions ['ros']
[0.656s] Level 1:colcon.colcon_core.package_identification:_identify(apriltag-imgs-master) by extension 'ros'
[0.657s] Level 1:colcon.colcon_core.package_identification:_identify(apriltag-imgs-master) by extensions ['cmake', 'python']
[0.657s] Level 1:colcon.colcon_core.package_identification:_identify(apriltag-imgs-master) by extension 'cmake'
[0.657s] Level 1:colcon.colcon_core.package_identification:_identify(apriltag-imgs-master) by extension 'python'
[0.657s] Level 1:colcon.colcon_core.package_identification:_identify(apriltag-imgs-master) by extensions ['python_setup_py']
[0.657s] Level 1:colcon.colcon_core.package_identification:_identify(apriltag-imgs-master) by extension 'python_setup_py'
[0.657s] Level 1:colcon.colcon_core.package_identification:_identify(apriltag-imgs-master/tag16h5) by extensions ['ignore', 'ignore_ament_install']
[0.657s] Level 1:colcon.colcon_core.package_identification:_identify(apriltag-imgs-master/tag16h5) by extension 'ignore'
[0.657s] Level 1:colcon.colcon_core.package_identification:_identify(apriltag-imgs-master/tag16h5) by extension 'ignore_ament_install'
[0.657s] Level 1:colcon.colcon_core.package_identification:_identify(apriltag-imgs-master/tag16h5) by extensions ['colcon_pkg']
[0.657s] Level 1:colcon.colcon_core.package_identification:_identify(apriltag-imgs-master/tag16h5) by extension 'colcon_pkg'
[0.657s] Level 1:colcon.colcon_core.package_identification:_identify(apriltag-imgs-master/tag16h5) by extensions ['colcon_meta']
[0.657s] Level 1:colcon.colcon_core.package_identification:_identify(apriltag-imgs-master/tag16h5) by extension 'colcon_meta'
[0.657s] Level 1:colcon.colcon_core.package_identification:_identify(apriltag-imgs-master/tag16h5) by extensions ['ros']
[0.657s] Level 1:colcon.colcon_core.package_identification:_identify(apriltag-imgs-master/tag16h5) by extension 'ros'
[0.657s] Level 1:colcon.colcon_core.package_identification:_identify(apriltag-imgs-master/tag16h5) by extensions ['cmake', 'python']
[0.657s] Level 1:colcon.colcon_core.package_identification:_identify(apriltag-imgs-master/tag16h5) by extension 'cmake'
[0.657s] Level 1:colcon.colcon_core.package_identification:_identify(apriltag-imgs-master/tag16h5) by extension 'python'
[0.657s] Level 1:colcon.colcon_core.package_identification:_identify(apriltag-imgs-master/tag16h5) by extensions ['python_setup_py']
[0.657s] Level 1:colcon.colcon_core.package_identification:_identify(apriltag-imgs-master/tag16h5) by extension 'python_setup_py'
[0.657s] Level 1:colcon.colcon_core.package_identification:_identify(apriltag-imgs-master/tag25h9) by extensions ['ignore', 'ignore_ament_install']
[0.657s] Level 1:colcon.colcon_core.package_identification:_identify(apriltag-imgs-master/tag25h9) by extension 'ignore'
[0.657s] Level 1:colcon.colcon_core.package_identification:_identify(apriltag-imgs-master/tag25h9) by extension 'ignore_ament_install'
[0.657s] Level 1:colcon.colcon_core.package_identification:_identify(apriltag-imgs-master/tag25h9) by extensions ['colcon_pkg']
[0.657s] Level 1:colcon.colcon_core.package_identification:_identify(apriltag-imgs-master/tag25h9) by extension 'colcon_pkg'
[0.658s] Level 1:colcon.colcon_core.package_identification:_identify(apriltag-imgs-master/tag25h9) by extensions ['colcon_meta']
[0.658s] Level 1:colcon.colcon_core.package_identification:_identify(apriltag-imgs-master/tag25h9) by extension 'colcon_meta'
[0.658s] Level 1:colcon.colcon_core.package_identification:_identify(apriltag-imgs-master/tag25h9) by extensions ['ros']
[0.658s] Level 1:colcon.colcon_core.package_identification:_identify(apriltag-imgs-master/tag25h9) by extension 'ros'
[0.658s] Level 1:colcon.colcon_core.package_identification:_identify(apriltag-imgs-master/tag25h9) by extensions ['cmake', 'python']
[0.658s] Level 1:colcon.colcon_core.package_identification:_identify(apriltag-imgs-master/tag25h9) by extension 'cmake'
[0.658s] Level 1:colcon.colcon_core.package_identification:_identify(apriltag-imgs-master/tag25h9) by extension 'python'
[0.658s] Level 1:colcon.colcon_core.package_identification:_identify(apriltag-imgs-master/tag25h9) by extensions ['python_setup_py']
[0.658s] Level 1:colcon.colcon_core.package_identification:_identify(apriltag-imgs-master/tag25h9) by extension 'python_setup_py'
[0.658s] Level 1:colcon.colcon_core.package_identification:_identify(apriltag-imgs-master/tag36h11) by extensions ['ignore', 'ignore_ament_install']
[0.658s] Level 1:colcon.colcon_core.package_identification:_identify(apriltag-imgs-master/tag36h11) by extension 'ignore'
[0.658s] Level 1:colcon.colcon_core.package_identification:_identify(apriltag-imgs-master/tag36h11) by extension 'ignore_ament_install'
[0.658s] Level 1:colcon.colcon_core.package_identification:_identify(apriltag-imgs-master/tag36h11) by extensions ['colcon_pkg']
[0.658s] Level 1:colcon.colcon_core.package_identification:_identify(apriltag-imgs-master/tag36h11) by extension 'colcon_pkg'
[0.658s] Level 1:colcon.colcon_core.package_identification:_identify(apriltag-imgs-master/tag36h11) by extensions ['colcon_meta']
[0.658s] Level 1:colcon.colcon_core.package_identification:_identify(apriltag-imgs-master/tag36h11) by extension 'colcon_meta'
[0.659s] Level 1:colcon.colcon_core.package_identification:_identify(apriltag-imgs-master/tag36h11) by extensions ['ros']
[0.659s] Level 1:colcon.colcon_core.package_identification:_identify(apriltag-imgs-master/tag36h11) by extension 'ros'
[0.659s] Level 1:colcon.colcon_core.package_identification:_identify(apriltag-imgs-master/tag36h11) by extensions ['cmake', 'python']
[0.659s] Level 1:colcon.colcon_core.package_identification:_identify(apriltag-imgs-master/tag36h11) by extension 'cmake'
[0.659s] Level 1:colcon.colcon_core.package_identification:_identify(apriltag-imgs-master/tag36h11) by extension 'python'
[0.659s] Level 1:colcon.colcon_core.package_identification:_identify(apriltag-imgs-master/tag36h11) by extensions ['python_setup_py']
[0.659s] Level 1:colcon.colcon_core.package_identification:_identify(apriltag-imgs-master/tag36h11) by extension 'python_setup_py'
[0.659s] Level 1:colcon.colcon_core.package_identification:_identify(apriltag-imgs-master/tagCircle21h7) by extensions ['ignore', 'ignore_ament_install']
[0.659s] Level 1:colcon.colcon_core.package_identification:_identify(apriltag-imgs-master/tagCircle21h7) by extension 'ignore'
[0.659s] Level 1:colcon.colcon_core.package_identification:_identify(apriltag-imgs-master/tagCircle21h7) by extension 'ignore_ament_install'
[0.659s] Level 1:colcon.colcon_core.package_identification:_identify(apriltag-imgs-master/tagCircle21h7) by extensions ['colcon_pkg']
[0.659s] Level 1:colcon.colcon_core.package_identification:_identify(apriltag-imgs-master/tagCircle21h7) by extension 'colcon_pkg'
[0.659s] Level 1:colcon.colcon_core.package_identification:_identify(apriltag-imgs-master/tagCircle21h7) by extensions ['colcon_meta']
[0.659s] Level 1:colcon.colcon_core.package_identification:_identify(apriltag-imgs-master/tagCircle21h7) by extension 'colcon_meta'
[0.659s] Level 1:colcon.colcon_core.package_identification:_identify(apriltag-imgs-master/tagCircle21h7) by extensions ['ros']
[0.659s] Level 1:colcon.colcon_core.package_identification:_identify(apriltag-imgs-master/tagCircle21h7) by extension 'ros'
[0.659s] Level 1:colcon.colcon_core.package_identification:_identify(apriltag-imgs-master/tagCircle21h7) by extensions ['cmake', 'python']
[0.659s] Level 1:colcon.colcon_core.package_identification:_identify(apriltag-imgs-master/tagCircle21h7) by extension 'cmake'
[0.659s] Level 1:colcon.colcon_core.package_identification:_identify(apriltag-imgs-master/tagCircle21h7) by extension 'python'
[0.659s] Level 1:colcon.colcon_core.package_identification:_identify(apriltag-imgs-master/tagCircle21h7) by extensions ['python_setup_py']
[0.659s] Level 1:colcon.colcon_core.package_identification:_identify(apriltag-imgs-master/tagCircle21h7) by extension 'python_setup_py'
[0.695s] Level 1:colcon.colcon_core.package_identification:_identify(apriltag-imgs-master/tagCircle49h12) by extensions ['ignore', 'ignore_ament_install']
[0.695s] Level 1:colcon.colcon_core.package_identification:_identify(apriltag-imgs-master/tagCircle49h12) by extension 'ignore'
[0.695s] Level 1:colcon.colcon_core.package_identification:_identify(apriltag-imgs-master/tagCircle49h12) by extension 'ignore_ament_install'
[0.695s] Level 1:colcon.colcon_core.package_identification:_identify(apriltag-imgs-master/tagCircle49h12) by extensions ['colcon_pkg']
[0.695s] Level 1:colcon.colcon_core.package_identification:_identify(apriltag-imgs-master/tagCircle49h12) by extension 'colcon_pkg'
[0.695s] Level 1:colcon.colcon_core.package_identification:_identify(apriltag-imgs-master/tagCircle49h12) by extensions ['colcon_meta']
[0.695s] Level 1:colcon.colcon_core.package_identification:_identify(apriltag-imgs-master/tagCircle49h12) by extension 'colcon_meta'
[0.695s] Level 1:colcon.colcon_core.package_identification:_identify(apriltag-imgs-master/tagCircle49h12) by extensions ['ros']
[0.695s] Level 1:colcon.colcon_core.package_identification:_identify(apriltag-imgs-master/tagCircle49h12) by extension 'ros'
[0.695s] Level 1:colcon.colcon_core.package_identification:_identify(apriltag-imgs-master/tagCircle49h12) by extensions ['cmake', 'python']
[0.695s] Level 1:colcon.colcon_core.package_identification:_identify(apriltag-imgs-master/tagCircle49h12) by extension 'cmake'
[0.695s] Level 1:colcon.colcon_core.package_identification:_identify(apriltag-imgs-master/tagCircle49h12) by extension 'python'
[0.695s] Level 1:colcon.colcon_core.package_identification:_identify(apriltag-imgs-master/tagCircle49h12) by extensions ['python_setup_py']
[0.695s] Level 1:colcon.colcon_core.package_identification:_identify(apriltag-imgs-master/tagCircle49h12) by extension 'python_setup_py'
[0.718s] Level 1:colcon.colcon_core.package_identification:_identify(apriltag-imgs-master/tagCustom48h12) by extensions ['ignore', 'ignore_ament_install']
[0.718s] Level 1:colcon.colcon_core.package_identification:_identify(apriltag-imgs-master/tagCustom48h12) by extension 'ignore'
[0.719s] Level 1:colcon.colcon_core.package_identification:_identify(apriltag-imgs-master/tagCustom48h12) by extension 'ignore_ament_install'
[0.719s] Level 1:colcon.colcon_core.package_identification:_identify(apriltag-imgs-master/tagCustom48h12) by extensions ['colcon_pkg']
[0.719s] Level 1:colcon.colcon_core.package_identification:_identify(apriltag-imgs-master/tagCustom48h12) by extension 'colcon_pkg'
[0.719s] Level 1:colcon.colcon_core.package_identification:_identify(apriltag-imgs-master/tagCustom48h12) by extensions ['colcon_meta']
[0.719s] Level 1:colcon.colcon_core.package_identification:_identify(apriltag-imgs-master/tagCustom48h12) by extension 'colcon_meta'
[0.719s] Level 1:colcon.colcon_core.package_identification:_identify(apriltag-imgs-master/tagCustom48h12) by extensions ['ros']
[0.719s] Level 1:colcon.colcon_core.package_identification:_identify(apriltag-imgs-master/tagCustom48h12) by extension 'ros'
[0.719s] Level 1:colcon.colcon_core.package_identification:_identify(apriltag-imgs-master/tagCustom48h12) by extensions ['cmake', 'python']
[0.719s] Level 1:colcon.colcon_core.package_identification:_identify(apriltag-imgs-master/tagCustom48h12) by extension 'cmake'
[0.719s] Level 1:colcon.colcon_core.package_identification:_identify(apriltag-imgs-master/tagCustom48h12) by extension 'python'
[0.719s] Level 1:colcon.colcon_core.package_identification:_identify(apriltag-imgs-master/tagCustom48h12) by extensions ['python_setup_py']
[0.719s] Level 1:colcon.colcon_core.package_identification:_identify(apriltag-imgs-master/tagCustom48h12) by extension 'python_setup_py'
[0.722s] Level 1:colcon.colcon_core.package_identification:_identify(apriltag-imgs-master/tagStandard41h12) by extensions ['ignore', 'ignore_ament_install']
[0.722s] Level 1:colcon.colcon_core.package_identification:_identify(apriltag-imgs-master/tagStandard41h12) by extension 'ignore'
[0.722s] Level 1:colcon.colcon_core.package_identification:_identify(apriltag-imgs-master/tagStandard41h12) by extension 'ignore_ament_install'
[0.722s] Level 1:colcon.colcon_core.package_identification:_identify(apriltag-imgs-master/tagStandard41h12) by extensions ['colcon_pkg']
[0.722s] Level 1:colcon.colcon_core.package_identification:_identify(apriltag-imgs-master/tagStandard41h12) by extension 'colcon_pkg'
[0.722s] Level 1:colcon.colcon_core.package_identification:_identify(apriltag-imgs-master/tagStandard41h12) by extensions ['colcon_meta']
[0.722s] Level 1:colcon.colcon_core.package_identification:_identify(apriltag-imgs-master/tagStandard41h12) by extension 'colcon_meta'
[0.722s] Level 1:colcon.colcon_core.package_identification:_identify(apriltag-imgs-master/tagStandard41h12) by extensions ['ros']
[0.722s] Level 1:colcon.colcon_core.package_identification:_identify(apriltag-imgs-master/tagStandard41h12) by extension 'ros'
[0.722s] Level 1:colcon.colcon_core.package_identification:_identify(apriltag-imgs-master/tagStandard41h12) by extensions ['cmake', 'python']
[0.722s] Level 1:colcon.colcon_core.package_identification:_identify(apriltag-imgs-master/tagStandard41h12) by extension 'cmake'
[0.722s] Level 1:colcon.colcon_core.package_identification:_identify(apriltag-imgs-master/tagStandard41h12) by extension 'python'
[0.722s] Level 1:colcon.colcon_core.package_identification:_identify(apriltag-imgs-master/tagStandard41h12) by extensions ['python_setup_py']
[0.722s] Level 1:colcon.colcon_core.package_identification:_identify(apriltag-imgs-master/tagStandard41h12) by extension 'python_setup_py'
[0.731s] Level 1:colcon.colcon_core.package_identification:_identify(apriltag-imgs-master/tagStandard52h13) by extensions ['ignore', 'ignore_ament_install']
[0.732s] Level 1:colcon.colcon_core.package_identification:_identify(apriltag-imgs-master/tagStandard52h13) by extension 'ignore'
[0.732s] Level 1:colcon.colcon_core.package_identification:_identify(apriltag-imgs-master/tagStandard52h13) by extension 'ignore_ament_install'
[0.732s] Level 1:colcon.colcon_core.package_identification:_identify(apriltag-imgs-master/tagStandard52h13) by extensions ['colcon_pkg']
[0.732s] Level 1:colcon.colcon_core.package_identification:_identify(apriltag-imgs-master/tagStandard52h13) by extension 'colcon_pkg'
[0.732s] Level 1:colcon.colcon_core.package_identification:_identify(apriltag-imgs-master/tagStandard52h13) by extensions ['colcon_meta']
[0.732s] Level 1:colcon.colcon_core.package_identification:_identify(apriltag-imgs-master/tagStandard52h13) by extension 'colcon_meta'
[0.732s] Level 1:colcon.colcon_core.package_identification:_identify(apriltag-imgs-master/tagStandard52h13) by extensions ['ros']
[0.732s] Level 1:colcon.colcon_core.package_identification:_identify(apriltag-imgs-master/tagStandard52h13) by extension 'ros'
[0.732s] Level 1:colcon.colcon_core.package_identification:_identify(apriltag-imgs-master/tagStandard52h13) by extensions ['cmake', 'python']
[0.732s] Level 1:colcon.colcon_core.package_identification:_identify(apriltag-imgs-master/tagStandard52h13) by extension 'cmake'
[0.732s] Level 1:colcon.colcon_core.package_identification:_identify(apriltag-imgs-master/tagStandard52h13) by extension 'python'
[0.732s] Level 1:colcon.colcon_core.package_identification:_identify(apriltag-imgs-master/tagStandard52h13) by extensions ['python_setup_py']
[0.732s] Level 1:colcon.colcon_core.package_identification:_identify(apriltag-imgs-master/tagStandard52h13) by extension 'python_setup_py'
[0.733s] Level 1:colcon.colcon_core.package_identification:_identify(apriltag_detector-master) by extensions ['ignore', 'ignore_ament_install']
[0.733s] Level 1:colcon.colcon_core.package_identification:_identify(apriltag_detector-master) by extension 'ignore'
[0.733s] Level 1:colcon.colcon_core.package_identification:_identify(apriltag_detector-master) by extension 'ignore_ament_install'
[0.733s] Level 1:colcon.colcon_core.package_identification:_identify(apriltag_detector-master) by extensions ['colcon_pkg']
[0.733s] Level 1:colcon.colcon_core.package_identification:_identify(apriltag_detector-master) by extension 'colcon_pkg'
[0.733s] Level 1:colcon.colcon_core.package_identification:_identify(apriltag_detector-master) by extensions ['colcon_meta']
[0.733s] Level 1:colcon.colcon_core.package_identification:_identify(apriltag_detector-master) by extension 'colcon_meta'
[0.733s] Level 1:colcon.colcon_core.package_identification:_identify(apriltag_detector-master) by extensions ['ros']
[0.733s] Level 1:colcon.colcon_core.package_identification:_identify(apriltag_detector-master) by extension 'ros'
[0.733s] Level 1:colcon.colcon_core.package_identification:_identify(apriltag_detector-master) by extensions ['cmake', 'python']
[0.733s] Level 1:colcon.colcon_core.package_identification:_identify(apriltag_detector-master) by extension 'cmake'
[0.733s] Level 1:colcon.colcon_core.package_identification:_identify(apriltag_detector-master) by extension 'python'
[0.733s] Level 1:colcon.colcon_core.package_identification:_identify(apriltag_detector-master) by extensions ['python_setup_py']
[0.733s] Level 1:colcon.colcon_core.package_identification:_identify(apriltag_detector-master) by extension 'python_setup_py'
[0.734s] Level 1:colcon.colcon_core.package_identification:_identify(apriltag_detector-master/apriltag_detector) by extensions ['ignore', 'ignore_ament_install']
[0.734s] Level 1:colcon.colcon_core.package_identification:_identify(apriltag_detector-master/apriltag_detector) by extension 'ignore'
[0.734s] Level 1:colcon.colcon_core.package_identification:_identify(apriltag_detector-master/apriltag_detector) by extension 'ignore_ament_install'
[0.734s] Level 1:colcon.colcon_core.package_identification:_identify(apriltag_detector-master/apriltag_detector) by extensions ['colcon_pkg']
[0.734s] Level 1:colcon.colcon_core.package_identification:_identify(apriltag_detector-master/apriltag_detector) by extension 'colcon_pkg'
[0.734s] Level 1:colcon.colcon_core.package_identification:_identify(apriltag_detector-master/apriltag_detector) by extensions ['colcon_meta']
[0.734s] Level 1:colcon.colcon_core.package_identification:_identify(apriltag_detector-master/apriltag_detector) by extension 'colcon_meta'
[0.734s] Level 1:colcon.colcon_core.package_identification:_identify(apriltag_detector-master/apriltag_detector) by extensions ['ros']
[0.734s] Level 1:colcon.colcon_core.package_identification:_identify(apriltag_detector-master/apriltag_detector) by extension 'ros'
[0.750s] DEBUG:colcon.colcon_core.package_identification:Package 'apriltag_detector-master/apriltag_detector' with type 'ros.ament_cmake' and name 'apriltag_detector'
[0.750s] Level 1:colcon.colcon_core.package_identification:_identify(apriltag_detector-master/apriltag_detector_mit) by extensions ['ignore', 'ignore_ament_install']
[0.750s] Level 1:colcon.colcon_core.package_identification:_identify(apriltag_detector-master/apriltag_detector_mit) by extension 'ignore'
[0.750s] Level 1:colcon.colcon_core.package_identification:_identify(apriltag_detector-master/apriltag_detector_mit) by extension 'ignore_ament_install'
[0.750s] Level 1:colcon.colcon_core.package_identification:_identify(apriltag_detector-master/apriltag_detector_mit) by extensions ['colcon_pkg']
[0.750s] Level 1:colcon.colcon_core.package_identification:_identify(apriltag_detector-master/apriltag_detector_mit) by extension 'colcon_pkg'
[0.750s] Level 1:colcon.colcon_core.package_identification:_identify(apriltag_detector-master/apriltag_detector_mit) by extensions ['colcon_meta']
[0.750s] Level 1:colcon.colcon_core.package_identification:_identify(apriltag_detector-master/apriltag_detector_mit) by extension 'colcon_meta'
[0.750s] Level 1:colcon.colcon_core.package_identification:_identify(apriltag_detector-master/apriltag_detector_mit) by extensions ['ros']
[0.750s] Level 1:colcon.colcon_core.package_identification:_identify(apriltag_detector-master/apriltag_detector_mit) by extension 'ros'
[0.752s] DEBUG:colcon.colcon_core.package_identification:Package 'apriltag_detector-master/apriltag_detector_mit' with type 'ros.ament_cmake' and name 'apriltag_detector_mit'
[0.752s] Level 1:colcon.colcon_core.package_identification:_identify(apriltag_detector-master/apriltag_detector_umich) by extensions ['ignore', 'ignore_ament_install']
[0.752s] Level 1:colcon.colcon_core.package_identification:_identify(apriltag_detector-master/apriltag_detector_umich) by extension 'ignore'
[0.753s] Level 1:colcon.colcon_core.package_identification:_identify(apriltag_detector-master/apriltag_detector_umich) by extension 'ignore_ament_install'
[0.753s] Level 1:colcon.colcon_core.package_identification:_identify(apriltag_detector-master/apriltag_detector_umich) by extensions ['colcon_pkg']
[0.753s] Level 1:colcon.colcon_core.package_identification:_identify(apriltag_detector-master/apriltag_detector_umich) by extension 'colcon_pkg'
[0.753s] Level 1:colcon.colcon_core.package_identification:_identify(apriltag_detector-master/apriltag_detector_umich) by extensions ['colcon_meta']
[0.753s] Level 1:colcon.colcon_core.package_identification:_identify(apriltag_detector-master/apriltag_detector_umich) by extension 'colcon_meta'
[0.753s] Level 1:colcon.colcon_core.package_identification:_identify(apriltag_detector-master/apriltag_detector_umich) by extensions ['ros']
[0.753s] Level 1:colcon.colcon_core.package_identification:_identify(apriltag_detector-master/apriltag_detector_umich) by extension 'ros'
[0.755s] DEBUG:colcon.colcon_core.package_identification:Package 'apriltag_detector-master/apriltag_detector_umich' with type 'ros.ament_cmake' and name 'apriltag_detector_umich'
[0.755s] Level 1:colcon.colcon_core.package_identification:_identify(apriltag_detector-master/apriltag_draw) by extensions ['ignore', 'ignore_ament_install']
[0.755s] Level 1:colcon.colcon_core.package_identification:_identify(apriltag_detector-master/apriltag_draw) by extension 'ignore'
[0.755s] Level 1:colcon.colcon_core.package_identification:_identify(apriltag_detector-master/apriltag_draw) by extension 'ignore_ament_install'
[0.755s] Level 1:colcon.colcon_core.package_identification:_identify(apriltag_detector-master/apriltag_draw) by extensions ['colcon_pkg']
[0.755s] Level 1:colcon.colcon_core.package_identification:_identify(apriltag_detector-master/apriltag_draw) by extension 'colcon_pkg'
[0.755s] Level 1:colcon.colcon_core.package_identification:_identify(apriltag_detector-master/apriltag_draw) by extensions ['colcon_meta']
[0.755s] Level 1:colcon.colcon_core.package_identification:_identify(apriltag_detector-master/apriltag_draw) by extension 'colcon_meta'
[0.755s] Level 1:colcon.colcon_core.package_identification:_identify(apriltag_detector-master/apriltag_draw) by extensions ['ros']
[0.755s] Level 1:colcon.colcon_core.package_identification:_identify(apriltag_detector-master/apriltag_draw) by extension 'ros'
[0.756s] DEBUG:colcon.colcon_core.package_identification:Package 'apriltag_detector-master/apriltag_draw' with type 'ros.ament_cmake' and name 'apriltag_draw'
[0.756s] Level 1:colcon.colcon_core.package_identification:_identify(apriltag_detector-master/build) by extensions ['ignore', 'ignore_ament_install']
[0.757s] Level 1:colcon.colcon_core.package_identification:_identify(apriltag_detector-master/build) by extension 'ignore'
[0.757s] Level 1:colcon.colcon_core.package_identification:_identify(apriltag_detector-master/build) ignored
[0.757s] Level 1:colcon.colcon_core.package_identification:_identify(apriltag_detector-master/images) by extensions ['ignore', 'ignore_ament_install']
[0.757s] Level 1:colcon.colcon_core.package_identification:_identify(apriltag_detector-master/images) by extension 'ignore'
[0.757s] Level 1:colcon.colcon_core.package_identification:_identify(apriltag_detector-master/images) by extension 'ignore_ament_install'
[0.757s] Level 1:colcon.colcon_core.package_identification:_identify(apriltag_detector-master/images) by extensions ['colcon_pkg']
[0.757s] Level 1:colcon.colcon_core.package_identification:_identify(apriltag_detector-master/images) by extension 'colcon_pkg'
[0.757s] Level 1:colcon.colcon_core.package_identification:_identify(apriltag_detector-master/images) by extensions ['colcon_meta']
[0.757s] Level 1:colcon.colcon_core.package_identification:_identify(apriltag_detector-master/images) by extension 'colcon_meta'
[0.757s] Level 1:colcon.colcon_core.package_identification:_identify(apriltag_detector-master/images) by extensions ['ros']
[0.757s] Level 1:colcon.colcon_core.package_identification:_identify(apriltag_detector-master/images) by extension 'ros'
[0.757s] Level 1:colcon.colcon_core.package_identification:_identify(apriltag_detector-master/images) by extensions ['cmake', 'python']
[0.757s] Level 1:colcon.colcon_core.package_identification:_identify(apriltag_detector-master/images) by extension 'cmake'
[0.757s] Level 1:colcon.colcon_core.package_identification:_identify(apriltag_detector-master/images) by extension 'python'
[0.757s] Level 1:colcon.colcon_core.package_identification:_identify(apriltag_detector-master/images) by extensions ['python_setup_py']
[0.757s] Level 1:colcon.colcon_core.package_identification:_identify(apriltag_detector-master/images) by extension 'python_setup_py'
[0.757s] Level 1:colcon.colcon_core.package_identification:_identify(apriltag_detector-master/install) by extensions ['ignore', 'ignore_ament_install']
[0.757s] Level 1:colcon.colcon_core.package_identification:_identify(apriltag_detector-master/install) by extension 'ignore'
[0.757s] Level 1:colcon.colcon_core.package_identification:_identify(apriltag_detector-master/install) ignored
[0.757s] Level 1:colcon.colcon_core.package_identification:_identify(apriltag_detector-master/log) by extensions ['ignore', 'ignore_ament_install']
[0.757s] Level 1:colcon.colcon_core.package_identification:_identify(apriltag_detector-master/log) by extension 'ignore'
[0.757s] Level 1:colcon.colcon_core.package_identification:_identify(apriltag_detector-master/log) ignored
[0.758s] Level 1:colcon.colcon_core.package_identification:_identify(build) by extensions ['ignore', 'ignore_ament_install']
[0.758s] Level 1:colcon.colcon_core.package_identification:_identify(build) by extension 'ignore'
[0.758s] Level 1:colcon.colcon_core.package_identification:_identify(build) ignored
[0.758s] Level 1:colcon.colcon_core.package_identification:_identify(install) by extensions ['ignore', 'ignore_ament_install']
[0.758s] Level 1:colcon.colcon_core.package_identification:_identify(install) by extension 'ignore'
[0.758s] Level 1:colcon.colcon_core.package_identification:_identify(install) ignored
[0.758s] Level 1:colcon.colcon_core.package_identification:_identify(log) by extensions ['ignore', 'ignore_ament_install']
[0.758s] Level 1:colcon.colcon_core.package_identification:_identify(log) by extension 'ignore'
[0.758s] Level 1:colcon.colcon_core.package_identification:_identify(log) ignored
[0.758s] Level 1:colcon.colcon_core.package_discovery:discover_packages(recursive) using defaults
[0.758s] Level 1:colcon.colcon_core.package_discovery:discover_packages(ignore) discover
[0.758s] Level 1:colcon.colcon_core.package_discovery:discover_packages(ignore) using defaults
[0.758s] Level 1:colcon.colcon_core.package_discovery:discover_packages(path) discover
[0.758s] Level 1:colcon.colcon_core.package_discovery:discover_packages(path) using defaults
[0.794s] Level 1:colcon.colcon_core.package_discovery:discover_packages(prefix_path) check parameters
[0.794s] Level 1:colcon.colcon_core.package_discovery:discover_packages(prefix_path) discover
[0.801s] DEBUG:colcon.colcon_installed_package_information.package_discovery:Found 302 installed packages in /opt/ros/humble
[0.803s] Level 1:colcon.colcon_core.package_discovery:discover_packages(prefix_path) using defaults
[0.848s] Level 5:colcon.colcon_core.verb:set package 'apriltag_detector' build argument 'cmake_args' from command line to 'None'
[0.848s] Level 5:colcon.colcon_core.verb:set package 'apriltag_detector' build argument 'cmake_target' from command line to 'None'
[0.848s] Level 5:colcon.colcon_core.verb:set package 'apriltag_detector' build argument 'cmake_target_skip_unavailable' from command line to 'False'
[0.848s] Level 5:colcon.colcon_core.verb:set package 'apriltag_detector' build argument 'cmake_clean_cache' from command line to 'False'
[0.848s] Level 5:colcon.colcon_core.verb:set package 'apriltag_detector' build argument 'cmake_clean_first' from command line to 'False'
[0.848s] Level 5:colcon.colcon_core.verb:set package 'apriltag_detector' build argument 'cmake_force_configure' from command line to 'False'
[0.848s] Level 5:colcon.colcon_core.verb:set package 'apriltag_detector' build argument 'ament_cmake_args' from command line to 'None'
[0.848s] Level 5:colcon.colcon_core.verb:set package 'apriltag_detector' build argument 'catkin_cmake_args' from command line to 'None'
[0.848s] Level 5:colcon.colcon_core.verb:set package 'apriltag_detector' build argument 'catkin_skip_building_tests' from command line to 'False'
[0.848s] DEBUG:colcon.colcon_core.verb:Building package 'apriltag_detector' with the following arguments: {'ament_cmake_args': None, 'build_base': '/home/robousr/ROS2Dev/Pruebas_Apriltag/build/apriltag_detector', 'catkin_cmake_args': None, 'catkin_skip_building_tests': False, 'cmake_args': None, 'cmake_clean_cache': False, 'cmake_clean_first': False, 'cmake_force_configure': False, 'cmake_target': None, 'cmake_target_skip_unavailable': False, 'install_base': '/home/robousr/ROS2Dev/Pruebas_Apriltag/install/apriltag_detector', 'merge_install': False, 'path': '/home/robousr/ROS2Dev/Pruebas_Apriltag/apriltag_detector-master/apriltag_detector', 'symlink_install': False, 'test_result_base': None}
[0.849s] Level 5:colcon.colcon_core.verb:set package 'apriltag_draw' build argument 'cmake_args' from command line to 'None'
[0.849s] Level 5:colcon.colcon_core.verb:set package 'apriltag_draw' build argument 'cmake_target' from command line to 'None'
[0.849s] Level 5:colcon.colcon_core.verb:set package 'apriltag_draw' build argument 'cmake_target_skip_unavailable' from command line to 'False'
[0.849s] Level 5:colcon.colcon_core.verb:set package 'apriltag_draw' build argument 'cmake_clean_cache' from command line to 'False'
[0.849s] Level 5:colcon.colcon_core.verb:set package 'apriltag_draw' build argument 'cmake_clean_first' from command line to 'False'
[0.849s] Level 5:colcon.colcon_core.verb:set package 'apriltag_draw' build argument 'cmake_force_configure' from command line to 'False'
[0.849s] Level 5:colcon.colcon_core.verb:set package 'apriltag_draw' build argument 'ament_cmake_args' from command line to 'None'
[0.849s] Level 5:colcon.colcon_core.verb:set package 'apriltag_draw' build argument 'catkin_cmake_args' from command line to 'None'
[0.849s] Level 5:colcon.colcon_core.verb:set package 'apriltag_draw' build argument 'catkin_skip_building_tests' from command line to 'False'
[0.849s] DEBUG:colcon.colcon_core.verb:Building package 'apriltag_draw' with the following arguments: {'ament_cmake_args': None, 'build_base': '/home/robousr/ROS2Dev/Pruebas_Apriltag/build/apriltag_draw', 'catkin_cmake_args': None, 'catkin_skip_building_tests': False, 'cmake_args': None, 'cmake_clean_cache': False, 'cmake_clean_first': False, 'cmake_force_configure': False, 'cmake_target': None, 'cmake_target_skip_unavailable': False, 'install_base': '/home/robousr/ROS2Dev/Pruebas_Apriltag/install/apriltag_draw', 'merge_install': False, 'path': '/home/robousr/ROS2Dev/Pruebas_Apriltag/apriltag_detector-master/apriltag_draw', 'symlink_install': False, 'test_result_base': None}
[0.849s] Level 5:colcon.colcon_core.verb:set package 'apriltag_detector_mit' build argument 'cmake_args' from command line to 'None'
[0.849s] Level 5:colcon.colcon_core.verb:set package 'apriltag_detector_mit' build argument 'cmake_target' from command line to 'None'
[0.849s] Level 5:colcon.colcon_core.verb:set package 'apriltag_detector_mit' build argument 'cmake_target_skip_unavailable' from command line to 'False'
[0.849s] Level 5:colcon.colcon_core.verb:set package 'apriltag_detector_mit' build argument 'cmake_clean_cache' from command line to 'False'
[0.849s] Level 5:colcon.colcon_core.verb:set package 'apriltag_detector_mit' build argument 'cmake_clean_first' from command line to 'False'
[0.849s] Level 5:colcon.colcon_core.verb:set package 'apriltag_detector_mit' build argument 'cmake_force_configure' from command line to 'False'
[0.849s] Level 5:colcon.colcon_core.verb:set package 'apriltag_detector_mit' build argument 'ament_cmake_args' from command line to 'None'
[0.849s] Level 5:colcon.colcon_core.verb:set package 'apriltag_detector_mit' build argument 'catkin_cmake_args' from command line to 'None'
[0.849s] Level 5:colcon.colcon_core.verb:set package 'apriltag_detector_mit' build argument 'catkin_skip_building_tests' from command line to 'False'
[0.849s] DEBUG:colcon.colcon_core.verb:Building package 'apriltag_detector_mit' with the following arguments: {'ament_cmake_args': None, 'build_base': '/home/robousr/ROS2Dev/Pruebas_Apriltag/build/apriltag_detector_mit', 'catkin_cmake_args': None, 'catkin_skip_building_tests': False, 'cmake_args': None, 'cmake_clean_cache': False, 'cmake_clean_first': False, 'cmake_force_configure': False, 'cmake_target': None, 'cmake_target_skip_unavailable': False, 'install_base': '/home/robousr/ROS2Dev/Pruebas_Apriltag/install/apriltag_detector_mit', 'merge_install': False, 'path': '/home/robousr/ROS2Dev/Pruebas_Apriltag/apriltag_detector-master/apriltag_detector_mit', 'symlink_install': False, 'test_result_base': None}
[0.850s] Level 5:colcon.colcon_core.verb:set package 'apriltag_detector_umich' build argument 'cmake_args' from command line to 'None'
[0.850s] Level 5:colcon.colcon_core.verb:set package 'apriltag_detector_umich' build argument 'cmake_target' from command line to 'None'
[0.850s] Level 5:colcon.colcon_core.verb:set package 'apriltag_detector_umich' build argument 'cmake_target_skip_unavailable' from command line to 'False'
[0.850s] Level 5:colcon.colcon_core.verb:set package 'apriltag_detector_umich' build argument 'cmake_clean_cache' from command line to 'False'
[0.850s] Level 5:colcon.colcon_core.verb:set package 'apriltag_detector_umich' build argument 'cmake_clean_first' from command line to 'False'
[0.850s] Level 5:colcon.colcon_core.verb:set package 'apriltag_detector_umich' build argument 'cmake_force_configure' from command line to 'False'
[0.850s] Level 5:colcon.colcon_core.verb:set package 'apriltag_detector_umich' build argument 'ament_cmake_args' from command line to 'None'
[0.850s] Level 5:colcon.colcon_core.verb:set package 'apriltag_detector_umich' build argument 'catkin_cmake_args' from command line to 'None'
[0.850s] Level 5:colcon.colcon_core.verb:set package 'apriltag_detector_umich' build argument 'catkin_skip_building_tests' from command line to 'False'
[0.850s] DEBUG:colcon.colcon_core.verb:Building package 'apriltag_detector_umich' with the following arguments: {'ament_cmake_args': None, 'build_base': '/home/robousr/ROS2Dev/Pruebas_Apriltag/build/apriltag_detector_umich', 'catkin_cmake_args': None, 'catkin_skip_building_tests': False, 'cmake_args': None, 'cmake_clean_cache': False, 'cmake_clean_first': False, 'cmake_force_configure': False, 'cmake_target': None, 'cmake_target_skip_unavailable': False, 'install_base': '/home/robousr/ROS2Dev/Pruebas_Apriltag/install/apriltag_detector_umich', 'merge_install': False, 'path': '/home/robousr/ROS2Dev/Pruebas_Apriltag/apriltag_detector-master/apriltag_detector_umich', 'symlink_install': False, 'test_result_base': None}
[0.850s] INFO:colcon.colcon_core.executor:Executing jobs using 'parallel' executor
[0.852s] DEBUG:colcon.colcon_parallel_executor.executor.parallel:run_until_complete
[0.852s] INFO:colcon.colcon_ros.task.ament_cmake.build:Building ROS package in '/home/robousr/ROS2Dev/Pruebas_Apriltag/apriltag_detector-master/apriltag_detector' with build type 'ament_cmake'
[0.852s] INFO:colcon.colcon_cmake.task.cmake.build:Building CMake package in '/home/robousr/ROS2Dev/Pruebas_Apriltag/apriltag_detector-master/apriltag_detector'
[0.862s] INFO:colcon.colcon_core.plugin_system:Skipping extension 'colcon_core.shell.bat': Not used on non-Windows systems
[0.862s] INFO:colcon.colcon_core.shell:Skip shell extension 'powershell' for command environment: Not usable outside of PowerShell
[0.862s] DEBUG:colcon.colcon_core.shell:Skip shell extension 'dsv' for command environment
[0.869s] INFO:colcon.colcon_ros.task.ament_cmake.build:Building ROS package in '/home/robousr/ROS2Dev/Pruebas_Apriltag/apriltag_detector-master/apriltag_draw' with build type 'ament_cmake'
[0.869s] INFO:colcon.colcon_cmake.task.cmake.build:Building CMake package in '/home/robousr/ROS2Dev/Pruebas_Apriltag/apriltag_detector-master/apriltag_draw'
[0.870s] INFO:colcon.colcon_core.shell:Skip shell extension 'powershell' for command environment: Not usable outside of PowerShell
[0.870s] DEBUG:colcon.colcon_core.shell:Skip shell extension 'dsv' for command environment
[0.885s] DEBUG:colcon.colcon_core.event_handler.log_command:Invoking command in '/home/robousr/ROS2Dev/Pruebas_Apriltag/build/apriltag_detector': CMAKE_PREFIX_PATH=/opt/ros/humble /usr/bin/cmake --build /home/robousr/ROS2Dev/Pruebas_Apriltag/build/apriltag_detector -- -j2 -l2
[0.916s] DEBUG:colcon.colcon_core.event_handler.log_command:Invoking command in '/home/robousr/ROS2Dev/Pruebas_Apriltag/build/apriltag_draw': CMAKE_PREFIX_PATH=/opt/ros/humble /usr/bin/cmake --build /home/robousr/ROS2Dev/Pruebas_Apriltag/build/apriltag_draw -- -j2 -l2
[1.051s] DEBUG:colcon.colcon_core.event_handler.log_command:Invoked command in '/home/robousr/ROS2Dev/Pruebas_Apriltag/build/apriltag_detector' returned '0': CMAKE_PREFIX_PATH=/opt/ros/humble /usr/bin/cmake --build /home/robousr/ROS2Dev/Pruebas_Apriltag/build/apriltag_detector -- -j2 -l2
[1.090s] DEBUG:colcon.colcon_core.event_handler.log_command:Invoking command in '/home/robousr/ROS2Dev/Pruebas_Apriltag/build/apriltag_detector': CMAKE_PREFIX_PATH=/opt/ros/humble /usr/bin/cmake --install /home/robousr/ROS2Dev/Pruebas_Apriltag/build/apriltag_detector
[1.115s] Level 1:colcon.colcon_core.environment:create_environment_scripts_only(apriltag_detector)
[1.115s] DEBUG:colcon.colcon_core.event_handler.log_command:Invoked command in '/home/robousr/ROS2Dev/Pruebas_Apriltag/build/apriltag_detector' returned '0': CMAKE_PREFIX_PATH=/opt/ros/humble /usr/bin/cmake --install /home/robousr/ROS2Dev/Pruebas_Apriltag/build/apriltag_detector
[1.125s] Level 1:colcon.colcon_core.environment:checking '/home/robousr/ROS2Dev/Pruebas_Apriltag/install/apriltag_detector' for CMake module files
[1.126s] Level 1:colcon.colcon_core.environment:checking '/home/robousr/ROS2Dev/Pruebas_Apriltag/install/apriltag_detector' for CMake config files
[1.126s] Level 1:colcon.colcon_core.shell:create_environment_hook('apriltag_detector', 'cmake_prefix_path')
[1.126s] INFO:colcon.colcon_core.shell:Creating environment hook '/home/robousr/ROS2Dev/Pruebas_Apriltag/install/apriltag_detector/share/apriltag_detector/hook/cmake_prefix_path.ps1'
[1.128s] INFO:colcon.colcon_core.shell:Creating environment descriptor '/home/robousr/ROS2Dev/Pruebas_Apriltag/install/apriltag_detector/share/apriltag_detector/hook/cmake_prefix_path.dsv'
[1.129s] INFO:colcon.colcon_core.shell:Creating environment hook '/home/robousr/ROS2Dev/Pruebas_Apriltag/install/apriltag_detector/share/apriltag_detector/hook/cmake_prefix_path.sh'
[1.130s] Level 1:colcon.colcon_core.environment:checking '/home/robousr/ROS2Dev/Pruebas_Apriltag/install/apriltag_detector/bin'
[1.130s] Level 1:colcon.colcon_core.environment:checking '/home/robousr/ROS2Dev/Pruebas_Apriltag/install/apriltag_detector/lib/pkgconfig/apriltag_detector.pc'
[1.130s] Level 1:colcon.colcon_core.environment:checking '/home/robousr/ROS2Dev/Pruebas_Apriltag/install/apriltag_detector/lib/python3.10/site-packages'
[1.130s] Level 1:colcon.colcon_core.environment:checking '/home/robousr/ROS2Dev/Pruebas_Apriltag/install/apriltag_detector/bin'
[1.130s] INFO:colcon.colcon_core.shell:Creating package script '/home/robousr/ROS2Dev/Pruebas_Apriltag/install/apriltag_detector/share/apriltag_detector/package.ps1'
[1.131s] INFO:colcon.colcon_core.shell:Creating package descriptor '/home/robousr/ROS2Dev/Pruebas_Apriltag/install/apriltag_detector/share/apriltag_detector/package.dsv'
[1.132s] INFO:colcon.colcon_core.shell:Creating package script '/home/robousr/ROS2Dev/Pruebas_Apriltag/install/apriltag_detector/share/apriltag_detector/package.sh'
[1.133s] INFO:colcon.colcon_core.shell:Creating package script '/home/robousr/ROS2Dev/Pruebas_Apriltag/install/apriltag_detector/share/apriltag_detector/package.bash'
[1.135s] INFO:colcon.colcon_core.shell:Creating package script '/home/robousr/ROS2Dev/Pruebas_Apriltag/install/apriltag_detector/share/apriltag_detector/package.zsh'
[1.136s] Level 1:colcon.colcon_core.environment:create_file_with_runtime_dependencies(/home/robousr/ROS2Dev/Pruebas_Apriltag/install/apriltag_detector/share/colcon-core/packages/apriltag_detector)
[1.157s] DEBUG:colcon.colcon_core.event_handler.log_command:Invoked command in '/home/robousr/ROS2Dev/Pruebas_Apriltag/build/apriltag_draw' returned '0': CMAKE_PREFIX_PATH=/opt/ros/humble /usr/bin/cmake --build /home/robousr/ROS2Dev/Pruebas_Apriltag/build/apriltag_draw -- -j2 -l2
[1.164s] Level 1:colcon.colcon_core.environment:create_environment_scripts_only(apriltag_detector)
[1.165s] Level 1:colcon.colcon_core.environment:checking '/home/robousr/ROS2Dev/Pruebas_Apriltag/install/apriltag_detector' for CMake module files
[1.165s] Level 1:colcon.colcon_core.environment:checking '/home/robousr/ROS2Dev/Pruebas_Apriltag/install/apriltag_detector' for CMake config files
[1.165s] Level 1:colcon.colcon_core.shell:create_environment_hook('apriltag_detector', 'cmake_prefix_path')
[1.165s] INFO:colcon.colcon_core.shell:Creating environment hook '/home/robousr/ROS2Dev/Pruebas_Apriltag/install/apriltag_detector/share/apriltag_detector/hook/cmake_prefix_path.ps1'
[1.167s] INFO:colcon.colcon_core.shell:Creating environment descriptor '/home/robousr/ROS2Dev/Pruebas_Apriltag/install/apriltag_detector/share/apriltag_detector/hook/cmake_prefix_path.dsv'
[1.167s] INFO:colcon.colcon_core.shell:Creating environment hook '/home/robousr/ROS2Dev/Pruebas_Apriltag/install/apriltag_detector/share/apriltag_detector/hook/cmake_prefix_path.sh'
[1.168s] Level 1:colcon.colcon_core.environment:checking '/home/robousr/ROS2Dev/Pruebas_Apriltag/install/apriltag_detector/bin'
[1.168s] Level 1:colcon.colcon_core.environment:checking '/home/robousr/ROS2Dev/Pruebas_Apriltag/install/apriltag_detector/lib/pkgconfig/apriltag_detector.pc'
[1.168s] Level 1:colcon.colcon_core.environment:checking '/home/robousr/ROS2Dev/Pruebas_Apriltag/install/apriltag_detector/lib/python3.10/site-packages'
[1.168s] Level 1:colcon.colcon_core.environment:checking '/home/robousr/ROS2Dev/Pruebas_Apriltag/install/apriltag_detector/bin'
[1.169s] INFO:colcon.colcon_core.shell:Creating package script '/home/robousr/ROS2Dev/Pruebas_Apriltag/install/apriltag_detector/share/apriltag_detector/package.ps1'
[1.169s] INFO:colcon.colcon_core.shell:Creating package descriptor '/home/robousr/ROS2Dev/Pruebas_Apriltag/install/apriltag_detector/share/apriltag_detector/package.dsv'
[1.169s] INFO:colcon.colcon_core.shell:Creating package script '/home/robousr/ROS2Dev/Pruebas_Apriltag/install/apriltag_detector/share/apriltag_detector/package.sh'
[1.170s] INFO:colcon.colcon_core.shell:Creating package script '/home/robousr/ROS2Dev/Pruebas_Apriltag/install/apriltag_detector/share/apriltag_detector/package.bash'
[1.171s] INFO:colcon.colcon_core.shell:Creating package script '/home/robousr/ROS2Dev/Pruebas_Apriltag/install/apriltag_detector/share/apriltag_detector/package.zsh'
[1.171s] Level 1:colcon.colcon_core.environment:create_file_with_runtime_dependencies(/home/robousr/ROS2Dev/Pruebas_Apriltag/install/apriltag_detector/share/colcon-core/packages/apriltag_detector)
[1.173s] INFO:colcon.colcon_ros.task.ament_cmake.build:Building ROS package in '/home/robousr/ROS2Dev/Pruebas_Apriltag/apriltag_detector-master/apriltag_detector_mit' with build type 'ament_cmake'
[1.173s] INFO:colcon.colcon_cmake.task.cmake.build:Building CMake package in '/home/robousr/ROS2Dev/Pruebas_Apriltag/apriltag_detector-master/apriltag_detector_mit'
[1.173s] INFO:colcon.colcon_core.shell:Skip shell extension 'powershell' for command environment: Not usable outside of PowerShell
[1.173s] DEBUG:colcon.colcon_core.shell:Skip shell extension 'dsv' for command environment
[1.201s] DEBUG:colcon.colcon_core.event_handler.log_command:Invoking command in '/home/robousr/ROS2Dev/Pruebas_Apriltag/build/apriltag_detector_mit': AMENT_PREFIX_PATH=/home/robousr/ROS2Dev/Pruebas_Apriltag/install/apriltag_detector:${AMENT_PREFIX_PATH} CMAKE_PREFIX_PATH=/home/robousr/ROS2Dev/Pruebas_Apriltag/install/apriltag_detector:/opt/ros/humble LD_LIBRARY_PATH=/home/robousr/ROS2Dev/Pruebas_Apriltag/install/apriltag_detector/lib:${LD_LIBRARY_PATH} /usr/bin/cmake --build /home/robousr/ROS2Dev/Pruebas_Apriltag/build/apriltag_detector_mit -- -j2 -l2
[1.202s] DEBUG:colcon.colcon_core.event_handler.log_command:Invoking command in '/home/robousr/ROS2Dev/Pruebas_Apriltag/build/apriltag_draw': CMAKE_PREFIX_PATH=/opt/ros/humble /usr/bin/cmake --install /home/robousr/ROS2Dev/Pruebas_Apriltag/build/apriltag_draw
[1.209s] Level 1:colcon.colcon_core.environment:create_environment_scripts_only(apriltag_draw)
[1.209s] Level 1:colcon.colcon_core.environment:checking '/home/robousr/ROS2Dev/Pruebas_Apriltag/install/apriltag_draw' for CMake module files
[1.209s] Level 1:colcon.colcon_core.environment:checking '/home/robousr/ROS2Dev/Pruebas_Apriltag/install/apriltag_draw' for CMake config files
[1.209s] Level 1:colcon.colcon_core.shell:create_environment_hook('apriltag_draw', 'cmake_prefix_path')
[1.210s] INFO:colcon.colcon_core.shell:Creating environment hook '/home/robousr/ROS2Dev/Pruebas_Apriltag/install/apriltag_draw/share/apriltag_draw/hook/cmake_prefix_path.ps1'
[1.210s] INFO:colcon.colcon_core.shell:Creating environment descriptor '/home/robousr/ROS2Dev/Pruebas_Apriltag/install/apriltag_draw/share/apriltag_draw/hook/cmake_prefix_path.dsv'
[1.211s] INFO:colcon.colcon_core.shell:Creating environment hook '/home/robousr/ROS2Dev/Pruebas_Apriltag/install/apriltag_draw/share/apriltag_draw/hook/cmake_prefix_path.sh'
[1.212s] DEBUG:colcon.colcon_core.event_handler.log_command:Invoked command in '/home/robousr/ROS2Dev/Pruebas_Apriltag/build/apriltag_draw' returned '0': CMAKE_PREFIX_PATH=/opt/ros/humble /usr/bin/cmake --install /home/robousr/ROS2Dev/Pruebas_Apriltag/build/apriltag_draw
[1.212s] Level 1:colcon.colcon_core.environment:checking '/home/robousr/ROS2Dev/Pruebas_Apriltag/install/apriltag_draw/lib'
[1.212s] Level 1:colcon.colcon_core.shell:create_environment_hook('apriltag_draw', 'ld_library_path_lib')
[1.212s] INFO:colcon.colcon_core.shell:Creating environment hook '/home/robousr/ROS2Dev/Pruebas_Apriltag/install/apriltag_draw/share/apriltag_draw/hook/ld_library_path_lib.ps1'
[1.213s] INFO:colcon.colcon_core.shell:Creating environment descriptor '/home/robousr/ROS2Dev/Pruebas_Apriltag/install/apriltag_draw/share/apriltag_draw/hook/ld_library_path_lib.dsv'
[1.213s] INFO:colcon.colcon_core.shell:Creating environment hook '/home/robousr/ROS2Dev/Pruebas_Apriltag/install/apriltag_draw/share/apriltag_draw/hook/ld_library_path_lib.sh'
[1.214s] Level 1:colcon.colcon_core.environment:checking '/home/robousr/ROS2Dev/Pruebas_Apriltag/install/apriltag_draw/bin'
[1.214s] Level 1:colcon.colcon_core.environment:checking '/home/robousr/ROS2Dev/Pruebas_Apriltag/install/apriltag_draw/lib/pkgconfig/apriltag_draw.pc'
[1.214s] Level 1:colcon.colcon_core.environment:checking '/home/robousr/ROS2Dev/Pruebas_Apriltag/install/apriltag_draw/lib/python3.10/site-packages'
[1.214s] Level 1:colcon.colcon_core.environment:checking '/home/robousr/ROS2Dev/Pruebas_Apriltag/install/apriltag_draw/bin'
[1.215s] INFO:colcon.colcon_core.shell:Creating package script '/home/robousr/ROS2Dev/Pruebas_Apriltag/install/apriltag_draw/share/apriltag_draw/package.ps1'
[1.215s] INFO:colcon.colcon_core.shell:Creating package descriptor '/home/robousr/ROS2Dev/Pruebas_Apriltag/install/apriltag_draw/share/apriltag_draw/package.dsv'
[1.216s] INFO:colcon.colcon_core.shell:Creating package script '/home/robousr/ROS2Dev/Pruebas_Apriltag/install/apriltag_draw/share/apriltag_draw/package.sh'
[1.216s] INFO:colcon.colcon_core.shell:Creating package script '/home/robousr/ROS2Dev/Pruebas_Apriltag/install/apriltag_draw/share/apriltag_draw/package.bash'
[1.217s] INFO:colcon.colcon_core.shell:Creating package script '/home/robousr/ROS2Dev/Pruebas_Apriltag/install/apriltag_draw/share/apriltag_draw/package.zsh'
[1.217s] Level 1:colcon.colcon_core.environment:create_file_with_runtime_dependencies(/home/robousr/ROS2Dev/Pruebas_Apriltag/install/apriltag_draw/share/colcon-core/packages/apriltag_draw)
[1.251s] Level 1:colcon.colcon_core.environment:create_environment_scripts_only(apriltag_draw)
[1.251s] Level 1:colcon.colcon_core.environment:checking '/home/robousr/ROS2Dev/Pruebas_Apriltag/install/apriltag_draw' for CMake module files
[1.251s] Level 1:colcon.colcon_core.environment:checking '/home/robousr/ROS2Dev/Pruebas_Apriltag/install/apriltag_draw' for CMake config files
[1.251s] Level 1:colcon.colcon_core.shell:create_environment_hook('apriltag_draw', 'cmake_prefix_path')
[1.251s] INFO:colcon.colcon_core.shell:Creating environment hook '/home/robousr/ROS2Dev/Pruebas_Apriltag/install/apriltag_draw/share/apriltag_draw/hook/cmake_prefix_path.ps1'
[1.252s] INFO:colcon.colcon_core.shell:Creating environment descriptor '/home/robousr/ROS2Dev/Pruebas_Apriltag/install/apriltag_draw/share/apriltag_draw/hook/cmake_prefix_path.dsv'
[1.253s] INFO:colcon.colcon_core.shell:Creating environment hook '/home/robousr/ROS2Dev/Pruebas_Apriltag/install/apriltag_draw/share/apriltag_draw/hook/cmake_prefix_path.sh'
[1.253s] Level 1:colcon.colcon_core.environment:checking '/home/robousr/ROS2Dev/Pruebas_Apriltag/install/apriltag_draw/lib'
[1.253s] Level 1:colcon.colcon_core.shell:create_environment_hook('apriltag_draw', 'ld_library_path_lib')
[1.254s] INFO:colcon.colcon_core.shell:Creating environment hook '/home/robousr/ROS2Dev/Pruebas_Apriltag/install/apriltag_draw/share/apriltag_draw/hook/ld_library_path_lib.ps1'
[1.255s] INFO:colcon.colcon_core.shell:Creating environment descriptor '/home/robousr/ROS2Dev/Pruebas_Apriltag/install/apriltag_draw/share/apriltag_draw/hook/ld_library_path_lib.dsv'
[1.255s] INFO:colcon.colcon_core.shell:Creating environment hook '/home/robousr/ROS2Dev/Pruebas_Apriltag/install/apriltag_draw/share/apriltag_draw/hook/ld_library_path_lib.sh'
[1.255s] Level 1:colcon.colcon_core.environment:checking '/home/robousr/ROS2Dev/Pruebas_Apriltag/install/apriltag_draw/bin'
[1.255s] Level 1:colcon.colcon_core.environment:checking '/home/robousr/ROS2Dev/Pruebas_Apriltag/install/apriltag_draw/lib/pkgconfig/apriltag_draw.pc'
[1.256s] Level 1:colcon.colcon_core.environment:checking '/home/robousr/ROS2Dev/Pruebas_Apriltag/install/apriltag_draw/lib/python3.10/site-packages'
[1.256s] Level 1:colcon.colcon_core.environment:checking '/home/robousr/ROS2Dev/Pruebas_Apriltag/install/apriltag_draw/bin'
[1.256s] INFO:colcon.colcon_core.shell:Creating package script '/home/robousr/ROS2Dev/Pruebas_Apriltag/install/apriltag_draw/share/apriltag_draw/package.ps1'
[1.257s] INFO:colcon.colcon_core.shell:Creating package descriptor '/home/robousr/ROS2Dev/Pruebas_Apriltag/install/apriltag_draw/share/apriltag_draw/package.dsv'
[1.257s] INFO:colcon.colcon_core.shell:Creating package script '/home/robousr/ROS2Dev/Pruebas_Apriltag/install/apriltag_draw/share/apriltag_draw/package.sh'
[1.258s] INFO:colcon.colcon_core.shell:Creating package script '/home/robousr/ROS2Dev/Pruebas_Apriltag/install/apriltag_draw/share/apriltag_draw/package.bash'
[1.258s] INFO:colcon.colcon_core.shell:Creating package script '/home/robousr/ROS2Dev/Pruebas_Apriltag/install/apriltag_draw/share/apriltag_draw/package.zsh'
[1.259s] Level 1:colcon.colcon_core.environment:create_file_with_runtime_dependencies(/home/robousr/ROS2Dev/Pruebas_Apriltag/install/apriltag_draw/share/colcon-core/packages/apriltag_draw)
[1.259s] INFO:colcon.colcon_ros.task.ament_cmake.build:Building ROS package in '/home/robousr/ROS2Dev/Pruebas_Apriltag/apriltag_detector-master/apriltag_detector_umich' with build type 'ament_cmake'
[1.260s] INFO:colcon.colcon_cmake.task.cmake.build:Building CMake package in '/home/robousr/ROS2Dev/Pruebas_Apriltag/apriltag_detector-master/apriltag_detector_umich'
[1.260s] INFO:colcon.colcon_core.shell:Skip shell extension 'powershell' for command environment: Not usable outside of PowerShell
[1.260s] DEBUG:colcon.colcon_core.shell:Skip shell extension 'dsv' for command environment
[1.281s] DEBUG:colcon.colcon_core.event_handler.log_command:Invoking command in '/home/robousr/ROS2Dev/Pruebas_Apriltag/build/apriltag_detector_umich': AMENT_PREFIX_PATH=/home/robousr/ROS2Dev/Pruebas_Apriltag/install/apriltag_detector:${AMENT_PREFIX_PATH} CMAKE_PREFIX_PATH=/home/robousr/ROS2Dev/Pruebas_Apriltag/install/apriltag_detector:/opt/ros/humble LD_LIBRARY_PATH=/home/robousr/ROS2Dev/Pruebas_Apriltag/install/apriltag_detector/lib:${LD_LIBRARY_PATH} /usr/bin/cmake --build /home/robousr/ROS2Dev/Pruebas_Apriltag/build/apriltag_detector_umich -- -j2 -l2
[1.393s] DEBUG:colcon.colcon_core.event_handler.log_command:Invoked command in '/home/robousr/ROS2Dev/Pruebas_Apriltag/build/apriltag_detector_mit' returned '0': AMENT_PREFIX_PATH=/home/robousr/ROS2Dev/Pruebas_Apriltag/install/apriltag_detector:${AMENT_PREFIX_PATH} CMAKE_PREFIX_PATH=/home/robousr/ROS2Dev/Pruebas_Apriltag/install/apriltag_detector:/opt/ros/humble LD_LIBRARY_PATH=/home/robousr/ROS2Dev/Pruebas_Apriltag/install/apriltag_detector/lib:${LD_LIBRARY_PATH} /usr/bin/cmake --build /home/robousr/ROS2Dev/Pruebas_Apriltag/build/apriltag_detector_mit -- -j2 -l2
[1.445s] DEBUG:colcon.colcon_core.event_handler.log_command:Invoking command in '/home/robousr/ROS2Dev/Pruebas_Apriltag/build/apriltag_detector_mit': AMENT_PREFIX_PATH=/home/robousr/ROS2Dev/Pruebas_Apriltag/install/apriltag_detector:${AMENT_PREFIX_PATH} CMAKE_PREFIX_PATH=/home/robousr/ROS2Dev/Pruebas_Apriltag/install/apriltag_detector:/opt/ros/humble LD_LIBRARY_PATH=/home/robousr/ROS2Dev/Pruebas_Apriltag/install/apriltag_detector/lib:${LD_LIBRARY_PATH} /usr/bin/cmake --install /home/robousr/ROS2Dev/Pruebas_Apriltag/build/apriltag_detector_mit
[1.465s] Level 1:colcon.colcon_core.environment:create_environment_scripts_only(apriltag_detector_mit)
[1.466s] DEBUG:colcon.colcon_core.event_handler.log_command:Invoked command in '/home/robousr/ROS2Dev/Pruebas_Apriltag/build/apriltag_detector_mit' returned '0': AMENT_PREFIX_PATH=/home/robousr/ROS2Dev/Pruebas_Apriltag/install/apriltag_detector:${AMENT_PREFIX_PATH} CMAKE_PREFIX_PATH=/home/robousr/ROS2Dev/Pruebas_Apriltag/install/apriltag_detector:/opt/ros/humble LD_LIBRARY_PATH=/home/robousr/ROS2Dev/Pruebas_Apriltag/install/apriltag_detector/lib:${LD_LIBRARY_PATH} /usr/bin/cmake --install /home/robousr/ROS2Dev/Pruebas_Apriltag/build/apriltag_detector_mit
[1.466s] Level 1:colcon.colcon_core.environment:checking '/home/robousr/ROS2Dev/Pruebas_Apriltag/install/apriltag_detector_mit' for CMake module files
[1.466s] Level 1:colcon.colcon_core.environment:checking '/home/robousr/ROS2Dev/Pruebas_Apriltag/install/apriltag_detector_mit' for CMake config files
[1.467s] Level 1:colcon.colcon_core.shell:create_environment_hook('apriltag_detector_mit', 'cmake_prefix_path')
[1.467s] INFO:colcon.colcon_core.shell:Creating environment hook '/home/robousr/ROS2Dev/Pruebas_Apriltag/install/apriltag_detector_mit/share/apriltag_detector_mit/hook/cmake_prefix_path.ps1'
[1.468s] INFO:colcon.colcon_core.shell:Creating environment descriptor '/home/robousr/ROS2Dev/Pruebas_Apriltag/install/apriltag_detector_mit/share/apriltag_detector_mit/hook/cmake_prefix_path.dsv'
[1.468s] INFO:colcon.colcon_core.shell:Creating environment hook '/home/robousr/ROS2Dev/Pruebas_Apriltag/install/apriltag_detector_mit/share/apriltag_detector_mit/hook/cmake_prefix_path.sh'
[1.468s] Level 1:colcon.colcon_core.environment:checking '/home/robousr/ROS2Dev/Pruebas_Apriltag/install/apriltag_detector_mit/lib'
[1.469s] Level 1:colcon.colcon_core.shell:create_environment_hook('apriltag_detector_mit', 'ld_library_path_lib')
[1.469s] INFO:colcon.colcon_core.shell:Creating environment hook '/home/robousr/ROS2Dev/Pruebas_Apriltag/install/apriltag_detector_mit/share/apriltag_detector_mit/hook/ld_library_path_lib.ps1'
[1.469s] INFO:colcon.colcon_core.shell:Creating environment descriptor '/home/robousr/ROS2Dev/Pruebas_Apriltag/install/apriltag_detector_mit/share/apriltag_detector_mit/hook/ld_library_path_lib.dsv'
[1.469s] INFO:colcon.colcon_core.shell:Creating environment hook '/home/robousr/ROS2Dev/Pruebas_Apriltag/install/apriltag_detector_mit/share/apriltag_detector_mit/hook/ld_library_path_lib.sh'
[1.470s] Level 1:colcon.colcon_core.environment:checking '/home/robousr/ROS2Dev/Pruebas_Apriltag/install/apriltag_detector_mit/bin'
[1.470s] Level 1:colcon.colcon_core.environment:checking '/home/robousr/ROS2Dev/Pruebas_Apriltag/install/apriltag_detector_mit/lib/pkgconfig/apriltag_detector_mit.pc'
[1.470s] Level 1:colcon.colcon_core.environment:checking '/home/robousr/ROS2Dev/Pruebas_Apriltag/install/apriltag_detector_mit/lib/python3.10/site-packages'
[1.471s] Level 1:colcon.colcon_core.environment:checking '/home/robousr/ROS2Dev/Pruebas_Apriltag/install/apriltag_detector_mit/bin'
[1.471s] INFO:colcon.colcon_core.shell:Creating package script '/home/robousr/ROS2Dev/Pruebas_Apriltag/install/apriltag_detector_mit/share/apriltag_detector_mit/package.ps1'
[1.471s] INFO:colcon.colcon_core.shell:Creating package descriptor '/home/robousr/ROS2Dev/Pruebas_Apriltag/install/apriltag_detector_mit/share/apriltag_detector_mit/package.dsv'
[1.472s] INFO:colcon.colcon_core.shell:Creating package script '/home/robousr/ROS2Dev/Pruebas_Apriltag/install/apriltag_detector_mit/share/apriltag_detector_mit/package.sh'
[1.472s] INFO:colcon.colcon_core.shell:Creating package script '/home/robousr/ROS2Dev/Pruebas_Apriltag/install/apriltag_detector_mit/share/apriltag_detector_mit/package.bash'
[1.473s] INFO:colcon.colcon_core.shell:Creating package script '/home/robousr/ROS2Dev/Pruebas_Apriltag/install/apriltag_detector_mit/share/apriltag_detector_mit/package.zsh'
[1.473s] Level 1:colcon.colcon_core.environment:create_file_with_runtime_dependencies(/home/robousr/ROS2Dev/Pruebas_Apriltag/install/apriltag_detector_mit/share/colcon-core/packages/apriltag_detector_mit)
[1.477s] DEBUG:colcon.colcon_core.event_handler.log_command:Invoked command in '/home/robousr/ROS2Dev/Pruebas_Apriltag/build/apriltag_detector_umich' returned '0': AMENT_PREFIX_PATH=/home/robousr/ROS2Dev/Pruebas_Apriltag/install/apriltag_detector:${AMENT_PREFIX_PATH} CMAKE_PREFIX_PATH=/home/robousr/ROS2Dev/Pruebas_Apriltag/install/apriltag_detector:/opt/ros/humble LD_LIBRARY_PATH=/home/robousr/ROS2Dev/Pruebas_Apriltag/install/apriltag_detector/lib:${LD_LIBRARY_PATH} /usr/bin/cmake --build /home/robousr/ROS2Dev/Pruebas_Apriltag/build/apriltag_detector_umich -- -j2 -l2
[1.517s] Level 1:colcon.colcon_core.environment:create_environment_scripts_only(apriltag_detector_mit)
[1.517s] Level 1:colcon.colcon_core.environment:checking '/home/robousr/ROS2Dev/Pruebas_Apriltag/install/apriltag_detector_mit' for CMake module files
[1.518s] Level 1:colcon.colcon_core.environment:checking '/home/robousr/ROS2Dev/Pruebas_Apriltag/install/apriltag_detector_mit' for CMake config files
[1.518s] Level 1:colcon.colcon_core.shell:create_environment_hook('apriltag_detector_mit', 'cmake_prefix_path')
[1.518s] INFO:colcon.colcon_core.shell:Creating environment hook '/home/robousr/ROS2Dev/Pruebas_Apriltag/install/apriltag_detector_mit/share/apriltag_detector_mit/hook/cmake_prefix_path.ps1'
[1.519s] INFO:colcon.colcon_core.shell:Creating environment descriptor '/home/robousr/ROS2Dev/Pruebas_Apriltag/install/apriltag_detector_mit/share/apriltag_detector_mit/hook/cmake_prefix_path.dsv'
[1.520s] INFO:colcon.colcon_core.shell:Creating environment hook '/home/robousr/ROS2Dev/Pruebas_Apriltag/install/apriltag_detector_mit/share/apriltag_detector_mit/hook/cmake_prefix_path.sh'
[1.521s] Level 1:colcon.colcon_core.environment:checking '/home/robousr/ROS2Dev/Pruebas_Apriltag/install/apriltag_detector_mit/lib'
[1.521s] Level 1:colcon.colcon_core.shell:create_environment_hook('apriltag_detector_mit', 'ld_library_path_lib')
[1.521s] INFO:colcon.colcon_core.shell:Creating environment hook '/home/robousr/ROS2Dev/Pruebas_Apriltag/install/apriltag_detector_mit/share/apriltag_detector_mit/hook/ld_library_path_lib.ps1'
[1.521s] INFO:colcon.colcon_core.shell:Creating environment descriptor '/home/robousr/ROS2Dev/Pruebas_Apriltag/install/apriltag_detector_mit/share/apriltag_detector_mit/hook/ld_library_path_lib.dsv'
[1.522s] INFO:colcon.colcon_core.shell:Creating environment hook '/home/robousr/ROS2Dev/Pruebas_Apriltag/install/apriltag_detector_mit/share/apriltag_detector_mit/hook/ld_library_path_lib.sh'
[1.522s] Level 1:colcon.colcon_core.environment:checking '/home/robousr/ROS2Dev/Pruebas_Apriltag/install/apriltag_detector_mit/bin'
[1.522s] Level 1:colcon.colcon_core.environment:checking '/home/robousr/ROS2Dev/Pruebas_Apriltag/install/apriltag_detector_mit/lib/pkgconfig/apriltag_detector_mit.pc'
[1.522s] Level 1:colcon.colcon_core.environment:checking '/home/robousr/ROS2Dev/Pruebas_Apriltag/install/apriltag_detector_mit/lib/python3.10/site-packages'
[1.523s] Level 1:colcon.colcon_core.environment:checking '/home/robousr/ROS2Dev/Pruebas_Apriltag/install/apriltag_detector_mit/bin'
[1.523s] INFO:colcon.colcon_core.shell:Creating package script '/home/robousr/ROS2Dev/Pruebas_Apriltag/install/apriltag_detector_mit/share/apriltag_detector_mit/package.ps1'
[1.523s] INFO:colcon.colcon_core.shell:Creating package descriptor '/home/robousr/ROS2Dev/Pruebas_Apriltag/install/apriltag_detector_mit/share/apriltag_detector_mit/package.dsv'
[1.524s] INFO:colcon.colcon_core.shell:Creating package script '/home/robousr/ROS2Dev/Pruebas_Apriltag/install/apriltag_detector_mit/share/apriltag_detector_mit/package.sh'
[1.524s] INFO:colcon.colcon_core.shell:Creating package script '/home/robousr/ROS2Dev/Pruebas_Apriltag/install/apriltag_detector_mit/share/apriltag_detector_mit/package.bash'
[1.525s] INFO:colcon.colcon_core.shell:Creating package script '/home/robousr/ROS2Dev/Pruebas_Apriltag/install/apriltag_detector_mit/share/apriltag_detector_mit/package.zsh'
[1.525s] Level 1:colcon.colcon_core.environment:create_file_with_runtime_dependencies(/home/robousr/ROS2Dev/Pruebas_Apriltag/install/apriltag_detector_mit/share/colcon-core/packages/apriltag_detector_mit)
[1.528s] DEBUG:colcon.colcon_core.event_handler.log_command:Invoking command in '/home/robousr/ROS2Dev/Pruebas_Apriltag/build/apriltag_detector_umich': AMENT_PREFIX_PATH=/home/robousr/ROS2Dev/Pruebas_Apriltag/install/apriltag_detector:${AMENT_PREFIX_PATH} CMAKE_PREFIX_PATH=/home/robousr/ROS2Dev/Pruebas_Apriltag/install/apriltag_detector:/opt/ros/humble LD_LIBRARY_PATH=/home/robousr/ROS2Dev/Pruebas_Apriltag/install/apriltag_detector/lib:${LD_LIBRARY_PATH} /usr/bin/cmake --install /home/robousr/ROS2Dev/Pruebas_Apriltag/build/apriltag_detector_umich
[1.549s] Level 1:colcon.colcon_core.environment:create_environment_scripts_only(apriltag_detector_umich)
[1.549s] Level 1:colcon.colcon_core.environment:checking '/home/robousr/ROS2Dev/Pruebas_Apriltag/install/apriltag_detector_umich' for CMake module files
[1.550s] Level 1:colcon.colcon_core.environment:checking '/home/robousr/ROS2Dev/Pruebas_Apriltag/install/apriltag_detector_umich' for CMake config files
[1.550s] DEBUG:colcon.colcon_core.event_handler.log_command:Invoked command in '/home/robousr/ROS2Dev/Pruebas_Apriltag/build/apriltag_detector_umich' returned '0': AMENT_PREFIX_PATH=/home/robousr/ROS2Dev/Pruebas_Apriltag/install/apriltag_detector:${AMENT_PREFIX_PATH} CMAKE_PREFIX_PATH=/home/robousr/ROS2Dev/Pruebas_Apriltag/install/apriltag_detector:/opt/ros/humble LD_LIBRARY_PATH=/home/robousr/ROS2Dev/Pruebas_Apriltag/install/apriltag_detector/lib:${LD_LIBRARY_PATH} /usr/bin/cmake --install /home/robousr/ROS2Dev/Pruebas_Apriltag/build/apriltag_detector_umich
[1.551s] Level 1:colcon.colcon_core.shell:create_environment_hook('apriltag_detector_umich', 'cmake_prefix_path')
[1.551s] INFO:colcon.colcon_core.shell:Creating environment hook '/home/robousr/ROS2Dev/Pruebas_Apriltag/install/apriltag_detector_umich/share/apriltag_detector_umich/hook/cmake_prefix_path.ps1'
[1.551s] INFO:colcon.colcon_core.shell:Creating environment descriptor '/home/robousr/ROS2Dev/Pruebas_Apriltag/install/apriltag_detector_umich/share/apriltag_detector_umich/hook/cmake_prefix_path.dsv'
[1.552s] INFO:colcon.colcon_core.shell:Creating environment hook '/home/robousr/ROS2Dev/Pruebas_Apriltag/install/apriltag_detector_umich/share/apriltag_detector_umich/hook/cmake_prefix_path.sh'
[1.552s] Level 1:colcon.colcon_core.environment:checking '/home/robousr/ROS2Dev/Pruebas_Apriltag/install/apriltag_detector_umich/lib'
[1.552s] Level 1:colcon.colcon_core.shell:create_environment_hook('apriltag_detector_umich', 'ld_library_path_lib')
[1.552s] INFO:colcon.colcon_core.shell:Creating environment hook '/home/robousr/ROS2Dev/Pruebas_Apriltag/install/apriltag_detector_umich/share/apriltag_detector_umich/hook/ld_library_path_lib.ps1'
[1.553s] INFO:colcon.colcon_core.shell:Creating environment descriptor '/home/robousr/ROS2Dev/Pruebas_Apriltag/install/apriltag_detector_umich/share/apriltag_detector_umich/hook/ld_library_path_lib.dsv'
[1.554s] INFO:colcon.colcon_core.shell:Creating environment hook '/home/robousr/ROS2Dev/Pruebas_Apriltag/install/apriltag_detector_umich/share/apriltag_detector_umich/hook/ld_library_path_lib.sh'
[1.555s] Level 1:colcon.colcon_core.environment:checking '/home/robousr/ROS2Dev/Pruebas_Apriltag/install/apriltag_detector_umich/bin'
[1.555s] Level 1:colcon.colcon_core.environment:checking '/home/robousr/ROS2Dev/Pruebas_Apriltag/install/apriltag_detector_umich/lib/pkgconfig/apriltag_detector_umich.pc'
[1.555s] Level 1:colcon.colcon_core.environment:checking '/home/robousr/ROS2Dev/Pruebas_Apriltag/install/apriltag_detector_umich/lib/python3.10/site-packages'
[1.555s] Level 1:colcon.colcon_core.environment:checking '/home/robousr/ROS2Dev/Pruebas_Apriltag/install/apriltag_detector_umich/bin'
[1.555s] INFO:colcon.colcon_core.shell:Creating package script '/home/robousr/ROS2Dev/Pruebas_Apriltag/install/apriltag_detector_umich/share/apriltag_detector_umich/package.ps1'
[1.556s] INFO:colcon.colcon_core.shell:Creating package descriptor '/home/robousr/ROS2Dev/Pruebas_Apriltag/install/apriltag_detector_umich/share/apriltag_detector_umich/package.dsv'
[1.556s] INFO:colcon.colcon_core.shell:Creating package script '/home/robousr/ROS2Dev/Pruebas_Apriltag/install/apriltag_detector_umich/share/apriltag_detector_umich/package.sh'
[1.557s] INFO:colcon.colcon_core.shell:Creating package script '/home/robousr/ROS2Dev/Pruebas_Apriltag/install/apriltag_detector_umich/share/apriltag_detector_umich/package.bash'
[1.557s] INFO:colcon.colcon_core.shell:Creating package script '/home/robousr/ROS2Dev/Pruebas_Apriltag/install/apriltag_detector_umich/share/apriltag_detector_umich/package.zsh'
[1.560s] Level 1:colcon.colcon_core.environment:create_file_with_runtime_dependencies(/home/robousr/ROS2Dev/Pruebas_Apriltag/install/apriltag_detector_umich/share/colcon-core/packages/apriltag_detector_umich)
[1.607s] Level 1:colcon.colcon_core.environment:create_environment_scripts_only(apriltag_detector_umich)
[1.607s] Level 1:colcon.colcon_core.environment:checking '/home/robousr/ROS2Dev/Pruebas_Apriltag/install/apriltag_detector_umich' for CMake module files
[1.607s] Level 1:colcon.colcon_core.environment:checking '/home/robousr/ROS2Dev/Pruebas_Apriltag/install/apriltag_detector_umich' for CMake config files
[1.608s] Level 1:colcon.colcon_core.shell:create_environment_hook('apriltag_detector_umich', 'cmake_prefix_path')
[1.608s] INFO:colcon.colcon_core.shell:Creating environment hook '/home/robousr/ROS2Dev/Pruebas_Apriltag/install/apriltag_detector_umich/share/apriltag_detector_umich/hook/cmake_prefix_path.ps1'
[1.609s] INFO:colcon.colcon_core.shell:Creating environment descriptor '/home/robousr/ROS2Dev/Pruebas_Apriltag/install/apriltag_detector_umich/share/apriltag_detector_umich/hook/cmake_prefix_path.dsv'
[1.610s] INFO:colcon.colcon_core.shell:Creating environment hook '/home/robousr/ROS2Dev/Pruebas_Apriltag/install/apriltag_detector_umich/share/apriltag_detector_umich/hook/cmake_prefix_path.sh'
[1.611s] Level 1:colcon.colcon_core.environment:checking '/home/robousr/ROS2Dev/Pruebas_Apriltag/install/apriltag_detector_umich/lib'
[1.611s] Level 1:colcon.colcon_core.shell:create_environment_hook('apriltag_detector_umich', 'ld_library_path_lib')
[1.611s] INFO:colcon.colcon_core.shell:Creating environment hook '/home/robousr/ROS2Dev/Pruebas_Apriltag/install/apriltag_detector_umich/share/apriltag_detector_umich/hook/ld_library_path_lib.ps1'
[1.612s] INFO:colcon.colcon_core.shell:Creating environment descriptor '/home/robousr/ROS2Dev/Pruebas_Apriltag/install/apriltag_detector_umich/share/apriltag_detector_umich/hook/ld_library_path_lib.dsv'
[1.612s] INFO:colcon.colcon_core.shell:Creating environment hook '/home/robousr/ROS2Dev/Pruebas_Apriltag/install/apriltag_detector_umich/share/apriltag_detector_umich/hook/ld_library_path_lib.sh'
[1.613s] Level 1:colcon.colcon_core.environment:checking '/home/robousr/ROS2Dev/Pruebas_Apriltag/install/apriltag_detector_umich/bin'
[1.613s] Level 1:colcon.colcon_core.environment:checking '/home/robousr/ROS2Dev/Pruebas_Apriltag/install/apriltag_detector_umich/lib/pkgconfig/apriltag_detector_umich.pc'
[1.613s] Level 1:colcon.colcon_core.environment:checking '/home/robousr/ROS2Dev/Pruebas_Apriltag/install/apriltag_detector_umich/lib/python3.10/site-packages'
[1.613s] Level 1:colcon.colcon_core.environment:checking '/home/robousr/ROS2Dev/Pruebas_Apriltag/install/apriltag_detector_umich/bin'
[1.614s] INFO:colcon.colcon_core.shell:Creating package script '/home/robousr/ROS2Dev/Pruebas_Apriltag/install/apriltag_detector_umich/share/apriltag_detector_umich/package.ps1'
[1.615s] INFO:colcon.colcon_core.shell:Creating package descriptor '/home/robousr/ROS2Dev/Pruebas_Apriltag/install/apriltag_detector_umich/share/apriltag_detector_umich/package.dsv'
[1.616s] INFO:colcon.colcon_core.shell:Creating package script '/home/robousr/ROS2Dev/Pruebas_Apriltag/install/apriltag_detector_umich/share/apriltag_detector_umich/package.sh'
[1.617s] INFO:colcon.colcon_core.shell:Creating package script '/home/robousr/ROS2Dev/Pruebas_Apriltag/install/apriltag_detector_umich/share/apriltag_detector_umich/package.bash'
[1.617s] INFO:colcon.colcon_core.shell:Creating package script '/home/robousr/ROS2Dev/Pruebas_Apriltag/install/apriltag_detector_umich/share/apriltag_detector_umich/package.zsh'
[1.618s] Level 1:colcon.colcon_core.environment:create_file_with_runtime_dependencies(/home/robousr/ROS2Dev/Pruebas_Apriltag/install/apriltag_detector_umich/share/colcon-core/packages/apriltag_detector_umich)
[1.618s] DEBUG:colcon.colcon_parallel_executor.executor.parallel:closing loop
[1.619s] DEBUG:colcon.colcon_parallel_executor.executor.parallel:loop closed
[1.619s] DEBUG:colcon.colcon_parallel_executor.executor.parallel:run_until_complete finished with '0'
[1.619s] DEBUG:colcon.colcon_core.event_reactor:joining thread
[1.630s] INFO:colcon.colcon_core.plugin_system:Skipping extension 'colcon_notification.desktop_notification.terminal_notifier': Not used on non-Darwin systems
[1.630s] INFO:colcon.colcon_core.plugin_system:Skipping extension 'colcon_notification.desktop_notification.win32': Not used on non-Windows systems
[1.630s] INFO:colcon.colcon_notification.desktop_notification:Sending desktop notification using 'notify2'
[1.664s] DEBUG:colcon.colcon_core.event_reactor:joined thread
[1.665s] INFO:colcon.colcon_core.shell:Creating prefix script '/home/robousr/ROS2Dev/Pruebas_Apriltag/install/local_setup.ps1'
[1.668s] INFO:colcon.colcon_core.shell:Creating prefix util module '/home/robousr/ROS2Dev/Pruebas_Apriltag/install/_local_setup_util_ps1.py'
[1.671s] INFO:colcon.colcon_core.shell:Creating prefix chain script '/home/robousr/ROS2Dev/Pruebas_Apriltag/install/setup.ps1'
[1.673s] INFO:colcon.colcon_core.shell:Creating prefix script '/home/robousr/ROS2Dev/Pruebas_Apriltag/install/local_setup.sh'
[1.674s] INFO:colcon.colcon_core.shell:Creating prefix util module '/home/robousr/ROS2Dev/Pruebas_Apriltag/install/_local_setup_util_sh.py'
[1.675s] INFO:colcon.colcon_core.shell:Creating prefix chain script '/home/robousr/ROS2Dev/Pruebas_Apriltag/install/setup.sh'
[1.676s] INFO:colcon.colcon_core.shell:Creating prefix script '/home/robousr/ROS2Dev/Pruebas_Apriltag/install/local_setup.bash'
[1.677s] INFO:colcon.colcon_core.shell:Creating prefix chain script '/home/robousr/ROS2Dev/Pruebas_Apriltag/install/setup.bash'
[1.679s] INFO:colcon.colcon_core.shell:Creating prefix script '/home/robousr/ROS2Dev/Pruebas_Apriltag/install/local_setup.zsh'
[1.680s] INFO:colcon.colcon_core.shell:Creating prefix chain script '/home/robousr/ROS2Dev/Pruebas_Apriltag/install/setup.zsh'
