[0.014s] Invoking command in '/home/robousr/ROS2Dev/Pruebas_Apriltag/build/apriltag_detector_mit': AMENT_PREFIX_PATH=/home/robousr/ROS2Dev/Pruebas_Apriltag/install/apriltag_detector:${AMENT_PREFIX_PATH} CMAKE_PREFIX_PATH=/home/robousr/ROS2Dev/Pruebas_Apriltag/install/apriltag_detector:/opt/ros/humble LD_LIBRARY_PATH=/home/robousr/ROS2Dev/Pruebas_Apriltag/install/apriltag_detector/lib:${LD_LIBRARY_PATH} /usr/bin/cmake --build /home/robousr/ROS2Dev/Pruebas_Apriltag/build/apriltag_detector_mit -- -j2 -l2
[0.070s] [35m[1mConsolidate compiler generated dependencies of target apriltag_detector_mit[0m
[0.100s] [ 33%] Built target apriltag_detector_mit
[0.123s] [35m[1mConsolidate compiler generated dependencies of target apriltag_detector_mit_component[0m
[0.153s] [ 66%] Built target apriltag_detector_mit_component
[0.165s] [35m[1mConsolidate compiler generated dependencies of target apriltag_detector_mit_node[0m
[0.197s] [100%] Built target apriltag_detector_mit_node
[0.211s] Invoked command in '/home/robousr/ROS2Dev/Pruebas_Apriltag/build/apriltag_detector_mit' returned '0': AMENT_PREFIX_PATH=/home/robousr/ROS2Dev/Pruebas_Apriltag/install/apriltag_detector:${AMENT_PREFIX_PATH} CMAKE_PREFIX_PATH=/home/robousr/ROS2Dev/Pruebas_Apriltag/install/apriltag_detector:/opt/ros/humble LD_LIBRARY_PATH=/home/robousr/ROS2Dev/Pruebas_Apriltag/install/apriltag_detector/lib:${LD_LIBRARY_PATH} /usr/bin/cmake --build /home/robousr/ROS2Dev/Pruebas_Apriltag/build/apriltag_detector_mit -- -j2 -l2
[0.251s] Invoking command in '/home/robousr/ROS2Dev/Pruebas_Apriltag/build/apriltag_detector_mit': AMENT_PREFIX_PATH=/home/robousr/ROS2Dev/Pruebas_Apriltag/install/apriltag_detector:${AMENT_PREFIX_PATH} CMAKE_PREFIX_PATH=/home/robousr/ROS2Dev/Pruebas_Apriltag/install/apriltag_detector:/opt/ros/humble LD_LIBRARY_PATH=/home/robousr/ROS2Dev/Pruebas_Apriltag/install/apriltag_detector/lib:${LD_LIBRARY_PATH} /usr/bin/cmake --install /home/robousr/ROS2Dev/Pruebas_Apriltag/build/apriltag_detector_mit
[0.262s] -- Install configuration: ""
[0.262s] -- Up-to-date: /home/robousr/ROS2Dev/Pruebas_Apriltag/install/apriltag_detector_mit/share/apriltag_detector_mit/plugins.xml
[0.262s] -- Up-to-date: /home/robousr/ROS2Dev/Pruebas_Apriltag/install/apriltag_detector_mit/share/apriltag_detector_mit/environment/library_path.sh
[0.262s] -- Up-to-date: /home/robousr/ROS2Dev/Pruebas_Apriltag/install/apriltag_detector_mit/share/apriltag_detector_mit/environment/library_path.dsv
[0.262s] -- Up-to-date: /home/robousr/ROS2Dev/Pruebas_Apriltag/install/apriltag_detector_mit/lib/apriltag_detector_mit/apriltag_detector_mit_node
[0.262s] -- Up-to-date: /home/robousr/ROS2Dev/Pruebas_Apriltag/install/apriltag_detector_mit/lib/libapriltag_detector_mit.so
[0.262s] -- Up-to-date: /home/robousr/ROS2Dev/Pruebas_Apriltag/install/apriltag_detector_mit/lib/libapriltag_detector_mit_component.so
[0.262s] -- Up-to-date: /home/robousr/ROS2Dev/Pruebas_Apriltag/install/apriltag_detector_mit/include
[0.262s] -- Up-to-date: /home/robousr/ROS2Dev/Pruebas_Apriltag/install/apriltag_detector_mit/include/apriltag_detector_mit
[0.263s] -- Up-to-date: /home/robousr/ROS2Dev/Pruebas_Apriltag/install/apriltag_detector_mit/share/apriltag_detector_mit//launch
[0.263s] -- Up-to-date: /home/robousr/ROS2Dev/Pruebas_Apriltag/install/apriltag_detector_mit/share/apriltag_detector_mit//launch/detector.launch.py
[0.267s] -- Up-to-date: /home/robousr/ROS2Dev/Pruebas_Apriltag/install/apriltag_detector_mit/share/ament_index/resource_index/package_run_dependencies/apriltag_detector_mit
[0.267s] -- Up-to-date: /home/robousr/ROS2Dev/Pruebas_Apriltag/install/apriltag_detector_mit/share/ament_index/resource_index/parent_prefix_path/apriltag_detector_mit
[0.267s] -- Up-to-date: /home/robousr/ROS2Dev/Pruebas_Apriltag/install/apriltag_detector_mit/share/apriltag_detector_mit/environment/ament_prefix_path.sh
[0.267s] -- Up-to-date: /home/robousr/ROS2Dev/Pruebas_Apriltag/install/apriltag_detector_mit/share/apriltag_detector_mit/environment/ament_prefix_path.dsv
[0.268s] -- Up-to-date: /home/robousr/ROS2Dev/Pruebas_Apriltag/install/apriltag_detector_mit/share/apriltag_detector_mit/environment/path.sh
[0.268s] -- Up-to-date: /home/robousr/ROS2Dev/Pruebas_Apriltag/install/apriltag_detector_mit/share/apriltag_detector_mit/environment/path.dsv
[0.268s] -- Up-to-date: /home/robousr/ROS2Dev/Pruebas_Apriltag/install/apriltag_detector_mit/share/apriltag_detector_mit/local_setup.bash
[0.268s] -- Up-to-date: /home/robousr/ROS2Dev/Pruebas_Apriltag/install/apriltag_detector_mit/share/apriltag_detector_mit/local_setup.sh
[0.268s] -- Up-to-date: /home/robousr/ROS2Dev/Pruebas_Apriltag/install/apriltag_detector_mit/share/apriltag_detector_mit/local_setup.zsh
[0.269s] -- Up-to-date: /home/robousr/ROS2Dev/Pruebas_Apriltag/install/apriltag_detector_mit/share/apriltag_detector_mit/local_setup.dsv
[0.269s] -- Installing: /home/robousr/ROS2Dev/Pruebas_Apriltag/install/apriltag_detector_mit/share/apriltag_detector_mit/package.dsv
[0.269s] -- Up-to-date: /home/robousr/ROS2Dev/Pruebas_Apriltag/install/apriltag_detector_mit/share/ament_index/resource_index/packages/apriltag_detector_mit
[0.269s] -- Up-to-date: /home/robousr/ROS2Dev/Pruebas_Apriltag/install/apriltag_detector_mit/share/ament_index/resource_index/apriltag_detector__pluginlib__plugin/apriltag_detector_mit
[0.270s] -- Up-to-date: /home/robousr/ROS2Dev/Pruebas_Apriltag/install/apriltag_detector_mit/share/apriltag_detector_mit/cmake/apriltag_detector_mit_exportExport.cmake
[0.270s] -- Up-to-date: /home/robousr/ROS2Dev/Pruebas_Apriltag/install/apriltag_detector_mit/share/apriltag_detector_mit/cmake/apriltag_detector_mit_exportExport-noconfig.cmake
[0.270s] -- Up-to-date: /home/robousr/ROS2Dev/Pruebas_Apriltag/install/apriltag_detector_mit/share/ament_index/resource_index/rclcpp_components/apriltag_detector_mit
[0.270s] -- Up-to-date: /home/robousr/ROS2Dev/Pruebas_Apriltag/install/apriltag_detector_mit/share/apriltag_detector_mit/cmake/ament_cmake_export_targets-extras.cmake
[0.270s] -- Up-to-date: /home/robousr/ROS2Dev/Pruebas_Apriltag/install/apriltag_detector_mit/share/apriltag_detector_mit/cmake/ament_cmake_export_libraries-extras.cmake
[0.270s] -- Up-to-date: /home/robousr/ROS2Dev/Pruebas_Apriltag/install/apriltag_detector_mit/share/apriltag_detector_mit/cmake/apriltag_detector_mitConfig.cmake
[0.271s] -- Up-to-date: /home/robousr/ROS2Dev/Pruebas_Apriltag/install/apriltag_detector_mit/share/apriltag_detector_mit/cmake/apriltag_detector_mitConfig-version.cmake
[0.271s] -- Up-to-date: /home/robousr/ROS2Dev/Pruebas_Apriltag/install/apriltag_detector_mit/share/apriltag_detector_mit/package.xml
[0.276s] Invoked command in '/home/robousr/ROS2Dev/Pruebas_Apriltag/build/apriltag_detector_mit' returned '0': AMENT_PREFIX_PATH=/home/robousr/ROS2Dev/Pruebas_Apriltag/install/apriltag_detector:${AMENT_PREFIX_PATH} CMAKE_PREFIX_PATH=/home/robousr/ROS2Dev/Pruebas_Apriltag/install/apriltag_detector:/opt/ros/humble LD_LIBRARY_PATH=/home/robousr/ROS2Dev/Pruebas_Apriltag/install/apriltag_detector/lib:${LD_LIBRARY_PATH} /usr/bin/cmake --install /home/robousr/ROS2Dev/Pruebas_Apriltag/build/apriltag_detector_mit
