[0.018s] Invoking command in '/home/robousr/ROS2Dev/Pruebas_Apriltag/build/apriltag_detector': CMAKE_PREFIX_PATH=/opt/ros/humble /usr/bin/cmake --build /home/robousr/ROS2Dev/Pruebas_Apriltag/build/apriltag_detector -- -j2 -l2
[0.054s] -- Found ament_cmake: 1.3.10 (/opt/ros/humble/share/ament_cmake/cmake)
[0.322s] -- Found apriltag_msgs: 2.0.1 (/opt/ros/humble/share/apriltag_msgs/cmake)
[0.356s] -- Found rosidl_generator_c: 3.1.5 (/opt/ros/humble/share/rosidl_generator_c/cmake)
[0.359s] -- Found rosidl_adapter: 3.1.5 (/opt/ros/humble/share/rosidl_adapter/cmake)
[0.367s] -- Found rosidl_generator_cpp: 3.1.5 (/opt/ros/humble/share/rosidl_generator_cpp/cmake)
[0.381s] -- Using all available rosidl_typesupport_c: rosidl_typesupport_fastrtps_c;rosidl_typesupport_introspection_c
[0.398s] -- Using all available rosidl_typesupport_cpp: rosidl_typesupport_fastrtps_cpp;rosidl_typesupport_introspection_cpp
[0.443s] -- Found sensor_msgs: 4.2.4 (/opt/ros/humble/share/sensor_msgs/cmake)
[0.480s] -- Found ament_cmake_copyright: 0.12.11 (/opt/ros/humble/share/ament_cmake_copyright/cmake)
[0.481s] -- Found ament_cmake_cppcheck: 0.12.11 (/opt/ros/humble/share/ament_cmake_cppcheck/cmake)
[0.482s] -- Found ament_cmake_cpplint: 0.12.11 (/opt/ros/humble/share/ament_cmake_cpplint/cmake)
[0.497s] [31mCMake Error at CMakeLists.txt:66 (find_package):
[0.497s]   By not providing "Findament_cmake_clang_format.cmake" in CMAKE_MODULE_PATH
[0.497s]   this project has asked CMake to find a package configuration file provided
[0.497s]   by "ament_cmake_clang_format", but CMake did not find one.
[0.497s] 
[0.497s]   Could not find a package configuration file provided by
[0.497s]   "ament_cmake_clang_format" with any of the following names:
[0.497s] 
[0.497s]     ament_cmake_clang_formatConfig.cmake
[0.498s]     ament_cmake_clang_format-config.cmake
[0.498s] 
[0.498s]   Add the installation prefix of "ament_cmake_clang_format" to
[0.498s]   CMAKE_PREFIX_PATH or set "ament_cmake_clang_format_DIR" to a directory
[0.498s]   containing one of the above files.  If "ament_cmake_clang_format" provides
[0.498s]   a separate development package or SDK, be sure it has been installed.
[0.498s] 
[0.498s] [0m
[0.498s] -- Configuring incomplete, errors occurred!
[0.499s] See also "/home/robousr/ROS2Dev/Pruebas_Apriltag/build/apriltag_detector/CMakeFiles/CMakeOutput.log".
[0.506s] gmake: *** [Makefile:240: cmake_check_build_system] Error 1
[0.516s] Invoked command in '/home/robousr/ROS2Dev/Pruebas_Apriltag/build/apriltag_detector' returned '2': CMAKE_PREFIX_PATH=/opt/ros/humble /usr/bin/cmake --build /home/robousr/ROS2Dev/Pruebas_Apriltag/build/apriltag_detector -- -j2 -l2
