[0.036s] Invoking command in '/home/robousr/ROS2Dev/Pruebas_Apriltag/apriltag_detector-master/build/apriltag_detector_mit': AMENT_PREFIX_PATH=/home/robousr/ROS2Dev/Pruebas_Apriltag/apriltag_detector-master/install/apriltag_detector:${AMENT_PREFIX_PATH} CMAKE_PREFIX_PATH=/home/robousr/ROS2Dev/Pruebas_Apriltag/apriltag_detector-master/install/apriltag_detector:/opt/ros/humble LD_LIBRARY_PATH=/home/robousr/ROS2Dev/Pruebas_Apriltag/apriltag_detector-master/install/apriltag_detector/lib:${LD_LIBRARY_PATH} /usr/bin/cmake /home/robousr/ROS2Dev/Pruebas_Apriltag/apriltag_detector-master/apriltag_detector_mit -DCMAKE_INSTALL_PREFIX=/home/robousr/ROS2Dev/Pruebas_Apriltag/apriltag_detector-master/install/apriltag_detector_mit
[0.216s] -- The C compiler identification is GNU 11.4.0
[0.379s] -- The CXX compiler identification is GNU 11.4.0
[0.397s] -- Detecting C compiler ABI info
[0.598s] -- Detecting C compiler ABI info - done
[0.624s] -- Check for working C compiler: /usr/bin/cc - skipped
[0.624s] -- Detecting C compile features
[0.624s] -- Detecting C compile features - done
[0.626s] -- Detecting CXX compiler ABI info
[0.886s] -- Detecting CXX compiler ABI info - done
[0.909s] -- Check for working CXX compiler: /usr/bin/c++ - skipped
[0.910s] -- Detecting CXX compile features
[0.911s] -- Detecting CXX compile features - done
[0.919s] -- Found ament_cmake: 1.3.10 (/opt/ros/humble/share/ament_cmake/cmake)
[2.334s] -- Found Python3: /home/robousr/.pyenv/shims/python3 (found version "3.10.12") found components: Interpreter 
[2.892s] -- Found ament_cmake_ros: 0.10.0 (/opt/ros/humble/share/ament_cmake_ros/cmake)
[2.979s] -- Found OpenCV: /usr (found version "4.5.4") found components: core 
[3.033s] -- Found Boost: /usr/lib/x86_64-linux-gnu/cmake/Boost-1.74.0/BoostConfig.cmake (found version "1.74.0") found components: headers 
[3.050s] -- Found OpenCV: /usr (found version "4.5.4") found components: core imgproc 
[3.050s] -- Found apriltag_detector: 1.0.0 (/home/robousr/ROS2Dev/Pruebas_Apriltag/apriltag_detector-master/install/apriltag_detector/share/apriltag_detector/cmake)
[3.056s] -- Found apriltag_msgs: 2.0.1 (/opt/ros/humble/share/apriltag_msgs/cmake)
[3.180s] -- Found rosidl_generator_c: 3.1.5 (/opt/ros/humble/share/rosidl_generator_c/cmake)
[3.203s] -- Found rosidl_adapter: 3.1.5 (/opt/ros/humble/share/rosidl_adapter/cmake)
[3.229s] -- Found rosidl_generator_cpp: 3.1.5 (/opt/ros/humble/share/rosidl_generator_cpp/cmake)
[3.276s] -- Using all available rosidl_typesupport_c: rosidl_typesupport_fastrtps_c;rosidl_typesupport_introspection_c
[3.327s] -- Using all available rosidl_typesupport_cpp: rosidl_typesupport_fastrtps_cpp;rosidl_typesupport_introspection_cpp
[3.438s] -- Found cv_bridge: 3.2.1 (/opt/ros/humble/share/cv_bridge/cmake)
[3.544s] -- Found image_transport: 3.1.9 (/opt/ros/humble/share/image_transport/cmake)
[3.685s] -- Found rmw_implementation_cmake: 6.1.2 (/opt/ros/humble/share/rmw_implementation_cmake/cmake)
[3.696s] -- Found rmw_fastrtps_cpp: 6.2.7 (/opt/ros/humble/share/rmw_fastrtps_cpp/cmake)
[4.000s] -- Found OpenSSL: /usr/lib/x86_64-linux-gnu/libcrypto.so (found version "3.0.2")  
[4.090s] -- Found FastRTPS: /opt/ros/humble/include  
[4.227s] -- Using RMW implementation 'rmw_fastrtps_cpp' as default
[4.251s] -- Looking for pthread.h
[4.568s] -- Looking for pthread.h - found
[4.569s] -- Performing Test CMAKE_HAVE_LIBC_PTHREAD
[4.802s] -- Performing Test CMAKE_HAVE_LIBC_PTHREAD - Success
[4.812s] -- Found Threads: TRUE  
[5.015s] -- Found rclcpp_components: 16.0.10 (/opt/ros/humble/share/rclcpp_components/cmake)
[5.081s] -- Found ament_cmake_copyright: 0.12.11 (/opt/ros/humble/share/ament_cmake_copyright/cmake)
[5.085s] -- Found ament_cmake_cppcheck: 0.12.11 (/opt/ros/humble/share/ament_cmake_cppcheck/cmake)
[5.090s] -- Found ament_cmake_cpplint: 0.12.11 (/opt/ros/humble/share/ament_cmake_cpplint/cmake)
[5.094s] -- Found ament_cmake_clang_format: 0.12.11 (/opt/ros/humble/share/ament_cmake_clang_format/cmake)
[5.099s] -- Found ament_cmake_flake8: 0.12.11 (/opt/ros/humble/share/ament_cmake_flake8/cmake)
[5.103s] -- Found ament_cmake_lint_cmake: 0.12.11 (/opt/ros/humble/share/ament_cmake_lint_cmake/cmake)
[5.107s] -- Found ament_cmake_pep257: 0.12.11 (/opt/ros/humble/share/ament_cmake_pep257/cmake)
[5.113s] -- Found ament_cmake_xmllint: 0.12.11 (/opt/ros/humble/share/ament_cmake_xmllint/cmake)
[5.610s] -- Configuring done
[5.725s] -- Generating done
[5.734s] -- Build files have been written to: /home/robousr/ROS2Dev/Pruebas_Apriltag/apriltag_detector-master/build/apriltag_detector_mit
[5.768s] Invoked command in '/home/robousr/ROS2Dev/Pruebas_Apriltag/apriltag_detector-master/build/apriltag_detector_mit' returned '0': AMENT_PREFIX_PATH=/home/robousr/ROS2Dev/Pruebas_Apriltag/apriltag_detector-master/install/apriltag_detector:${AMENT_PREFIX_PATH} CMAKE_PREFIX_PATH=/home/robousr/ROS2Dev/Pruebas_Apriltag/apriltag_detector-master/install/apriltag_detector:/opt/ros/humble LD_LIBRARY_PATH=/home/robousr/ROS2Dev/Pruebas_Apriltag/apriltag_detector-master/install/apriltag_detector/lib:${LD_LIBRARY_PATH} /usr/bin/cmake /home/robousr/ROS2Dev/Pruebas_Apriltag/apriltag_detector-master/apriltag_detector_mit -DCMAKE_INSTALL_PREFIX=/home/robousr/ROS2Dev/Pruebas_Apriltag/apriltag_detector-master/install/apriltag_detector_mit
[5.771s] Invoking command in '/home/robousr/ROS2Dev/Pruebas_Apriltag/apriltag_detector-master/build/apriltag_detector_mit': AMENT_PREFIX_PATH=/home/robousr/ROS2Dev/Pruebas_Apriltag/apriltag_detector-master/install/apriltag_detector:${AMENT_PREFIX_PATH} CMAKE_PREFIX_PATH=/home/robousr/ROS2Dev/Pruebas_Apriltag/apriltag_detector-master/install/apriltag_detector:/opt/ros/humble LD_LIBRARY_PATH=/home/robousr/ROS2Dev/Pruebas_Apriltag/apriltag_detector-master/install/apriltag_detector/lib:${LD_LIBRARY_PATH} /usr/bin/cmake --build /home/robousr/ROS2Dev/Pruebas_Apriltag/apriltag_detector-master/build/apriltag_detector_mit -- -j2 -l2
[5.944s] [ 16%] [32mBuilding CXX object CMakeFiles/apriltag_detector_mit.dir/src/detector.cpp.o[0m
[26.392s] [ 33%] [32m[1mLinking CXX shared library libapriltag_detector_mit.so[0m
[26.996s] [ 33%] Built target apriltag_detector_mit
[27.058s] [ 50%] [32mBuilding CXX object CMakeFiles/apriltag_detector_mit_component.dir/src/component.cpp.o[0m
[41.402s] [ 66%] [32m[1mLinking CXX shared library libapriltag_detector_mit_component.so[0m
[42.053s] [ 66%] Built target apriltag_detector_mit_component
[42.117s] [ 83%] [32mBuilding CXX object CMakeFiles/apriltag_detector_mit_node.dir/src/node.cpp.o[0m
[49.894s] [100%] [32m[1mLinking CXX executable apriltag_detector_mit_node[0m
[50.872s] [100%] Built target apriltag_detector_mit_node
[50.908s] Invoked command in '/home/robousr/ROS2Dev/Pruebas_Apriltag/apriltag_detector-master/build/apriltag_detector_mit' returned '0': AMENT_PREFIX_PATH=/home/robousr/ROS2Dev/Pruebas_Apriltag/apriltag_detector-master/install/apriltag_detector:${AMENT_PREFIX_PATH} CMAKE_PREFIX_PATH=/home/robousr/ROS2Dev/Pruebas_Apriltag/apriltag_detector-master/install/apriltag_detector:/opt/ros/humble LD_LIBRARY_PATH=/home/robousr/ROS2Dev/Pruebas_Apriltag/apriltag_detector-master/install/apriltag_detector/lib:${LD_LIBRARY_PATH} /usr/bin/cmake --build /home/robousr/ROS2Dev/Pruebas_Apriltag/apriltag_detector-master/build/apriltag_detector_mit -- -j2 -l2
[51.031s] Invoking command in '/home/robousr/ROS2Dev/Pruebas_Apriltag/apriltag_detector-master/build/apriltag_detector_mit': AMENT_PREFIX_PATH=/home/robousr/ROS2Dev/Pruebas_Apriltag/apriltag_detector-master/install/apriltag_detector:${AMENT_PREFIX_PATH} CMAKE_PREFIX_PATH=/home/robousr/ROS2Dev/Pruebas_Apriltag/apriltag_detector-master/install/apriltag_detector:/opt/ros/humble LD_LIBRARY_PATH=/home/robousr/ROS2Dev/Pruebas_Apriltag/apriltag_detector-master/install/apriltag_detector/lib:${LD_LIBRARY_PATH} /usr/bin/cmake --install /home/robousr/ROS2Dev/Pruebas_Apriltag/apriltag_detector-master/build/apriltag_detector_mit
[51.052s] -- Install configuration: ""
[51.052s] -- Installing: /home/robousr/ROS2Dev/Pruebas_Apriltag/apriltag_detector-master/install/apriltag_detector_mit/share/apriltag_detector_mit/plugins.xml
[51.060s] -- Installing: /home/robousr/ROS2Dev/Pruebas_Apriltag/apriltag_detector-master/install/apriltag_detector_mit/share/apriltag_detector_mit/environment/library_path.sh
[51.062s] -- Installing: /home/robousr/ROS2Dev/Pruebas_Apriltag/apriltag_detector-master/install/apriltag_detector_mit/share/apriltag_detector_mit/environment/library_path.dsv
[51.063s] -- Installing: /home/robousr/ROS2Dev/Pruebas_Apriltag/apriltag_detector-master/install/apriltag_detector_mit/lib/apriltag_detector_mit/apriltag_detector_mit_node
[51.066s] -- Set runtime path of "/home/robousr/ROS2Dev/Pruebas_Apriltag/apriltag_detector-master/install/apriltag_detector_mit/lib/apriltag_detector_mit/apriltag_detector_mit_node" to ""
[51.068s] -- Installing: /home/robousr/ROS2Dev/Pruebas_Apriltag/apriltag_detector-master/install/apriltag_detector_mit/lib/libapriltag_detector_mit.so
[51.070s] -- Set runtime path of "/home/robousr/ROS2Dev/Pruebas_Apriltag/apriltag_detector-master/install/apriltag_detector_mit/lib/libapriltag_detector_mit.so" to ""
[51.070s] -- Installing: /home/robousr/ROS2Dev/Pruebas_Apriltag/apriltag_detector-master/install/apriltag_detector_mit/lib/libapriltag_detector_mit_component.so
[51.077s] -- Set runtime path of "/home/robousr/ROS2Dev/Pruebas_Apriltag/apriltag_detector-master/install/apriltag_detector_mit/lib/libapriltag_detector_mit_component.so" to ""
[51.078s] -- Installing: /home/robousr/ROS2Dev/Pruebas_Apriltag/apriltag_detector-master/install/apriltag_detector_mit/include
[51.079s] -- Installing: /home/robousr/ROS2Dev/Pruebas_Apriltag/apriltag_detector-master/install/apriltag_detector_mit/include/apriltag_detector_mit
[51.079s] -- Installing: /home/robousr/ROS2Dev/Pruebas_Apriltag/apriltag_detector-master/install/apriltag_detector_mit/share/apriltag_detector_mit//launch
[51.080s] -- Installing: /home/robousr/ROS2Dev/Pruebas_Apriltag/apriltag_detector-master/install/apriltag_detector_mit/share/apriltag_detector_mit//launch/detector.launch.py
[51.083s] -- Installing: /home/robousr/ROS2Dev/Pruebas_Apriltag/apriltag_detector-master/install/apriltag_detector_mit/share/ament_index/resource_index/package_run_dependencies/apriltag_detector_mit
[51.083s] -- Installing: /home/robousr/ROS2Dev/Pruebas_Apriltag/apriltag_detector-master/install/apriltag_detector_mit/share/ament_index/resource_index/parent_prefix_path/apriltag_detector_mit
[51.084s] -- Installing: /home/robousr/ROS2Dev/Pruebas_Apriltag/apriltag_detector-master/install/apriltag_detector_mit/share/apriltag_detector_mit/environment/ament_prefix_path.sh
[51.086s] -- Installing: /home/robousr/ROS2Dev/Pruebas_Apriltag/apriltag_detector-master/install/apriltag_detector_mit/share/apriltag_detector_mit/environment/ament_prefix_path.dsv
[51.087s] -- Installing: /home/robousr/ROS2Dev/Pruebas_Apriltag/apriltag_detector-master/install/apriltag_detector_mit/share/apriltag_detector_mit/environment/path.sh
[51.087s] -- Installing: /home/robousr/ROS2Dev/Pruebas_Apriltag/apriltag_detector-master/install/apriltag_detector_mit/share/apriltag_detector_mit/environment/path.dsv
[51.088s] -- Installing: /home/robousr/ROS2Dev/Pruebas_Apriltag/apriltag_detector-master/install/apriltag_detector_mit/share/apriltag_detector_mit/local_setup.bash
[51.089s] -- Installing: /home/robousr/ROS2Dev/Pruebas_Apriltag/apriltag_detector-master/install/apriltag_detector_mit/share/apriltag_detector_mit/local_setup.sh
[51.090s] -- Installing: /home/robousr/ROS2Dev/Pruebas_Apriltag/apriltag_detector-master/install/apriltag_detector_mit/share/apriltag_detector_mit/local_setup.zsh
[51.091s] -- Installing: /home/robousr/ROS2Dev/Pruebas_Apriltag/apriltag_detector-master/install/apriltag_detector_mit/share/apriltag_detector_mit/local_setup.dsv
[51.092s] -- Installing: /home/robousr/ROS2Dev/Pruebas_Apriltag/apriltag_detector-master/install/apriltag_detector_mit/share/apriltag_detector_mit/package.dsv
[51.093s] -- Installing: /home/robousr/ROS2Dev/Pruebas_Apriltag/apriltag_detector-master/install/apriltag_detector_mit/share/ament_index/resource_index/packages/apriltag_detector_mit
[51.095s] -- Installing: /home/robousr/ROS2Dev/Pruebas_Apriltag/apriltag_detector-master/install/apriltag_detector_mit/share/ament_index/resource_index/apriltag_detector__pluginlib__plugin/apriltag_detector_mit
[51.095s] -- Installing: /home/robousr/ROS2Dev/Pruebas_Apriltag/apriltag_detector-master/install/apriltag_detector_mit/share/apriltag_detector_mit/cmake/apriltag_detector_mit_exportExport.cmake
[51.096s] -- Installing: /home/robousr/ROS2Dev/Pruebas_Apriltag/apriltag_detector-master/install/apriltag_detector_mit/share/apriltag_detector_mit/cmake/apriltag_detector_mit_exportExport-noconfig.cmake
[51.097s] -- Installing: /home/robousr/ROS2Dev/Pruebas_Apriltag/apriltag_detector-master/install/apriltag_detector_mit/share/ament_index/resource_index/rclcpp_components/apriltag_detector_mit
[51.099s] -- Installing: /home/robousr/ROS2Dev/Pruebas_Apriltag/apriltag_detector-master/install/apriltag_detector_mit/share/apriltag_detector_mit/cmake/ament_cmake_export_targets-extras.cmake
[51.099s] -- Installing: /home/robousr/ROS2Dev/Pruebas_Apriltag/apriltag_detector-master/install/apriltag_detector_mit/share/apriltag_detector_mit/cmake/ament_cmake_export_libraries-extras.cmake
[51.100s] -- Installing: /home/robousr/ROS2Dev/Pruebas_Apriltag/apriltag_detector-master/install/apriltag_detector_mit/share/apriltag_detector_mit/cmake/apriltag_detector_mitConfig.cmake
[51.102s] -- Installing: /home/robousr/ROS2Dev/Pruebas_Apriltag/apriltag_detector-master/install/apriltag_detector_mit/share/apriltag_detector_mit/cmake/apriltag_detector_mitConfig-version.cmake
[51.103s] -- Installing: /home/robousr/ROS2Dev/Pruebas_Apriltag/apriltag_detector-master/install/apriltag_detector_mit/share/apriltag_detector_mit/package.xml
[51.113s] Invoked command in '/home/robousr/ROS2Dev/Pruebas_Apriltag/apriltag_detector-master/build/apriltag_detector_mit' returned '0': AMENT_PREFIX_PATH=/home/robousr/ROS2Dev/Pruebas_Apriltag/apriltag_detector-master/install/apriltag_detector:${AMENT_PREFIX_PATH} CMAKE_PREFIX_PATH=/home/robousr/ROS2Dev/Pruebas_Apriltag/apriltag_detector-master/install/apriltag_detector:/opt/ros/humble LD_LIBRARY_PATH=/home/robousr/ROS2Dev/Pruebas_Apriltag/apriltag_detector-master/install/apriltag_detector/lib:${LD_LIBRARY_PATH} /usr/bin/cmake --install /home/robousr/ROS2Dev/Pruebas_Apriltag/apriltag_detector-master/build/apriltag_detector_mit
