[0.022s] Invoking command in '/home/robousr/ROS2Dev/Pruebas_Apriltag/build/apriltag_draw': CMAKE_PREFIX_PATH=/opt/ros/humble /usr/bin/cmake --build /home/robousr/ROS2Dev/Pruebas_Apriltag/build/apriltag_draw -- -j2 -l2
[0.052s] -- Found ament_cmake: 1.3.10 (/opt/ros/humble/share/ament_cmake/cmake)
[0.335s] -- Found rclcpp: 16.0.10 (/opt/ros/humble/share/rclcpp/cmake)
[0.379s] -- Found rosidl_generator_c: 3.1.5 (/opt/ros/humble/share/rosidl_generator_c/cmake)
[0.381s] -- Found rosidl_adapter: 3.1.5 (/opt/ros/humble/share/rosidl_adapter/cmake)
[0.389s] -- Found rosidl_generator_cpp: 3.1.5 (/opt/ros/humble/share/rosidl_generator_cpp/cmake)
[0.401s] -- Using all available rosidl_typesupport_c: rosidl_typesupport_fastrtps_c;rosidl_typesupport_introspection_c
[0.413s] -- Using all available rosidl_typesupport_cpp: rosidl_typesupport_fastrtps_cpp;rosidl_typesupport_introspection_cpp
[0.455s] -- Found rmw_implementation_cmake: 6.1.2 (/opt/ros/humble/share/rmw_implementation_cmake/cmake)
[0.457s] -- Found rmw_fastrtps_cpp: 6.2.7 (/opt/ros/humble/share/rmw_fastrtps_cpp/cmake)
[0.609s] -- Using RMW implementation 'rmw_fastrtps_cpp' as default
[0.691s] -- Found rclcpp_components: 16.0.10 (/opt/ros/humble/share/rclcpp_components/cmake)
[0.710s] -- Found image_transport: 3.1.9 (/opt/ros/humble/share/image_transport/cmake)
[0.767s] -- Found cv_bridge: 3.2.1 (/opt/ros/humble/share/cv_bridge/cmake)
[0.770s] -- Found apriltag_msgs: 2.0.1 (/opt/ros/humble/share/apriltag_msgs/cmake)
[0.784s] -- Found ament_cmake_copyright: 0.12.11 (/opt/ros/humble/share/ament_cmake_copyright/cmake)
[0.785s] -- Found ament_cmake_cppcheck: 0.12.11 (/opt/ros/humble/share/ament_cmake_cppcheck/cmake)
[0.786s] -- Found ament_cmake_cpplint: 0.12.11 (/opt/ros/humble/share/ament_cmake_cpplint/cmake)
[0.798s] [31mCMake Error at CMakeLists.txt:85 (find_package):
[0.799s]   By not providing "Findament_cmake_clang_format.cmake" in CMAKE_MODULE_PATH
[0.799s]   this project has asked CMake to find a package configuration file provided
[0.799s]   by "ament_cmake_clang_format", but CMake did not find one.
[0.799s] 
[0.799s]   Could not find a package configuration file provided by
[0.799s]   "ament_cmake_clang_format" with any of the following names:
[0.799s] 
[0.799s]     ament_cmake_clang_formatConfig.cmake
[0.799s]     ament_cmake_clang_format-config.cmake
[0.799s] 
[0.799s]   Add the installation prefix of "ament_cmake_clang_format" to
[0.799s]   CMAKE_PREFIX_PATH or set "ament_cmake_clang_format_DIR" to a directory
[0.799s]   containing one of the above files.  If "ament_cmake_clang_format" provides
[0.800s]   a separate development package or SDK, be sure it has been installed.
[0.800s] 
[0.800s] [0m
[0.800s] -- Configuring incomplete, errors occurred!
[0.800s] See also "/home/robousr/ROS2Dev/Pruebas_Apriltag/build/apriltag_draw/CMakeFiles/CMakeOutput.log".
[0.808s] gmake: *** [Makefile:308: cmake_check_build_system] Error 1
