Built target apriltag_detector
-- Install configuration: ""
-- Up-to-date: /home/robousr/ROS2Dev/Pruebas_Apriltag/install/apriltag_detector/share/apriltag_detector/environment/library_path.sh
-- Up-to-date: /home/robousr/ROS2Dev/Pruebas_Apriltag/install/apriltag_detector/share/apriltag_detector/environment/library_path.dsv
-- Up-to-date: /home/robousr/ROS2Dev/Pruebas_Apriltag/install/apriltag_detector/include
-- Up-to-date: /home/robousr/ROS2Dev/Pruebas_Apriltag/install/apriltag_detector/include/apriltag_detector
-- Up-to-date: /home/robousr/ROS2Dev/Pruebas_Apriltag/install/apriltag_detector/include/apriltag_detector/detector.hpp
-- Up-to-date: /home/robousr/ROS2Dev/Pruebas_Apriltag/install/apriltag_detector/share/apriltag_detector//launch
-- Up-to-date: /home/robousr/ROS2Dev/Pruebas_Apriltag/install/apriltag_detector/share/apriltag_detector//launch/detector_only.launch.py
-- Up-to-date: /home/robousr/ROS2Dev/Pruebas_Apriltag/install/apriltag_detector/share/apriltag_detector//launch/log
-- Up-to-date: /home/robousr/ROS2Dev/Pruebas_Apriltag/install/apriltag_detector/share/apriltag_detector//launch/log/latest
-- Installing: /home/robousr/ROS2Dev/Pruebas_Apriltag/install/apriltag_detector/share/apriltag_detector//launch/log/latest_build
-- Installing: /home/robousr/ROS2Dev/Pruebas_Apriltag/install/apriltag_detector/share/apriltag_detector//launch/log/build_2024-11-22_14-52-29
-- Installing: /home/robousr/ROS2Dev/Pruebas_Apriltag/install/apriltag_detector/share/apriltag_detector//launch/v4l2_camera_node.launch.py
-- Up-to-date: /home/robousr/ROS2Dev/Pruebas_Apriltag/install/apriltag_detector/share/apriltag_detector//launch/detect.launch.py
-- Up-to-date: /home/robousr/ROS2Dev/Pruebas_Apriltag/install/apriltag_detector/share/apriltag_detector//launch/__pycache__
-- Up-to-date: /home/robousr/ROS2Dev/Pruebas_Apriltag/install/apriltag_detector/share/apriltag_detector//launch/install
-- Installing: /home/robousr/ROS2Dev/Pruebas_Apriltag/install/apriltag_detector/share/apriltag_detector//launch/install/_local_setup_util_ps1.py
-- Installing: /home/robousr/ROS2Dev/Pruebas_Apriltag/install/apriltag_detector/share/apriltag_detector//launch/install/_local_setup_util_sh.py
-- Up-to-date: /home/robousr/ROS2Dev/Pruebas_Apriltag/install/apriltag_detector/share/apriltag_detector//launch/build
-- Up-to-date: /home/robousr/ROS2Dev/Pruebas_Apriltag/install/apriltag_detector/share/ament_index/resource_index/package_run_dependencies/apriltag_detector
-- Up-to-date: /home/robousr/ROS2Dev/Pruebas_Apriltag/install/apriltag_detector/share/ament_index/resource_index/parent_prefix_path/apriltag_detector
-- Up-to-date: /home/robousr/ROS2Dev/Pruebas_Apriltag/install/apriltag_detector/share/apriltag_detector/environment/ament_prefix_path.sh
-- Up-to-date: /home/robousr/ROS2Dev/Pruebas_Apriltag/install/apriltag_detector/share/apriltag_detector/environment/ament_prefix_path.dsv
-- Up-to-date: /home/robousr/ROS2Dev/Pruebas_Apriltag/install/apriltag_detector/share/apriltag_detector/environment/path.sh
-- Up-to-date: /home/robousr/ROS2Dev/Pruebas_Apriltag/install/apriltag_detector/share/apriltag_detector/environment/path.dsv
-- Up-to-date: /home/robousr/ROS2Dev/Pruebas_Apriltag/install/apriltag_detector/share/apriltag_detector/local_setup.bash
-- Up-to-date: /home/robousr/ROS2Dev/Pruebas_Apriltag/install/apriltag_detector/share/apriltag_detector/local_setup.sh
-- Up-to-date: /home/robousr/ROS2Dev/Pruebas_Apriltag/install/apriltag_detector/share/apriltag_detector/local_setup.zsh
-- Up-to-date: /home/robousr/ROS2Dev/Pruebas_Apriltag/install/apriltag_detector/share/apriltag_detector/local_setup.dsv
-- Installing: /home/robousr/ROS2Dev/Pruebas_Apriltag/install/apriltag_detector/share/apriltag_detector/package.dsv
-- Up-to-date: /home/robousr/ROS2Dev/Pruebas_Apriltag/install/apriltag_detector/share/ament_index/resource_index/packages/apriltag_detector
-- Up-to-date: /home/robousr/ROS2Dev/Pruebas_Apriltag/install/apriltag_detector/share/apriltag_detector/cmake/apriltag_detector_exportExport.cmake
-- Up-to-date: /home/robousr/ROS2Dev/Pruebas_Apriltag/install/apriltag_detector/share/apriltag_detector/cmake/ament_cmake_export_targets-extras.cmake
-- Up-to-date: /home/robousr/ROS2Dev/Pruebas_Apriltag/install/apriltag_detector/share/apriltag_detector/cmake/apriltag_detectorConfig.cmake
-- Up-to-date: /home/robousr/ROS2Dev/Pruebas_Apriltag/install/apriltag_detector/share/apriltag_detector/cmake/apriltag_detectorConfig-version.cmake
-- Up-to-date: /home/robousr/ROS2Dev/Pruebas_Apriltag/install/apriltag_detector/share/apriltag_detector/package.xml
