[0.013s] Invoking command in '/home/robousr/ROS2Dev/Pruebas_Apriltag/build/apriltag_detector_mit': AMENT_PREFIX_PATH=/home/robousr/ROS2Dev/Pruebas_Apriltag/install/apriltag_detector:${AMENT_PREFIX_PATH} CMAKE_PREFIX_PATH=/home/robousr/ROS2Dev/Pruebas_Apriltag/install/apriltag_detector:/opt/ros/humble LD_LIBRARY_PATH=/home/robousr/ROS2Dev/Pruebas_Apriltag/install/apriltag_detector/lib:${LD_LIBRARY_PATH} /usr/bin/cmake --build /home/robousr/ROS2Dev/Pruebas_Apriltag/build/apriltag_detector_mit -- -j2 -l2
[0.069s] -- Found ament_cmake: 1.3.10 (/opt/ros/humble/share/ament_cmake/cmake)
[0.387s] -- Found ament_cmake_ros: 0.10.0 (/opt/ros/humble/share/ament_cmake_ros/cmake)
[0.414s] -- Found OpenCV: /usr (found version "4.5.4") found components: core 
[0.433s] -- Found OpenCV: /usr (found version "4.5.4") found components: core imgproc 
[0.433s] -- Found apriltag_detector: 1.0.0 (/home/robousr/ROS2Dev/Pruebas_Apriltag/install/apriltag_detector/share/apriltag_detector/cmake)
[0.433s] -- Found apriltag_msgs: 2.0.1 (/opt/ros/humble/share/apriltag_msgs/cmake)
[0.456s] -- Found rosidl_generator_c: 3.1.5 (/opt/ros/humble/share/rosidl_generator_c/cmake)
[0.459s] -- Found rosidl_adapter: 3.1.5 (/opt/ros/humble/share/rosidl_adapter/cmake)
[0.469s] -- Found rosidl_generator_cpp: 3.1.5 (/opt/ros/humble/share/rosidl_generator_cpp/cmake)
[0.483s] -- Using all available rosidl_typesupport_c: rosidl_typesupport_fastrtps_c;rosidl_typesupport_introspection_c
[0.499s] -- Using all available rosidl_typesupport_cpp: rosidl_typesupport_fastrtps_cpp;rosidl_typesupport_introspection_cpp
[0.550s] -- Found cv_bridge: 3.2.1 (/opt/ros/humble/share/cv_bridge/cmake)
[0.586s] -- Found image_transport: 3.1.9 (/opt/ros/humble/share/image_transport/cmake)
[0.620s] -- Found rmw_implementation_cmake: 6.1.2 (/opt/ros/humble/share/rmw_implementation_cmake/cmake)
[0.623s] -- Found rmw_fastrtps_cpp: 6.2.7 (/opt/ros/humble/share/rmw_fastrtps_cpp/cmake)
[0.761s] -- Using RMW implementation 'rmw_fastrtps_cpp' as default
[0.842s] -- Found rclcpp_components: 16.0.10 (/opt/ros/humble/share/rclcpp_components/cmake)
[0.867s] -- Found ament_cmake_copyright: 0.12.11 (/opt/ros/humble/share/ament_cmake_copyright/cmake)
[0.867s] -- Found ament_cmake_cppcheck: 0.12.11 (/opt/ros/humble/share/ament_cmake_cppcheck/cmake)
[0.867s] -- Found ament_cmake_cpplint: 0.12.11 (/opt/ros/humble/share/ament_cmake_cpplint/cmake)
[0.867s] -- Found ament_cmake_clang_format: 0.12.11 (/opt/ros/humble/share/ament_cmake_clang_format/cmake)
[0.867s] -- Found ament_cmake_flake8: 0.12.11 (/opt/ros/humble/share/ament_cmake_flake8/cmake)
[0.867s] -- Found ament_cmake_lint_cmake: 0.12.11 (/opt/ros/humble/share/ament_cmake_lint_cmake/cmake)
[0.868s] -- Found ament_cmake_pep257: 0.12.11 (/opt/ros/humble/share/ament_cmake_pep257/cmake)
[0.868s] -- Found ament_cmake_xmllint: 0.12.11 (/opt/ros/humble/share/ament_cmake_xmllint/cmake)
[1.020s] -- Configuring done
[1.048s] -- Generating done
[1.059s] -- Build files have been written to: /home/robousr/ROS2Dev/Pruebas_Apriltag/build/apriltag_detector_mit
[1.089s] [35m[1mConsolidate compiler generated dependencies of target apriltag_detector_mit[0m
[1.136s] [ 16%] [32mBuilding CXX object CMakeFiles/apriltag_detector_mit.dir/src/detector.cpp.o[0m
[11.310s] [ 33%] [32m[1mLinking CXX shared library libapriltag_detector_mit.so[0m
[11.541s] [ 33%] Built target apriltag_detector_mit
[11.557s] [35m[1mConsolidate compiler generated dependencies of target apriltag_detector_mit_component[0m
[11.585s] [ 50%] [32mBuilding CXX object CMakeFiles/apriltag_detector_mit_component.dir/src/component.cpp.o[0m
[18.897s] [ 66%] [32m[1mLinking CXX shared library libapriltag_detector_mit_component.so[0m
[19.299s] [ 66%] Built target apriltag_detector_mit_component
[19.313s] [35m[1mConsolidate compiler generated dependencies of target apriltag_detector_mit_node[0m
[19.333s] [ 83%] [32mBuilding CXX object CMakeFiles/apriltag_detector_mit_node.dir/src/node.cpp.o[0m
[22.919s] [100%] [32m[1mLinking CXX executable apriltag_detector_mit_node[0m
[23.402s] [100%] Built target apriltag_detector_mit_node
[23.419s] Invoked command in '/home/robousr/ROS2Dev/Pruebas_Apriltag/build/apriltag_detector_mit' returned '0': AMENT_PREFIX_PATH=/home/robousr/ROS2Dev/Pruebas_Apriltag/install/apriltag_detector:${AMENT_PREFIX_PATH} CMAKE_PREFIX_PATH=/home/robousr/ROS2Dev/Pruebas_Apriltag/install/apriltag_detector:/opt/ros/humble LD_LIBRARY_PATH=/home/robousr/ROS2Dev/Pruebas_Apriltag/install/apriltag_detector/lib:${LD_LIBRARY_PATH} /usr/bin/cmake --build /home/robousr/ROS2Dev/Pruebas_Apriltag/build/apriltag_detector_mit -- -j2 -l2
[23.473s] Invoking command in '/home/robousr/ROS2Dev/Pruebas_Apriltag/build/apriltag_detector_mit': AMENT_PREFIX_PATH=/home/robousr/ROS2Dev/Pruebas_Apriltag/install/apriltag_detector:${AMENT_PREFIX_PATH} CMAKE_PREFIX_PATH=/home/robousr/ROS2Dev/Pruebas_Apriltag/install/apriltag_detector:/opt/ros/humble LD_LIBRARY_PATH=/home/robousr/ROS2Dev/Pruebas_Apriltag/install/apriltag_detector/lib:${LD_LIBRARY_PATH} /usr/bin/cmake --install /home/robousr/ROS2Dev/Pruebas_Apriltag/build/apriltag_detector_mit
[23.482s] -- Install configuration: ""
[23.482s] -- Up-to-date: /home/robousr/ROS2Dev/Pruebas_Apriltag/install/apriltag_detector_mit/share/apriltag_detector_mit/plugins.xml
[23.482s] -- Installing: /home/robousr/ROS2Dev/Pruebas_Apriltag/install/apriltag_detector_mit/share/apriltag_detector_mit/environment/library_path.sh
[23.483s] -- Installing: /home/robousr/ROS2Dev/Pruebas_Apriltag/install/apriltag_detector_mit/share/apriltag_detector_mit/environment/library_path.dsv
[23.484s] -- Installing: /home/robousr/ROS2Dev/Pruebas_Apriltag/install/apriltag_detector_mit/lib/apriltag_detector_mit/apriltag_detector_mit_node
[23.484s] -- Set runtime path of "/home/robousr/ROS2Dev/Pruebas_Apriltag/install/apriltag_detector_mit/lib/apriltag_detector_mit/apriltag_detector_mit_node" to ""
[23.484s] -- Installing: /home/robousr/ROS2Dev/Pruebas_Apriltag/install/apriltag_detector_mit/lib/libapriltag_detector_mit.so
[23.486s] -- Set runtime path of "/home/robousr/ROS2Dev/Pruebas_Apriltag/install/apriltag_detector_mit/lib/libapriltag_detector_mit.so" to ""
[23.486s] -- Installing: /home/robousr/ROS2Dev/Pruebas_Apriltag/install/apriltag_detector_mit/lib/libapriltag_detector_mit_component.so
[23.489s] -- Set runtime path of "/home/robousr/ROS2Dev/Pruebas_Apriltag/install/apriltag_detector_mit/lib/libapriltag_detector_mit_component.so" to ""
[23.489s] -- Installing: /home/robousr/ROS2Dev/Pruebas_Apriltag/install/apriltag_detector_mit/include
[23.489s] -- Installing: /home/robousr/ROS2Dev/Pruebas_Apriltag/install/apriltag_detector_mit/include/apriltag_detector_mit
[23.489s] -- Up-to-date: /home/robousr/ROS2Dev/Pruebas_Apriltag/install/apriltag_detector_mit/share/apriltag_detector_mit//launch
[23.490s] -- Up-to-date: /home/robousr/ROS2Dev/Pruebas_Apriltag/install/apriltag_detector_mit/share/apriltag_detector_mit//launch/detector.launch.py
[23.490s] -- Up-to-date: /home/robousr/ROS2Dev/Pruebas_Apriltag/install/apriltag_detector_mit/share/ament_index/resource_index/package_run_dependencies/apriltag_detector_mit
[23.490s] -- Up-to-date: /home/robousr/ROS2Dev/Pruebas_Apriltag/install/apriltag_detector_mit/share/ament_index/resource_index/parent_prefix_path/apriltag_detector_mit
[23.490s] -- Installing: /home/robousr/ROS2Dev/Pruebas_Apriltag/install/apriltag_detector_mit/share/apriltag_detector_mit/environment/ament_prefix_path.sh
[23.490s] -- Installing: /home/robousr/ROS2Dev/Pruebas_Apriltag/install/apriltag_detector_mit/share/apriltag_detector_mit/environment/ament_prefix_path.dsv
[23.491s] -- Installing: /home/robousr/ROS2Dev/Pruebas_Apriltag/install/apriltag_detector_mit/share/apriltag_detector_mit/environment/path.sh
[23.491s] -- Installing: /home/robousr/ROS2Dev/Pruebas_Apriltag/install/apriltag_detector_mit/share/apriltag_detector_mit/environment/path.dsv
[23.492s] -- Up-to-date: /home/robousr/ROS2Dev/Pruebas_Apriltag/install/apriltag_detector_mit/share/apriltag_detector_mit/local_setup.bash
[23.492s] -- Up-to-date: /home/robousr/ROS2Dev/Pruebas_Apriltag/install/apriltag_detector_mit/share/apriltag_detector_mit/local_setup.sh
[23.492s] -- Up-to-date: /home/robousr/ROS2Dev/Pruebas_Apriltag/install/apriltag_detector_mit/share/apriltag_detector_mit/local_setup.zsh
[23.492s] -- Installing: /home/robousr/ROS2Dev/Pruebas_Apriltag/install/apriltag_detector_mit/share/apriltag_detector_mit/local_setup.dsv
[23.492s] -- Installing: /home/robousr/ROS2Dev/Pruebas_Apriltag/install/apriltag_detector_mit/share/apriltag_detector_mit/package.dsv
[23.492s] -- Up-to-date: /home/robousr/ROS2Dev/Pruebas_Apriltag/install/apriltag_detector_mit/share/ament_index/resource_index/packages/apriltag_detector_mit
[23.492s] -- Up-to-date: /home/robousr/ROS2Dev/Pruebas_Apriltag/install/apriltag_detector_mit/share/ament_index/resource_index/apriltag_detector__pluginlib__plugin/apriltag_detector_mit
[23.492s] -- Up-to-date: /home/robousr/ROS2Dev/Pruebas_Apriltag/install/apriltag_detector_mit/share/apriltag_detector_mit/cmake/apriltag_detector_mit_exportExport.cmake
[23.493s] -- Up-to-date: /home/robousr/ROS2Dev/Pruebas_Apriltag/install/apriltag_detector_mit/share/apriltag_detector_mit/cmake/apriltag_detector_mit_exportExport-noconfig.cmake
[23.493s] -- Up-to-date: /home/robousr/ROS2Dev/Pruebas_Apriltag/install/apriltag_detector_mit/share/ament_index/resource_index/rclcpp_components/apriltag_detector_mit
[23.493s] -- Up-to-date: /home/robousr/ROS2Dev/Pruebas_Apriltag/install/apriltag_detector_mit/share/apriltag_detector_mit/cmake/ament_cmake_export_targets-extras.cmake
[23.493s] -- Up-to-date: /home/robousr/ROS2Dev/Pruebas_Apriltag/install/apriltag_detector_mit/share/apriltag_detector_mit/cmake/ament_cmake_export_libraries-extras.cmake
[23.493s] -- Up-to-date: /home/robousr/ROS2Dev/Pruebas_Apriltag/install/apriltag_detector_mit/share/apriltag_detector_mit/cmake/apriltag_detector_mitConfig.cmake
[23.493s] -- Up-to-date: /home/robousr/ROS2Dev/Pruebas_Apriltag/install/apriltag_detector_mit/share/apriltag_detector_mit/cmake/apriltag_detector_mitConfig-version.cmake
[23.493s] -- Up-to-date: /home/robousr/ROS2Dev/Pruebas_Apriltag/install/apriltag_detector_mit/share/apriltag_detector_mit/package.xml
[23.496s] Invoked command in '/home/robousr/ROS2Dev/Pruebas_Apriltag/build/apriltag_detector_mit' returned '0': AMENT_PREFIX_PATH=/home/robousr/ROS2Dev/Pruebas_Apriltag/install/apriltag_detector:${AMENT_PREFIX_PATH} CMAKE_PREFIX_PATH=/home/robousr/ROS2Dev/Pruebas_Apriltag/install/apriltag_detector:/opt/ros/humble LD_LIBRARY_PATH=/home/robousr/ROS2Dev/Pruebas_Apriltag/install/apriltag_detector/lib:${LD_LIBRARY_PATH} /usr/bin/cmake --install /home/robousr/ROS2Dev/Pruebas_Apriltag/build/apriltag_detector_mit
